<?xml version="1.0" encoding="UTF-8"?>
<!-- Generated by org.testng.reporters.JUnitXMLReporter -->
<testsuite hostname="INAS-LP024" ignored="0" name="Asset" tests="496" failures="22" timestamp="2020-10-05T16:39:07 IST" time="10299.413" errors="0">
  <testcase name="ASST01" time="1.32" classname="com.vrt.testcases.assetCreationTest"/>
  <testcase name="ASST02" time="5.127" classname="com.vrt.testcases.assetCreationTest"/>
  <testcase name="ASST02" time="5.08" classname="com.vrt.testcases.assetCreationTest"/>
  <testcase name="ASST02" time="4.963" classname="com.vrt.testcases.assetCreationTest"/>
  <testcase name="ASST02" time="4.962" classname="com.vrt.testcases.assetCreationTest"/>
  <testcase name="ASST02" time="4.865" classname="com.vrt.testcases.assetCreationTest"/>
  <testcase name="ASST02" time="4.883" classname="com.vrt.testcases.assetCreationTest"/>
  <testcase name="ASST02" time="4.843" classname="com.vrt.testcases.assetCreationTest"/>
  <testcase name="ASST02" time="4.871" classname="com.vrt.testcases.assetCreationTest"/>
  <testcase name="ASST03" time="0.387" classname="com.vrt.testcases.assetCreationTest">
    <failure type="org.testng.internal.reflect.MethodMatcherException" message="
[public void com.vrt.testcases.assetCreationTest.ASST03(java.lang.String,java.lang.String,java.lang.String,java.lang.String,java.lang.String,java.lang.String) throws java.lang.InterruptedException] has no parameters defined but was found to be using a data provider (either explicitly specified or inherited from class level annotation).
Data provider mismatch
Method: ASST03([Parameter{index=0, type=java.lang.String, declaredAnnotations=[]}, Parameter{index=1, type=java.lang.String, declaredAnnotations=[]}, Parameter{index=2, type=java.lang.String, declaredAnnotations=[]}, Parameter{index=3, type=java.lang.String, declaredAnnotations=[]}, Parameter{index=4, type=java.lang.String, declaredAnnotations=[]}, Parameter{index=5, type=java.lang.String, declaredAnnotations=[]}])
Arguments: [(java.lang.String)   ,(java.lang.String) testID,(java.lang.String) HeatBath,(java.lang.String) AAS,(java.lang.String) Hyderabad,(java.lang.String) Name is mandatory, please enter Name,(java.lang.String) 5.0,(java.lang.String) Welcome5@AM]">
      <![CDATA[org.testng.internal.reflect.MethodMatcherException: 
[public void com.vrt.testcases.assetCreationTest.ASST03(java.lang.String,java.lang.String,java.lang.String,java.lang.String,java.lang.String,java.lang.String) throws java.lang.InterruptedException] has no parameters defined but was found to be using a data provider (either explicitly specified or inherited from class level annotation).
Data provider mismatch
Method: ASST03([Parameter{index=0, type=java.lang.String, declaredAnnotations=[]}, Parameter{index=1, type=java.lang.String, declaredAnnotations=[]}, Parameter{index=2, type=java.lang.String, declaredAnnotations=[]}, Parameter{index=3, type=java.lang.String, declaredAnnotations=[]}, Parameter{index=4, type=java.lang.String, declaredAnnotations=[]}, Parameter{index=5, type=java.lang.String, declaredAnnotations=[]}])
Arguments: [(java.lang.String)   ,(java.lang.String) testID,(java.lang.String) HeatBath,(java.lang.String) AAS,(java.lang.String) Hyderabad,(java.lang.String) Name is mandatory, please enter Name,(java.lang.String) 5.0,(java.lang.String) Welcome5@AM]
at org.testng.internal.reflect.DataProviderMethodMatcher.getConformingArguments(DataProviderMethodMatcher.java:43)
at org.testng.internal.Parameters.injectParameters(Parameters.java:905)
at org.testng.internal.MethodRunner.runInSequence(MethodRunner.java:34)
at org.testng.internal.TestInvoker$MethodInvocationAgent.invoke(TestInvoker.java:822)
at org.testng.internal.TestInvoker.invokeTestMethods(TestInvoker.java:147)
at org.testng.internal.TestMethodWorker.invokeTestMethods(TestMethodWorker.java:146)
at org.testng.internal.TestMethodWorker.run(TestMethodWorker.java:128)
at java.util.ArrayList.forEach(ArrayList.java:1257)
at org.testng.TestRunner.privateRun(TestRunner.java:764)
at org.testng.TestRunner.run(TestRunner.java:585)
at org.testng.SuiteRunner.runTest(SuiteRunner.java:384)
at org.testng.SuiteRunner.runSequentially(SuiteRunner.java:378)
at org.testng.SuiteRunner.privateRun(SuiteRunner.java:337)
at org.testng.SuiteRunner.run(SuiteRunner.java:286)
at org.testng.SuiteRunnerWorker.runSuite(SuiteRunnerWorker.java:53)
at org.testng.SuiteRunnerWorker.run(SuiteRunnerWorker.java:96)
at org.testng.TestNG.runSuitesSequentially(TestNG.java:1218)
at org.testng.TestNG.runSuitesLocally(TestNG.java:1140)
at org.testng.TestNG.runSuites(TestNG.java:1069)
at org.testng.TestNG.run(TestNG.java:1037)
at org.testng.remote.AbstractRemoteTestNG.run(AbstractRemoteTestNG.java:115)
at org.testng.remote.RemoteTestNG.initAndRun(RemoteTestNG.java:251)
at org.testng.remote.RemoteTestNG.main(RemoteTestNG.java:77)
]]>
    </failure>
  </testcase> <!-- ASST03 -->
  <testcase name="ASST04" time="0.85" classname="com.vrt.testcases.assetCreationTest"/>
  <testcase name="ASST05" time="5.063" classname="com.vrt.testcases.assetCreationTest"/>
  <testcase name="ASST05" time="5.065" classname="com.vrt.testcases.assetCreationTest"/>
  <testcase name="ASST05" time="5.139" classname="com.vrt.testcases.assetCreationTest"/>
  <testcase name="ASST05" time="5.015" classname="com.vrt.testcases.assetCreationTest"/>
  <testcase name="ASST05" time="4.97" classname="com.vrt.testcases.assetCreationTest"/>
  <testcase name="ASST05" time="5.18" classname="com.vrt.testcases.assetCreationTest"/>
  <testcase name="ASST05" time="5.027" classname="com.vrt.testcases.assetCreationTest"/>
  <testcase name="ASST05" time="5.135" classname="com.vrt.testcases.assetCreationTest"/>
  <testcase name="ASST06" time="5.038" classname="com.vrt.testcases.assetCreationTest"/>
  <testcase name="ASST06" time="4.953" classname="com.vrt.testcases.assetCreationTest"/>
  <testcase name="ASST06" time="5.001" classname="com.vrt.testcases.assetCreationTest"/>
  <testcase name="ASST06" time="5.143" classname="com.vrt.testcases.assetCreationTest"/>
  <testcase name="ASST06" time="5.096" classname="com.vrt.testcases.assetCreationTest"/>
  <testcase name="ASST06" time="5.107" classname="com.vrt.testcases.assetCreationTest"/>
  <testcase name="ASST06" time="5.118" classname="com.vrt.testcases.assetCreationTest"/>
  <testcase name="ASST06" time="5.136" classname="com.vrt.testcases.assetCreationTest"/>
  <testcase name="ASST06" time="5.0" classname="com.vrt.testcases.assetCreationTest"/>
  <testcase name="ASST06" time="5.019" classname="com.vrt.testcases.assetCreationTest"/>
  <testcase name="ASST06" time="5.063" classname="com.vrt.testcases.assetCreationTest"/>
  <testcase name="ASST06" time="5.016" classname="com.vrt.testcases.assetCreationTest"/>
  <testcase name="ASST06" time="5.034" classname="com.vrt.testcases.assetCreationTest"/>
  <testcase name="ASST06" time="5.001" classname="com.vrt.testcases.assetCreationTest"/>
  <testcase name="ASST06" time="4.991" classname="com.vrt.testcases.assetCreationTest"/>
  <testcase name="ASST06" time="5.13" classname="com.vrt.testcases.assetCreationTest"/>
  <testcase name="ASST06" time="5.01" classname="com.vrt.testcases.assetCreationTest"/>
  <testcase name="ASST06" time="5.128" classname="com.vrt.testcases.assetCreationTest"/>
  <testcase name="ASST06" time="5.068" classname="com.vrt.testcases.assetCreationTest"/>
  <testcase name="ASST06" time="5.001" classname="com.vrt.testcases.assetCreationTest"/>
  <testcase name="ASST06" time="5.119" classname="com.vrt.testcases.assetCreationTest"/>
  <testcase name="ASST06" time="5.052" classname="com.vrt.testcases.assetCreationTest"/>
  <testcase name="ASST06" time="5.032" classname="com.vrt.testcases.assetCreationTest"/>
  <testcase name="ASST06" time="5.142" classname="com.vrt.testcases.assetCreationTest"/>
  <testcase name="ASST06" time="5.086" classname="com.vrt.testcases.assetCreationTest"/>
  <testcase name="ASST06" time="5.006" classname="com.vrt.testcases.assetCreationTest"/>
  <testcase name="ASST07" time="0.012" classname="com.vrt.testcases.assetCreationTest"/>
  <testcase name="ASST08" time="2.501" classname="com.vrt.testcases.assetCreationTest"/>
  <testcase name="ASST09" time="4.996" classname="com.vrt.testcases.assetCreationTest"/>
  <testcase name="ASST09" time="4.926" classname="com.vrt.testcases.assetCreationTest"/>
  <testcase name="ASST09" time="5.054" classname="com.vrt.testcases.assetCreationTest"/>
  <testcase name="ASST09" time="5.068" classname="com.vrt.testcases.assetCreationTest"/>
  <testcase name="ASST09" time="5.023" classname="com.vrt.testcases.assetCreationTest"/>
  <testcase name="ASST09" time="4.975" classname="com.vrt.testcases.assetCreationTest"/>
  <testcase name="ASST09" time="5.062" classname="com.vrt.testcases.assetCreationTest"/>
  <testcase name="ASST09" time="5.07" classname="com.vrt.testcases.assetCreationTest"/>
  <testcase name="ASST10" time="4.487" classname="com.vrt.testcases.assetCreationTest"/>
  <testcase name="ASST10" time="4.536" classname="com.vrt.testcases.assetCreationTest"/>
  <testcase name="ASST10" time="4.599" classname="com.vrt.testcases.assetCreationTest"/>
  <testcase name="ASST10" time="4.617" classname="com.vrt.testcases.assetCreationTest"/>
  <testcase name="ASST10" time="4.552" classname="com.vrt.testcases.assetCreationTest"/>
  <testcase name="ASST10" time="4.594" classname="com.vrt.testcases.assetCreationTest"/>
  <testcase name="ASST10" time="4.98" classname="com.vrt.testcases.assetCreationTest"/>
  <testcase name="ASST10" time="4.998" classname="com.vrt.testcases.assetCreationTest"/>
  <testcase name="ASST10" time="5.056" classname="com.vrt.testcases.assetCreationTest"/>
  <testcase name="ASST10" time="4.961" classname="com.vrt.testcases.assetCreationTest"/>
  <testcase name="ASST10" time="5.044" classname="com.vrt.testcases.assetCreationTest"/>
  <testcase name="ASST10" time="4.975" classname="com.vrt.testcases.assetCreationTest"/>
  <testcase name="ASST10" time="5.048" classname="com.vrt.testcases.assetCreationTest"/>
  <testcase name="ASST10" time="4.951" classname="com.vrt.testcases.assetCreationTest"/>
  <testcase name="ASST10" time="4.946" classname="com.vrt.testcases.assetCreationTest"/>
  <testcase name="ASST10" time="5.018" classname="com.vrt.testcases.assetCreationTest"/>
  <testcase name="ASST10" time="5.08" classname="com.vrt.testcases.assetCreationTest"/>
  <testcase name="ASST10" time="5.054" classname="com.vrt.testcases.assetCreationTest"/>
  <testcase name="ASST10" time="5.032" classname="com.vrt.testcases.assetCreationTest"/>
  <testcase name="ASST10" time="4.982" classname="com.vrt.testcases.assetCreationTest"/>
  <testcase name="ASST10" time="4.98" classname="com.vrt.testcases.assetCreationTest"/>
  <testcase name="ASST10" time="5.055" classname="com.vrt.testcases.assetCreationTest"/>
  <testcase name="ASST10" time="5.058" classname="com.vrt.testcases.assetCreationTest"/>
  <testcase name="ASST10" time="5.098" classname="com.vrt.testcases.assetCreationTest"/>
  <testcase name="ASST10" time="4.922" classname="com.vrt.testcases.assetCreationTest"/>
  <testcase name="ASST10" time="4.981" classname="com.vrt.testcases.assetCreationTest"/>
  <testcase name="ASST11" time="44.695" classname="com.vrt.testcases.assetCreationTest"/>
  <testcase name="ASST12" time="0.026" classname="com.vrt.testcases.assetCreationTest"/>
  <testcase name="ASST122a" time="5.609" classname="com.vrt.testcases.assetCreationTest"/>
  <testcase name="ASST122a" time="5.592" classname="com.vrt.testcases.assetCreationTest"/>
  <testcase name="ASST122a" time="5.477" classname="com.vrt.testcases.assetCreationTest"/>
  <testcase name="ASST122a" time="5.482" classname="com.vrt.testcases.assetCreationTest"/>
  <testcase name="ASST122a" time="5.595" classname="com.vrt.testcases.assetCreationTest"/>
  <testcase name="ASST122a" time="5.473" classname="com.vrt.testcases.assetCreationTest"/>
  <testcase name="ASST122a" time="5.583" classname="com.vrt.testcases.assetCreationTest"/>
  <testcase name="ASST122a" time="5.472" classname="com.vrt.testcases.assetCreationTest"/>
  <testcase name="ASST122a" time="5.49" classname="com.vrt.testcases.assetCreationTest"/>
  <testcase name="ASST122a" time="5.573" classname="com.vrt.testcases.assetCreationTest"/>
  <testcase name="ASST122a" time="5.607" classname="com.vrt.testcases.assetCreationTest"/>
  <testcase name="ASST122a" time="5.599" classname="com.vrt.testcases.assetCreationTest"/>
  <testcase name="ASST122a" time="5.477" classname="com.vrt.testcases.assetCreationTest"/>
  <testcase name="ASST122a" time="5.624" classname="com.vrt.testcases.assetCreationTest"/>
  <testcase name="ASST122a" time="5.625" classname="com.vrt.testcases.assetCreationTest"/>
  <testcase name="ASST122a" time="5.485" classname="com.vrt.testcases.assetCreationTest"/>
  <testcase name="ASST122a" time="5.585" classname="com.vrt.testcases.assetCreationTest"/>
  <testcase name="ASST122a" time="5.503" classname="com.vrt.testcases.assetCreationTest"/>
  <testcase name="ASST122a" time="5.486" classname="com.vrt.testcases.assetCreationTest"/>
  <testcase name="ASST122a" time="5.494" classname="com.vrt.testcases.assetCreationTest"/>
  <testcase name="ASST122a" time="5.486" classname="com.vrt.testcases.assetCreationTest"/>
  <testcase name="ASST122a" time="5.622" classname="com.vrt.testcases.assetCreationTest"/>
  <testcase name="ASST122a" time="5.617" classname="com.vrt.testcases.assetCreationTest"/>
  <testcase name="ASST122a" time="5.49" classname="com.vrt.testcases.assetCreationTest"/>
  <testcase name="ASST122a" time="5.444" classname="com.vrt.testcases.assetCreationTest"/>
  <testcase name="ASST122a" time="5.582" classname="com.vrt.testcases.assetCreationTest"/>
  <testcase name="ASST13" time="5.129" classname="com.vrt.testcases.assetCreationTest"/>
  <testcase name="ASST14a" time="4.975" classname="com.vrt.testcases.assetCreationTest"/>
  <testcase name="ASST14a" time="4.829" classname="com.vrt.testcases.assetCreationTest"/>
  <testcase name="ASST14a" time="4.879" classname="com.vrt.testcases.assetCreationTest"/>
  <testcase name="ASST14a" time="4.886" classname="com.vrt.testcases.assetCreationTest"/>
  <testcase name="ASST14a" time="4.871" classname="com.vrt.testcases.assetCreationTest"/>
  <testcase name="ASST14a" time="5.0" classname="com.vrt.testcases.assetCreationTest"/>
  <testcase name="ASST14a" time="4.88" classname="com.vrt.testcases.assetCreationTest"/>
  <testcase name="ASST14a" time="4.975" classname="com.vrt.testcases.assetCreationTest"/>
  <testcase name="ASST14b" time="1.614" classname="com.vrt.testcases.assetCreationTest"/>
  <testcase name="ASST16" time="11.749" classname="com.vrt.testcases.assetCreationTest"/>
  <testcase name="ASST17" time="5.133" classname="com.vrt.testcases.assetCreationTest"/>
  <testcase name="ASST18" time="4.867" classname="com.vrt.testcases.assetCreationTest"/>
  <testcase name="ASST18" time="4.874" classname="com.vrt.testcases.assetCreationTest"/>
  <testcase name="ASST18" time="4.953" classname="com.vrt.testcases.assetCreationTest"/>
  <testcase name="ASST18" time="4.907" classname="com.vrt.testcases.assetCreationTest"/>
  <testcase name="ASST18" time="4.852" classname="com.vrt.testcases.assetCreationTest"/>
  <testcase name="ASST18" time="5.001" classname="com.vrt.testcases.assetCreationTest"/>
  <testcase name="ASST18" time="5.588" classname="com.vrt.testcases.assetCreationTest"/>
  <testcase name="ASST18" time="5.533" classname="com.vrt.testcases.assetCreationTest"/>
  <testcase name="ASST19" time="6.277" classname="com.vrt.testcases.assetCreationTest"/>
  <testcase name="ASST19" time="6.355" classname="com.vrt.testcases.assetCreationTest"/>
  <testcase name="ASST19" time="6.265" classname="com.vrt.testcases.assetCreationTest"/>
  <testcase name="ASST19" time="6.243" classname="com.vrt.testcases.assetCreationTest"/>
  <testcase name="ASST19" time="6.288" classname="com.vrt.testcases.assetCreationTest"/>
  <testcase name="ASST19" time="6.28" classname="com.vrt.testcases.assetCreationTest"/>
  <testcase name="ASST19" time="6.323" classname="com.vrt.testcases.assetCreationTest"/>
  <testcase name="ASST19" time="6.342" classname="com.vrt.testcases.assetCreationTest"/>
  <testcase name="ASST19" time="6.243" classname="com.vrt.testcases.assetCreationTest"/>
  <testcase name="ASST19" time="6.331" classname="com.vrt.testcases.assetCreationTest"/>
  <testcase name="ASST19" time="6.46" classname="com.vrt.testcases.assetCreationTest"/>
  <testcase name="ASST19" time="6.358" classname="com.vrt.testcases.assetCreationTest"/>
  <testcase name="ASST19" time="6.282" classname="com.vrt.testcases.assetCreationTest"/>
  <testcase name="ASST19" time="6.425" classname="com.vrt.testcases.assetCreationTest"/>
  <testcase name="ASST19" time="6.304" classname="com.vrt.testcases.assetCreationTest"/>
  <testcase name="ASST19" time="6.423" classname="com.vrt.testcases.assetCreationTest"/>
  <testcase name="ASST19" time="6.357" classname="com.vrt.testcases.assetCreationTest"/>
  <testcase name="ASST19" time="6.285" classname="com.vrt.testcases.assetCreationTest"/>
  <testcase name="ASST19" time="6.259" classname="com.vrt.testcases.assetCreationTest"/>
  <testcase name="ASST19" time="6.263" classname="com.vrt.testcases.assetCreationTest"/>
  <testcase name="ASST19" time="6.356" classname="com.vrt.testcases.assetCreationTest"/>
  <testcase name="ASST19" time="6.371" classname="com.vrt.testcases.assetCreationTest"/>
  <testcase name="ASST19" time="6.378" classname="com.vrt.testcases.assetCreationTest"/>
  <testcase name="ASST19" time="6.359" classname="com.vrt.testcases.assetCreationTest"/>
  <testcase name="ASST19" time="6.187" classname="com.vrt.testcases.assetCreationTest"/>
  <testcase name="ASST19" time="6.492" classname="com.vrt.testcases.assetCreationTest"/>
  <testcase name="ASST20" time="3.657" classname="com.vrt.testcases.assetCreationTest"/>
  <testcase name="ASST21" time="6.327" classname="com.vrt.testcases.assetCreationTest"/>
  <testcase name="ASST21" time="6.395" classname="com.vrt.testcases.assetCreationTest"/>
  <testcase name="ASST21" time="6.439" classname="com.vrt.testcases.assetCreationTest"/>
  <testcase name="ASST21" time="6.5" classname="com.vrt.testcases.assetCreationTest"/>
  <testcase name="ASST21" time="6.517" classname="com.vrt.testcases.assetCreationTest"/>
  <testcase name="ASST21" time="6.418" classname="com.vrt.testcases.assetCreationTest"/>
  <testcase name="ASST21" time="6.617" classname="com.vrt.testcases.assetCreationTest"/>
  <testcase name="ASST21" time="6.38" classname="com.vrt.testcases.assetCreationTest"/>
  <testcase name="ASST22" time="6.422" classname="com.vrt.testcases.assetCreationTest"/>
  <testcase name="ASST22" time="6.572" classname="com.vrt.testcases.assetCreationTest"/>
  <testcase name="ASST22" time="6.449" classname="com.vrt.testcases.assetCreationTest"/>
  <testcase name="ASST22" time="6.472" classname="com.vrt.testcases.assetCreationTest"/>
  <testcase name="ASST22" time="6.606" classname="com.vrt.testcases.assetCreationTest"/>
  <testcase name="ASST22" time="6.578" classname="com.vrt.testcases.assetCreationTest"/>
  <testcase name="ASST22" time="6.497" classname="com.vrt.testcases.assetCreationTest"/>
  <testcase name="ASST22" time="6.419" classname="com.vrt.testcases.assetCreationTest"/>
  <testcase name="ASST22" time="6.475" classname="com.vrt.testcases.assetCreationTest"/>
  <testcase name="ASST22" time="6.51" classname="com.vrt.testcases.assetCreationTest"/>
  <testcase name="ASST22" time="6.597" classname="com.vrt.testcases.assetCreationTest"/>
  <testcase name="ASST22" time="6.573" classname="com.vrt.testcases.assetCreationTest"/>
  <testcase name="ASST22" time="6.493" classname="com.vrt.testcases.assetCreationTest"/>
  <testcase name="ASST22" time="6.562" classname="com.vrt.testcases.assetCreationTest"/>
  <testcase name="ASST22" time="6.459" classname="com.vrt.testcases.assetCreationTest"/>
  <testcase name="ASST22" time="6.412" classname="com.vrt.testcases.assetCreationTest"/>
  <testcase name="ASST22" time="6.603" classname="com.vrt.testcases.assetCreationTest"/>
  <testcase name="ASST22" time="6.439" classname="com.vrt.testcases.assetCreationTest"/>
  <testcase name="ASST22" time="6.441" classname="com.vrt.testcases.assetCreationTest"/>
  <testcase name="ASST22" time="6.583" classname="com.vrt.testcases.assetCreationTest"/>
  <testcase name="ASST22" time="6.601" classname="com.vrt.testcases.assetCreationTest"/>
  <testcase name="ASST22" time="6.712" classname="com.vrt.testcases.assetCreationTest"/>
  <testcase name="ASST22" time="6.622" classname="com.vrt.testcases.assetCreationTest"/>
  <testcase name="ASST22" time="6.463" classname="com.vrt.testcases.assetCreationTest"/>
  <testcase name="ASST23" time="7.001" classname="com.vrt.testcases.assetCreationTest"/>
  <testcase name="ASST24" time="7.248" classname="com.vrt.testcases.assetCreationTest"/>
  <testcase name="ASST24" time="7.296" classname="com.vrt.testcases.assetCreationTest"/>
  <testcase name="ASST24" time="7.373" classname="com.vrt.testcases.assetCreationTest"/>
  <testcase name="ASST24" time="7.423" classname="com.vrt.testcases.assetCreationTest"/>
  <testcase name="ASST24" time="7.316" classname="com.vrt.testcases.assetCreationTest"/>
  <testcase name="ASST24" time="7.415" classname="com.vrt.testcases.assetCreationTest"/>
  <testcase name="ASST24" time="7.631" classname="com.vrt.testcases.assetCreationTest"/>
  <testcase name="ASST24" time="7.37" classname="com.vrt.testcases.assetCreationTest"/>
  <testcase name="ASST25" time="6.358" classname="com.vrt.testcases.assetCreationTest"/>
  <testcase name="ASST25" time="6.439" classname="com.vrt.testcases.assetCreationTest"/>
  <testcase name="ASST25" time="6.583" classname="com.vrt.testcases.assetCreationTest"/>
  <testcase name="ASST25" time="6.498" classname="com.vrt.testcases.assetCreationTest"/>
  <testcase name="ASST25" time="6.452" classname="com.vrt.testcases.assetCreationTest"/>
  <testcase name="ASST25" time="6.389" classname="com.vrt.testcases.assetCreationTest"/>
  <testcase name="ASST25" time="6.395" classname="com.vrt.testcases.assetCreationTest"/>
  <testcase name="ASST25" time="6.405" classname="com.vrt.testcases.assetCreationTest"/>
  <testcase name="ASST25" time="6.482" classname="com.vrt.testcases.assetCreationTest"/>
  <testcase name="ASST25" time="6.535" classname="com.vrt.testcases.assetCreationTest"/>
  <testcase name="ASST25" time="6.48" classname="com.vrt.testcases.assetCreationTest"/>
  <testcase name="ASST25" time="6.544" classname="com.vrt.testcases.assetCreationTest"/>
  <testcase name="ASST25" time="6.494" classname="com.vrt.testcases.assetCreationTest"/>
  <testcase name="ASST25" time="6.484" classname="com.vrt.testcases.assetCreationTest"/>
  <testcase name="ASST25" time="7.046" classname="com.vrt.testcases.assetCreationTest"/>
  <testcase name="ASST25" time="6.413" classname="com.vrt.testcases.assetCreationTest"/>
  <testcase name="ASST25" time="6.479" classname="com.vrt.testcases.assetCreationTest"/>
  <testcase name="ASST25" time="6.589" classname="com.vrt.testcases.assetCreationTest"/>
  <testcase name="ASST25" time="6.478" classname="com.vrt.testcases.assetCreationTest"/>
  <testcase name="ASST25" time="7.258" classname="com.vrt.testcases.assetCreationTest"/>
  <testcase name="ASST25" time="7.167" classname="com.vrt.testcases.assetCreationTest"/>
  <testcase name="ASST25" time="7.27" classname="com.vrt.testcases.assetCreationTest"/>
  <testcase name="ASST25" time="7.244" classname="com.vrt.testcases.assetCreationTest"/>
  <testcase name="ASST25" time="7.263" classname="com.vrt.testcases.assetCreationTest"/>
  <testcase name="ASST25" time="7.417" classname="com.vrt.testcases.assetCreationTest"/>
  <testcase name="ASST25" time="7.476" classname="com.vrt.testcases.assetCreationTest"/>
  <testcase name="ASST25" time="7.649" classname="com.vrt.testcases.assetCreationTest"/>
  <testcase name="ASST25" time="7.262" classname="com.vrt.testcases.assetCreationTest"/>
  <testcase name="ASST25" time="7.275" classname="com.vrt.testcases.assetCreationTest"/>
  <testcase name="ASST25" time="7.525" classname="com.vrt.testcases.assetCreationTest"/>
  <testcase name="ASST26a" time="13.759" classname="com.vrt.testcases.assetCreationTest"/>
  <testcase name="ASST26b" time="0.013" classname="com.vrt.testcases.assetCreationTest"/>
  <testcase name="ASST26c" time="0.985" classname="com.vrt.testcases.assetCreationTest"/>
  <testcase name="ASST27" time="3.905" classname="com.vrt.testcases.assetCreationTest"/>
  <testcase name="ASST28" time="7.008" classname="com.vrt.testcases.assetCreationTest"/>
  <testcase name="ASST28" time="6.998" classname="com.vrt.testcases.assetCreationTest"/>
  <testcase name="ASST28" time="7.049" classname="com.vrt.testcases.assetCreationTest"/>
  <testcase name="ASST28" time="7.171" classname="com.vrt.testcases.assetCreationTest"/>
  <testcase name="ASST28" time="7.124" classname="com.vrt.testcases.assetCreationTest"/>
  <testcase name="ASST28" time="7.111" classname="com.vrt.testcases.assetCreationTest"/>
  <testcase name="ASST28" time="7.12" classname="com.vrt.testcases.assetCreationTest"/>
  <testcase name="ASST28" time="7.153" classname="com.vrt.testcases.assetCreationTest"/>
  <testcase name="ASST28" time="7.199" classname="com.vrt.testcases.assetCreationTest"/>
  <testcase name="ASST28" time="7.499" classname="com.vrt.testcases.assetCreationTest"/>
  <testcase name="ASST29" time="7.4" classname="com.vrt.testcases.assetCreationTest"/>
  <testcase name="ASST29" time="7.371" classname="com.vrt.testcases.assetCreationTest"/>
  <testcase name="ASST29" time="7.457" classname="com.vrt.testcases.assetCreationTest"/>
  <testcase name="ASST29" time="7.376" classname="com.vrt.testcases.assetCreationTest"/>
  <testcase name="ASST29" time="7.407" classname="com.vrt.testcases.assetCreationTest"/>
  <testcase name="ASST29" time="7.494" classname="com.vrt.testcases.assetCreationTest"/>
  <testcase name="ASST29" time="7.329" classname="com.vrt.testcases.assetCreationTest"/>
  <testcase name="ASST29" time="7.443" classname="com.vrt.testcases.assetCreationTest"/>
  <testcase name="ASST29" time="7.311" classname="com.vrt.testcases.assetCreationTest"/>
  <testcase name="ASST29" time="7.451" classname="com.vrt.testcases.assetCreationTest"/>
  <testcase name="ASST29" time="7.351" classname="com.vrt.testcases.assetCreationTest"/>
  <testcase name="ASST29" time="7.446" classname="com.vrt.testcases.assetCreationTest"/>
  <testcase name="ASST29" time="7.379" classname="com.vrt.testcases.assetCreationTest"/>
  <testcase name="ASST29" time="7.39" classname="com.vrt.testcases.assetCreationTest"/>
  <testcase name="ASST29" time="7.49" classname="com.vrt.testcases.assetCreationTest"/>
  <testcase name="ASST29" time="7.459" classname="com.vrt.testcases.assetCreationTest"/>
  <testcase name="ASST29" time="7.491" classname="com.vrt.testcases.assetCreationTest"/>
  <testcase name="ASST29" time="7.451" classname="com.vrt.testcases.assetCreationTest"/>
  <testcase name="ASST29" time="7.47" classname="com.vrt.testcases.assetCreationTest"/>
  <testcase name="ASST29" time="7.425" classname="com.vrt.testcases.assetCreationTest"/>
  <testcase name="ASST29" time="7.462" classname="com.vrt.testcases.assetCreationTest"/>
  <testcase name="ASST29" time="7.433" classname="com.vrt.testcases.assetCreationTest"/>
  <testcase name="ASST29" time="7.372" classname="com.vrt.testcases.assetCreationTest"/>
  <testcase name="ASST29" time="6.96" classname="com.vrt.testcases.assetCreationTest"/>
  <testcase name="ASST29" time="7.136" classname="com.vrt.testcases.assetCreationTest"/>
  <testcase name="ASST30a" time="0.024" classname="com.vrt.testcases.assetCreationTest"/>
  <testcase name="ASST30b" time="26.414" classname="com.vrt.testcases.assetCreationTest"/>
  <testcase name="ASST31a" time="0.054" classname="com.vrt.testcases.assetCreationTest"/>
  <testcase name="ASST31b" time="13.38" classname="com.vrt.testcases.assetCreationTest"/>
  <testcase name="ASST31c" time="0.858" classname="com.vrt.testcases.assetCreationTest"/>
  <testcase name="ASST31d" time="3.126" classname="com.vrt.testcases.assetCreationTest"/>
  <testcase name="ASST31e" time="3.068" classname="com.vrt.testcases.assetCreationTest"/>
  <testcase name="ASST32a" time="44.921" classname="com.vrt.testcases.assetCreationTest"/>
  <testcase name="ASST32b" time="44.712" classname="com.vrt.testcases.assetCreationTest"/>
  <testcase name="ASST32c" time="44.458" classname="com.vrt.testcases.assetCreationTest"/>
  <testcase name="ASST33" time="15.923" classname="com.vrt.testcases.assetCreationTest"/>
  <testcase name="ASST34" time="7.188" classname="com.vrt.testcases.assetCreationTest"/>
  <testcase name="ASST35" time="99.904" classname="com.vrt.testcases.assetCreationTest"/>
  <testcase name="ASST36" time="99.475" classname="com.vrt.testcases.assetCreationTest"/>
  <testcase name="ASST37" time="116.746" classname="com.vrt.testcases.assetCreationTest"/>
  <testcase name="ASST38" time="110.683" classname="com.vrt.testcases.assetCreationTest"/>
  <testcase name="ASST39" time="26.253" classname="com.vrt.testcases.assetCreationTest">
    <skipped/>
  </testcase> <!-- ASST39 -->
  <testcase name="ASST39" time="37.223" classname="com.vrt.testcases.assetCreationTest">
    <skipped/>
  </testcase> <!-- ASST39 -->
  <testcase name="ASST39" time="36.769" classname="com.vrt.testcases.assetCreationTest">
    <failure type="org.openqa.selenium.NoSuchElementException" message="An element could not be located on the page using the given search parameters. (WARNING: The server did not provide any stacktrace information)
Command duration or timeout: 0 milliseconds
For documentation on this error, please visit: https://www.seleniumhq.org/exceptions/no_such_element.html
Build info: version: &amp;apos;3.141.59&amp;apos;, revision: &amp;apos;e82be7d358&amp;apos;, time: &amp;apos;2018-11-14T08:17:03&amp;apos;
System info: host: &amp;apos;INAS-LP024&amp;apos;, ip: &amp;apos;192.168.47.1&amp;apos;, os.name: &amp;apos;Windows 10&amp;apos;, os.arch: &amp;apos;amd64&amp;apos;, os.version: &amp;apos;10.0&amp;apos;, java.version: &amp;apos;1.8.0_181&amp;apos;
Driver info: io.appium.java_client.windows.WindowsDriver
Capabilities {app: Kaye.ValProbeRT_racmveb2qnw..., javascriptEnabled: true, ms:waitForAppLaunch: 10, platform: WINDOWS, platformName: WINDOWS}
Session ID: FAB5341F-B647-49B7-8DEA-05BAE5AAC43A
*** Element info: {Using=name, value=Enter User Credentials}">
      <![CDATA[org.openqa.selenium.NoSuchElementException: An element could not be located on the page using the given search parameters. (WARNING: The server did not provide any stacktrace information)
Command duration or timeout: 0 milliseconds
For documentation on this error, please visit: https://www.seleniumhq.org/exceptions/no_such_element.html
Build info: version: '3.141.59', revision: 'e82be7d358', time: '2018-11-14T08:17:03'
System info: host: 'INAS-LP024', ip: '192.168.47.1', os.name: 'Windows 10', os.arch: 'amd64', os.version: '10.0', java.version: '1.8.0_181'
Driver info: io.appium.java_client.windows.WindowsDriver
Capabilities {app: Kaye.ValProbeRT_racmveb2qnw..., javascriptEnabled: true, ms:waitForAppLaunch: 10, platform: WINDOWS, platformName: WINDOWS}
Session ID: FAB5341F-B647-49B7-8DEA-05BAE5AAC43A
*** Element info: {Using=name, value=Enter User Credentials}
at sun.reflect.NativeConstructorAccessorImpl.newInstance0(Native Method)
at sun.reflect.NativeConstructorAccessorImpl.newInstance(NativeConstructorAccessorImpl.java:62)
at sun.reflect.DelegatingConstructorAccessorImpl.newInstance(DelegatingConstructorAccessorImpl.java:45)
at java.lang.reflect.Constructor.newInstance(Constructor.java:423)
at org.openqa.selenium.remote.ErrorHandler.createThrowable(ErrorHandler.java:214)
at org.openqa.selenium.remote.ErrorHandler.throwIfResponseFailed(ErrorHandler.java:166)
at org.openqa.selenium.remote.http.JsonHttpResponseCodec.reconstructValue(JsonHttpResponseCodec.java:40)
at org.openqa.selenium.remote.http.AbstractHttpResponseCodec.decode(AbstractHttpResponseCodec.java:80)
at org.openqa.selenium.remote.http.AbstractHttpResponseCodec.decode(AbstractHttpResponseCodec.java:44)
at org.openqa.selenium.remote.HttpCommandExecutor.execute(HttpCommandExecutor.java:158)
at io.appium.java_client.remote.AppiumCommandExecutor.execute(AppiumCommandExecutor.java:239)
at org.openqa.selenium.remote.RemoteWebDriver.execute(RemoteWebDriver.java:552)
at io.appium.java_client.DefaultGenericMobileDriver.execute(DefaultGenericMobileDriver.java:42)
at io.appium.java_client.AppiumDriver.execute(AppiumDriver.java:1)
at io.appium.java_client.windows.WindowsDriver.execute(WindowsDriver.java:1)
at org.openqa.selenium.remote.RemoteWebDriver.findElement(RemoteWebDriver.java:323)
at io.appium.java_client.DefaultGenericMobileDriver.findElement(DefaultGenericMobileDriver.java:62)
at io.appium.java_client.AppiumDriver.findElement(AppiumDriver.java:1)
at io.appium.java_client.windows.WindowsDriver.findElement(WindowsDriver.java:1)
at org.openqa.selenium.remote.RemoteWebDriver.findElementByName(RemoteWebDriver.java:404)
at io.appium.java_client.DefaultGenericMobileDriver.findElementByName(DefaultGenericMobileDriver.java:118)
at io.appium.java_client.AppiumDriver.findElementByName(AppiumDriver.java:1)
at io.appium.java_client.windows.WindowsDriver.findElementByName(WindowsDriver.java:1)
at com.vrt.base.BaseClass.UserLoginPopup(BaseClass.java:191)
at com.vrt.testcases.assetCreationTest.ASST39(assetCreationTest.java:1302)
at sun.reflect.NativeMethodAccessorImpl.invoke0(Native Method)
at sun.reflect.NativeMethodAccessorImpl.invoke(NativeMethodAccessorImpl.java:62)
at sun.reflect.DelegatingMethodAccessorImpl.invoke(DelegatingMethodAccessorImpl.java:43)
at java.lang.reflect.Method.invoke(Method.java:498)
at org.testng.internal.MethodInvocationHelper.invokeMethod(MethodInvocationHelper.java:132)
at org.testng.internal.TestInvoker.invokeMethod(TestInvoker.java:599)
at org.testng.internal.TestInvoker.retryFailed(TestInvoker.java:214)
at org.testng.internal.MethodRunner.runInSequence(MethodRunner.java:58)
at org.testng.internal.TestInvoker$MethodInvocationAgent.invoke(TestInvoker.java:822)
at org.testng.internal.TestInvoker.invokeTestMethods(TestInvoker.java:147)
at org.testng.internal.TestMethodWorker.invokeTestMethods(TestMethodWorker.java:146)
at org.testng.internal.TestMethodWorker.run(TestMethodWorker.java:128)
at java.util.ArrayList.forEach(ArrayList.java:1257)
at org.testng.TestRunner.privateRun(TestRunner.java:764)
at org.testng.TestRunner.run(TestRunner.java:585)
at org.testng.SuiteRunner.runTest(SuiteRunner.java:384)
at org.testng.SuiteRunner.runSequentially(SuiteRunner.java:378)
at org.testng.SuiteRunner.privateRun(SuiteRunner.java:337)
at org.testng.SuiteRunner.run(SuiteRunner.java:286)
at org.testng.SuiteRunnerWorker.runSuite(SuiteRunnerWorker.java:53)
at org.testng.SuiteRunnerWorker.run(SuiteRunnerWorker.java:96)
at org.testng.TestNG.runSuitesSequentially(TestNG.java:1218)
at org.testng.TestNG.runSuitesLocally(TestNG.java:1140)
at org.testng.TestNG.runSuites(TestNG.java:1069)
at org.testng.TestNG.run(TestNG.java:1037)
at org.testng.remote.AbstractRemoteTestNG.run(AbstractRemoteTestNG.java:115)
at org.testng.remote.RemoteTestNG.initAndRun(RemoteTestNG.java:251)
at org.testng.remote.RemoteTestNG.main(RemoteTestNG.java:77)
]]>
    </failure>
  </testcase> <!-- ASST39 -->
  <testcase name="ASST40" time="8.954" classname="com.vrt.testcases.assetCreationTest"/>
  <testcase name="ASST41" time="20.236" classname="com.vrt.testcases.assetCreationTest"/>
  <testcase name="ASST42" time="19.089" classname="com.vrt.testcases.assetCreationTest"/>
  <testcase name="ASST45" time="78.352" classname="com.vrt.testcases.assetCreationTest"/>
  <testcase name="ASST46a" time="79.461" classname="com.vrt.testcases.assetCreationTest"/>
  <testcase name="ASST46b" time="79.68" classname="com.vrt.testcases.assetCreationTest"/>
  <testcase name="ASST46c" time="80.258" classname="com.vrt.testcases.assetCreationTest"/>
  <testcase name="ASST47" time="24.174" classname="com.vrt.testcases.assetCreationTest"/>
  <testcase name="ASST48" time="14.204" classname="com.vrt.testcases.assetCreationTest"/>
  <testcase name="ASST49" time="91.963" classname="com.vrt.testcases.assetCreationTest"/>
  <testcase name="ASST50" time="0.75" classname="com.vrt.testcases.assetCreationTest"/>
  <testcase name="ASST51" time="1.515" classname="com.vrt.testcases.assetCreationTest"/>
  <testcase name="ASST52" time="1.25" classname="com.vrt.testcases.assetCreationTest"/>
  <testcase name="ASST54" time="1.25" classname="com.vrt.testcases.assetCreationTest"/>
  <testcase name="ASSTHB001" time="0.016" classname="com.vrt.testcases.assetHubTest"/>
  <testcase name="ASSTHB002" time="0.078" classname="com.vrt.testcases.assetHubTest"/>
  <testcase name="ASSTHB003" time="0.078" classname="com.vrt.testcases.assetHubTest"/>
  <testcase name="ASSTHB004" time="0.047" classname="com.vrt.testcases.assetHubTest"/>
  <testcase name="ASSTHB005" time="2.75" classname="com.vrt.testcases.assetHubTest"/>
  <testcase name="ASSTHB006a" time="24.034" classname="com.vrt.testcases.assetHubTest"/>
  <testcase name="ASSTHB006b" time="22.502" classname="com.vrt.testcases.assetHubTest"/>
  <testcase name="ASSTHB007" time="1.672" classname="com.vrt.testcases.assetHubTest"/>
  <testcase name="ASSTHB008" time="18.877" classname="com.vrt.testcases.assetHubTest"/>
  <testcase name="ASSTHB009" time="12.642" classname="com.vrt.testcases.assetHubTest"/>
  <testcase name="ASSTHB010" time="17.783" classname="com.vrt.testcases.assetHubTest"/>
  <testcase name="ASSTHB011" time="3.688" classname="com.vrt.testcases.assetHubTest"/>
  <testcase name="ASST001" time="0.109" classname="com.vrt.testcases.assetDetailsTest1"/>
  <testcase name="ASST001A" time="0.032" classname="com.vrt.testcases.assetDetailsTest1"/>
  <testcase name="ASST001B" time="33.378" classname="com.vrt.testcases.assetDetailsTest1"/>
  <testcase name="ASST002" time="1.313" classname="com.vrt.testcases.assetDetailsTest1"/>
  <testcase name="ASST003" time="2.781" classname="com.vrt.testcases.assetDetailsTest1"/>
  <testcase name="ASST004" time="20.955" classname="com.vrt.testcases.assetDetailsTest1"/>
  <testcase name="ASST006" time="5.126" classname="com.vrt.testcases.assetDetailsTest1"/>
  <testcase name="ASST007" time="3.859" classname="com.vrt.testcases.assetDetailsTest1"/>
  <testcase name="ASST008" time="12.674" classname="com.vrt.testcases.assetDetailsTest1"/>
  <testcase name="ASST009" time="13.392" classname="com.vrt.testcases.assetDetailsTest1"/>
  <testcase name="ASST012" time="9.032" classname="com.vrt.testcases.assetDetailsTest1"/>
  <testcase name="ASST013" time="0.11" classname="com.vrt.testcases.assetDetailsTest1"/>
  <testcase name="ASST014" time="4.688" classname="com.vrt.testcases.assetDetailsTest1"/>
  <testcase name="ASST015" time="3.829" classname="com.vrt.testcases.assetDetailsTest1"/>
  <testcase name="ASST017" time="1.234" classname="com.vrt.testcases.assetDetailsTest1"/>
  <testcase name="ASST018" time="5.282" classname="com.vrt.testcases.assetDetailsTest1"/>
  <testcase name="ASST020" time="15.252" classname="com.vrt.testcases.assetDetailsTest1"/>
  <testcase name="ASST023" time="4.219" classname="com.vrt.testcases.assetDetailsTest1"/>
  <testcase name="ASST024STP" time="5.751" classname="com.vrt.testcases.assetDetailsTest1"/>
  <testcase name="ASST024_A" time="5.532" classname="com.vrt.testcases.assetDetailsTest1"/>
  <testcase name="ASST024_A" time="5.767" classname="com.vrt.testcases.assetDetailsTest1"/>
  <testcase name="ASST024_A" time="5.641" classname="com.vrt.testcases.assetDetailsTest1"/>
  <testcase name="ASST024_A" time="5.766" classname="com.vrt.testcases.assetDetailsTest1"/>
  <testcase name="ASST024_A" time="5.688" classname="com.vrt.testcases.assetDetailsTest1"/>
  <testcase name="ASST024_A" time="5.657" classname="com.vrt.testcases.assetDetailsTest1"/>
  <testcase name="ASST024_A" time="5.563" classname="com.vrt.testcases.assetDetailsTest1"/>
  <testcase name="ASST024_A" time="5.813" classname="com.vrt.testcases.assetDetailsTest1"/>
  <testcase name="ASST024_B" time="7.563" classname="com.vrt.testcases.assetDetailsTest1"/>
  <testcase name="ASST024_B" time="7.579" classname="com.vrt.testcases.assetDetailsTest1"/>
  <testcase name="ASST024_B" time="7.532" classname="com.vrt.testcases.assetDetailsTest1"/>
  <testcase name="ASST024_B" time="7.673" classname="com.vrt.testcases.assetDetailsTest1"/>
  <testcase name="ASST024_B" time="7.548" classname="com.vrt.testcases.assetDetailsTest1"/>
  <testcase name="ASST024_B" time="7.532" classname="com.vrt.testcases.assetDetailsTest1"/>
  <testcase name="ASST024_C" time="8.813" classname="com.vrt.testcases.assetDetailsTest1"/>
  <testcase name="ASST024_D" time="6.219" classname="com.vrt.testcases.assetDetailsTest1"/>
  <testcase name="ASST024_D" time="6.251" classname="com.vrt.testcases.assetDetailsTest1"/>
  <testcase name="ASST024_D" time="6.344" classname="com.vrt.testcases.assetDetailsTest1"/>
  <testcase name="ASST024_D" time="6.266" classname="com.vrt.testcases.assetDetailsTest1"/>
  <testcase name="ASST024_E" time="6.501" classname="com.vrt.testcases.assetDetailsTest1"/>
  <testcase name="ASST024_E" time="6.048" classname="com.vrt.testcases.assetDetailsTest1"/>
  <testcase name="ASST024_E" time="6.157" classname="com.vrt.testcases.assetDetailsTest1"/>
  <testcase name="ASST024_E" time="6.078" classname="com.vrt.testcases.assetDetailsTest1"/>
  <testcase name="ASST024_E" time="6.079" classname="com.vrt.testcases.assetDetailsTest1"/>
  <testcase name="ASST024_E" time="6.078" classname="com.vrt.testcases.assetDetailsTest1"/>
  <testcase name="ASST024_E" time="6.203" classname="com.vrt.testcases.assetDetailsTest1"/>
  <testcase name="ASST024_E" time="6.204" classname="com.vrt.testcases.assetDetailsTest1"/>
  <testcase name="ASST024_F" time="6.469" classname="com.vrt.testcases.assetDetailsTest1"/>
  <testcase name="ASST025STP" time="55.871" classname="com.vrt.testcases.assetDetailsTest1"/>
  <testcase name="ASST026STP" time="37.957" classname="com.vrt.testcases.assetDetailsTest1"/>
  <testcase name="ASST027" time="49.583" classname="com.vrt.testcases.assetDetailsTest1"/>
  <testcase name="ASST029" time="6.845" classname="com.vrt.testcases.assetDetailsTest1"/>
  <testcase name="ASST030" time="10.798" classname="com.vrt.testcases.assetDetailsTest1"/>
  <testcase name="ASST032" time="6.438" classname="com.vrt.testcases.assetDetailsTest1"/>
  <testcase name="ASST033" time="13.485" classname="com.vrt.testcases.assetDetailsTest1"/>
  <testcase name="ASST034" time="13.485" classname="com.vrt.testcases.assetDetailsTest1"/>
  <testcase name="ASST037" time="63.396" classname="com.vrt.testcases.assetDetailsTest1"/>
  <testcase name="ASST038" time="8.61" classname="com.vrt.testcases.assetDetailsTest1"/>
  <testcase name="ASST043" time="6.625" classname="com.vrt.testcases.assetDetailsTest1"/>
  <testcase name="ASST044" time="25.315" classname="com.vrt.testcases.assetDetailsTest1"/>
  <testcase name="ASST047" time="5.657" classname="com.vrt.testcases.assetDetailsTest1"/>
  <testcase name="ASST048" time="5.626" classname="com.vrt.testcases.assetDetailsTest1"/>
  <testcase name="ASST050" time="7.36" classname="com.vrt.testcases.assetDetailsTest1"/>
  <testcase name="ASST052A" time="5.579" classname="com.vrt.testcases.assetDetailsTest1"/>
  <testcase name="ASST052B" time="4.563" classname="com.vrt.testcases.assetDetailsTest1"/>
  <testcase name="ASST053A" time="25.908" classname="com.vrt.testcases.assetDetailsTest1"/>
  <testcase name="ASST053B" time="11.251" classname="com.vrt.testcases.assetDetailsTest1"/>
  <testcase name="ASST054A_REP" time="14.267" classname="com.vrt.testcases.assetDetailsTest1"/>
  <testcase name="ASST056" time="9.423" classname="com.vrt.testcases.assetDetailsTest1"/>
  <testcase name="ASST059" time="26.425" classname="com.vrt.testcases.assetDetailsTest1"/>
  <testcase name="ASST062" time="26.487" classname="com.vrt.testcases.assetDetailsTest1"/>
  <testcase name="ASST065" time="22.815" classname="com.vrt.testcases.assetDetailsTest1"/>
  <testcase name="ASST068" time="10.298" classname="com.vrt.testcases.assetDetailsTest1"/>
  <testcase name="ASST074" time="7.376" classname="com.vrt.testcases.assetDetailsTest1"/>
  <testcase name="ASST075" time="11.706" classname="com.vrt.testcases.assetDetailsTest1"/>
  <testcase name="ASST076" time="12.191" classname="com.vrt.testcases.assetDetailsTest1"/>
  <testcase name="ASST077" time="32.415" classname="com.vrt.testcases.assetDetailsTest1">
    <skipped/>
  </testcase> <!-- ASST077 -->
  <testcase name="ASST077" time="32.612" classname="com.vrt.testcases.assetDetailsTest1">
    <skipped/>
  </testcase> <!-- ASST077 -->
  <testcase name="ASST077" time="32.528" classname="com.vrt.testcases.assetDetailsTest1">
    <failure type="java.lang.AssertionError" message="The following asserts failed:
	FAIL:Reports tile count is  increasing  under Asset details page expected [3] but found [2]">
      <![CDATA[java.lang.AssertionError: The following asserts failed:
FAIL:Reports tile count is  increasing  under Asset details page expected [3] but found [2]
at org.testng.asserts.SoftAssert.assertAll(SoftAssert.java:47)
at org.testng.asserts.SoftAssert.assertAll(SoftAssert.java:31)
at com.vrt.testcases.assetDetailsTest1.ASST077(assetDetailsTest1.java:2001)
at sun.reflect.NativeMethodAccessorImpl.invoke0(Native Method)
at sun.reflect.NativeMethodAccessorImpl.invoke(NativeMethodAccessorImpl.java:62)
at sun.reflect.DelegatingMethodAccessorImpl.invoke(DelegatingMethodAccessorImpl.java:43)
at java.lang.reflect.Method.invoke(Method.java:498)
at org.testng.internal.MethodInvocationHelper.invokeMethod(MethodInvocationHelper.java:132)
at org.testng.internal.TestInvoker.invokeMethod(TestInvoker.java:599)
at org.testng.internal.TestInvoker.retryFailed(TestInvoker.java:214)
at org.testng.internal.MethodRunner.runInSequence(MethodRunner.java:58)
at org.testng.internal.TestInvoker$MethodInvocationAgent.invoke(TestInvoker.java:822)
at org.testng.internal.TestInvoker.invokeTestMethods(TestInvoker.java:147)
at org.testng.internal.TestMethodWorker.invokeTestMethods(TestMethodWorker.java:146)
at org.testng.internal.TestMethodWorker.run(TestMethodWorker.java:128)
at java.util.ArrayList.forEach(ArrayList.java:1257)
at org.testng.TestRunner.privateRun(TestRunner.java:764)
at org.testng.TestRunner.run(TestRunner.java:585)
at org.testng.SuiteRunner.runTest(SuiteRunner.java:384)
at org.testng.SuiteRunner.runSequentially(SuiteRunner.java:378)
at org.testng.SuiteRunner.privateRun(SuiteRunner.java:337)
at org.testng.SuiteRunner.run(SuiteRunner.java:286)
at org.testng.SuiteRunnerWorker.runSuite(SuiteRunnerWorker.java:53)
at org.testng.SuiteRunnerWorker.run(SuiteRunnerWorker.java:96)
at org.testng.TestNG.runSuitesSequentially(TestNG.java:1218)
at org.testng.TestNG.runSuitesLocally(TestNG.java:1140)
at org.testng.TestNG.runSuites(TestNG.java:1069)
at org.testng.TestNG.run(TestNG.java:1037)
at org.testng.remote.AbstractRemoteTestNG.run(AbstractRemoteTestNG.java:115)
at org.testng.remote.RemoteTestNG.initAndRun(RemoteTestNG.java:251)
at org.testng.remote.RemoteTestNG.main(RemoteTestNG.java:77)
]]>
    </failure>
  </testcase> <!-- ASST077 -->
  <testcase name="ASST078" time="25.005" classname="com.vrt.testcases.assetDetailsTest1"/>
  <testcase name="ASST081" time="11.539" classname="com.vrt.testcases.assetDetailsTest1"/>
  <testcase name="ASST084" time="12.238" classname="com.vrt.testcases.assetDetailsTest1"/>
  <testcase name="ASST086" time="0.625" classname="com.vrt.testcases.assetDetailsTest1"/>
  <testcase name="ASST087" time="1.5" classname="com.vrt.testcases.assetDetailsTest1"/>
  <testcase name="ASST088" time="1.204" classname="com.vrt.testcases.assetDetailsTest1"/>
  <testcase name="ASST090" time="1.204" classname="com.vrt.testcases.assetDetailsTest1"/>
  <testcase name="ASST001" time="22.096" classname="com.vrt.testcases.assetDetailsTest2"/>
  <testcase name="ASST001A" time="3.329" classname="com.vrt.testcases.assetDetailsTest2"/>
  <testcase name="ASST002" time="13.345" classname="com.vrt.testcases.assetDetailsTest2"/>
  <testcase name="ASST003" time="12.579" classname="com.vrt.testcases.assetDetailsTest2"/>
  <testcase name="ASST004" time="13.032" classname="com.vrt.testcases.assetDetailsTest2"/>
  <testcase name="ASST005" time="12.688" classname="com.vrt.testcases.assetDetailsTest2"/>
  <testcase name="ASST006" time="14.751" classname="com.vrt.testcases.assetDetailsTest2"/>
  <testcase name="ASST007" time="12.189" classname="com.vrt.testcases.assetDetailsTest2"/>
  <testcase name="ASST008" time="12.111" classname="com.vrt.testcases.assetDetailsTest2"/>
  <testcase name="ASST009" time="14.267" classname="com.vrt.testcases.assetDetailsTest2"/>
  <testcase name="CA001" time="0.984" classname="com.vrt.testcases.CopyAssetTest"/>
  <testcase name="CA002" time="25.862" classname="com.vrt.testcases.CopyAssetTest"/>
  <testcase name="CA003A" time="3.063" classname="com.vrt.testcases.CopyAssetTest"/>
  <testcase name="CA004" time="2.562" classname="com.vrt.testcases.CopyAssetTest"/>
  <testcase name="CA004" time="2.828" classname="com.vrt.testcases.CopyAssetTest"/>
  <testcase name="CA004" time="2.844" classname="com.vrt.testcases.CopyAssetTest"/>
  <testcase name="CA004" time="2.704" classname="com.vrt.testcases.CopyAssetTest"/>
  <testcase name="CA004" time="3.735" classname="com.vrt.testcases.CopyAssetTest"/>
  <testcase name="CA004" time="3.266" classname="com.vrt.testcases.CopyAssetTest"/>
  <testcase name="CA004" time="3.438" classname="com.vrt.testcases.CopyAssetTest"/>
  <testcase name="CA005" time="3.172" classname="com.vrt.testcases.CopyAssetTest"/>
  <testcase name="CA005" time="2.376" classname="com.vrt.testcases.CopyAssetTest"/>
  <testcase name="CA005" time="3.328" classname="com.vrt.testcases.CopyAssetTest"/>
  <testcase name="CA005" time="2.375" classname="com.vrt.testcases.CopyAssetTest"/>
  <testcase name="CA005A" time="2.188" classname="com.vrt.testcases.CopyAssetTest"/>
  <testcase name="CA005B" time="10.142" classname="com.vrt.testcases.CopyAssetTest"/>
  <testcase name="CA005C" time="2.266" classname="com.vrt.testcases.CopyAssetTest"/>
  <testcase name="CA006" time="2.391" classname="com.vrt.testcases.CopyAssetTest"/>
  <testcase name="CA007" time="2.719" classname="com.vrt.testcases.CopyAssetTest"/>
  <testcase name="CA007" time="2.844" classname="com.vrt.testcases.CopyAssetTest"/>
  <testcase name="CA007" time="2.797" classname="com.vrt.testcases.CopyAssetTest"/>
  <testcase name="CA007" time="2.719" classname="com.vrt.testcases.CopyAssetTest"/>
  <testcase name="CA007" time="2.969" classname="com.vrt.testcases.CopyAssetTest"/>
  <testcase name="CA007" time="3.22" classname="com.vrt.testcases.CopyAssetTest"/>
  <testcase name="CA007" time="3.406" classname="com.vrt.testcases.CopyAssetTest"/>
  <testcase name="CA008" time="3.156" classname="com.vrt.testcases.CopyAssetTest"/>
  <testcase name="CA008" time="2.391" classname="com.vrt.testcases.CopyAssetTest"/>
  <testcase name="CA008" time="3.344" classname="com.vrt.testcases.CopyAssetTest"/>
  <testcase name="CA008" time="2.375" classname="com.vrt.testcases.CopyAssetTest"/>
  <testcase name="CA008A" time="2.391" classname="com.vrt.testcases.CopyAssetTest"/>
  <testcase name="CA008B" time="3.281" classname="com.vrt.testcases.CopyAssetTest"/>
  <testcase name="CA009" time="10.642" classname="com.vrt.testcases.CopyAssetTest"/>
  <testcase name="CA010" time="4.626" classname="com.vrt.testcases.CopyAssetTest"/>
  <testcase name="CA011" time="13.595" classname="com.vrt.testcases.CopyAssetTest"/>
  <testcase name="CA012" time="12.861" classname="com.vrt.testcases.CopyAssetTest"/>
  <testcase name="CA013" time="14.377" classname="com.vrt.testcases.CopyAssetTest"/>
  <testcase name="CA015" time="9.329" classname="com.vrt.testcases.CopyAssetTest"/>
  <testcase name="CA016" time="9.844" classname="com.vrt.testcases.CopyAssetTest"/>
  <testcase name="CS001" time="1.844" classname="com.vrt.testcases.CopySetupTest"/>
  <testcase name="CS002" time="0.0" classname="com.vrt.testcases.CopySetupTest">
    <failure type="org.testng.TestNGException" message="
Method public void com.vrt.testcases.CopySetupTest.CS002(java.lang.String,java.lang.String,java.lang.String,java.lang.String,java.lang.String,java.lang.String,java.lang.String,java.lang.String,java.lang.String,java.lang.String,java.lang.String) throws java.lang.InterruptedException,java.io.IOException,java.awt.AWTException,java.text.ParseException requires a @DataProvider named : CS002 in class com.vrt.utility.assetCreationUtility">
      <![CDATA[org.testng.TestNGException: 
Method public void com.vrt.testcases.CopySetupTest.CS002(java.lang.String,java.lang.String,java.lang.String,java.lang.String,java.lang.String,java.lang.String,java.lang.String,java.lang.String,java.lang.String,java.lang.String,java.lang.String) throws java.lang.InterruptedException,java.io.IOException,java.awt.AWTException,java.text.ParseException requires a @DataProvider named : CS002 in class com.vrt.utility.assetCreationUtility
at org.testng.internal.Parameters.findDataProvider(Parameters.java:559)
at org.testng.internal.Parameters.handleParameters(Parameters.java:772)
at org.testng.internal.Parameters.handleParameters(Parameters.java:740)
at org.testng.internal.ParameterHandler.handleParameters(ParameterHandler.java:59)
at org.testng.internal.ParameterHandler.createParameters(ParameterHandler.java:38)
at org.testng.internal.TestInvoker$MethodInvocationAgent.invoke(TestInvoker.java:789)
at org.testng.internal.TestInvoker.invokeTestMethods(TestInvoker.java:147)
at org.testng.internal.TestMethodWorker.invokeTestMethods(TestMethodWorker.java:146)
at org.testng.internal.TestMethodWorker.run(TestMethodWorker.java:128)
at java.util.ArrayList.forEach(ArrayList.java:1257)
at org.testng.TestRunner.privateRun(TestRunner.java:764)
at org.testng.TestRunner.run(TestRunner.java:585)
at org.testng.SuiteRunner.runTest(SuiteRunner.java:384)
at org.testng.SuiteRunner.runSequentially(SuiteRunner.java:378)
at org.testng.SuiteRunner.privateRun(SuiteRunner.java:337)
at org.testng.SuiteRunner.run(SuiteRunner.java:286)
at org.testng.SuiteRunnerWorker.runSuite(SuiteRunnerWorker.java:53)
at org.testng.SuiteRunnerWorker.run(SuiteRunnerWorker.java:96)
at org.testng.TestNG.runSuitesSequentially(TestNG.java:1218)
at org.testng.TestNG.runSuitesLocally(TestNG.java:1140)
at org.testng.TestNG.runSuites(TestNG.java:1069)
at org.testng.TestNG.run(TestNG.java:1037)
at org.testng.remote.AbstractRemoteTestNG.run(AbstractRemoteTestNG.java:115)
at org.testng.remote.RemoteTestNG.initAndRun(RemoteTestNG.java:251)
at org.testng.remote.RemoteTestNG.main(RemoteTestNG.java:77)
]]>
    </failure>
  </testcase> <!-- CS002 -->
  <testcase name="CS0023" time="18.659" classname="com.vrt.testcases.CopySetupTest">
    <skipped/>
  </testcase> <!-- CS0023 -->
  <testcase name="CS0023" time="18.518" classname="com.vrt.testcases.CopySetupTest">
    <skipped/>
  </testcase> <!-- CS0023 -->
  <testcase name="CS0023" time="18.486" classname="com.vrt.testcases.CopySetupTest">
    <failure type="org.openqa.selenium.NoSuchElementException" message="An element could not be located on the page using the given search parameters. (WARNING: The server did not provide any stacktrace information)
Command duration or timeout: 0 milliseconds
For documentation on this error, please visit: https://www.seleniumhq.org/exceptions/no_such_element.html
Build info: version: &amp;apos;3.141.59&amp;apos;, revision: &amp;apos;e82be7d358&amp;apos;, time: &amp;apos;2018-11-14T08:17:03&amp;apos;
System info: host: &amp;apos;INAS-LP024&amp;apos;, ip: &amp;apos;192.168.47.1&amp;apos;, os.name: &amp;apos;Windows 10&amp;apos;, os.arch: &amp;apos;amd64&amp;apos;, os.version: &amp;apos;10.0&amp;apos;, java.version: &amp;apos;1.8.0_181&amp;apos;
Driver info: io.appium.java_client.windows.WindowsDriver
Capabilities {app: Kaye.ValProbeRT_racmveb2qnw..., javascriptEnabled: true, ms:waitForAppLaunch: 10, platform: WINDOWS, platformName: WINDOWS}
Session ID: C1241606-46FD-4363-87CC-6365D96311D8
*** Element info: {Using=accessibility id, value=chkSelectAll}">
      <![CDATA[org.openqa.selenium.NoSuchElementException: An element could not be located on the page using the given search parameters. (WARNING: The server did not provide any stacktrace information)
Command duration or timeout: 0 milliseconds
For documentation on this error, please visit: https://www.seleniumhq.org/exceptions/no_such_element.html
Build info: version: '3.141.59', revision: 'e82be7d358', time: '2018-11-14T08:17:03'
System info: host: 'INAS-LP024', ip: '192.168.47.1', os.name: 'Windows 10', os.arch: 'amd64', os.version: '10.0', java.version: '1.8.0_181'
Driver info: io.appium.java_client.windows.WindowsDriver
Capabilities {app: Kaye.ValProbeRT_racmveb2qnw..., javascriptEnabled: true, ms:waitForAppLaunch: 10, platform: WINDOWS, platformName: WINDOWS}
Session ID: C1241606-46FD-4363-87CC-6365D96311D8
*** Element info: {Using=accessibility id, value=chkSelectAll}
at sun.reflect.NativeConstructorAccessorImpl.newInstance0(Native Method)
at sun.reflect.NativeConstructorAccessorImpl.newInstance(NativeConstructorAccessorImpl.java:62)
at sun.reflect.DelegatingConstructorAccessorImpl.newInstance(DelegatingConstructorAccessorImpl.java:45)
at java.lang.reflect.Constructor.newInstance(Constructor.java:423)
at org.openqa.selenium.remote.ErrorHandler.createThrowable(ErrorHandler.java:214)
at org.openqa.selenium.remote.ErrorHandler.throwIfResponseFailed(ErrorHandler.java:166)
at org.openqa.selenium.remote.http.JsonHttpResponseCodec.reconstructValue(JsonHttpResponseCodec.java:40)
at org.openqa.selenium.remote.http.AbstractHttpResponseCodec.decode(AbstractHttpResponseCodec.java:80)
at org.openqa.selenium.remote.http.AbstractHttpResponseCodec.decode(AbstractHttpResponseCodec.java:44)
at org.openqa.selenium.remote.HttpCommandExecutor.execute(HttpCommandExecutor.java:158)
at io.appium.java_client.remote.AppiumCommandExecutor.execute(AppiumCommandExecutor.java:239)
at org.openqa.selenium.remote.RemoteWebDriver.execute(RemoteWebDriver.java:552)
at io.appium.java_client.DefaultGenericMobileDriver.execute(DefaultGenericMobileDriver.java:42)
at io.appium.java_client.AppiumDriver.execute(AppiumDriver.java:1)
at io.appium.java_client.windows.WindowsDriver.execute(WindowsDriver.java:1)
at org.openqa.selenium.remote.RemoteWebDriver.findElement(RemoteWebDriver.java:323)
at io.appium.java_client.DefaultGenericMobileDriver.findElement(DefaultGenericMobileDriver.java:62)
at io.appium.java_client.AppiumDriver.findElement(AppiumDriver.java:1)
at io.appium.java_client.windows.WindowsDriver.findElement(WindowsDriver.java:1)
at io.appium.java_client.FindsByAccessibilityId.findElementByAccessibilityId(FindsByAccessibilityId.java:37)
at com.vrt.pages.CopySetuppage.initElements(CopySetuppage.java:28)
at com.vrt.pages.CopySetuppage.<init>(CopySetuppage.java:39)
at com.vrt.pages.assetDetailsPage.click_CopyStup_Btn(assetDetailsPage.java:774)
at com.vrt.testcases.CopySetupTest.CS0023(CopySetupTest.java:750)
at sun.reflect.NativeMethodAccessorImpl.invoke0(Native Method)
at sun.reflect.NativeMethodAccessorImpl.invoke(NativeMethodAccessorImpl.java:62)
at sun.reflect.DelegatingMethodAccessorImpl.invoke(DelegatingMethodAccessorImpl.java:43)
at java.lang.reflect.Method.invoke(Method.java:498)
at org.testng.internal.MethodInvocationHelper.invokeMethod(MethodInvocationHelper.java:132)
at org.testng.internal.TestInvoker.invokeMethod(TestInvoker.java:599)
at org.testng.internal.TestInvoker.retryFailed(TestInvoker.java:214)
at org.testng.internal.MethodRunner.runInSequence(MethodRunner.java:58)
at org.testng.internal.TestInvoker$MethodInvocationAgent.invoke(TestInvoker.java:822)
at org.testng.internal.TestInvoker.invokeTestMethods(TestInvoker.java:147)
at org.testng.internal.TestMethodWorker.invokeTestMethods(TestMethodWorker.java:146)
at org.testng.internal.TestMethodWorker.run(TestMethodWorker.java:128)
at java.util.ArrayList.forEach(ArrayList.java:1257)
at org.testng.TestRunner.privateRun(TestRunner.java:764)
at org.testng.TestRunner.run(TestRunner.java:585)
at org.testng.SuiteRunner.runTest(SuiteRunner.java:384)
at org.testng.SuiteRunner.runSequentially(SuiteRunner.java:378)
at org.testng.SuiteRunner.privateRun(SuiteRunner.java:337)
at org.testng.SuiteRunner.run(SuiteRunner.java:286)
at org.testng.SuiteRunnerWorker.runSuite(SuiteRunnerWorker.java:53)
at org.testng.SuiteRunnerWorker.run(SuiteRunnerWorker.java:96)
at org.testng.TestNG.runSuitesSequentially(TestNG.java:1218)
at org.testng.TestNG.runSuitesLocally(TestNG.java:1140)
at org.testng.TestNG.runSuites(TestNG.java:1069)
at org.testng.TestNG.run(TestNG.java:1037)
at org.testng.remote.AbstractRemoteTestNG.run(AbstractRemoteTestNG.java:115)
at org.testng.remote.RemoteTestNG.initAndRun(RemoteTestNG.java:251)
at org.testng.remote.RemoteTestNG.main(RemoteTestNG.java:77)
]]>
    </failure>
  </testcase> <!-- CS0023 -->
  <testcase name="CS003" time="18.751" classname="com.vrt.testcases.CopySetupTest">
    <skipped/>
  </testcase> <!-- CS003 -->
  <testcase name="CS003" time="18.721" classname="com.vrt.testcases.CopySetupTest">
    <skipped/>
  </testcase> <!-- CS003 -->
  <testcase name="CS003" time="18.765" classname="com.vrt.testcases.CopySetupTest">
    <failure type="org.openqa.selenium.NoSuchElementException" message="An element could not be located on the page using the given search parameters. (WARNING: The server did not provide any stacktrace information)
Command duration or timeout: 0 milliseconds
For documentation on this error, please visit: https://www.seleniumhq.org/exceptions/no_such_element.html
Build info: version: &amp;apos;3.141.59&amp;apos;, revision: &amp;apos;e82be7d358&amp;apos;, time: &amp;apos;2018-11-14T08:17:03&amp;apos;
System info: host: &amp;apos;INAS-LP024&amp;apos;, ip: &amp;apos;192.168.47.1&amp;apos;, os.name: &amp;apos;Windows 10&amp;apos;, os.arch: &amp;apos;amd64&amp;apos;, os.version: &amp;apos;10.0&amp;apos;, java.version: &amp;apos;1.8.0_181&amp;apos;
Driver info: io.appium.java_client.windows.WindowsDriver
Capabilities {app: Kaye.ValProbeRT_racmveb2qnw..., javascriptEnabled: true, ms:waitForAppLaunch: 10, platform: WINDOWS, platformName: WINDOWS}
Session ID: 793DDB1E-2C0B-427F-9038-26E743AB856F
*** Element info: {Using=accessibility id, value=chkSelectAll}">
      <![CDATA[org.openqa.selenium.NoSuchElementException: An element could not be located on the page using the given search parameters. (WARNING: The server did not provide any stacktrace information)
Command duration or timeout: 0 milliseconds
For documentation on this error, please visit: https://www.seleniumhq.org/exceptions/no_such_element.html
Build info: version: '3.141.59', revision: 'e82be7d358', time: '2018-11-14T08:17:03'
System info: host: 'INAS-LP024', ip: '192.168.47.1', os.name: 'Windows 10', os.arch: 'amd64', os.version: '10.0', java.version: '1.8.0_181'
Driver info: io.appium.java_client.windows.WindowsDriver
Capabilities {app: Kaye.ValProbeRT_racmveb2qnw..., javascriptEnabled: true, ms:waitForAppLaunch: 10, platform: WINDOWS, platformName: WINDOWS}
Session ID: 793DDB1E-2C0B-427F-9038-26E743AB856F
*** Element info: {Using=accessibility id, value=chkSelectAll}
at sun.reflect.NativeConstructorAccessorImpl.newInstance0(Native Method)
at sun.reflect.NativeConstructorAccessorImpl.newInstance(NativeConstructorAccessorImpl.java:62)
at sun.reflect.DelegatingConstructorAccessorImpl.newInstance(DelegatingConstructorAccessorImpl.java:45)
at java.lang.reflect.Constructor.newInstance(Constructor.java:423)
at org.openqa.selenium.remote.ErrorHandler.createThrowable(ErrorHandler.java:214)
at org.openqa.selenium.remote.ErrorHandler.throwIfResponseFailed(ErrorHandler.java:166)
at org.openqa.selenium.remote.http.JsonHttpResponseCodec.reconstructValue(JsonHttpResponseCodec.java:40)
at org.openqa.selenium.remote.http.AbstractHttpResponseCodec.decode(AbstractHttpResponseCodec.java:80)
at org.openqa.selenium.remote.http.AbstractHttpResponseCodec.decode(AbstractHttpResponseCodec.java:44)
at org.openqa.selenium.remote.HttpCommandExecutor.execute(HttpCommandExecutor.java:158)
at io.appium.java_client.remote.AppiumCommandExecutor.execute(AppiumCommandExecutor.java:239)
at org.openqa.selenium.remote.RemoteWebDriver.execute(RemoteWebDriver.java:552)
at io.appium.java_client.DefaultGenericMobileDriver.execute(DefaultGenericMobileDriver.java:42)
at io.appium.java_client.AppiumDriver.execute(AppiumDriver.java:1)
at io.appium.java_client.windows.WindowsDriver.execute(WindowsDriver.java:1)
at org.openqa.selenium.remote.RemoteWebDriver.findElement(RemoteWebDriver.java:323)
at io.appium.java_client.DefaultGenericMobileDriver.findElement(DefaultGenericMobileDriver.java:62)
at io.appium.java_client.AppiumDriver.findElement(AppiumDriver.java:1)
at io.appium.java_client.windows.WindowsDriver.findElement(WindowsDriver.java:1)
at io.appium.java_client.FindsByAccessibilityId.findElementByAccessibilityId(FindsByAccessibilityId.java:37)
at com.vrt.pages.CopySetuppage.initElements(CopySetuppage.java:28)
at com.vrt.pages.CopySetuppage.<init>(CopySetuppage.java:39)
at com.vrt.pages.assetDetailsPage.click_CopyStup_Btn(assetDetailsPage.java:774)
at com.vrt.testcases.CopySetupTest.CS003(CopySetupTest.java:300)
at sun.reflect.NativeMethodAccessorImpl.invoke0(Native Method)
at sun.reflect.NativeMethodAccessorImpl.invoke(NativeMethodAccessorImpl.java:62)
at sun.reflect.DelegatingMethodAccessorImpl.invoke(DelegatingMethodAccessorImpl.java:43)
at java.lang.reflect.Method.invoke(Method.java:498)
at org.testng.internal.MethodInvocationHelper.invokeMethod(MethodInvocationHelper.java:132)
at org.testng.internal.TestInvoker.invokeMethod(TestInvoker.java:599)
at org.testng.internal.TestInvoker.retryFailed(TestInvoker.java:214)
at org.testng.internal.MethodRunner.runInSequence(MethodRunner.java:58)
at org.testng.internal.TestInvoker$MethodInvocationAgent.invoke(TestInvoker.java:822)
at org.testng.internal.TestInvoker.invokeTestMethods(TestInvoker.java:147)
at org.testng.internal.TestMethodWorker.invokeTestMethods(TestMethodWorker.java:146)
at org.testng.internal.TestMethodWorker.run(TestMethodWorker.java:128)
at java.util.ArrayList.forEach(ArrayList.java:1257)
at org.testng.TestRunner.privateRun(TestRunner.java:764)
at org.testng.TestRunner.run(TestRunner.java:585)
at org.testng.SuiteRunner.runTest(SuiteRunner.java:384)
at org.testng.SuiteRunner.runSequentially(SuiteRunner.java:378)
at org.testng.SuiteRunner.privateRun(SuiteRunner.java:337)
at org.testng.SuiteRunner.run(SuiteRunner.java:286)
at org.testng.SuiteRunnerWorker.runSuite(SuiteRunnerWorker.java:53)
at org.testng.SuiteRunnerWorker.run(SuiteRunnerWorker.java:96)
at org.testng.TestNG.runSuitesSequentially(TestNG.java:1218)
at org.testng.TestNG.runSuitesLocally(TestNG.java:1140)
at org.testng.TestNG.runSuites(TestNG.java:1069)
at org.testng.TestNG.run(TestNG.java:1037)
at org.testng.remote.AbstractRemoteTestNG.run(AbstractRemoteTestNG.java:115)
at org.testng.remote.RemoteTestNG.initAndRun(RemoteTestNG.java:251)
at org.testng.remote.RemoteTestNG.main(RemoteTestNG.java:77)
]]>
    </failure>
  </testcase> <!-- CS003 -->
  <testcase name="CS004" time="18.861" classname="com.vrt.testcases.CopySetupTest">
    <skipped/>
  </testcase> <!-- CS004 -->
  <testcase name="CS004" time="18.533" classname="com.vrt.testcases.CopySetupTest">
    <skipped/>
  </testcase> <!-- CS004 -->
  <testcase name="CS004" time="18.596" classname="com.vrt.testcases.CopySetupTest">
    <failure type="org.openqa.selenium.NoSuchElementException" message="An element could not be located on the page using the given search parameters. (WARNING: The server did not provide any stacktrace information)
Command duration or timeout: 0 milliseconds
For documentation on this error, please visit: https://www.seleniumhq.org/exceptions/no_such_element.html
Build info: version: &amp;apos;3.141.59&amp;apos;, revision: &amp;apos;e82be7d358&amp;apos;, time: &amp;apos;2018-11-14T08:17:03&amp;apos;
System info: host: &amp;apos;INAS-LP024&amp;apos;, ip: &amp;apos;192.168.47.1&amp;apos;, os.name: &amp;apos;Windows 10&amp;apos;, os.arch: &amp;apos;amd64&amp;apos;, os.version: &amp;apos;10.0&amp;apos;, java.version: &amp;apos;1.8.0_181&amp;apos;
Driver info: io.appium.java_client.windows.WindowsDriver
Capabilities {app: Kaye.ValProbeRT_racmveb2qnw..., javascriptEnabled: true, ms:waitForAppLaunch: 10, platform: WINDOWS, platformName: WINDOWS}
Session ID: DB796115-3C0C-48E6-A665-01428612ECCA
*** Element info: {Using=accessibility id, value=chkSelectAll}">
      <![CDATA[org.openqa.selenium.NoSuchElementException: An element could not be located on the page using the given search parameters. (WARNING: The server did not provide any stacktrace information)
Command duration or timeout: 0 milliseconds
For documentation on this error, please visit: https://www.seleniumhq.org/exceptions/no_such_element.html
Build info: version: '3.141.59', revision: 'e82be7d358', time: '2018-11-14T08:17:03'
System info: host: 'INAS-LP024', ip: '192.168.47.1', os.name: 'Windows 10', os.arch: 'amd64', os.version: '10.0', java.version: '1.8.0_181'
Driver info: io.appium.java_client.windows.WindowsDriver
Capabilities {app: Kaye.ValProbeRT_racmveb2qnw..., javascriptEnabled: true, ms:waitForAppLaunch: 10, platform: WINDOWS, platformName: WINDOWS}
Session ID: DB796115-3C0C-48E6-A665-01428612ECCA
*** Element info: {Using=accessibility id, value=chkSelectAll}
at sun.reflect.NativeConstructorAccessorImpl.newInstance0(Native Method)
at sun.reflect.NativeConstructorAccessorImpl.newInstance(NativeConstructorAccessorImpl.java:62)
at sun.reflect.DelegatingConstructorAccessorImpl.newInstance(DelegatingConstructorAccessorImpl.java:45)
at java.lang.reflect.Constructor.newInstance(Constructor.java:423)
at org.openqa.selenium.remote.ErrorHandler.createThrowable(ErrorHandler.java:214)
at org.openqa.selenium.remote.ErrorHandler.throwIfResponseFailed(ErrorHandler.java:166)
at org.openqa.selenium.remote.http.JsonHttpResponseCodec.reconstructValue(JsonHttpResponseCodec.java:40)
at org.openqa.selenium.remote.http.AbstractHttpResponseCodec.decode(AbstractHttpResponseCodec.java:80)
at org.openqa.selenium.remote.http.AbstractHttpResponseCodec.decode(AbstractHttpResponseCodec.java:44)
at org.openqa.selenium.remote.HttpCommandExecutor.execute(HttpCommandExecutor.java:158)
at io.appium.java_client.remote.AppiumCommandExecutor.execute(AppiumCommandExecutor.java:239)
at org.openqa.selenium.remote.RemoteWebDriver.execute(RemoteWebDriver.java:552)
at io.appium.java_client.DefaultGenericMobileDriver.execute(DefaultGenericMobileDriver.java:42)
at io.appium.java_client.AppiumDriver.execute(AppiumDriver.java:1)
at io.appium.java_client.windows.WindowsDriver.execute(WindowsDriver.java:1)
at org.openqa.selenium.remote.RemoteWebDriver.findElement(RemoteWebDriver.java:323)
at io.appium.java_client.DefaultGenericMobileDriver.findElement(DefaultGenericMobileDriver.java:62)
at io.appium.java_client.AppiumDriver.findElement(AppiumDriver.java:1)
at io.appium.java_client.windows.WindowsDriver.findElement(WindowsDriver.java:1)
at io.appium.java_client.FindsByAccessibilityId.findElementByAccessibilityId(FindsByAccessibilityId.java:37)
at com.vrt.pages.CopySetuppage.initElements(CopySetuppage.java:28)
at com.vrt.pages.CopySetuppage.<init>(CopySetuppage.java:39)
at com.vrt.pages.assetDetailsPage.click_CopyStup_Btn(assetDetailsPage.java:774)
at com.vrt.testcases.CopySetupTest.CS004(CopySetupTest.java:319)
at sun.reflect.NativeMethodAccessorImpl.invoke0(Native Method)
at sun.reflect.NativeMethodAccessorImpl.invoke(NativeMethodAccessorImpl.java:62)
at sun.reflect.DelegatingMethodAccessorImpl.invoke(DelegatingMethodAccessorImpl.java:43)
at java.lang.reflect.Method.invoke(Method.java:498)
at org.testng.internal.MethodInvocationHelper.invokeMethod(MethodInvocationHelper.java:132)
at org.testng.internal.TestInvoker.invokeMethod(TestInvoker.java:599)
at org.testng.internal.TestInvoker.retryFailed(TestInvoker.java:214)
at org.testng.internal.MethodRunner.runInSequence(MethodRunner.java:58)
at org.testng.internal.TestInvoker$MethodInvocationAgent.invoke(TestInvoker.java:822)
at org.testng.internal.TestInvoker.invokeTestMethods(TestInvoker.java:147)
at org.testng.internal.TestMethodWorker.invokeTestMethods(TestMethodWorker.java:146)
at org.testng.internal.TestMethodWorker.run(TestMethodWorker.java:128)
at java.util.ArrayList.forEach(ArrayList.java:1257)
at org.testng.TestRunner.privateRun(TestRunner.java:764)
at org.testng.TestRunner.run(TestRunner.java:585)
at org.testng.SuiteRunner.runTest(SuiteRunner.java:384)
at org.testng.SuiteRunner.runSequentially(SuiteRunner.java:378)
at org.testng.SuiteRunner.privateRun(SuiteRunner.java:337)
at org.testng.SuiteRunner.run(SuiteRunner.java:286)
at org.testng.SuiteRunnerWorker.runSuite(SuiteRunnerWorker.java:53)
at org.testng.SuiteRunnerWorker.run(SuiteRunnerWorker.java:96)
at org.testng.TestNG.runSuitesSequentially(TestNG.java:1218)
at org.testng.TestNG.runSuitesLocally(TestNG.java:1140)
at org.testng.TestNG.runSuites(TestNG.java:1069)
at org.testng.TestNG.run(TestNG.java:1037)
at org.testng.remote.AbstractRemoteTestNG.run(AbstractRemoteTestNG.java:115)
at org.testng.remote.RemoteTestNG.initAndRun(RemoteTestNG.java:251)
at org.testng.remote.RemoteTestNG.main(RemoteTestNG.java:77)
]]>
    </failure>
  </testcase> <!-- CS004 -->
  <testcase name="CS006" time="18.611" classname="com.vrt.testcases.CopySetupTest">
    <skipped/>
  </testcase> <!-- CS006 -->
  <testcase name="CS006" time="18.549" classname="com.vrt.testcases.CopySetupTest">
    <skipped/>
  </testcase> <!-- CS006 -->
  <testcase name="CS006" time="18.502" classname="com.vrt.testcases.CopySetupTest">
    <failure type="org.openqa.selenium.NoSuchElementException" message="An element could not be located on the page using the given search parameters. (WARNING: The server did not provide any stacktrace information)
Command duration or timeout: 0 milliseconds
For documentation on this error, please visit: https://www.seleniumhq.org/exceptions/no_such_element.html
Build info: version: &amp;apos;3.141.59&amp;apos;, revision: &amp;apos;e82be7d358&amp;apos;, time: &amp;apos;2018-11-14T08:17:03&amp;apos;
System info: host: &amp;apos;INAS-LP024&amp;apos;, ip: &amp;apos;192.168.47.1&amp;apos;, os.name: &amp;apos;Windows 10&amp;apos;, os.arch: &amp;apos;amd64&amp;apos;, os.version: &amp;apos;10.0&amp;apos;, java.version: &amp;apos;1.8.0_181&amp;apos;
Driver info: io.appium.java_client.windows.WindowsDriver
Capabilities {app: Kaye.ValProbeRT_racmveb2qnw..., javascriptEnabled: true, ms:waitForAppLaunch: 10, platform: WINDOWS, platformName: WINDOWS}
Session ID: 306DAE4A-E471-4C22-BF50-D7E6799F63BD
*** Element info: {Using=accessibility id, value=chkSelectAll}">
      <![CDATA[org.openqa.selenium.NoSuchElementException: An element could not be located on the page using the given search parameters. (WARNING: The server did not provide any stacktrace information)
Command duration or timeout: 0 milliseconds
For documentation on this error, please visit: https://www.seleniumhq.org/exceptions/no_such_element.html
Build info: version: '3.141.59', revision: 'e82be7d358', time: '2018-11-14T08:17:03'
System info: host: 'INAS-LP024', ip: '192.168.47.1', os.name: 'Windows 10', os.arch: 'amd64', os.version: '10.0', java.version: '1.8.0_181'
Driver info: io.appium.java_client.windows.WindowsDriver
Capabilities {app: Kaye.ValProbeRT_racmveb2qnw..., javascriptEnabled: true, ms:waitForAppLaunch: 10, platform: WINDOWS, platformName: WINDOWS}
Session ID: 306DAE4A-E471-4C22-BF50-D7E6799F63BD
*** Element info: {Using=accessibility id, value=chkSelectAll}
at sun.reflect.NativeConstructorAccessorImpl.newInstance0(Native Method)
at sun.reflect.NativeConstructorAccessorImpl.newInstance(NativeConstructorAccessorImpl.java:62)
at sun.reflect.DelegatingConstructorAccessorImpl.newInstance(DelegatingConstructorAccessorImpl.java:45)
at java.lang.reflect.Constructor.newInstance(Constructor.java:423)
at org.openqa.selenium.remote.ErrorHandler.createThrowable(ErrorHandler.java:214)
at org.openqa.selenium.remote.ErrorHandler.throwIfResponseFailed(ErrorHandler.java:166)
at org.openqa.selenium.remote.http.JsonHttpResponseCodec.reconstructValue(JsonHttpResponseCodec.java:40)
at org.openqa.selenium.remote.http.AbstractHttpResponseCodec.decode(AbstractHttpResponseCodec.java:80)
at org.openqa.selenium.remote.http.AbstractHttpResponseCodec.decode(AbstractHttpResponseCodec.java:44)
at org.openqa.selenium.remote.HttpCommandExecutor.execute(HttpCommandExecutor.java:158)
at io.appium.java_client.remote.AppiumCommandExecutor.execute(AppiumCommandExecutor.java:239)
at org.openqa.selenium.remote.RemoteWebDriver.execute(RemoteWebDriver.java:552)
at io.appium.java_client.DefaultGenericMobileDriver.execute(DefaultGenericMobileDriver.java:42)
at io.appium.java_client.AppiumDriver.execute(AppiumDriver.java:1)
at io.appium.java_client.windows.WindowsDriver.execute(WindowsDriver.java:1)
at org.openqa.selenium.remote.RemoteWebDriver.findElement(RemoteWebDriver.java:323)
at io.appium.java_client.DefaultGenericMobileDriver.findElement(DefaultGenericMobileDriver.java:62)
at io.appium.java_client.AppiumDriver.findElement(AppiumDriver.java:1)
at io.appium.java_client.windows.WindowsDriver.findElement(WindowsDriver.java:1)
at io.appium.java_client.FindsByAccessibilityId.findElementByAccessibilityId(FindsByAccessibilityId.java:37)
at com.vrt.pages.CopySetuppage.initElements(CopySetuppage.java:28)
at com.vrt.pages.CopySetuppage.<init>(CopySetuppage.java:39)
at com.vrt.pages.assetDetailsPage.click_CopyStup_Btn(assetDetailsPage.java:774)
at com.vrt.testcases.CopySetupTest.CS006(CopySetupTest.java:338)
at sun.reflect.NativeMethodAccessorImpl.invoke0(Native Method)
at sun.reflect.NativeMethodAccessorImpl.invoke(NativeMethodAccessorImpl.java:62)
at sun.reflect.DelegatingMethodAccessorImpl.invoke(DelegatingMethodAccessorImpl.java:43)
at java.lang.reflect.Method.invoke(Method.java:498)
at org.testng.internal.MethodInvocationHelper.invokeMethod(MethodInvocationHelper.java:132)
at org.testng.internal.TestInvoker.invokeMethod(TestInvoker.java:599)
at org.testng.internal.TestInvoker.retryFailed(TestInvoker.java:214)
at org.testng.internal.MethodRunner.runInSequence(MethodRunner.java:58)
at org.testng.internal.TestInvoker$MethodInvocationAgent.invoke(TestInvoker.java:822)
at org.testng.internal.TestInvoker.invokeTestMethods(TestInvoker.java:147)
at org.testng.internal.TestMethodWorker.invokeTestMethods(TestMethodWorker.java:146)
at org.testng.internal.TestMethodWorker.run(TestMethodWorker.java:128)
at java.util.ArrayList.forEach(ArrayList.java:1257)
at org.testng.TestRunner.privateRun(TestRunner.java:764)
at org.testng.TestRunner.run(TestRunner.java:585)
at org.testng.SuiteRunner.runTest(SuiteRunner.java:384)
at org.testng.SuiteRunner.runSequentially(SuiteRunner.java:378)
at org.testng.SuiteRunner.privateRun(SuiteRunner.java:337)
at org.testng.SuiteRunner.run(SuiteRunner.java:286)
at org.testng.SuiteRunnerWorker.runSuite(SuiteRunnerWorker.java:53)
at org.testng.SuiteRunnerWorker.run(SuiteRunnerWorker.java:96)
at org.testng.TestNG.runSuitesSequentially(TestNG.java:1218)
at org.testng.TestNG.runSuitesLocally(TestNG.java:1140)
at org.testng.TestNG.runSuites(TestNG.java:1069)
at org.testng.TestNG.run(TestNG.java:1037)
at org.testng.remote.AbstractRemoteTestNG.run(AbstractRemoteTestNG.java:115)
at org.testng.remote.RemoteTestNG.initAndRun(RemoteTestNG.java:251)
at org.testng.remote.RemoteTestNG.main(RemoteTestNG.java:77)
]]>
    </failure>
  </testcase> <!-- CS006 -->
  <testcase name="CS007" time="18.549" classname="com.vrt.testcases.CopySetupTest">
    <skipped/>
  </testcase> <!-- CS007 -->
  <testcase name="CS007" time="18.815" classname="com.vrt.testcases.CopySetupTest">
    <skipped/>
  </testcase> <!-- CS007 -->
  <testcase name="CS007" time="18.533" classname="com.vrt.testcases.CopySetupTest">
    <failure type="org.openqa.selenium.NoSuchElementException" message="An element could not be located on the page using the given search parameters. (WARNING: The server did not provide any stacktrace information)
Command duration or timeout: 0 milliseconds
For documentation on this error, please visit: https://www.seleniumhq.org/exceptions/no_such_element.html
Build info: version: &amp;apos;3.141.59&amp;apos;, revision: &amp;apos;e82be7d358&amp;apos;, time: &amp;apos;2018-11-14T08:17:03&amp;apos;
System info: host: &amp;apos;INAS-LP024&amp;apos;, ip: &amp;apos;192.168.47.1&amp;apos;, os.name: &amp;apos;Windows 10&amp;apos;, os.arch: &amp;apos;amd64&amp;apos;, os.version: &amp;apos;10.0&amp;apos;, java.version: &amp;apos;1.8.0_181&amp;apos;
Driver info: io.appium.java_client.windows.WindowsDriver
Capabilities {app: Kaye.ValProbeRT_racmveb2qnw..., javascriptEnabled: true, ms:waitForAppLaunch: 10, platform: WINDOWS, platformName: WINDOWS}
Session ID: 051C8987-A018-45B4-8F52-B349F17F7A99
*** Element info: {Using=accessibility id, value=chkSelectAll}">
      <![CDATA[org.openqa.selenium.NoSuchElementException: An element could not be located on the page using the given search parameters. (WARNING: The server did not provide any stacktrace information)
Command duration or timeout: 0 milliseconds
For documentation on this error, please visit: https://www.seleniumhq.org/exceptions/no_such_element.html
Build info: version: '3.141.59', revision: 'e82be7d358', time: '2018-11-14T08:17:03'
System info: host: 'INAS-LP024', ip: '192.168.47.1', os.name: 'Windows 10', os.arch: 'amd64', os.version: '10.0', java.version: '1.8.0_181'
Driver info: io.appium.java_client.windows.WindowsDriver
Capabilities {app: Kaye.ValProbeRT_racmveb2qnw..., javascriptEnabled: true, ms:waitForAppLaunch: 10, platform: WINDOWS, platformName: WINDOWS}
Session ID: 051C8987-A018-45B4-8F52-B349F17F7A99
*** Element info: {Using=accessibility id, value=chkSelectAll}
at sun.reflect.GeneratedConstructorAccessor70.newInstance(Unknown Source)
at sun.reflect.DelegatingConstructorAccessorImpl.newInstance(DelegatingConstructorAccessorImpl.java:45)
at java.lang.reflect.Constructor.newInstance(Constructor.java:423)
at org.openqa.selenium.remote.ErrorHandler.createThrowable(ErrorHandler.java:214)
at org.openqa.selenium.remote.ErrorHandler.throwIfResponseFailed(ErrorHandler.java:166)
at org.openqa.selenium.remote.http.JsonHttpResponseCodec.reconstructValue(JsonHttpResponseCodec.java:40)
at org.openqa.selenium.remote.http.AbstractHttpResponseCodec.decode(AbstractHttpResponseCodec.java:80)
at org.openqa.selenium.remote.http.AbstractHttpResponseCodec.decode(AbstractHttpResponseCodec.java:44)
at org.openqa.selenium.remote.HttpCommandExecutor.execute(HttpCommandExecutor.java:158)
at io.appium.java_client.remote.AppiumCommandExecutor.execute(AppiumCommandExecutor.java:239)
at org.openqa.selenium.remote.RemoteWebDriver.execute(RemoteWebDriver.java:552)
at io.appium.java_client.DefaultGenericMobileDriver.execute(DefaultGenericMobileDriver.java:42)
at io.appium.java_client.AppiumDriver.execute(AppiumDriver.java:1)
at io.appium.java_client.windows.WindowsDriver.execute(WindowsDriver.java:1)
at org.openqa.selenium.remote.RemoteWebDriver.findElement(RemoteWebDriver.java:323)
at io.appium.java_client.DefaultGenericMobileDriver.findElement(DefaultGenericMobileDriver.java:62)
at io.appium.java_client.AppiumDriver.findElement(AppiumDriver.java:1)
at io.appium.java_client.windows.WindowsDriver.findElement(WindowsDriver.java:1)
at io.appium.java_client.FindsByAccessibilityId.findElementByAccessibilityId(FindsByAccessibilityId.java:37)
at com.vrt.pages.CopySetuppage.initElements(CopySetuppage.java:28)
at com.vrt.pages.CopySetuppage.<init>(CopySetuppage.java:39)
at com.vrt.pages.assetDetailsPage.click_CopyStup_Btn(assetDetailsPage.java:774)
at com.vrt.testcases.CopySetupTest.CS007(CopySetupTest.java:354)
at sun.reflect.NativeMethodAccessorImpl.invoke0(Native Method)
at sun.reflect.NativeMethodAccessorImpl.invoke(NativeMethodAccessorImpl.java:62)
at sun.reflect.DelegatingMethodAccessorImpl.invoke(DelegatingMethodAccessorImpl.java:43)
at java.lang.reflect.Method.invoke(Method.java:498)
at org.testng.internal.MethodInvocationHelper.invokeMethod(MethodInvocationHelper.java:132)
at org.testng.internal.TestInvoker.invokeMethod(TestInvoker.java:599)
at org.testng.internal.TestInvoker.retryFailed(TestInvoker.java:214)
at org.testng.internal.MethodRunner.runInSequence(MethodRunner.java:58)
at org.testng.internal.TestInvoker$MethodInvocationAgent.invoke(TestInvoker.java:822)
at org.testng.internal.TestInvoker.invokeTestMethods(TestInvoker.java:147)
at org.testng.internal.TestMethodWorker.invokeTestMethods(TestMethodWorker.java:146)
at org.testng.internal.TestMethodWorker.run(TestMethodWorker.java:128)
at java.util.ArrayList.forEach(ArrayList.java:1257)
at org.testng.TestRunner.privateRun(TestRunner.java:764)
at org.testng.TestRunner.run(TestRunner.java:585)
at org.testng.SuiteRunner.runTest(SuiteRunner.java:384)
at org.testng.SuiteRunner.runSequentially(SuiteRunner.java:378)
at org.testng.SuiteRunner.privateRun(SuiteRunner.java:337)
at org.testng.SuiteRunner.run(SuiteRunner.java:286)
at org.testng.SuiteRunnerWorker.runSuite(SuiteRunnerWorker.java:53)
at org.testng.SuiteRunnerWorker.run(SuiteRunnerWorker.java:96)
at org.testng.TestNG.runSuitesSequentially(TestNG.java:1218)
at org.testng.TestNG.runSuitesLocally(TestNG.java:1140)
at org.testng.TestNG.runSuites(TestNG.java:1069)
at org.testng.TestNG.run(TestNG.java:1037)
at org.testng.remote.AbstractRemoteTestNG.run(AbstractRemoteTestNG.java:115)
at org.testng.remote.RemoteTestNG.initAndRun(RemoteTestNG.java:251)
at org.testng.remote.RemoteTestNG.main(RemoteTestNG.java:77)
]]>
    </failure>
  </testcase> <!-- CS007 -->
  <testcase name="CS008" time="18.533" classname="com.vrt.testcases.CopySetupTest">
    <skipped/>
  </testcase> <!-- CS008 -->
  <testcase name="CS008" time="18.596" classname="com.vrt.testcases.CopySetupTest">
    <skipped/>
  </testcase> <!-- CS008 -->
  <testcase name="CS008" time="18.517" classname="com.vrt.testcases.CopySetupTest">
    <failure type="org.openqa.selenium.NoSuchElementException" message="An element could not be located on the page using the given search parameters. (WARNING: The server did not provide any stacktrace information)
Command duration or timeout: 0 milliseconds
For documentation on this error, please visit: https://www.seleniumhq.org/exceptions/no_such_element.html
Build info: version: &amp;apos;3.141.59&amp;apos;, revision: &amp;apos;e82be7d358&amp;apos;, time: &amp;apos;2018-11-14T08:17:03&amp;apos;
System info: host: &amp;apos;INAS-LP024&amp;apos;, ip: &amp;apos;192.168.47.1&amp;apos;, os.name: &amp;apos;Windows 10&amp;apos;, os.arch: &amp;apos;amd64&amp;apos;, os.version: &amp;apos;10.0&amp;apos;, java.version: &amp;apos;1.8.0_181&amp;apos;
Driver info: io.appium.java_client.windows.WindowsDriver
Capabilities {app: Kaye.ValProbeRT_racmveb2qnw..., javascriptEnabled: true, ms:waitForAppLaunch: 10, platform: WINDOWS, platformName: WINDOWS}
Session ID: 586F915E-8B7C-41BD-9E52-E5548EBBD2E9
*** Element info: {Using=accessibility id, value=chkSelectAll}">
      <![CDATA[org.openqa.selenium.NoSuchElementException: An element could not be located on the page using the given search parameters. (WARNING: The server did not provide any stacktrace information)
Command duration or timeout: 0 milliseconds
For documentation on this error, please visit: https://www.seleniumhq.org/exceptions/no_such_element.html
Build info: version: '3.141.59', revision: 'e82be7d358', time: '2018-11-14T08:17:03'
System info: host: 'INAS-LP024', ip: '192.168.47.1', os.name: 'Windows 10', os.arch: 'amd64', os.version: '10.0', java.version: '1.8.0_181'
Driver info: io.appium.java_client.windows.WindowsDriver
Capabilities {app: Kaye.ValProbeRT_racmveb2qnw..., javascriptEnabled: true, ms:waitForAppLaunch: 10, platform: WINDOWS, platformName: WINDOWS}
Session ID: 586F915E-8B7C-41BD-9E52-E5548EBBD2E9
*** Element info: {Using=accessibility id, value=chkSelectAll}
at sun.reflect.GeneratedConstructorAccessor70.newInstance(Unknown Source)
at sun.reflect.DelegatingConstructorAccessorImpl.newInstance(DelegatingConstructorAccessorImpl.java:45)
at java.lang.reflect.Constructor.newInstance(Constructor.java:423)
at org.openqa.selenium.remote.ErrorHandler.createThrowable(ErrorHandler.java:214)
at org.openqa.selenium.remote.ErrorHandler.throwIfResponseFailed(ErrorHandler.java:166)
at org.openqa.selenium.remote.http.JsonHttpResponseCodec.reconstructValue(JsonHttpResponseCodec.java:40)
at org.openqa.selenium.remote.http.AbstractHttpResponseCodec.decode(AbstractHttpResponseCodec.java:80)
at org.openqa.selenium.remote.http.AbstractHttpResponseCodec.decode(AbstractHttpResponseCodec.java:44)
at org.openqa.selenium.remote.HttpCommandExecutor.execute(HttpCommandExecutor.java:158)
at io.appium.java_client.remote.AppiumCommandExecutor.execute(AppiumCommandExecutor.java:239)
at org.openqa.selenium.remote.RemoteWebDriver.execute(RemoteWebDriver.java:552)
at io.appium.java_client.DefaultGenericMobileDriver.execute(DefaultGenericMobileDriver.java:42)
at io.appium.java_client.AppiumDriver.execute(AppiumDriver.java:1)
at io.appium.java_client.windows.WindowsDriver.execute(WindowsDriver.java:1)
at org.openqa.selenium.remote.RemoteWebDriver.findElement(RemoteWebDriver.java:323)
at io.appium.java_client.DefaultGenericMobileDriver.findElement(DefaultGenericMobileDriver.java:62)
at io.appium.java_client.AppiumDriver.findElement(AppiumDriver.java:1)
at io.appium.java_client.windows.WindowsDriver.findElement(WindowsDriver.java:1)
at io.appium.java_client.FindsByAccessibilityId.findElementByAccessibilityId(FindsByAccessibilityId.java:37)
at com.vrt.pages.CopySetuppage.initElements(CopySetuppage.java:28)
at com.vrt.pages.CopySetuppage.<init>(CopySetuppage.java:39)
at com.vrt.pages.assetDetailsPage.click_CopyStup_Btn(assetDetailsPage.java:774)
at com.vrt.testcases.CopySetupTest.CS008(CopySetupTest.java:370)
at sun.reflect.NativeMethodAccessorImpl.invoke0(Native Method)
at sun.reflect.NativeMethodAccessorImpl.invoke(NativeMethodAccessorImpl.java:62)
at sun.reflect.DelegatingMethodAccessorImpl.invoke(DelegatingMethodAccessorImpl.java:43)
at java.lang.reflect.Method.invoke(Method.java:498)
at org.testng.internal.MethodInvocationHelper.invokeMethod(MethodInvocationHelper.java:132)
at org.testng.internal.TestInvoker.invokeMethod(TestInvoker.java:599)
at org.testng.internal.TestInvoker.retryFailed(TestInvoker.java:214)
at org.testng.internal.MethodRunner.runInSequence(MethodRunner.java:58)
at org.testng.internal.TestInvoker$MethodInvocationAgent.invoke(TestInvoker.java:822)
at org.testng.internal.TestInvoker.invokeTestMethods(TestInvoker.java:147)
at org.testng.internal.TestMethodWorker.invokeTestMethods(TestMethodWorker.java:146)
at org.testng.internal.TestMethodWorker.run(TestMethodWorker.java:128)
at java.util.ArrayList.forEach(ArrayList.java:1257)
at org.testng.TestRunner.privateRun(TestRunner.java:764)
at org.testng.TestRunner.run(TestRunner.java:585)
at org.testng.SuiteRunner.runTest(SuiteRunner.java:384)
at org.testng.SuiteRunner.runSequentially(SuiteRunner.java:378)
at org.testng.SuiteRunner.privateRun(SuiteRunner.java:337)
at org.testng.SuiteRunner.run(SuiteRunner.java:286)
at org.testng.SuiteRunnerWorker.runSuite(SuiteRunnerWorker.java:53)
at org.testng.SuiteRunnerWorker.run(SuiteRunnerWorker.java:96)
at org.testng.TestNG.runSuitesSequentially(TestNG.java:1218)
at org.testng.TestNG.runSuitesLocally(TestNG.java:1140)
at org.testng.TestNG.runSuites(TestNG.java:1069)
at org.testng.TestNG.run(TestNG.java:1037)
at org.testng.remote.AbstractRemoteTestNG.run(AbstractRemoteTestNG.java:115)
at org.testng.remote.RemoteTestNG.initAndRun(RemoteTestNG.java:251)
at org.testng.remote.RemoteTestNG.main(RemoteTestNG.java:77)
]]>
    </failure>
  </testcase> <!-- CS008 -->
  <testcase name="CS009" time="18.549" classname="com.vrt.testcases.CopySetupTest">
    <skipped/>
  </testcase> <!-- CS009 -->
  <testcase name="CS009" time="18.58" classname="com.vrt.testcases.CopySetupTest">
    <skipped/>
  </testcase> <!-- CS009 -->
  <testcase name="CS009" time="18.533" classname="com.vrt.testcases.CopySetupTest">
    <failure type="org.openqa.selenium.NoSuchElementException" message="An element could not be located on the page using the given search parameters. (WARNING: The server did not provide any stacktrace information)
Command duration or timeout: 0 milliseconds
For documentation on this error, please visit: https://www.seleniumhq.org/exceptions/no_such_element.html
Build info: version: &amp;apos;3.141.59&amp;apos;, revision: &amp;apos;e82be7d358&amp;apos;, time: &amp;apos;2018-11-14T08:17:03&amp;apos;
System info: host: &amp;apos;INAS-LP024&amp;apos;, ip: &amp;apos;192.168.47.1&amp;apos;, os.name: &amp;apos;Windows 10&amp;apos;, os.arch: &amp;apos;amd64&amp;apos;, os.version: &amp;apos;10.0&amp;apos;, java.version: &amp;apos;1.8.0_181&amp;apos;
Driver info: io.appium.java_client.windows.WindowsDriver
Capabilities {app: Kaye.ValProbeRT_racmveb2qnw..., javascriptEnabled: true, ms:waitForAppLaunch: 10, platform: WINDOWS, platformName: WINDOWS}
Session ID: 14B81B68-45C2-4742-A7CD-BCFD45757C07
*** Element info: {Using=accessibility id, value=chkSelectAll}">
      <![CDATA[org.openqa.selenium.NoSuchElementException: An element could not be located on the page using the given search parameters. (WARNING: The server did not provide any stacktrace information)
Command duration or timeout: 0 milliseconds
For documentation on this error, please visit: https://www.seleniumhq.org/exceptions/no_such_element.html
Build info: version: '3.141.59', revision: 'e82be7d358', time: '2018-11-14T08:17:03'
System info: host: 'INAS-LP024', ip: '192.168.47.1', os.name: 'Windows 10', os.arch: 'amd64', os.version: '10.0', java.version: '1.8.0_181'
Driver info: io.appium.java_client.windows.WindowsDriver
Capabilities {app: Kaye.ValProbeRT_racmveb2qnw..., javascriptEnabled: true, ms:waitForAppLaunch: 10, platform: WINDOWS, platformName: WINDOWS}
Session ID: 14B81B68-45C2-4742-A7CD-BCFD45757C07
*** Element info: {Using=accessibility id, value=chkSelectAll}
at sun.reflect.GeneratedConstructorAccessor70.newInstance(Unknown Source)
at sun.reflect.DelegatingConstructorAccessorImpl.newInstance(DelegatingConstructorAccessorImpl.java:45)
at java.lang.reflect.Constructor.newInstance(Constructor.java:423)
at org.openqa.selenium.remote.ErrorHandler.createThrowable(ErrorHandler.java:214)
at org.openqa.selenium.remote.ErrorHandler.throwIfResponseFailed(ErrorHandler.java:166)
at org.openqa.selenium.remote.http.JsonHttpResponseCodec.reconstructValue(JsonHttpResponseCodec.java:40)
at org.openqa.selenium.remote.http.AbstractHttpResponseCodec.decode(AbstractHttpResponseCodec.java:80)
at org.openqa.selenium.remote.http.AbstractHttpResponseCodec.decode(AbstractHttpResponseCodec.java:44)
at org.openqa.selenium.remote.HttpCommandExecutor.execute(HttpCommandExecutor.java:158)
at io.appium.java_client.remote.AppiumCommandExecutor.execute(AppiumCommandExecutor.java:239)
at org.openqa.selenium.remote.RemoteWebDriver.execute(RemoteWebDriver.java:552)
at io.appium.java_client.DefaultGenericMobileDriver.execute(DefaultGenericMobileDriver.java:42)
at io.appium.java_client.AppiumDriver.execute(AppiumDriver.java:1)
at io.appium.java_client.windows.WindowsDriver.execute(WindowsDriver.java:1)
at org.openqa.selenium.remote.RemoteWebDriver.findElement(RemoteWebDriver.java:323)
at io.appium.java_client.DefaultGenericMobileDriver.findElement(DefaultGenericMobileDriver.java:62)
at io.appium.java_client.AppiumDriver.findElement(AppiumDriver.java:1)
at io.appium.java_client.windows.WindowsDriver.findElement(WindowsDriver.java:1)
at io.appium.java_client.FindsByAccessibilityId.findElementByAccessibilityId(FindsByAccessibilityId.java:37)
at com.vrt.pages.CopySetuppage.initElements(CopySetuppage.java:28)
at com.vrt.pages.CopySetuppage.<init>(CopySetuppage.java:39)
at com.vrt.pages.assetDetailsPage.click_CopyStup_Btn(assetDetailsPage.java:774)
at com.vrt.testcases.CopySetupTest.CS009(CopySetupTest.java:385)
at sun.reflect.NativeMethodAccessorImpl.invoke0(Native Method)
at sun.reflect.NativeMethodAccessorImpl.invoke(NativeMethodAccessorImpl.java:62)
at sun.reflect.DelegatingMethodAccessorImpl.invoke(DelegatingMethodAccessorImpl.java:43)
at java.lang.reflect.Method.invoke(Method.java:498)
at org.testng.internal.MethodInvocationHelper.invokeMethod(MethodInvocationHelper.java:132)
at org.testng.internal.TestInvoker.invokeMethod(TestInvoker.java:599)
at org.testng.internal.TestInvoker.retryFailed(TestInvoker.java:214)
at org.testng.internal.MethodRunner.runInSequence(MethodRunner.java:58)
at org.testng.internal.TestInvoker$MethodInvocationAgent.invoke(TestInvoker.java:822)
at org.testng.internal.TestInvoker.invokeTestMethods(TestInvoker.java:147)
at org.testng.internal.TestMethodWorker.invokeTestMethods(TestMethodWorker.java:146)
at org.testng.internal.TestMethodWorker.run(TestMethodWorker.java:128)
at java.util.ArrayList.forEach(ArrayList.java:1257)
at org.testng.TestRunner.privateRun(TestRunner.java:764)
at org.testng.TestRunner.run(TestRunner.java:585)
at org.testng.SuiteRunner.runTest(SuiteRunner.java:384)
at org.testng.SuiteRunner.runSequentially(SuiteRunner.java:378)
at org.testng.SuiteRunner.privateRun(SuiteRunner.java:337)
at org.testng.SuiteRunner.run(SuiteRunner.java:286)
at org.testng.SuiteRunnerWorker.runSuite(SuiteRunnerWorker.java:53)
at org.testng.SuiteRunnerWorker.run(SuiteRunnerWorker.java:96)
at org.testng.TestNG.runSuitesSequentially(TestNG.java:1218)
at org.testng.TestNG.runSuitesLocally(TestNG.java:1140)
at org.testng.TestNG.runSuites(TestNG.java:1069)
at org.testng.TestNG.run(TestNG.java:1037)
at org.testng.remote.AbstractRemoteTestNG.run(AbstractRemoteTestNG.java:115)
at org.testng.remote.RemoteTestNG.initAndRun(RemoteTestNG.java:251)
at org.testng.remote.RemoteTestNG.main(RemoteTestNG.java:77)
]]>
    </failure>
  </testcase> <!-- CS009 -->
  <testcase name="CS010" time="18.596" classname="com.vrt.testcases.CopySetupTest">
    <skipped/>
  </testcase> <!-- CS010 -->
  <testcase name="CS010" time="18.518" classname="com.vrt.testcases.CopySetupTest">
    <skipped/>
  </testcase> <!-- CS010 -->
  <testcase name="CS010" time="18.721" classname="com.vrt.testcases.CopySetupTest">
    <failure type="org.openqa.selenium.NoSuchElementException" message="An element could not be located on the page using the given search parameters. (WARNING: The server did not provide any stacktrace information)
Command duration or timeout: 0 milliseconds
For documentation on this error, please visit: https://www.seleniumhq.org/exceptions/no_such_element.html
Build info: version: &amp;apos;3.141.59&amp;apos;, revision: &amp;apos;e82be7d358&amp;apos;, time: &amp;apos;2018-11-14T08:17:03&amp;apos;
System info: host: &amp;apos;INAS-LP024&amp;apos;, ip: &amp;apos;192.168.47.1&amp;apos;, os.name: &amp;apos;Windows 10&amp;apos;, os.arch: &amp;apos;amd64&amp;apos;, os.version: &amp;apos;10.0&amp;apos;, java.version: &amp;apos;1.8.0_181&amp;apos;
Driver info: io.appium.java_client.windows.WindowsDriver
Capabilities {app: Kaye.ValProbeRT_racmveb2qnw..., javascriptEnabled: true, ms:waitForAppLaunch: 10, platform: WINDOWS, platformName: WINDOWS}
Session ID: 14279A96-68F3-42B7-B114-E6C7CBCDE6CE
*** Element info: {Using=accessibility id, value=chkSelectAll}">
      <![CDATA[org.openqa.selenium.NoSuchElementException: An element could not be located on the page using the given search parameters. (WARNING: The server did not provide any stacktrace information)
Command duration or timeout: 0 milliseconds
For documentation on this error, please visit: https://www.seleniumhq.org/exceptions/no_such_element.html
Build info: version: '3.141.59', revision: 'e82be7d358', time: '2018-11-14T08:17:03'
System info: host: 'INAS-LP024', ip: '192.168.47.1', os.name: 'Windows 10', os.arch: 'amd64', os.version: '10.0', java.version: '1.8.0_181'
Driver info: io.appium.java_client.windows.WindowsDriver
Capabilities {app: Kaye.ValProbeRT_racmveb2qnw..., javascriptEnabled: true, ms:waitForAppLaunch: 10, platform: WINDOWS, platformName: WINDOWS}
Session ID: 14279A96-68F3-42B7-B114-E6C7CBCDE6CE
*** Element info: {Using=accessibility id, value=chkSelectAll}
at sun.reflect.GeneratedConstructorAccessor70.newInstance(Unknown Source)
at sun.reflect.DelegatingConstructorAccessorImpl.newInstance(DelegatingConstructorAccessorImpl.java:45)
at java.lang.reflect.Constructor.newInstance(Constructor.java:423)
at org.openqa.selenium.remote.ErrorHandler.createThrowable(ErrorHandler.java:214)
at org.openqa.selenium.remote.ErrorHandler.throwIfResponseFailed(ErrorHandler.java:166)
at org.openqa.selenium.remote.http.JsonHttpResponseCodec.reconstructValue(JsonHttpResponseCodec.java:40)
at org.openqa.selenium.remote.http.AbstractHttpResponseCodec.decode(AbstractHttpResponseCodec.java:80)
at org.openqa.selenium.remote.http.AbstractHttpResponseCodec.decode(AbstractHttpResponseCodec.java:44)
at org.openqa.selenium.remote.HttpCommandExecutor.execute(HttpCommandExecutor.java:158)
at io.appium.java_client.remote.AppiumCommandExecutor.execute(AppiumCommandExecutor.java:239)
at org.openqa.selenium.remote.RemoteWebDriver.execute(RemoteWebDriver.java:552)
at io.appium.java_client.DefaultGenericMobileDriver.execute(DefaultGenericMobileDriver.java:42)
at io.appium.java_client.AppiumDriver.execute(AppiumDriver.java:1)
at io.appium.java_client.windows.WindowsDriver.execute(WindowsDriver.java:1)
at org.openqa.selenium.remote.RemoteWebDriver.findElement(RemoteWebDriver.java:323)
at io.appium.java_client.DefaultGenericMobileDriver.findElement(DefaultGenericMobileDriver.java:62)
at io.appium.java_client.AppiumDriver.findElement(AppiumDriver.java:1)
at io.appium.java_client.windows.WindowsDriver.findElement(WindowsDriver.java:1)
at io.appium.java_client.FindsByAccessibilityId.findElementByAccessibilityId(FindsByAccessibilityId.java:37)
at com.vrt.pages.CopySetuppage.initElements(CopySetuppage.java:28)
at com.vrt.pages.CopySetuppage.<init>(CopySetuppage.java:39)
at com.vrt.pages.assetDetailsPage.click_CopyStup_Btn(assetDetailsPage.java:774)
at com.vrt.testcases.CopySetupTest.CS010(CopySetupTest.java:399)
at sun.reflect.NativeMethodAccessorImpl.invoke0(Native Method)
at sun.reflect.NativeMethodAccessorImpl.invoke(NativeMethodAccessorImpl.java:62)
at sun.reflect.DelegatingMethodAccessorImpl.invoke(DelegatingMethodAccessorImpl.java:43)
at java.lang.reflect.Method.invoke(Method.java:498)
at org.testng.internal.MethodInvocationHelper.invokeMethod(MethodInvocationHelper.java:132)
at org.testng.internal.TestInvoker.invokeMethod(TestInvoker.java:599)
at org.testng.internal.TestInvoker.retryFailed(TestInvoker.java:214)
at org.testng.internal.MethodRunner.runInSequence(MethodRunner.java:58)
at org.testng.internal.TestInvoker$MethodInvocationAgent.invoke(TestInvoker.java:822)
at org.testng.internal.TestInvoker.invokeTestMethods(TestInvoker.java:147)
at org.testng.internal.TestMethodWorker.invokeTestMethods(TestMethodWorker.java:146)
at org.testng.internal.TestMethodWorker.run(TestMethodWorker.java:128)
at java.util.ArrayList.forEach(ArrayList.java:1257)
at org.testng.TestRunner.privateRun(TestRunner.java:764)
at org.testng.TestRunner.run(TestRunner.java:585)
at org.testng.SuiteRunner.runTest(SuiteRunner.java:384)
at org.testng.SuiteRunner.runSequentially(SuiteRunner.java:378)
at org.testng.SuiteRunner.privateRun(SuiteRunner.java:337)
at org.testng.SuiteRunner.run(SuiteRunner.java:286)
at org.testng.SuiteRunnerWorker.runSuite(SuiteRunnerWorker.java:53)
at org.testng.SuiteRunnerWorker.run(SuiteRunnerWorker.java:96)
at org.testng.TestNG.runSuitesSequentially(TestNG.java:1218)
at org.testng.TestNG.runSuitesLocally(TestNG.java:1140)
at org.testng.TestNG.runSuites(TestNG.java:1069)
at org.testng.TestNG.run(TestNG.java:1037)
at org.testng.remote.AbstractRemoteTestNG.run(AbstractRemoteTestNG.java:115)
at org.testng.remote.RemoteTestNG.initAndRun(RemoteTestNG.java:251)
at org.testng.remote.RemoteTestNG.main(RemoteTestNG.java:77)
]]>
    </failure>
  </testcase> <!-- CS010 -->
  <testcase name="CS012" time="0.0" classname="com.vrt.testcases.CopySetupTest">
    <failure type="org.testng.TestNGException" message="
Method public void com.vrt.testcases.CopySetupTest.CS012(java.lang.String,java.lang.String,java.lang.String,java.lang.String,java.lang.String,java.lang.String) throws java.lang.InterruptedException,java.io.IOException,java.awt.AWTException,java.text.ParseException requires a @DataProvider named : CS012 in class com.vrt.utility.assetCreationUtility">
      <![CDATA[org.testng.TestNGException: 
Method public void com.vrt.testcases.CopySetupTest.CS012(java.lang.String,java.lang.String,java.lang.String,java.lang.String,java.lang.String,java.lang.String) throws java.lang.InterruptedException,java.io.IOException,java.awt.AWTException,java.text.ParseException requires a @DataProvider named : CS012 in class com.vrt.utility.assetCreationUtility
at org.testng.internal.Parameters.findDataProvider(Parameters.java:559)
at org.testng.internal.Parameters.handleParameters(Parameters.java:772)
at org.testng.internal.Parameters.handleParameters(Parameters.java:740)
at org.testng.internal.ParameterHandler.handleParameters(ParameterHandler.java:59)
at org.testng.internal.ParameterHandler.createParameters(ParameterHandler.java:38)
at org.testng.internal.TestInvoker$MethodInvocationAgent.invoke(TestInvoker.java:789)
at org.testng.internal.TestInvoker.invokeTestMethods(TestInvoker.java:147)
at org.testng.internal.TestMethodWorker.invokeTestMethods(TestMethodWorker.java:146)
at org.testng.internal.TestMethodWorker.run(TestMethodWorker.java:128)
at java.util.ArrayList.forEach(ArrayList.java:1257)
at org.testng.TestRunner.privateRun(TestRunner.java:764)
at org.testng.TestRunner.run(TestRunner.java:585)
at org.testng.SuiteRunner.runTest(SuiteRunner.java:384)
at org.testng.SuiteRunner.runSequentially(SuiteRunner.java:378)
at org.testng.SuiteRunner.privateRun(SuiteRunner.java:337)
at org.testng.SuiteRunner.run(SuiteRunner.java:286)
at org.testng.SuiteRunnerWorker.runSuite(SuiteRunnerWorker.java:53)
at org.testng.SuiteRunnerWorker.run(SuiteRunnerWorker.java:96)
at org.testng.TestNG.runSuitesSequentially(TestNG.java:1218)
at org.testng.TestNG.runSuitesLocally(TestNG.java:1140)
at org.testng.TestNG.runSuites(TestNG.java:1069)
at org.testng.TestNG.run(TestNG.java:1037)
at org.testng.remote.AbstractRemoteTestNG.run(AbstractRemoteTestNG.java:115)
at org.testng.remote.RemoteTestNG.initAndRun(RemoteTestNG.java:251)
at org.testng.remote.RemoteTestNG.main(RemoteTestNG.java:77)
]]>
    </failure>
  </testcase> <!-- CS012 -->
  <testcase name="CS013" time="0.0" classname="com.vrt.testcases.CopySetupTest">
    <failure type="org.testng.TestNGException" message="
Method public void com.vrt.testcases.CopySetupTest.CS013(java.lang.String,java.lang.String,java.lang.String,java.lang.String,java.lang.String,java.lang.String) throws java.lang.InterruptedException,java.io.IOException,java.awt.AWTException,java.text.ParseException requires a @DataProvider named : CS013 in class com.vrt.utility.assetCreationUtility">
      <![CDATA[org.testng.TestNGException: 
Method public void com.vrt.testcases.CopySetupTest.CS013(java.lang.String,java.lang.String,java.lang.String,java.lang.String,java.lang.String,java.lang.String) throws java.lang.InterruptedException,java.io.IOException,java.awt.AWTException,java.text.ParseException requires a @DataProvider named : CS013 in class com.vrt.utility.assetCreationUtility
at org.testng.internal.Parameters.findDataProvider(Parameters.java:559)
at org.testng.internal.Parameters.handleParameters(Parameters.java:772)
at org.testng.internal.Parameters.handleParameters(Parameters.java:740)
at org.testng.internal.ParameterHandler.handleParameters(ParameterHandler.java:59)
at org.testng.internal.ParameterHandler.createParameters(ParameterHandler.java:38)
at org.testng.internal.TestInvoker$MethodInvocationAgent.invoke(TestInvoker.java:789)
at org.testng.internal.TestInvoker.invokeTestMethods(TestInvoker.java:147)
at org.testng.internal.TestMethodWorker.invokeTestMethods(TestMethodWorker.java:146)
at org.testng.internal.TestMethodWorker.run(TestMethodWorker.java:128)
at java.util.ArrayList.forEach(ArrayList.java:1257)
at org.testng.TestRunner.privateRun(TestRunner.java:764)
at org.testng.TestRunner.run(TestRunner.java:585)
at org.testng.SuiteRunner.runTest(SuiteRunner.java:384)
at org.testng.SuiteRunner.runSequentially(SuiteRunner.java:378)
at org.testng.SuiteRunner.privateRun(SuiteRunner.java:337)
at org.testng.SuiteRunner.run(SuiteRunner.java:286)
at org.testng.SuiteRunnerWorker.runSuite(SuiteRunnerWorker.java:53)
at org.testng.SuiteRunnerWorker.run(SuiteRunnerWorker.java:96)
at org.testng.TestNG.runSuitesSequentially(TestNG.java:1218)
at org.testng.TestNG.runSuitesLocally(TestNG.java:1140)
at org.testng.TestNG.runSuites(TestNG.java:1069)
at org.testng.TestNG.run(TestNG.java:1037)
at org.testng.remote.AbstractRemoteTestNG.run(AbstractRemoteTestNG.java:115)
at org.testng.remote.RemoteTestNG.initAndRun(RemoteTestNG.java:251)
at org.testng.remote.RemoteTestNG.main(RemoteTestNG.java:77)
]]>
    </failure>
  </testcase> <!-- CS013 -->
  <testcase name="CS014" time="18.596" classname="com.vrt.testcases.CopySetupTest">
    <skipped/>
  </testcase> <!-- CS014 -->
  <testcase name="CS014" time="18.893" classname="com.vrt.testcases.CopySetupTest">
    <skipped/>
  </testcase> <!-- CS014 -->
  <testcase name="CS014" time="18.425" classname="com.vrt.testcases.CopySetupTest">
    <failure type="org.openqa.selenium.NoSuchElementException" message="An element could not be located on the page using the given search parameters. (WARNING: The server did not provide any stacktrace information)
Command duration or timeout: 0 milliseconds
For documentation on this error, please visit: https://www.seleniumhq.org/exceptions/no_such_element.html
Build info: version: &amp;apos;3.141.59&amp;apos;, revision: &amp;apos;e82be7d358&amp;apos;, time: &amp;apos;2018-11-14T08:17:03&amp;apos;
System info: host: &amp;apos;INAS-LP024&amp;apos;, ip: &amp;apos;192.168.47.1&amp;apos;, os.name: &amp;apos;Windows 10&amp;apos;, os.arch: &amp;apos;amd64&amp;apos;, os.version: &amp;apos;10.0&amp;apos;, java.version: &amp;apos;1.8.0_181&amp;apos;
Driver info: io.appium.java_client.windows.WindowsDriver
Capabilities {app: Kaye.ValProbeRT_racmveb2qnw..., javascriptEnabled: true, ms:waitForAppLaunch: 10, platform: WINDOWS, platformName: WINDOWS}
Session ID: E20AFE81-60B9-4BBC-8BC7-BCF6C96B75FC
*** Element info: {Using=accessibility id, value=chkSelectAll}">
      <![CDATA[org.openqa.selenium.NoSuchElementException: An element could not be located on the page using the given search parameters. (WARNING: The server did not provide any stacktrace information)
Command duration or timeout: 0 milliseconds
For documentation on this error, please visit: https://www.seleniumhq.org/exceptions/no_such_element.html
Build info: version: '3.141.59', revision: 'e82be7d358', time: '2018-11-14T08:17:03'
System info: host: 'INAS-LP024', ip: '192.168.47.1', os.name: 'Windows 10', os.arch: 'amd64', os.version: '10.0', java.version: '1.8.0_181'
Driver info: io.appium.java_client.windows.WindowsDriver
Capabilities {app: Kaye.ValProbeRT_racmveb2qnw..., javascriptEnabled: true, ms:waitForAppLaunch: 10, platform: WINDOWS, platformName: WINDOWS}
Session ID: E20AFE81-60B9-4BBC-8BC7-BCF6C96B75FC
*** Element info: {Using=accessibility id, value=chkSelectAll}
at sun.reflect.GeneratedConstructorAccessor70.newInstance(Unknown Source)
at sun.reflect.DelegatingConstructorAccessorImpl.newInstance(DelegatingConstructorAccessorImpl.java:45)
at java.lang.reflect.Constructor.newInstance(Constructor.java:423)
at org.openqa.selenium.remote.ErrorHandler.createThrowable(ErrorHandler.java:214)
at org.openqa.selenium.remote.ErrorHandler.throwIfResponseFailed(ErrorHandler.java:166)
at org.openqa.selenium.remote.http.JsonHttpResponseCodec.reconstructValue(JsonHttpResponseCodec.java:40)
at org.openqa.selenium.remote.http.AbstractHttpResponseCodec.decode(AbstractHttpResponseCodec.java:80)
at org.openqa.selenium.remote.http.AbstractHttpResponseCodec.decode(AbstractHttpResponseCodec.java:44)
at org.openqa.selenium.remote.HttpCommandExecutor.execute(HttpCommandExecutor.java:158)
at io.appium.java_client.remote.AppiumCommandExecutor.execute(AppiumCommandExecutor.java:239)
at org.openqa.selenium.remote.RemoteWebDriver.execute(RemoteWebDriver.java:552)
at io.appium.java_client.DefaultGenericMobileDriver.execute(DefaultGenericMobileDriver.java:42)
at io.appium.java_client.AppiumDriver.execute(AppiumDriver.java:1)
at io.appium.java_client.windows.WindowsDriver.execute(WindowsDriver.java:1)
at org.openqa.selenium.remote.RemoteWebDriver.findElement(RemoteWebDriver.java:323)
at io.appium.java_client.DefaultGenericMobileDriver.findElement(DefaultGenericMobileDriver.java:62)
at io.appium.java_client.AppiumDriver.findElement(AppiumDriver.java:1)
at io.appium.java_client.windows.WindowsDriver.findElement(WindowsDriver.java:1)
at io.appium.java_client.FindsByAccessibilityId.findElementByAccessibilityId(FindsByAccessibilityId.java:37)
at com.vrt.pages.CopySetuppage.initElements(CopySetuppage.java:28)
at com.vrt.pages.CopySetuppage.<init>(CopySetuppage.java:39)
at com.vrt.pages.assetDetailsPage.click_CopyStup_Btn(assetDetailsPage.java:774)
at com.vrt.testcases.CopySetupTest.CS014(CopySetupTest.java:540)
at sun.reflect.NativeMethodAccessorImpl.invoke0(Native Method)
at sun.reflect.NativeMethodAccessorImpl.invoke(NativeMethodAccessorImpl.java:62)
at sun.reflect.DelegatingMethodAccessorImpl.invoke(DelegatingMethodAccessorImpl.java:43)
at java.lang.reflect.Method.invoke(Method.java:498)
at org.testng.internal.MethodInvocationHelper.invokeMethod(MethodInvocationHelper.java:132)
at org.testng.internal.TestInvoker.invokeMethod(TestInvoker.java:599)
at org.testng.internal.TestInvoker.retryFailed(TestInvoker.java:214)
at org.testng.internal.MethodRunner.runInSequence(MethodRunner.java:58)
at org.testng.internal.TestInvoker$MethodInvocationAgent.invoke(TestInvoker.java:822)
at org.testng.internal.TestInvoker.invokeTestMethods(TestInvoker.java:147)
at org.testng.internal.TestMethodWorker.invokeTestMethods(TestMethodWorker.java:146)
at org.testng.internal.TestMethodWorker.run(TestMethodWorker.java:128)
at java.util.ArrayList.forEach(ArrayList.java:1257)
at org.testng.TestRunner.privateRun(TestRunner.java:764)
at org.testng.TestRunner.run(TestRunner.java:585)
at org.testng.SuiteRunner.runTest(SuiteRunner.java:384)
at org.testng.SuiteRunner.runSequentially(SuiteRunner.java:378)
at org.testng.SuiteRunner.privateRun(SuiteRunner.java:337)
at org.testng.SuiteRunner.run(SuiteRunner.java:286)
at org.testng.SuiteRunnerWorker.runSuite(SuiteRunnerWorker.java:53)
at org.testng.SuiteRunnerWorker.run(SuiteRunnerWorker.java:96)
at org.testng.TestNG.runSuitesSequentially(TestNG.java:1218)
at org.testng.TestNG.runSuitesLocally(TestNG.java:1140)
at org.testng.TestNG.runSuites(TestNG.java:1069)
at org.testng.TestNG.run(TestNG.java:1037)
at org.testng.remote.AbstractRemoteTestNG.run(AbstractRemoteTestNG.java:115)
at org.testng.remote.RemoteTestNG.initAndRun(RemoteTestNG.java:251)
at org.testng.remote.RemoteTestNG.main(RemoteTestNG.java:77)
]]>
    </failure>
  </testcase> <!-- CS014 -->
  <testcase name="CS015A" time="18.58" classname="com.vrt.testcases.CopySetupTest">
    <skipped/>
  </testcase> <!-- CS015A -->
  <testcase name="CS015A" time="18.643" classname="com.vrt.testcases.CopySetupTest">
    <skipped/>
  </testcase> <!-- CS015A -->
  <testcase name="CS015A" time="18.612" classname="com.vrt.testcases.CopySetupTest">
    <failure type="org.openqa.selenium.NoSuchElementException" message="An element could not be located on the page using the given search parameters. (WARNING: The server did not provide any stacktrace information)
Command duration or timeout: 0 milliseconds
For documentation on this error, please visit: https://www.seleniumhq.org/exceptions/no_such_element.html
Build info: version: &amp;apos;3.141.59&amp;apos;, revision: &amp;apos;e82be7d358&amp;apos;, time: &amp;apos;2018-11-14T08:17:03&amp;apos;
System info: host: &amp;apos;INAS-LP024&amp;apos;, ip: &amp;apos;192.168.47.1&amp;apos;, os.name: &amp;apos;Windows 10&amp;apos;, os.arch: &amp;apos;amd64&amp;apos;, os.version: &amp;apos;10.0&amp;apos;, java.version: &amp;apos;1.8.0_181&amp;apos;
Driver info: io.appium.java_client.windows.WindowsDriver
Capabilities {app: Kaye.ValProbeRT_racmveb2qnw..., javascriptEnabled: true, ms:waitForAppLaunch: 10, platform: WINDOWS, platformName: WINDOWS}
Session ID: B48102A2-BB09-455D-B9D1-1A97E82155B1
*** Element info: {Using=accessibility id, value=chkSelectAll}">
      <![CDATA[org.openqa.selenium.NoSuchElementException: An element could not be located on the page using the given search parameters. (WARNING: The server did not provide any stacktrace information)
Command duration or timeout: 0 milliseconds
For documentation on this error, please visit: https://www.seleniumhq.org/exceptions/no_such_element.html
Build info: version: '3.141.59', revision: 'e82be7d358', time: '2018-11-14T08:17:03'
System info: host: 'INAS-LP024', ip: '192.168.47.1', os.name: 'Windows 10', os.arch: 'amd64', os.version: '10.0', java.version: '1.8.0_181'
Driver info: io.appium.java_client.windows.WindowsDriver
Capabilities {app: Kaye.ValProbeRT_racmveb2qnw..., javascriptEnabled: true, ms:waitForAppLaunch: 10, platform: WINDOWS, platformName: WINDOWS}
Session ID: B48102A2-BB09-455D-B9D1-1A97E82155B1
*** Element info: {Using=accessibility id, value=chkSelectAll}
at sun.reflect.GeneratedConstructorAccessor70.newInstance(Unknown Source)
at sun.reflect.DelegatingConstructorAccessorImpl.newInstance(DelegatingConstructorAccessorImpl.java:45)
at java.lang.reflect.Constructor.newInstance(Constructor.java:423)
at org.openqa.selenium.remote.ErrorHandler.createThrowable(ErrorHandler.java:214)
at org.openqa.selenium.remote.ErrorHandler.throwIfResponseFailed(ErrorHandler.java:166)
at org.openqa.selenium.remote.http.JsonHttpResponseCodec.reconstructValue(JsonHttpResponseCodec.java:40)
at org.openqa.selenium.remote.http.AbstractHttpResponseCodec.decode(AbstractHttpResponseCodec.java:80)
at org.openqa.selenium.remote.http.AbstractHttpResponseCodec.decode(AbstractHttpResponseCodec.java:44)
at org.openqa.selenium.remote.HttpCommandExecutor.execute(HttpCommandExecutor.java:158)
at io.appium.java_client.remote.AppiumCommandExecutor.execute(AppiumCommandExecutor.java:239)
at org.openqa.selenium.remote.RemoteWebDriver.execute(RemoteWebDriver.java:552)
at io.appium.java_client.DefaultGenericMobileDriver.execute(DefaultGenericMobileDriver.java:42)
at io.appium.java_client.AppiumDriver.execute(AppiumDriver.java:1)
at io.appium.java_client.windows.WindowsDriver.execute(WindowsDriver.java:1)
at org.openqa.selenium.remote.RemoteWebDriver.findElement(RemoteWebDriver.java:323)
at io.appium.java_client.DefaultGenericMobileDriver.findElement(DefaultGenericMobileDriver.java:62)
at io.appium.java_client.AppiumDriver.findElement(AppiumDriver.java:1)
at io.appium.java_client.windows.WindowsDriver.findElement(WindowsDriver.java:1)
at io.appium.java_client.FindsByAccessibilityId.findElementByAccessibilityId(FindsByAccessibilityId.java:37)
at com.vrt.pages.CopySetuppage.initElements(CopySetuppage.java:28)
at com.vrt.pages.CopySetuppage.<init>(CopySetuppage.java:39)
at com.vrt.pages.assetDetailsPage.click_CopyStup_Btn(assetDetailsPage.java:774)
at com.vrt.testcases.CopySetupTest.CS015A(CopySetupTest.java:564)
at sun.reflect.NativeMethodAccessorImpl.invoke0(Native Method)
at sun.reflect.NativeMethodAccessorImpl.invoke(NativeMethodAccessorImpl.java:62)
at sun.reflect.DelegatingMethodAccessorImpl.invoke(DelegatingMethodAccessorImpl.java:43)
at java.lang.reflect.Method.invoke(Method.java:498)
at org.testng.internal.MethodInvocationHelper.invokeMethod(MethodInvocationHelper.java:132)
at org.testng.internal.TestInvoker.invokeMethod(TestInvoker.java:599)
at org.testng.internal.TestInvoker.retryFailed(TestInvoker.java:214)
at org.testng.internal.MethodRunner.runInSequence(MethodRunner.java:58)
at org.testng.internal.TestInvoker$MethodInvocationAgent.invoke(TestInvoker.java:822)
at org.testng.internal.TestInvoker.invokeTestMethods(TestInvoker.java:147)
at org.testng.internal.TestMethodWorker.invokeTestMethods(TestMethodWorker.java:146)
at org.testng.internal.TestMethodWorker.run(TestMethodWorker.java:128)
at java.util.ArrayList.forEach(ArrayList.java:1257)
at org.testng.TestRunner.privateRun(TestRunner.java:764)
at org.testng.TestRunner.run(TestRunner.java:585)
at org.testng.SuiteRunner.runTest(SuiteRunner.java:384)
at org.testng.SuiteRunner.runSequentially(SuiteRunner.java:378)
at org.testng.SuiteRunner.privateRun(SuiteRunner.java:337)
at org.testng.SuiteRunner.run(SuiteRunner.java:286)
at org.testng.SuiteRunnerWorker.runSuite(SuiteRunnerWorker.java:53)
at org.testng.SuiteRunnerWorker.run(SuiteRunnerWorker.java:96)
at org.testng.TestNG.runSuitesSequentially(TestNG.java:1218)
at org.testng.TestNG.runSuitesLocally(TestNG.java:1140)
at org.testng.TestNG.runSuites(TestNG.java:1069)
at org.testng.TestNG.run(TestNG.java:1037)
at org.testng.remote.AbstractRemoteTestNG.run(AbstractRemoteTestNG.java:115)
at org.testng.remote.RemoteTestNG.initAndRun(RemoteTestNG.java:251)
at org.testng.remote.RemoteTestNG.main(RemoteTestNG.java:77)
]]>
    </failure>
  </testcase> <!-- CS015A -->
  <testcase name="CS015B" time="18.471" classname="com.vrt.testcases.CopySetupTest">
    <skipped/>
  </testcase> <!-- CS015B -->
  <testcase name="CS015B" time="18.58" classname="com.vrt.testcases.CopySetupTest">
    <skipped/>
  </testcase> <!-- CS015B -->
  <testcase name="CS015B" time="18.533" classname="com.vrt.testcases.CopySetupTest">
    <failure type="org.openqa.selenium.NoSuchElementException" message="An element could not be located on the page using the given search parameters. (WARNING: The server did not provide any stacktrace information)
Command duration or timeout: 0 milliseconds
For documentation on this error, please visit: https://www.seleniumhq.org/exceptions/no_such_element.html
Build info: version: &amp;apos;3.141.59&amp;apos;, revision: &amp;apos;e82be7d358&amp;apos;, time: &amp;apos;2018-11-14T08:17:03&amp;apos;
System info: host: &amp;apos;INAS-LP024&amp;apos;, ip: &amp;apos;192.168.47.1&amp;apos;, os.name: &amp;apos;Windows 10&amp;apos;, os.arch: &amp;apos;amd64&amp;apos;, os.version: &amp;apos;10.0&amp;apos;, java.version: &amp;apos;1.8.0_181&amp;apos;
Driver info: io.appium.java_client.windows.WindowsDriver
Capabilities {app: Kaye.ValProbeRT_racmveb2qnw..., javascriptEnabled: true, ms:waitForAppLaunch: 10, platform: WINDOWS, platformName: WINDOWS}
Session ID: 5C4312DF-B792-4278-9E3F-2DA2FF19BDC1
*** Element info: {Using=accessibility id, value=chkSelectAll}">
      <![CDATA[org.openqa.selenium.NoSuchElementException: An element could not be located on the page using the given search parameters. (WARNING: The server did not provide any stacktrace information)
Command duration or timeout: 0 milliseconds
For documentation on this error, please visit: https://www.seleniumhq.org/exceptions/no_such_element.html
Build info: version: '3.141.59', revision: 'e82be7d358', time: '2018-11-14T08:17:03'
System info: host: 'INAS-LP024', ip: '192.168.47.1', os.name: 'Windows 10', os.arch: 'amd64', os.version: '10.0', java.version: '1.8.0_181'
Driver info: io.appium.java_client.windows.WindowsDriver
Capabilities {app: Kaye.ValProbeRT_racmveb2qnw..., javascriptEnabled: true, ms:waitForAppLaunch: 10, platform: WINDOWS, platformName: WINDOWS}
Session ID: 5C4312DF-B792-4278-9E3F-2DA2FF19BDC1
*** Element info: {Using=accessibility id, value=chkSelectAll}
at sun.reflect.GeneratedConstructorAccessor70.newInstance(Unknown Source)
at sun.reflect.DelegatingConstructorAccessorImpl.newInstance(DelegatingConstructorAccessorImpl.java:45)
at java.lang.reflect.Constructor.newInstance(Constructor.java:423)
at org.openqa.selenium.remote.ErrorHandler.createThrowable(ErrorHandler.java:214)
at org.openqa.selenium.remote.ErrorHandler.throwIfResponseFailed(ErrorHandler.java:166)
at org.openqa.selenium.remote.http.JsonHttpResponseCodec.reconstructValue(JsonHttpResponseCodec.java:40)
at org.openqa.selenium.remote.http.AbstractHttpResponseCodec.decode(AbstractHttpResponseCodec.java:80)
at org.openqa.selenium.remote.http.AbstractHttpResponseCodec.decode(AbstractHttpResponseCodec.java:44)
at org.openqa.selenium.remote.HttpCommandExecutor.execute(HttpCommandExecutor.java:158)
at io.appium.java_client.remote.AppiumCommandExecutor.execute(AppiumCommandExecutor.java:239)
at org.openqa.selenium.remote.RemoteWebDriver.execute(RemoteWebDriver.java:552)
at io.appium.java_client.DefaultGenericMobileDriver.execute(DefaultGenericMobileDriver.java:42)
at io.appium.java_client.AppiumDriver.execute(AppiumDriver.java:1)
at io.appium.java_client.windows.WindowsDriver.execute(WindowsDriver.java:1)
at org.openqa.selenium.remote.RemoteWebDriver.findElement(RemoteWebDriver.java:323)
at io.appium.java_client.DefaultGenericMobileDriver.findElement(DefaultGenericMobileDriver.java:62)
at io.appium.java_client.AppiumDriver.findElement(AppiumDriver.java:1)
at io.appium.java_client.windows.WindowsDriver.findElement(WindowsDriver.java:1)
at io.appium.java_client.FindsByAccessibilityId.findElementByAccessibilityId(FindsByAccessibilityId.java:37)
at com.vrt.pages.CopySetuppage.initElements(CopySetuppage.java:28)
at com.vrt.pages.CopySetuppage.<init>(CopySetuppage.java:39)
at com.vrt.pages.assetDetailsPage.click_CopyStup_Btn(assetDetailsPage.java:774)
at com.vrt.testcases.CopySetupTest.CS015B(CopySetupTest.java:593)
at sun.reflect.NativeMethodAccessorImpl.invoke0(Native Method)
at sun.reflect.NativeMethodAccessorImpl.invoke(NativeMethodAccessorImpl.java:62)
at sun.reflect.DelegatingMethodAccessorImpl.invoke(DelegatingMethodAccessorImpl.java:43)
at java.lang.reflect.Method.invoke(Method.java:498)
at org.testng.internal.MethodInvocationHelper.invokeMethod(MethodInvocationHelper.java:132)
at org.testng.internal.TestInvoker.invokeMethod(TestInvoker.java:599)
at org.testng.internal.TestInvoker.retryFailed(TestInvoker.java:214)
at org.testng.internal.MethodRunner.runInSequence(MethodRunner.java:58)
at org.testng.internal.TestInvoker$MethodInvocationAgent.invoke(TestInvoker.java:822)
at org.testng.internal.TestInvoker.invokeTestMethods(TestInvoker.java:147)
at org.testng.internal.TestMethodWorker.invokeTestMethods(TestMethodWorker.java:146)
at org.testng.internal.TestMethodWorker.run(TestMethodWorker.java:128)
at java.util.ArrayList.forEach(ArrayList.java:1257)
at org.testng.TestRunner.privateRun(TestRunner.java:764)
at org.testng.TestRunner.run(TestRunner.java:585)
at org.testng.SuiteRunner.runTest(SuiteRunner.java:384)
at org.testng.SuiteRunner.runSequentially(SuiteRunner.java:378)
at org.testng.SuiteRunner.privateRun(SuiteRunner.java:337)
at org.testng.SuiteRunner.run(SuiteRunner.java:286)
at org.testng.SuiteRunnerWorker.runSuite(SuiteRunnerWorker.java:53)
at org.testng.SuiteRunnerWorker.run(SuiteRunnerWorker.java:96)
at org.testng.TestNG.runSuitesSequentially(TestNG.java:1218)
at org.testng.TestNG.runSuitesLocally(TestNG.java:1140)
at org.testng.TestNG.runSuites(TestNG.java:1069)
at org.testng.TestNG.run(TestNG.java:1037)
at org.testng.remote.AbstractRemoteTestNG.run(AbstractRemoteTestNG.java:115)
at org.testng.remote.RemoteTestNG.initAndRun(RemoteTestNG.java:251)
at org.testng.remote.RemoteTestNG.main(RemoteTestNG.java:77)
]]>
    </failure>
  </testcase> <!-- CS015B -->
  <testcase name="CS017" time="18.658" classname="com.vrt.testcases.CopySetupTest">
    <skipped/>
  </testcase> <!-- CS017 -->
  <testcase name="CS017" time="18.565" classname="com.vrt.testcases.CopySetupTest">
    <skipped/>
  </testcase> <!-- CS017 -->
  <testcase name="CS017" time="18.627" classname="com.vrt.testcases.CopySetupTest">
    <failure type="org.openqa.selenium.NoSuchElementException" message="An element could not be located on the page using the given search parameters. (WARNING: The server did not provide any stacktrace information)
Command duration or timeout: 0 milliseconds
For documentation on this error, please visit: https://www.seleniumhq.org/exceptions/no_such_element.html
Build info: version: &amp;apos;3.141.59&amp;apos;, revision: &amp;apos;e82be7d358&amp;apos;, time: &amp;apos;2018-11-14T08:17:03&amp;apos;
System info: host: &amp;apos;INAS-LP024&amp;apos;, ip: &amp;apos;192.168.47.1&amp;apos;, os.name: &amp;apos;Windows 10&amp;apos;, os.arch: &amp;apos;amd64&amp;apos;, os.version: &amp;apos;10.0&amp;apos;, java.version: &amp;apos;1.8.0_181&amp;apos;
Driver info: io.appium.java_client.windows.WindowsDriver
Capabilities {app: Kaye.ValProbeRT_racmveb2qnw..., javascriptEnabled: true, ms:waitForAppLaunch: 10, platform: WINDOWS, platformName: WINDOWS}
Session ID: 7C483803-D61A-4CDE-B35C-4C9346ACC073
*** Element info: {Using=accessibility id, value=chkSelectAll}">
      <![CDATA[org.openqa.selenium.NoSuchElementException: An element could not be located on the page using the given search parameters. (WARNING: The server did not provide any stacktrace information)
Command duration or timeout: 0 milliseconds
For documentation on this error, please visit: https://www.seleniumhq.org/exceptions/no_such_element.html
Build info: version: '3.141.59', revision: 'e82be7d358', time: '2018-11-14T08:17:03'
System info: host: 'INAS-LP024', ip: '192.168.47.1', os.name: 'Windows 10', os.arch: 'amd64', os.version: '10.0', java.version: '1.8.0_181'
Driver info: io.appium.java_client.windows.WindowsDriver
Capabilities {app: Kaye.ValProbeRT_racmveb2qnw..., javascriptEnabled: true, ms:waitForAppLaunch: 10, platform: WINDOWS, platformName: WINDOWS}
Session ID: 7C483803-D61A-4CDE-B35C-4C9346ACC073
*** Element info: {Using=accessibility id, value=chkSelectAll}
at sun.reflect.GeneratedConstructorAccessor70.newInstance(Unknown Source)
at sun.reflect.DelegatingConstructorAccessorImpl.newInstance(DelegatingConstructorAccessorImpl.java:45)
at java.lang.reflect.Constructor.newInstance(Constructor.java:423)
at org.openqa.selenium.remote.ErrorHandler.createThrowable(ErrorHandler.java:214)
at org.openqa.selenium.remote.ErrorHandler.throwIfResponseFailed(ErrorHandler.java:166)
at org.openqa.selenium.remote.http.JsonHttpResponseCodec.reconstructValue(JsonHttpResponseCodec.java:40)
at org.openqa.selenium.remote.http.AbstractHttpResponseCodec.decode(AbstractHttpResponseCodec.java:80)
at org.openqa.selenium.remote.http.AbstractHttpResponseCodec.decode(AbstractHttpResponseCodec.java:44)
at org.openqa.selenium.remote.HttpCommandExecutor.execute(HttpCommandExecutor.java:158)
at io.appium.java_client.remote.AppiumCommandExecutor.execute(AppiumCommandExecutor.java:239)
at org.openqa.selenium.remote.RemoteWebDriver.execute(RemoteWebDriver.java:552)
at io.appium.java_client.DefaultGenericMobileDriver.execute(DefaultGenericMobileDriver.java:42)
at io.appium.java_client.AppiumDriver.execute(AppiumDriver.java:1)
at io.appium.java_client.windows.WindowsDriver.execute(WindowsDriver.java:1)
at org.openqa.selenium.remote.RemoteWebDriver.findElement(RemoteWebDriver.java:323)
at io.appium.java_client.DefaultGenericMobileDriver.findElement(DefaultGenericMobileDriver.java:62)
at io.appium.java_client.AppiumDriver.findElement(AppiumDriver.java:1)
at io.appium.java_client.windows.WindowsDriver.findElement(WindowsDriver.java:1)
at io.appium.java_client.FindsByAccessibilityId.findElementByAccessibilityId(FindsByAccessibilityId.java:37)
at com.vrt.pages.CopySetuppage.initElements(CopySetuppage.java:28)
at com.vrt.pages.CopySetuppage.<init>(CopySetuppage.java:39)
at com.vrt.pages.assetDetailsPage.click_CopyStup_Btn(assetDetailsPage.java:774)
at com.vrt.testcases.CopySetupTest.CS017(CopySetupTest.java:621)
at sun.reflect.NativeMethodAccessorImpl.invoke0(Native Method)
at sun.reflect.NativeMethodAccessorImpl.invoke(NativeMethodAccessorImpl.java:62)
at sun.reflect.DelegatingMethodAccessorImpl.invoke(DelegatingMethodAccessorImpl.java:43)
at java.lang.reflect.Method.invoke(Method.java:498)
at org.testng.internal.MethodInvocationHelper.invokeMethod(MethodInvocationHelper.java:132)
at org.testng.internal.TestInvoker.invokeMethod(TestInvoker.java:599)
at org.testng.internal.TestInvoker.retryFailed(TestInvoker.java:214)
at org.testng.internal.MethodRunner.runInSequence(MethodRunner.java:58)
at org.testng.internal.TestInvoker$MethodInvocationAgent.invoke(TestInvoker.java:822)
at org.testng.internal.TestInvoker.invokeTestMethods(TestInvoker.java:147)
at org.testng.internal.TestMethodWorker.invokeTestMethods(TestMethodWorker.java:146)
at org.testng.internal.TestMethodWorker.run(TestMethodWorker.java:128)
at java.util.ArrayList.forEach(ArrayList.java:1257)
at org.testng.TestRunner.privateRun(TestRunner.java:764)
at org.testng.TestRunner.run(TestRunner.java:585)
at org.testng.SuiteRunner.runTest(SuiteRunner.java:384)
at org.testng.SuiteRunner.runSequentially(SuiteRunner.java:378)
at org.testng.SuiteRunner.privateRun(SuiteRunner.java:337)
at org.testng.SuiteRunner.run(SuiteRunner.java:286)
at org.testng.SuiteRunnerWorker.runSuite(SuiteRunnerWorker.java:53)
at org.testng.SuiteRunnerWorker.run(SuiteRunnerWorker.java:96)
at org.testng.TestNG.runSuitesSequentially(TestNG.java:1218)
at org.testng.TestNG.runSuitesLocally(TestNG.java:1140)
at org.testng.TestNG.runSuites(TestNG.java:1069)
at org.testng.TestNG.run(TestNG.java:1037)
at org.testng.remote.AbstractRemoteTestNG.run(AbstractRemoteTestNG.java:115)
at org.testng.remote.RemoteTestNG.initAndRun(RemoteTestNG.java:251)
at org.testng.remote.RemoteTestNG.main(RemoteTestNG.java:77)
]]>
    </failure>
  </testcase> <!-- CS017 -->
  <testcase name="CS018A" time="18.737" classname="com.vrt.testcases.CopySetupTest">
    <skipped/>
  </testcase> <!-- CS018A -->
  <testcase name="CS018A" time="18.642" classname="com.vrt.testcases.CopySetupTest">
    <skipped/>
  </testcase> <!-- CS018A -->
  <testcase name="CS018A" time="18.534" classname="com.vrt.testcases.CopySetupTest">
    <failure type="org.openqa.selenium.NoSuchElementException" message="An element could not be located on the page using the given search parameters. (WARNING: The server did not provide any stacktrace information)
Command duration or timeout: 0 milliseconds
For documentation on this error, please visit: https://www.seleniumhq.org/exceptions/no_such_element.html
Build info: version: &amp;apos;3.141.59&amp;apos;, revision: &amp;apos;e82be7d358&amp;apos;, time: &amp;apos;2018-11-14T08:17:03&amp;apos;
System info: host: &amp;apos;INAS-LP024&amp;apos;, ip: &amp;apos;192.168.47.1&amp;apos;, os.name: &amp;apos;Windows 10&amp;apos;, os.arch: &amp;apos;amd64&amp;apos;, os.version: &amp;apos;10.0&amp;apos;, java.version: &amp;apos;1.8.0_181&amp;apos;
Driver info: io.appium.java_client.windows.WindowsDriver
Capabilities {app: Kaye.ValProbeRT_racmveb2qnw..., javascriptEnabled: true, ms:waitForAppLaunch: 10, platform: WINDOWS, platformName: WINDOWS}
Session ID: 3BECA595-D2F8-427D-816C-FD07EC037880
*** Element info: {Using=accessibility id, value=chkSelectAll}">
      <![CDATA[org.openqa.selenium.NoSuchElementException: An element could not be located on the page using the given search parameters. (WARNING: The server did not provide any stacktrace information)
Command duration or timeout: 0 milliseconds
For documentation on this error, please visit: https://www.seleniumhq.org/exceptions/no_such_element.html
Build info: version: '3.141.59', revision: 'e82be7d358', time: '2018-11-14T08:17:03'
System info: host: 'INAS-LP024', ip: '192.168.47.1', os.name: 'Windows 10', os.arch: 'amd64', os.version: '10.0', java.version: '1.8.0_181'
Driver info: io.appium.java_client.windows.WindowsDriver
Capabilities {app: Kaye.ValProbeRT_racmveb2qnw..., javascriptEnabled: true, ms:waitForAppLaunch: 10, platform: WINDOWS, platformName: WINDOWS}
Session ID: 3BECA595-D2F8-427D-816C-FD07EC037880
*** Element info: {Using=accessibility id, value=chkSelectAll}
at sun.reflect.GeneratedConstructorAccessor70.newInstance(Unknown Source)
at sun.reflect.DelegatingConstructorAccessorImpl.newInstance(DelegatingConstructorAccessorImpl.java:45)
at java.lang.reflect.Constructor.newInstance(Constructor.java:423)
at org.openqa.selenium.remote.ErrorHandler.createThrowable(ErrorHandler.java:214)
at org.openqa.selenium.remote.ErrorHandler.throwIfResponseFailed(ErrorHandler.java:166)
at org.openqa.selenium.remote.http.JsonHttpResponseCodec.reconstructValue(JsonHttpResponseCodec.java:40)
at org.openqa.selenium.remote.http.AbstractHttpResponseCodec.decode(AbstractHttpResponseCodec.java:80)
at org.openqa.selenium.remote.http.AbstractHttpResponseCodec.decode(AbstractHttpResponseCodec.java:44)
at org.openqa.selenium.remote.HttpCommandExecutor.execute(HttpCommandExecutor.java:158)
at io.appium.java_client.remote.AppiumCommandExecutor.execute(AppiumCommandExecutor.java:239)
at org.openqa.selenium.remote.RemoteWebDriver.execute(RemoteWebDriver.java:552)
at io.appium.java_client.DefaultGenericMobileDriver.execute(DefaultGenericMobileDriver.java:42)
at io.appium.java_client.AppiumDriver.execute(AppiumDriver.java:1)
at io.appium.java_client.windows.WindowsDriver.execute(WindowsDriver.java:1)
at org.openqa.selenium.remote.RemoteWebDriver.findElement(RemoteWebDriver.java:323)
at io.appium.java_client.DefaultGenericMobileDriver.findElement(DefaultGenericMobileDriver.java:62)
at io.appium.java_client.AppiumDriver.findElement(AppiumDriver.java:1)
at io.appium.java_client.windows.WindowsDriver.findElement(WindowsDriver.java:1)
at io.appium.java_client.FindsByAccessibilityId.findElementByAccessibilityId(FindsByAccessibilityId.java:37)
at com.vrt.pages.CopySetuppage.initElements(CopySetuppage.java:28)
at com.vrt.pages.CopySetuppage.<init>(CopySetuppage.java:39)
at com.vrt.pages.assetDetailsPage.click_CopyStup_Btn(assetDetailsPage.java:774)
at com.vrt.testcases.CopySetupTest.CS018A(CopySetupTest.java:643)
at sun.reflect.NativeMethodAccessorImpl.invoke0(Native Method)
at sun.reflect.NativeMethodAccessorImpl.invoke(NativeMethodAccessorImpl.java:62)
at sun.reflect.DelegatingMethodAccessorImpl.invoke(DelegatingMethodAccessorImpl.java:43)
at java.lang.reflect.Method.invoke(Method.java:498)
at org.testng.internal.MethodInvocationHelper.invokeMethod(MethodInvocationHelper.java:132)
at org.testng.internal.TestInvoker.invokeMethod(TestInvoker.java:599)
at org.testng.internal.TestInvoker.retryFailed(TestInvoker.java:214)
at org.testng.internal.MethodRunner.runInSequence(MethodRunner.java:58)
at org.testng.internal.TestInvoker$MethodInvocationAgent.invoke(TestInvoker.java:822)
at org.testng.internal.TestInvoker.invokeTestMethods(TestInvoker.java:147)
at org.testng.internal.TestMethodWorker.invokeTestMethods(TestMethodWorker.java:146)
at org.testng.internal.TestMethodWorker.run(TestMethodWorker.java:128)
at java.util.ArrayList.forEach(ArrayList.java:1257)
at org.testng.TestRunner.privateRun(TestRunner.java:764)
at org.testng.TestRunner.run(TestRunner.java:585)
at org.testng.SuiteRunner.runTest(SuiteRunner.java:384)
at org.testng.SuiteRunner.runSequentially(SuiteRunner.java:378)
at org.testng.SuiteRunner.privateRun(SuiteRunner.java:337)
at org.testng.SuiteRunner.run(SuiteRunner.java:286)
at org.testng.SuiteRunnerWorker.runSuite(SuiteRunnerWorker.java:53)
at org.testng.SuiteRunnerWorker.run(SuiteRunnerWorker.java:96)
at org.testng.TestNG.runSuitesSequentially(TestNG.java:1218)
at org.testng.TestNG.runSuitesLocally(TestNG.java:1140)
at org.testng.TestNG.runSuites(TestNG.java:1069)
at org.testng.TestNG.run(TestNG.java:1037)
at org.testng.remote.AbstractRemoteTestNG.run(AbstractRemoteTestNG.java:115)
at org.testng.remote.RemoteTestNG.initAndRun(RemoteTestNG.java:251)
at org.testng.remote.RemoteTestNG.main(RemoteTestNG.java:77)
]]>
    </failure>
  </testcase> <!-- CS018A -->
  <testcase name="CS018B" time="18.534" classname="com.vrt.testcases.CopySetupTest">
    <skipped/>
  </testcase> <!-- CS018B -->
  <testcase name="CS018B" time="18.612" classname="com.vrt.testcases.CopySetupTest">
    <skipped/>
  </testcase> <!-- CS018B -->
  <testcase name="CS018B" time="18.252" classname="com.vrt.testcases.CopySetupTest">
    <failure type="org.openqa.selenium.NoSuchElementException" message="An element could not be located on the page using the given search parameters. (WARNING: The server did not provide any stacktrace information)
Command duration or timeout: 0 milliseconds
For documentation on this error, please visit: https://www.seleniumhq.org/exceptions/no_such_element.html
Build info: version: &amp;apos;3.141.59&amp;apos;, revision: &amp;apos;e82be7d358&amp;apos;, time: &amp;apos;2018-11-14T08:17:03&amp;apos;
System info: host: &amp;apos;INAS-LP024&amp;apos;, ip: &amp;apos;192.168.47.1&amp;apos;, os.name: &amp;apos;Windows 10&amp;apos;, os.arch: &amp;apos;amd64&amp;apos;, os.version: &amp;apos;10.0&amp;apos;, java.version: &amp;apos;1.8.0_181&amp;apos;
Driver info: io.appium.java_client.windows.WindowsDriver
Capabilities {app: Kaye.ValProbeRT_racmveb2qnw..., javascriptEnabled: true, ms:waitForAppLaunch: 10, platform: WINDOWS, platformName: WINDOWS}
Session ID: 6ADCFCB4-F718-4050-A956-8714D71B770E
*** Element info: {Using=accessibility id, value=chkSelectAll}">
      <![CDATA[org.openqa.selenium.NoSuchElementException: An element could not be located on the page using the given search parameters. (WARNING: The server did not provide any stacktrace information)
Command duration or timeout: 0 milliseconds
For documentation on this error, please visit: https://www.seleniumhq.org/exceptions/no_such_element.html
Build info: version: '3.141.59', revision: 'e82be7d358', time: '2018-11-14T08:17:03'
System info: host: 'INAS-LP024', ip: '192.168.47.1', os.name: 'Windows 10', os.arch: 'amd64', os.version: '10.0', java.version: '1.8.0_181'
Driver info: io.appium.java_client.windows.WindowsDriver
Capabilities {app: Kaye.ValProbeRT_racmveb2qnw..., javascriptEnabled: true, ms:waitForAppLaunch: 10, platform: WINDOWS, platformName: WINDOWS}
Session ID: 6ADCFCB4-F718-4050-A956-8714D71B770E
*** Element info: {Using=accessibility id, value=chkSelectAll}
at sun.reflect.GeneratedConstructorAccessor70.newInstance(Unknown Source)
at sun.reflect.DelegatingConstructorAccessorImpl.newInstance(DelegatingConstructorAccessorImpl.java:45)
at java.lang.reflect.Constructor.newInstance(Constructor.java:423)
at org.openqa.selenium.remote.ErrorHandler.createThrowable(ErrorHandler.java:214)
at org.openqa.selenium.remote.ErrorHandler.throwIfResponseFailed(ErrorHandler.java:166)
at org.openqa.selenium.remote.http.JsonHttpResponseCodec.reconstructValue(JsonHttpResponseCodec.java:40)
at org.openqa.selenium.remote.http.AbstractHttpResponseCodec.decode(AbstractHttpResponseCodec.java:80)
at org.openqa.selenium.remote.http.AbstractHttpResponseCodec.decode(AbstractHttpResponseCodec.java:44)
at org.openqa.selenium.remote.HttpCommandExecutor.execute(HttpCommandExecutor.java:158)
at io.appium.java_client.remote.AppiumCommandExecutor.execute(AppiumCommandExecutor.java:239)
at org.openqa.selenium.remote.RemoteWebDriver.execute(RemoteWebDriver.java:552)
at io.appium.java_client.DefaultGenericMobileDriver.execute(DefaultGenericMobileDriver.java:42)
at io.appium.java_client.AppiumDriver.execute(AppiumDriver.java:1)
at io.appium.java_client.windows.WindowsDriver.execute(WindowsDriver.java:1)
at org.openqa.selenium.remote.RemoteWebDriver.findElement(RemoteWebDriver.java:323)
at io.appium.java_client.DefaultGenericMobileDriver.findElement(DefaultGenericMobileDriver.java:62)
at io.appium.java_client.AppiumDriver.findElement(AppiumDriver.java:1)
at io.appium.java_client.windows.WindowsDriver.findElement(WindowsDriver.java:1)
at io.appium.java_client.FindsByAccessibilityId.findElementByAccessibilityId(FindsByAccessibilityId.java:37)
at com.vrt.pages.CopySetuppage.initElements(CopySetuppage.java:28)
at com.vrt.pages.CopySetuppage.<init>(CopySetuppage.java:39)
at com.vrt.pages.assetDetailsPage.click_CopyStup_Btn(assetDetailsPage.java:774)
at com.vrt.testcases.CopySetupTest.CS018B(CopySetupTest.java:662)
at sun.reflect.NativeMethodAccessorImpl.invoke0(Native Method)
at sun.reflect.NativeMethodAccessorImpl.invoke(NativeMethodAccessorImpl.java:62)
at sun.reflect.DelegatingMethodAccessorImpl.invoke(DelegatingMethodAccessorImpl.java:43)
at java.lang.reflect.Method.invoke(Method.java:498)
at org.testng.internal.MethodInvocationHelper.invokeMethod(MethodInvocationHelper.java:132)
at org.testng.internal.TestInvoker.invokeMethod(TestInvoker.java:599)
at org.testng.internal.TestInvoker.retryFailed(TestInvoker.java:214)
at org.testng.internal.MethodRunner.runInSequence(MethodRunner.java:58)
at org.testng.internal.TestInvoker$MethodInvocationAgent.invoke(TestInvoker.java:822)
at org.testng.internal.TestInvoker.invokeTestMethods(TestInvoker.java:147)
at org.testng.internal.TestMethodWorker.invokeTestMethods(TestMethodWorker.java:146)
at org.testng.internal.TestMethodWorker.run(TestMethodWorker.java:128)
at java.util.ArrayList.forEach(ArrayList.java:1257)
at org.testng.TestRunner.privateRun(TestRunner.java:764)
at org.testng.TestRunner.run(TestRunner.java:585)
at org.testng.SuiteRunner.runTest(SuiteRunner.java:384)
at org.testng.SuiteRunner.runSequentially(SuiteRunner.java:378)
at org.testng.SuiteRunner.privateRun(SuiteRunner.java:337)
at org.testng.SuiteRunner.run(SuiteRunner.java:286)
at org.testng.SuiteRunnerWorker.runSuite(SuiteRunnerWorker.java:53)
at org.testng.SuiteRunnerWorker.run(SuiteRunnerWorker.java:96)
at org.testng.TestNG.runSuitesSequentially(TestNG.java:1218)
at org.testng.TestNG.runSuitesLocally(TestNG.java:1140)
at org.testng.TestNG.runSuites(TestNG.java:1069)
at org.testng.TestNG.run(TestNG.java:1037)
at org.testng.remote.AbstractRemoteTestNG.run(AbstractRemoteTestNG.java:115)
at org.testng.remote.RemoteTestNG.initAndRun(RemoteTestNG.java:251)
at org.testng.remote.RemoteTestNG.main(RemoteTestNG.java:77)
]]>
    </failure>
  </testcase> <!-- CS018B -->
  <testcase name="CS019" time="18.768" classname="com.vrt.testcases.CopySetupTest">
    <skipped/>
  </testcase> <!-- CS019 -->
  <testcase name="CS019" time="18.955" classname="com.vrt.testcases.CopySetupTest">
    <skipped/>
  </testcase> <!-- CS019 -->
  <testcase name="CS019" time="18.518" classname="com.vrt.testcases.CopySetupTest">
    <failure type="org.openqa.selenium.NoSuchElementException" message="An element could not be located on the page using the given search parameters. (WARNING: The server did not provide any stacktrace information)
Command duration or timeout: 0 milliseconds
For documentation on this error, please visit: https://www.seleniumhq.org/exceptions/no_such_element.html
Build info: version: &amp;apos;3.141.59&amp;apos;, revision: &amp;apos;e82be7d358&amp;apos;, time: &amp;apos;2018-11-14T08:17:03&amp;apos;
System info: host: &amp;apos;INAS-LP024&amp;apos;, ip: &amp;apos;192.168.47.1&amp;apos;, os.name: &amp;apos;Windows 10&amp;apos;, os.arch: &amp;apos;amd64&amp;apos;, os.version: &amp;apos;10.0&amp;apos;, java.version: &amp;apos;1.8.0_181&amp;apos;
Driver info: io.appium.java_client.windows.WindowsDriver
Capabilities {app: Kaye.ValProbeRT_racmveb2qnw..., javascriptEnabled: true, ms:waitForAppLaunch: 10, platform: WINDOWS, platformName: WINDOWS}
Session ID: 022F3752-B03B-45F9-83F5-7689CC988141
*** Element info: {Using=accessibility id, value=chkSelectAll}">
      <![CDATA[org.openqa.selenium.NoSuchElementException: An element could not be located on the page using the given search parameters. (WARNING: The server did not provide any stacktrace information)
Command duration or timeout: 0 milliseconds
For documentation on this error, please visit: https://www.seleniumhq.org/exceptions/no_such_element.html
Build info: version: '3.141.59', revision: 'e82be7d358', time: '2018-11-14T08:17:03'
System info: host: 'INAS-LP024', ip: '192.168.47.1', os.name: 'Windows 10', os.arch: 'amd64', os.version: '10.0', java.version: '1.8.0_181'
Driver info: io.appium.java_client.windows.WindowsDriver
Capabilities {app: Kaye.ValProbeRT_racmveb2qnw..., javascriptEnabled: true, ms:waitForAppLaunch: 10, platform: WINDOWS, platformName: WINDOWS}
Session ID: 022F3752-B03B-45F9-83F5-7689CC988141
*** Element info: {Using=accessibility id, value=chkSelectAll}
at sun.reflect.GeneratedConstructorAccessor70.newInstance(Unknown Source)
at sun.reflect.DelegatingConstructorAccessorImpl.newInstance(DelegatingConstructorAccessorImpl.java:45)
at java.lang.reflect.Constructor.newInstance(Constructor.java:423)
at org.openqa.selenium.remote.ErrorHandler.createThrowable(ErrorHandler.java:214)
at org.openqa.selenium.remote.ErrorHandler.throwIfResponseFailed(ErrorHandler.java:166)
at org.openqa.selenium.remote.http.JsonHttpResponseCodec.reconstructValue(JsonHttpResponseCodec.java:40)
at org.openqa.selenium.remote.http.AbstractHttpResponseCodec.decode(AbstractHttpResponseCodec.java:80)
at org.openqa.selenium.remote.http.AbstractHttpResponseCodec.decode(AbstractHttpResponseCodec.java:44)
at org.openqa.selenium.remote.HttpCommandExecutor.execute(HttpCommandExecutor.java:158)
at io.appium.java_client.remote.AppiumCommandExecutor.execute(AppiumCommandExecutor.java:239)
at org.openqa.selenium.remote.RemoteWebDriver.execute(RemoteWebDriver.java:552)
at io.appium.java_client.DefaultGenericMobileDriver.execute(DefaultGenericMobileDriver.java:42)
at io.appium.java_client.AppiumDriver.execute(AppiumDriver.java:1)
at io.appium.java_client.windows.WindowsDriver.execute(WindowsDriver.java:1)
at org.openqa.selenium.remote.RemoteWebDriver.findElement(RemoteWebDriver.java:323)
at io.appium.java_client.DefaultGenericMobileDriver.findElement(DefaultGenericMobileDriver.java:62)
at io.appium.java_client.AppiumDriver.findElement(AppiumDriver.java:1)
at io.appium.java_client.windows.WindowsDriver.findElement(WindowsDriver.java:1)
at io.appium.java_client.FindsByAccessibilityId.findElementByAccessibilityId(FindsByAccessibilityId.java:37)
at com.vrt.pages.CopySetuppage.initElements(CopySetuppage.java:28)
at com.vrt.pages.CopySetuppage.<init>(CopySetuppage.java:39)
at com.vrt.pages.assetDetailsPage.click_CopyStup_Btn(assetDetailsPage.java:774)
at com.vrt.testcases.CopySetupTest.CS019(CopySetupTest.java:686)
at sun.reflect.NativeMethodAccessorImpl.invoke0(Native Method)
at sun.reflect.NativeMethodAccessorImpl.invoke(NativeMethodAccessorImpl.java:62)
at sun.reflect.DelegatingMethodAccessorImpl.invoke(DelegatingMethodAccessorImpl.java:43)
at java.lang.reflect.Method.invoke(Method.java:498)
at org.testng.internal.MethodInvocationHelper.invokeMethod(MethodInvocationHelper.java:132)
at org.testng.internal.TestInvoker.invokeMethod(TestInvoker.java:599)
at org.testng.internal.TestInvoker.retryFailed(TestInvoker.java:214)
at org.testng.internal.MethodRunner.runInSequence(MethodRunner.java:58)
at org.testng.internal.TestInvoker$MethodInvocationAgent.invoke(TestInvoker.java:822)
at org.testng.internal.TestInvoker.invokeTestMethods(TestInvoker.java:147)
at org.testng.internal.TestMethodWorker.invokeTestMethods(TestMethodWorker.java:146)
at org.testng.internal.TestMethodWorker.run(TestMethodWorker.java:128)
at java.util.ArrayList.forEach(ArrayList.java:1257)
at org.testng.TestRunner.privateRun(TestRunner.java:764)
at org.testng.TestRunner.run(TestRunner.java:585)
at org.testng.SuiteRunner.runTest(SuiteRunner.java:384)
at org.testng.SuiteRunner.runSequentially(SuiteRunner.java:378)
at org.testng.SuiteRunner.privateRun(SuiteRunner.java:337)
at org.testng.SuiteRunner.run(SuiteRunner.java:286)
at org.testng.SuiteRunnerWorker.runSuite(SuiteRunnerWorker.java:53)
at org.testng.SuiteRunnerWorker.run(SuiteRunnerWorker.java:96)
at org.testng.TestNG.runSuitesSequentially(TestNG.java:1218)
at org.testng.TestNG.runSuitesLocally(TestNG.java:1140)
at org.testng.TestNG.runSuites(TestNG.java:1069)
at org.testng.TestNG.run(TestNG.java:1037)
at org.testng.remote.AbstractRemoteTestNG.run(AbstractRemoteTestNG.java:115)
at org.testng.remote.RemoteTestNG.initAndRun(RemoteTestNG.java:251)
at org.testng.remote.RemoteTestNG.main(RemoteTestNG.java:77)
]]>
    </failure>
  </testcase> <!-- CS019 -->
  <testcase name="CS021" time="18.924" classname="com.vrt.testcases.CopySetupTest">
    <skipped/>
  </testcase> <!-- CS021 -->
  <testcase name="CS021" time="18.612" classname="com.vrt.testcases.CopySetupTest">
    <skipped/>
  </testcase> <!-- CS021 -->
  <testcase name="CS021" time="18.706" classname="com.vrt.testcases.CopySetupTest">
    <failure type="org.openqa.selenium.NoSuchElementException" message="An element could not be located on the page using the given search parameters. (WARNING: The server did not provide any stacktrace information)
Command duration or timeout: 0 milliseconds
For documentation on this error, please visit: https://www.seleniumhq.org/exceptions/no_such_element.html
Build info: version: &amp;apos;3.141.59&amp;apos;, revision: &amp;apos;e82be7d358&amp;apos;, time: &amp;apos;2018-11-14T08:17:03&amp;apos;
System info: host: &amp;apos;INAS-LP024&amp;apos;, ip: &amp;apos;192.168.47.1&amp;apos;, os.name: &amp;apos;Windows 10&amp;apos;, os.arch: &amp;apos;amd64&amp;apos;, os.version: &amp;apos;10.0&amp;apos;, java.version: &amp;apos;1.8.0_181&amp;apos;
Driver info: io.appium.java_client.windows.WindowsDriver
Capabilities {app: Kaye.ValProbeRT_racmveb2qnw..., javascriptEnabled: true, ms:waitForAppLaunch: 10, platform: WINDOWS, platformName: WINDOWS}
Session ID: 50312817-9863-433D-83C3-C10624ACDF74
*** Element info: {Using=accessibility id, value=chkSelectAll}">
      <![CDATA[org.openqa.selenium.NoSuchElementException: An element could not be located on the page using the given search parameters. (WARNING: The server did not provide any stacktrace information)
Command duration or timeout: 0 milliseconds
For documentation on this error, please visit: https://www.seleniumhq.org/exceptions/no_such_element.html
Build info: version: '3.141.59', revision: 'e82be7d358', time: '2018-11-14T08:17:03'
System info: host: 'INAS-LP024', ip: '192.168.47.1', os.name: 'Windows 10', os.arch: 'amd64', os.version: '10.0', java.version: '1.8.0_181'
Driver info: io.appium.java_client.windows.WindowsDriver
Capabilities {app: Kaye.ValProbeRT_racmveb2qnw..., javascriptEnabled: true, ms:waitForAppLaunch: 10, platform: WINDOWS, platformName: WINDOWS}
Session ID: 50312817-9863-433D-83C3-C10624ACDF74
*** Element info: {Using=accessibility id, value=chkSelectAll}
at sun.reflect.GeneratedConstructorAccessor70.newInstance(Unknown Source)
at sun.reflect.DelegatingConstructorAccessorImpl.newInstance(DelegatingConstructorAccessorImpl.java:45)
at java.lang.reflect.Constructor.newInstance(Constructor.java:423)
at org.openqa.selenium.remote.ErrorHandler.createThrowable(ErrorHandler.java:214)
at org.openqa.selenium.remote.ErrorHandler.throwIfResponseFailed(ErrorHandler.java:166)
at org.openqa.selenium.remote.http.JsonHttpResponseCodec.reconstructValue(JsonHttpResponseCodec.java:40)
at org.openqa.selenium.remote.http.AbstractHttpResponseCodec.decode(AbstractHttpResponseCodec.java:80)
at org.openqa.selenium.remote.http.AbstractHttpResponseCodec.decode(AbstractHttpResponseCodec.java:44)
at org.openqa.selenium.remote.HttpCommandExecutor.execute(HttpCommandExecutor.java:158)
at io.appium.java_client.remote.AppiumCommandExecutor.execute(AppiumCommandExecutor.java:239)
at org.openqa.selenium.remote.RemoteWebDriver.execute(RemoteWebDriver.java:552)
at io.appium.java_client.DefaultGenericMobileDriver.execute(DefaultGenericMobileDriver.java:42)
at io.appium.java_client.AppiumDriver.execute(AppiumDriver.java:1)
at io.appium.java_client.windows.WindowsDriver.execute(WindowsDriver.java:1)
at org.openqa.selenium.remote.RemoteWebDriver.findElement(RemoteWebDriver.java:323)
at io.appium.java_client.DefaultGenericMobileDriver.findElement(DefaultGenericMobileDriver.java:62)
at io.appium.java_client.AppiumDriver.findElement(AppiumDriver.java:1)
at io.appium.java_client.windows.WindowsDriver.findElement(WindowsDriver.java:1)
at io.appium.java_client.FindsByAccessibilityId.findElementByAccessibilityId(FindsByAccessibilityId.java:37)
at com.vrt.pages.CopySetuppage.initElements(CopySetuppage.java:28)
at com.vrt.pages.CopySetuppage.<init>(CopySetuppage.java:39)
at com.vrt.pages.assetDetailsPage.click_CopyStup_Btn(assetDetailsPage.java:774)
at com.vrt.testcases.CopySetupTest.CS021(CopySetupTest.java:721)
at sun.reflect.NativeMethodAccessorImpl.invoke0(Native Method)
at sun.reflect.NativeMethodAccessorImpl.invoke(NativeMethodAccessorImpl.java:62)
at sun.reflect.DelegatingMethodAccessorImpl.invoke(DelegatingMethodAccessorImpl.java:43)
at java.lang.reflect.Method.invoke(Method.java:498)
at org.testng.internal.MethodInvocationHelper.invokeMethod(MethodInvocationHelper.java:132)
at org.testng.internal.TestInvoker.invokeMethod(TestInvoker.java:599)
at org.testng.internal.TestInvoker.retryFailed(TestInvoker.java:214)
at org.testng.internal.MethodRunner.runInSequence(MethodRunner.java:58)
at org.testng.internal.TestInvoker$MethodInvocationAgent.invoke(TestInvoker.java:822)
at org.testng.internal.TestInvoker.invokeTestMethods(TestInvoker.java:147)
at org.testng.internal.TestMethodWorker.invokeTestMethods(TestMethodWorker.java:146)
at org.testng.internal.TestMethodWorker.run(TestMethodWorker.java:128)
at java.util.ArrayList.forEach(ArrayList.java:1257)
at org.testng.TestRunner.privateRun(TestRunner.java:764)
at org.testng.TestRunner.run(TestRunner.java:585)
at org.testng.SuiteRunner.runTest(SuiteRunner.java:384)
at org.testng.SuiteRunner.runSequentially(SuiteRunner.java:378)
at org.testng.SuiteRunner.privateRun(SuiteRunner.java:337)
at org.testng.SuiteRunner.run(SuiteRunner.java:286)
at org.testng.SuiteRunnerWorker.runSuite(SuiteRunnerWorker.java:53)
at org.testng.SuiteRunnerWorker.run(SuiteRunnerWorker.java:96)
at org.testng.TestNG.runSuitesSequentially(TestNG.java:1218)
at org.testng.TestNG.runSuitesLocally(TestNG.java:1140)
at org.testng.TestNG.runSuites(TestNG.java:1069)
at org.testng.TestNG.run(TestNG.java:1037)
at org.testng.remote.AbstractRemoteTestNG.run(AbstractRemoteTestNG.java:115)
at org.testng.remote.RemoteTestNG.initAndRun(RemoteTestNG.java:251)
at org.testng.remote.RemoteTestNG.main(RemoteTestNG.java:77)
]]>
    </failure>
  </testcase> <!-- CS021 -->
</testsuite> <!-- Asset -->
