<html>
<head>
<title>TestNG:  Setup</title>
<link href="../testng.css" rel="stylesheet" type="text/css" />
<link href="../my-testng.css" rel="stylesheet" type="text/css" />

<style type="text/css">
.log { display: none;} 
.stack-trace { display: none;} 
</style>
<script type="text/javascript">
<!--
function flip(e) {
  current = e.style.display;
  if (current == 'block') {
    e.style.display = 'none';
    return 0;
  }
  else {
    e.style.display = 'block';
    return 1;
  }
}

function toggleBox(szDivId, elem, msg1, msg2)
{
  var res = -1;  if (document.getElementById) {
    res = flip(document.getElementById(szDivId));
  }
  else if (document.all) {
    // this is the way old msie versions work
    res = flip(document.all[szDivId]);
  }
  if(elem) {
    if(res == 0) elem.innerHTML = msg1; else elem.innerHTML = msg2;
  }

}

function toggleAllBoxes() {
  if (document.getElementsByTagName) {
    d = document.getElementsByTagName('div');
    for (i = 0; i < d.length; i++) {
      if (d[i].className == 'log') {
        flip(d[i]);
      }
    }
  }
}

// -->
</script>

</head>
<body>
<h2 align='center'>Setup</h2><table border='1' align="center">
<tr>
<td>Tests passed/Failed/Skipped:</td><td>119/8/12</td>
</tr><tr>
<td>Started on:</td><td>Thu Jul 08 12:33:34 IST 2021</td>
</tr>
<tr><td>Total time:</td><td>4773 seconds (4773115 ms)</td>
</tr><tr>
<td>Included groups:</td><td></td>
</tr><tr>
<td>Excluded groups:</td><td></td>
</tr>
</table><p/>
<small><i>(Hover the method name to see the test class name)</i></small><p/>
<table width='100%' border='1' class='invocation-failed'>
<tr><td colspan='4' align='center'><b>FAILED TESTS</b></td></tr>
<tr><td><b>Test method</b></td>
<td width="30%"><b>Exception</b></td>
<td width="10%"><b>Time (seconds)</b></td>
<td><b>Instance</b></td>
</tr>
<tr>
<td title='com.vrt.testcases.setup_CalculationTest.CAL010()'><b>CAL010</b><br>Test class: com.vrt.testcases.setup_CalculationTest<br>Test method: CAL010-Verify that max 5 characters are allowed in D Value field</td>
<td><div><pre>java.lang.AssertionError: The following asserts failed:
	 Fail:the default value is not displayed in BD Value field  expected [5] but found [4]
	at org.testng.asserts.SoftAssert.assertAll(SoftAssert.java:47)
	at org.testng.asserts.SoftAssert.assertAll(SoftAssert.java:31)
	at com.vrt.testcases.setup_CalculationTest.CAL010(setup_CalculationTest.java:415)
	at sun.reflect.NativeMethodAccessorImpl.invoke0(Native Method)
	at sun.reflect.NativeMethodAccessorImpl.invoke(NativeMethodAccessorImpl.java:62)
	at sun.reflect.DelegatingMethodAccessorImpl.invoke(DelegatingMethodAccessorImpl.java:43)
	at java.lang.reflect.Method.invoke(Method.java:498)
	at org.testng.internal.MethodInvocationHelper.invokeMethod(MethodInvocationHelper.java:135)
	at org.testng.internal.TestInvoker.invokeMethod(TestInvoker.java:598)
	at org.testng.internal.TestInvoker.retryFailed(TestInvoker.java:214)
	at org.testng.internal.MethodRunner.runInSequence(MethodRunner.java:58)
	at org.testng.internal.TestInvoker$MethodInvocationAgent.invoke(TestInvoker.java:821)
	at org.testng.internal.TestInvoker.invokeTestMethods(TestInvoker.java:147)
	at org.testng.internal.TestMethodWorker.invokeTestMethods(TestMethodWorker.java:146)
	at org.testng.internal.TestMethodWorker.run(TestMethodWorker.java:128)
	at java.util.ArrayList.forEach(ArrayList.java:1257)
	at org.testng.TestRunner.privateRun(TestRunner.java:767)
	at org.testng.TestRunner.run(TestRunner.java:588)
	at org.testng.SuiteRunner.runTest(SuiteRunner.java:384)
	at org.testng.SuiteRunner.runSequentially(SuiteRunner.java:378)
	at org.testng.SuiteRunner.privateRun(SuiteRunner.java:337)
	at org.testng.SuiteRunner.run(SuiteRunner.java:286)
	at org.testng.SuiteRunnerWorker.runSuite(SuiteRunnerWorker.java:53)
	at org.testng.SuiteRunnerWorker.run(SuiteRunnerWorker.java:96)
	at org.testng.TestNG.runSuitesSequentially(TestNG.java:1214)
	at org.testng.TestNG.runSuitesLocally(TestNG.java:1136)
	at org.testng.TestNG.runSuites(TestNG.java:1066)
	at org.testng.TestNG.run(TestNG.java:1034)
	at org.testng.remote.AbstractRemoteTestNG.run(AbstractRemoteTestNG.java:115)
	at org.testng.remote.RemoteTestNG.initAndRun(RemoteTestNG.java:251)
	at org.testng.remote.RemoteTestNG.main(RemoteTestNG.java:77)
</pre></div><a href='#' onClick='toggleBox("stack-trace1606297846", this, "Click to show all stack frames", "Click to hide stack frames")'>Click to show all stack frames</a>
<div class='stack-trace' id='stack-trace1606297846'><pre>java.lang.AssertionError: The following asserts failed:
	 Fail:the default value is not displayed in BD Value field  expected [5] but found [4]
	at org.testng.asserts.SoftAssert.assertAll(SoftAssert.java:47)
	at org.testng.asserts.SoftAssert.assertAll(SoftAssert.java:31)
	at com.vrt.testcases.setup_CalculationTest.CAL010(setup_CalculationTest.java:415)
	at sun.reflect.NativeMethodAccessorImpl.invoke0(Native Method)
	at sun.reflect.NativeMethodAccessorImpl.invoke(NativeMethodAccessorImpl.java:62)
	at sun.reflect.DelegatingMethodAccessorImpl.invoke(DelegatingMethodAccessorImpl.java:43)
	at java.lang.reflect.Method.invoke(Method.java:498)
	at org.testng.internal.MethodInvocationHelper.invokeMethod(MethodInvocationHelper.java:135)
	at org.testng.internal.TestInvoker.invokeMethod(TestInvoker.java:598)
	at org.testng.internal.TestInvoker.retryFailed(TestInvoker.java:214)
	at org.testng.internal.MethodRunner.runInSequence(MethodRunner.java:58)
	at org.testng.internal.TestInvoker$MethodInvocationAgent.invoke(TestInvoker.java:821)
	at org.testng.internal.TestInvoker.invokeTestMethods(TestInvoker.java:147)
	at org.testng.internal.TestMethodWorker.invokeTestMethods(TestMethodWorker.java:146)
	at org.testng.internal.TestMethodWorker.run(TestMethodWorker.java:128)
	at java.util.ArrayList.forEach(ArrayList.java:1257)
	at org.testng.TestRunner.privateRun(TestRunner.java:767)
	at org.testng.TestRunner.run(TestRunner.java:588)
	at org.testng.SuiteRunner.runTest(SuiteRunner.java:384)
	at org.testng.SuiteRunner.runSequentially(SuiteRunner.java:378)
	at org.testng.SuiteRunner.privateRun(SuiteRunner.java:337)
	at org.testng.SuiteRunner.run(SuiteRunner.java:286)
	at org.testng.SuiteRunnerWorker.runSuite(SuiteRunnerWorker.java:53)
	at org.testng.SuiteRunnerWorker.run(SuiteRunnerWorker.java:96)
	at org.testng.TestNG.runSuitesSequentially(TestNG.java:1214)
	at org.testng.TestNG.runSuitesLocally(TestNG.java:1136)
	at org.testng.TestNG.runSuites(TestNG.java:1066)
	at org.testng.TestNG.run(TestNG.java:1034)
	at org.testng.remote.AbstractRemoteTestNG.run(AbstractRemoteTestNG.java:115)
	at org.testng.remote.RemoteTestNG.initAndRun(RemoteTestNG.java:251)
	at org.testng.remote.RemoteTestNG.main(RemoteTestNG.java:77)
</pre></div></td>
<td>1</td>
<td>com.vrt.testcases.setup_CalculationTest@27808f31</td></tr>
<tr>
<td title='com.vrt.testcases.setup_CalculationTest.CAL011A()'><b>CAL011A</b><br>Test class: com.vrt.testcases.setup_CalculationTest<br>Test method: CAL011-Verify that min 0.10 allowed in D Value field</td>
<td><div><pre>java.lang.AssertionError: The following asserts failed:
	 Fail: Minimum value 0.10 is not allowed in D Value field expected [0.10] but found [1.00]
	at org.testng.asserts.SoftAssert.assertAll(SoftAssert.java:47)
	at org.testng.asserts.SoftAssert.assertAll(SoftAssert.java:31)
	at com.vrt.testcases.setup_CalculationTest.CAL011A(setup_CalculationTest.java:431)
	at sun.reflect.NativeMethodAccessorImpl.invoke0(Native Method)
	at sun.reflect.NativeMethodAccessorImpl.invoke(NativeMethodAccessorImpl.java:62)
	at sun.reflect.DelegatingMethodAccessorImpl.invoke(DelegatingMethodAccessorImpl.java:43)
	at java.lang.reflect.Method.invoke(Method.java:498)
	at org.testng.internal.MethodInvocationHelper.invokeMethod(MethodInvocationHelper.java:135)
	at org.testng.internal.TestInvoker.invokeMethod(TestInvoker.java:598)
	at org.testng.internal.TestInvoker.retryFailed(TestInvoker.java:214)
	at org.testng.internal.MethodRunner.runInSequence(MethodRunner.java:58)
	at org.testng.internal.TestInvoker$MethodInvocationAgent.invoke(TestInvoker.java:821)
	at org.testng.internal.TestInvoker.invokeTestMethods(TestInvoker.java:147)
	at org.testng.internal.TestMethodWorker.invokeTestMethods(TestMethodWorker.java:146)
	at org.testng.internal.TestMethodWorker.run(TestMethodWorker.java:128)
	at java.util.ArrayList.forEach(ArrayList.java:1257)
	at org.testng.TestRunner.privateRun(TestRunner.java:767)
	at org.testng.TestRunner.run(TestRunner.java:588)
	at org.testng.SuiteRunner.runTest(SuiteRunner.java:384)
	at org.testng.SuiteRunner.runSequentially(SuiteRunner.java:378)
	at org.testng.SuiteRunner.privateRun(SuiteRunner.java:337)
	at org.testng.SuiteRunner.run(SuiteRunner.java:286)
	at org.testng.SuiteRunnerWorker.runSuite(SuiteRunnerWorker.java:53)
	at org.testng.SuiteRunnerWorker.run(SuiteRunnerWorker.java:96)
	at org.testng.TestNG.runSuitesSequentially(TestNG.java:1214)
	at org.testng.TestNG.runSuitesLocally(TestNG.java:1136)
	at org.testng.TestNG.runSuites(TestNG.java:1066)
	at org.testng.TestNG.run(TestNG.java:1034)
	at org.testng.remote.AbstractRemoteTestNG.run(AbstractRemoteTestNG.java:115)
	at org.testng.remote.RemoteTestNG.initAndRun(RemoteTestNG.java:251)
	at org.testng.remote.RemoteTestNG.main(RemoteTestNG.java:77)
</pre></div><a href='#' onClick='toggleBox("stack-trace1351923033", this, "Click to show all stack frames", "Click to hide stack frames")'>Click to show all stack frames</a>
<div class='stack-trace' id='stack-trace1351923033'><pre>java.lang.AssertionError: The following asserts failed:
	 Fail: Minimum value 0.10 is not allowed in D Value field expected [0.10] but found [1.00]
	at org.testng.asserts.SoftAssert.assertAll(SoftAssert.java:47)
	at org.testng.asserts.SoftAssert.assertAll(SoftAssert.java:31)
	at com.vrt.testcases.setup_CalculationTest.CAL011A(setup_CalculationTest.java:431)
	at sun.reflect.NativeMethodAccessorImpl.invoke0(Native Method)
	at sun.reflect.NativeMethodAccessorImpl.invoke(NativeMethodAccessorImpl.java:62)
	at sun.reflect.DelegatingMethodAccessorImpl.invoke(DelegatingMethodAccessorImpl.java:43)
	at java.lang.reflect.Method.invoke(Method.java:498)
	at org.testng.internal.MethodInvocationHelper.invokeMethod(MethodInvocationHelper.java:135)
	at org.testng.internal.TestInvoker.invokeMethod(TestInvoker.java:598)
	at org.testng.internal.TestInvoker.retryFailed(TestInvoker.java:214)
	at org.testng.internal.MethodRunner.runInSequence(MethodRunner.java:58)
	at org.testng.internal.TestInvoker$MethodInvocationAgent.invoke(TestInvoker.java:821)
	at org.testng.internal.TestInvoker.invokeTestMethods(TestInvoker.java:147)
	at org.testng.internal.TestMethodWorker.invokeTestMethods(TestMethodWorker.java:146)
	at org.testng.internal.TestMethodWorker.run(TestMethodWorker.java:128)
	at java.util.ArrayList.forEach(ArrayList.java:1257)
	at org.testng.TestRunner.privateRun(TestRunner.java:767)
	at org.testng.TestRunner.run(TestRunner.java:588)
	at org.testng.SuiteRunner.runTest(SuiteRunner.java:384)
	at org.testng.SuiteRunner.runSequentially(SuiteRunner.java:378)
	at org.testng.SuiteRunner.privateRun(SuiteRunner.java:337)
	at org.testng.SuiteRunner.run(SuiteRunner.java:286)
	at org.testng.SuiteRunnerWorker.runSuite(SuiteRunnerWorker.java:53)
	at org.testng.SuiteRunnerWorker.run(SuiteRunnerWorker.java:96)
	at org.testng.TestNG.runSuitesSequentially(TestNG.java:1214)
	at org.testng.TestNG.runSuitesLocally(TestNG.java:1136)
	at org.testng.TestNG.runSuites(TestNG.java:1066)
	at org.testng.TestNG.run(TestNG.java:1034)
	at org.testng.remote.AbstractRemoteTestNG.run(AbstractRemoteTestNG.java:115)
	at org.testng.remote.RemoteTestNG.initAndRun(RemoteTestNG.java:251)
	at org.testng.remote.RemoteTestNG.main(RemoteTestNG.java:77)
</pre></div></td>
<td>5</td>
<td>com.vrt.testcases.setup_CalculationTest@27808f31</td></tr>
<tr>
<td title='com.vrt.testcases.setup_CalculationTest.CAL011B()'><b>CAL011B</b><br>Test class: com.vrt.testcases.setup_CalculationTest<br>Test method: CAL011B-Verify that max 99.99  allowed in D Value field</td>
<td><div><pre>java.lang.AssertionError: The following asserts failed:
	Fail:Minimum value 99.99 is not allowed in D Value field  expected [99.99] but found [1.00]
	at org.testng.asserts.SoftAssert.assertAll(SoftAssert.java:47)
	at org.testng.asserts.SoftAssert.assertAll(SoftAssert.java:31)
	at com.vrt.testcases.setup_CalculationTest.CAL011B(setup_CalculationTest.java:448)
	at sun.reflect.NativeMethodAccessorImpl.invoke0(Native Method)
	at sun.reflect.NativeMethodAccessorImpl.invoke(NativeMethodAccessorImpl.java:62)
	at sun.reflect.DelegatingMethodAccessorImpl.invoke(DelegatingMethodAccessorImpl.java:43)
	at java.lang.reflect.Method.invoke(Method.java:498)
	at org.testng.internal.MethodInvocationHelper.invokeMethod(MethodInvocationHelper.java:135)
	at org.testng.internal.TestInvoker.invokeMethod(TestInvoker.java:598)
	at org.testng.internal.TestInvoker.retryFailed(TestInvoker.java:214)
	at org.testng.internal.MethodRunner.runInSequence(MethodRunner.java:58)
	at org.testng.internal.TestInvoker$MethodInvocationAgent.invoke(TestInvoker.java:821)
	at org.testng.internal.TestInvoker.invokeTestMethods(TestInvoker.java:147)
	at org.testng.internal.TestMethodWorker.invokeTestMethods(TestMethodWorker.java:146)
	at org.testng.internal.TestMethodWorker.run(TestMethodWorker.java:128)
	at java.util.ArrayList.forEach(ArrayList.java:1257)
	at org.testng.TestRunner.privateRun(TestRunner.java:767)
	at org.testng.TestRunner.run(TestRunner.java:588)
	at org.testng.SuiteRunner.runTest(SuiteRunner.java:384)
	at org.testng.SuiteRunner.runSequentially(SuiteRunner.java:378)
	at org.testng.SuiteRunner.privateRun(SuiteRunner.java:337)
	at org.testng.SuiteRunner.run(SuiteRunner.java:286)
	at org.testng.SuiteRunnerWorker.runSuite(SuiteRunnerWorker.java:53)
	at org.testng.SuiteRunnerWorker.run(SuiteRunnerWorker.java:96)
	at org.testng.TestNG.runSuitesSequentially(TestNG.java:1214)
	at org.testng.TestNG.runSuitesLocally(TestNG.java:1136)
	at org.testng.TestNG.runSuites(TestNG.java:1066)
	at org.testng.TestNG.run(TestNG.java:1034)
	at org.testng.remote.AbstractRemoteTestNG.run(AbstractRemoteTestNG.java:115)
	at org.testng.remote.RemoteTestNG.initAndRun(RemoteTestNG.java:251)
	at org.testng.remote.RemoteTestNG.main(RemoteTestNG.java:77)
</pre></div><a href='#' onClick='toggleBox("stack-trace824056458", this, "Click to show all stack frames", "Click to hide stack frames")'>Click to show all stack frames</a>
<div class='stack-trace' id='stack-trace824056458'><pre>java.lang.AssertionError: The following asserts failed:
	Fail:Minimum value 99.99 is not allowed in D Value field  expected [99.99] but found [1.00]
	at org.testng.asserts.SoftAssert.assertAll(SoftAssert.java:47)
	at org.testng.asserts.SoftAssert.assertAll(SoftAssert.java:31)
	at com.vrt.testcases.setup_CalculationTest.CAL011B(setup_CalculationTest.java:448)
	at sun.reflect.NativeMethodAccessorImpl.invoke0(Native Method)
	at sun.reflect.NativeMethodAccessorImpl.invoke(NativeMethodAccessorImpl.java:62)
	at sun.reflect.DelegatingMethodAccessorImpl.invoke(DelegatingMethodAccessorImpl.java:43)
	at java.lang.reflect.Method.invoke(Method.java:498)
	at org.testng.internal.MethodInvocationHelper.invokeMethod(MethodInvocationHelper.java:135)
	at org.testng.internal.TestInvoker.invokeMethod(TestInvoker.java:598)
	at org.testng.internal.TestInvoker.retryFailed(TestInvoker.java:214)
	at org.testng.internal.MethodRunner.runInSequence(MethodRunner.java:58)
	at org.testng.internal.TestInvoker$MethodInvocationAgent.invoke(TestInvoker.java:821)
	at org.testng.internal.TestInvoker.invokeTestMethods(TestInvoker.java:147)
	at org.testng.internal.TestMethodWorker.invokeTestMethods(TestMethodWorker.java:146)
	at org.testng.internal.TestMethodWorker.run(TestMethodWorker.java:128)
	at java.util.ArrayList.forEach(ArrayList.java:1257)
	at org.testng.TestRunner.privateRun(TestRunner.java:767)
	at org.testng.TestRunner.run(TestRunner.java:588)
	at org.testng.SuiteRunner.runTest(SuiteRunner.java:384)
	at org.testng.SuiteRunner.runSequentially(SuiteRunner.java:378)
	at org.testng.SuiteRunner.privateRun(SuiteRunner.java:337)
	at org.testng.SuiteRunner.run(SuiteRunner.java:286)
	at org.testng.SuiteRunnerWorker.runSuite(SuiteRunnerWorker.java:53)
	at org.testng.SuiteRunnerWorker.run(SuiteRunnerWorker.java:96)
	at org.testng.TestNG.runSuitesSequentially(TestNG.java:1214)
	at org.testng.TestNG.runSuitesLocally(TestNG.java:1136)
	at org.testng.TestNG.runSuites(TestNG.java:1066)
	at org.testng.TestNG.run(TestNG.java:1034)
	at org.testng.remote.AbstractRemoteTestNG.run(AbstractRemoteTestNG.java:115)
	at org.testng.remote.RemoteTestNG.initAndRun(RemoteTestNG.java:251)
	at org.testng.remote.RemoteTestNG.main(RemoteTestNG.java:77)
</pre></div></td>
<td>5</td>
<td>com.vrt.testcases.setup_CalculationTest@27808f31</td></tr>
<tr>
<td title='com.vrt.testcases.setup_CalculationTest.CAL016B()'><b>CAL016B</b><br>Test class: com.vrt.testcases.setup_CalculationTest<br>Test method: CAL016B-Verify that max 99.0  allowed in Z Value field</td>
<td><div><pre>org.testng.TestNGException: 
Cannot inject @Test annotated Method [CAL016B] with [class java.lang.String].
For more information on native dependency injection please refer to https://testng.org/doc/documentation-main.html#native-dependency-injection
	at org.testng.internal.Parameters.checkParameterTypes(Parameters.java:437)
	at org.testng.internal.Parameters.createParametersForMethod(Parameters.java:351)
	at org.testng.internal.Parameters.createParameters(Parameters.java:708)
	at org.testng.internal.Parameters.handleParameters(Parameters.java:875)
	at org.testng.internal.Parameters.handleParameters(Parameters.java:740)
	at org.testng.internal.ParameterHandler.handleParameters(ParameterHandler.java:59)
	at org.testng.internal.ParameterHandler.createParameters(ParameterHandler.java:38)
	at org.testng.internal.TestInvoker$MethodInvocationAgent.invoke(TestInvoker.java:788)
	at org.testng.internal.TestInvoker.invokeTestMethods(TestInvoker.java:147)
	at org.testng.internal.TestMethodWorker.invokeTestMethods(TestMethodWorker.java:146)
	at org.testng.internal.TestMethodWorker.run(TestMethodWorker.java:128)
	at java.util.ArrayList.forEach(ArrayList.java:1257)
	at org.testng.TestRunner.privateRun(TestRunner.java:767)
	at org.testng.TestRunner.run(TestRunner.java:588)
	at org.testng.SuiteRunner.runTest(SuiteRunner.java:384)
	at org.testng.SuiteRunner.runSequentially(SuiteRunner.java:378)
	at org.testng.SuiteRunner.privateRun(SuiteRunner.java:337)
	at org.testng.SuiteRunner.run(SuiteRunner.java:286)
	at org.testng.SuiteRunnerWorker.runSuite(SuiteRunnerWorker.java:53)
	at org.testng.SuiteRunnerWorker.run(SuiteRunnerWorker.java:96)
	at org.testng.TestNG.runSuitesSequentially(TestNG.java:1214)
	at org.testng.TestNG.runSuitesLocally(TestNG.java:1136)
	at org.testng.TestNG.runSuites(TestNG.java:1066)
	at org.testng.TestNG.run(TestNG.java:1034)
	at org.testng.remote.AbstractRemoteTestNG.run(AbstractRemoteTestNG.java:115)
	at org.testng.remote.RemoteTestNG.initAndRun(RemoteTestNG.java:251)
	at org.testng.remote.RemoteTestNG.main(RemoteTestNG.java:77)
</pre></div><a href='#' onClick='toggleBox("stack-trace1461393493", this, "Click to show all stack frames", "Click to hide stack frames")'>Click to show all stack frames</a>
<div class='stack-trace' id='stack-trace1461393493'><pre>org.testng.TestNGException: 
Cannot inject @Test annotated Method [CAL016B] with [class java.lang.String].
For more information on native dependency injection please refer to https://testng.org/doc/documentation-main.html#native-dependency-injection
	at org.testng.internal.Parameters.checkParameterTypes(Parameters.java:437)
	at org.testng.internal.Parameters.createParametersForMethod(Parameters.java:351)
	at org.testng.internal.Parameters.createParameters(Parameters.java:708)
	at org.testng.internal.Parameters.handleParameters(Parameters.java:875)
	at org.testng.internal.Parameters.handleParameters(Parameters.java:740)
	at org.testng.internal.ParameterHandler.handleParameters(ParameterHandler.java:59)
	at org.testng.internal.ParameterHandler.createParameters(ParameterHandler.java:38)
	at org.testng.internal.TestInvoker$MethodInvocationAgent.invoke(TestInvoker.java:788)
	at org.testng.internal.TestInvoker.invokeTestMethods(TestInvoker.java:147)
	at org.testng.internal.TestMethodWorker.invokeTestMethods(TestMethodWorker.java:146)
	at org.testng.internal.TestMethodWorker.run(TestMethodWorker.java:128)
	at java.util.ArrayList.forEach(ArrayList.java:1257)
	at org.testng.TestRunner.privateRun(TestRunner.java:767)
	at org.testng.TestRunner.run(TestRunner.java:588)
	at org.testng.SuiteRunner.runTest(SuiteRunner.java:384)
	at org.testng.SuiteRunner.runSequentially(SuiteRunner.java:378)
	at org.testng.SuiteRunner.privateRun(SuiteRunner.java:337)
	at org.testng.SuiteRunner.run(SuiteRunner.java:286)
	at org.testng.SuiteRunnerWorker.runSuite(SuiteRunnerWorker.java:53)
	at org.testng.SuiteRunnerWorker.run(SuiteRunnerWorker.java:96)
	at org.testng.TestNG.runSuitesSequentially(TestNG.java:1214)
	at org.testng.TestNG.runSuitesLocally(TestNG.java:1136)
	at org.testng.TestNG.runSuites(TestNG.java:1066)
	at org.testng.TestNG.run(TestNG.java:1034)
	at org.testng.remote.AbstractRemoteTestNG.run(AbstractRemoteTestNG.java:115)
	at org.testng.remote.RemoteTestNG.initAndRun(RemoteTestNG.java:251)
	at org.testng.remote.RemoteTestNG.main(RemoteTestNG.java:77)
</pre></div></td>
<td>0</td>
<td>com.vrt.testcases.setup_CalculationTest@27808f31</td></tr>
<tr>
<td title='com.vrt.testcases.setup_CalculationTest.CAL035()'><b>CAL035</b><br>Test class: com.vrt.testcases.setup_CalculationTest<br>Test method: CAL035-Verify that the value selected from the drop down of Saturation pressure of steam field is relfected correctly</td>
<td><div><pre>java.lang.IndexOutOfBoundsException: Index: 1, Size: 1
	at java.util.ArrayList.rangeCheck(ArrayList.java:657)
	at java.util.ArrayList.get(ArrayList.java:433)
	at com.vrt.pages.Setup_CalculationsPage.getSensorTxt_SaturationPressureOfSteam(Setup_CalculationsPage.java:206)
	at com.vrt.testcases.setup_CalculationTest.CAL035(setup_CalculationTest.java:826)
	at sun.reflect.NativeMethodAccessorImpl.invoke0(Native Method)
	at sun.reflect.NativeMethodAccessorImpl.invoke(NativeMethodAccessorImpl.java:62)
	at sun.reflect.DelegatingMethodAccessorImpl.invoke(DelegatingMethodAccessorImpl.java:43)
	at java.lang.reflect.Method.invoke(Method.java:498)
	at org.testng.internal.MethodInvocationHelper.invokeMethod(MethodInvocationHelper.java:135)
	at org.testng.internal.TestInvoker.invokeMethod(TestInvoker.java:598)
	at org.testng.internal.TestInvoker.retryFailed(TestInvoker.java:214)
	at org.testng.internal.MethodRunner.runInSequence(MethodRunner.java:58)
	at org.testng.internal.TestInvoker$MethodInvocationAgent.invoke(TestInvoker.java:821)
	at org.testng.internal.TestInvoker.invokeTestMethods(TestInvoker.java:147)
	at org.testng.internal.TestMethodWorker.invokeTestMethods(TestMethodWorker.java:146)
	at org.testng.internal.TestMethodWorker.run(TestMethodWorker.java:128)
	at java.util.ArrayList.forEach(ArrayList.java:1257)
	at org.testng.TestRunner.privateRun(TestRunner.java:767)
	at org.testng.TestRunner.run(TestRunner.java:588)
	at org.testng.SuiteRunner.runTest(SuiteRunner.java:384)
	at org.testng.SuiteRunner.runSequentially(SuiteRunner.java:378)
	at org.testng.SuiteRunner.privateRun(SuiteRunner.java:337)
	at org.testng.SuiteRunner.run(SuiteRunner.java:286)
	at org.testng.SuiteRunnerWorker.runSuite(SuiteRunnerWorker.java:53)
	at org.testng.SuiteRunnerWorker.run(SuiteRunnerWorker.java:96)
	at org.testng.TestNG.runSuitesSequentially(TestNG.java:1214)
	at org.testng.TestNG.runSuitesLocally(TestNG.java:1136)
	at org.testng.TestNG.runSuites(TestNG.java:1066)
	at org.testng.TestNG.run(TestNG.java:1034)
	at org.testng.remote.AbstractRemoteTestNG.run(AbstractRemoteTestNG.java:115)
	at org.testng.remote.RemoteTestNG.initAndRun(RemoteTestNG.java:251)
	at org.testng.remote.RemoteTestNG.main(RemoteTestNG.java:77)
</pre></div><a href='#' onClick='toggleBox("stack-trace395087999", this, "Click to show all stack frames", "Click to hide stack frames")'>Click to show all stack frames</a>
<div class='stack-trace' id='stack-trace395087999'><pre>java.lang.IndexOutOfBoundsException: Index: 1, Size: 1
	at java.util.ArrayList.rangeCheck(ArrayList.java:657)
	at java.util.ArrayList.get(ArrayList.java:433)
	at com.vrt.pages.Setup_CalculationsPage.getSensorTxt_SaturationPressureOfSteam(Setup_CalculationsPage.java:206)
	at com.vrt.testcases.setup_CalculationTest.CAL035(setup_CalculationTest.java:826)
	at sun.reflect.NativeMethodAccessorImpl.invoke0(Native Method)
	at sun.reflect.NativeMethodAccessorImpl.invoke(NativeMethodAccessorImpl.java:62)
	at sun.reflect.DelegatingMethodAccessorImpl.invoke(DelegatingMethodAccessorImpl.java:43)
	at java.lang.reflect.Method.invoke(Method.java:498)
	at org.testng.internal.MethodInvocationHelper.invokeMethod(MethodInvocationHelper.java:135)
	at org.testng.internal.TestInvoker.invokeMethod(TestInvoker.java:598)
	at org.testng.internal.TestInvoker.retryFailed(TestInvoker.java:214)
	at org.testng.internal.MethodRunner.runInSequence(MethodRunner.java:58)
	at org.testng.internal.TestInvoker$MethodInvocationAgent.invoke(TestInvoker.java:821)
	at org.testng.internal.TestInvoker.invokeTestMethods(TestInvoker.java:147)
	at org.testng.internal.TestMethodWorker.invokeTestMethods(TestMethodWorker.java:146)
	at org.testng.internal.TestMethodWorker.run(TestMethodWorker.java:128)
	at java.util.ArrayList.forEach(ArrayList.java:1257)
	at org.testng.TestRunner.privateRun(TestRunner.java:767)
	at org.testng.TestRunner.run(TestRunner.java:588)
	at org.testng.SuiteRunner.runTest(SuiteRunner.java:384)
	at org.testng.SuiteRunner.runSequentially(SuiteRunner.java:378)
	at org.testng.SuiteRunner.privateRun(SuiteRunner.java:337)
	at org.testng.SuiteRunner.run(SuiteRunner.java:286)
	at org.testng.SuiteRunnerWorker.runSuite(SuiteRunnerWorker.java:53)
	at org.testng.SuiteRunnerWorker.run(SuiteRunnerWorker.java:96)
	at org.testng.TestNG.runSuitesSequentially(TestNG.java:1214)
	at org.testng.TestNG.runSuitesLocally(TestNG.java:1136)
	at org.testng.TestNG.runSuites(TestNG.java:1066)
	at org.testng.TestNG.run(TestNG.java:1034)
	at org.testng.remote.AbstractRemoteTestNG.run(AbstractRemoteTestNG.java:115)
	at org.testng.remote.RemoteTestNG.initAndRun(RemoteTestNG.java:251)
	at org.testng.remote.RemoteTestNG.main(RemoteTestNG.java:77)
</pre></div></td>
<td>1</td>
<td>com.vrt.testcases.setup_CalculationTest@27808f31</td></tr>
<tr>
<td title='com.vrt.testcases.setup_CalculationTest.CAL036()'><b>CAL036</b><br>Test class: com.vrt.testcases.setup_CalculationTest<br>Test method: CAL036-Verify that the value selected from the drop down of Saturation temperature of steam field is reflected correctly</td>
<td><div><pre>java.lang.IndexOutOfBoundsException: Index: 1, Size: 1
	at java.util.ArrayList.rangeCheck(ArrayList.java:657)
	at java.util.ArrayList.get(ArrayList.java:433)
	at com.vrt.pages.Setup_CalculationsPage.getSensorTxt_SaturationTemperatureOfSteam(Setup_CalculationsPage.java:272)
	at com.vrt.testcases.setup_CalculationTest.CAL036(setup_CalculationTest.java:847)
	at sun.reflect.NativeMethodAccessorImpl.invoke0(Native Method)
	at sun.reflect.NativeMethodAccessorImpl.invoke(NativeMethodAccessorImpl.java:62)
	at sun.reflect.DelegatingMethodAccessorImpl.invoke(DelegatingMethodAccessorImpl.java:43)
	at java.lang.reflect.Method.invoke(Method.java:498)
	at org.testng.internal.MethodInvocationHelper.invokeMethod(MethodInvocationHelper.java:135)
	at org.testng.internal.TestInvoker.invokeMethod(TestInvoker.java:598)
	at org.testng.internal.TestInvoker.retryFailed(TestInvoker.java:214)
	at org.testng.internal.MethodRunner.runInSequence(MethodRunner.java:58)
	at org.testng.internal.TestInvoker$MethodInvocationAgent.invoke(TestInvoker.java:821)
	at org.testng.internal.TestInvoker.invokeTestMethods(TestInvoker.java:147)
	at org.testng.internal.TestMethodWorker.invokeTestMethods(TestMethodWorker.java:146)
	at org.testng.internal.TestMethodWorker.run(TestMethodWorker.java:128)
	at java.util.ArrayList.forEach(ArrayList.java:1257)
	at org.testng.TestRunner.privateRun(TestRunner.java:767)
	at org.testng.TestRunner.run(TestRunner.java:588)
	at org.testng.SuiteRunner.runTest(SuiteRunner.java:384)
	at org.testng.SuiteRunner.runSequentially(SuiteRunner.java:378)
	at org.testng.SuiteRunner.privateRun(SuiteRunner.java:337)
	at org.testng.SuiteRunner.run(SuiteRunner.java:286)
	at org.testng.SuiteRunnerWorker.runSuite(SuiteRunnerWorker.java:53)
	at org.testng.SuiteRunnerWorker.run(SuiteRunnerWorker.java:96)
	at org.testng.TestNG.runSuitesSequentially(TestNG.java:1214)
	at org.testng.TestNG.runSuitesLocally(TestNG.java:1136)
	at org.testng.TestNG.runSuites(TestNG.java:1066)
	at org.testng.TestNG.run(TestNG.java:1034)
	at org.testng.remote.AbstractRemoteTestNG.run(AbstractRemoteTestNG.java:115)
	at org.testng.remote.RemoteTestNG.initAndRun(RemoteTestNG.java:251)
	at org.testng.remote.RemoteTestNG.main(RemoteTestNG.java:77)
</pre></div><a href='#' onClick='toggleBox("stack-trace890354274", this, "Click to show all stack frames", "Click to hide stack frames")'>Click to show all stack frames</a>
<div class='stack-trace' id='stack-trace890354274'><pre>java.lang.IndexOutOfBoundsException: Index: 1, Size: 1
	at java.util.ArrayList.rangeCheck(ArrayList.java:657)
	at java.util.ArrayList.get(ArrayList.java:433)
	at com.vrt.pages.Setup_CalculationsPage.getSensorTxt_SaturationTemperatureOfSteam(Setup_CalculationsPage.java:272)
	at com.vrt.testcases.setup_CalculationTest.CAL036(setup_CalculationTest.java:847)
	at sun.reflect.NativeMethodAccessorImpl.invoke0(Native Method)
	at sun.reflect.NativeMethodAccessorImpl.invoke(NativeMethodAccessorImpl.java:62)
	at sun.reflect.DelegatingMethodAccessorImpl.invoke(DelegatingMethodAccessorImpl.java:43)
	at java.lang.reflect.Method.invoke(Method.java:498)
	at org.testng.internal.MethodInvocationHelper.invokeMethod(MethodInvocationHelper.java:135)
	at org.testng.internal.TestInvoker.invokeMethod(TestInvoker.java:598)
	at org.testng.internal.TestInvoker.retryFailed(TestInvoker.java:214)
	at org.testng.internal.MethodRunner.runInSequence(MethodRunner.java:58)
	at org.testng.internal.TestInvoker$MethodInvocationAgent.invoke(TestInvoker.java:821)
	at org.testng.internal.TestInvoker.invokeTestMethods(TestInvoker.java:147)
	at org.testng.internal.TestMethodWorker.invokeTestMethods(TestMethodWorker.java:146)
	at org.testng.internal.TestMethodWorker.run(TestMethodWorker.java:128)
	at java.util.ArrayList.forEach(ArrayList.java:1257)
	at org.testng.TestRunner.privateRun(TestRunner.java:767)
	at org.testng.TestRunner.run(TestRunner.java:588)
	at org.testng.SuiteRunner.runTest(SuiteRunner.java:384)
	at org.testng.SuiteRunner.runSequentially(SuiteRunner.java:378)
	at org.testng.SuiteRunner.privateRun(SuiteRunner.java:337)
	at org.testng.SuiteRunner.run(SuiteRunner.java:286)
	at org.testng.SuiteRunnerWorker.runSuite(SuiteRunnerWorker.java:53)
	at org.testng.SuiteRunnerWorker.run(SuiteRunnerWorker.java:96)
	at org.testng.TestNG.runSuitesSequentially(TestNG.java:1214)
	at org.testng.TestNG.runSuitesLocally(TestNG.java:1136)
	at org.testng.TestNG.runSuites(TestNG.java:1066)
	at org.testng.TestNG.run(TestNG.java:1034)
	at org.testng.remote.AbstractRemoteTestNG.run(AbstractRemoteTestNG.java:115)
	at org.testng.remote.RemoteTestNG.initAndRun(RemoteTestNG.java:251)
	at org.testng.remote.RemoteTestNG.main(RemoteTestNG.java:77)
</pre></div></td>
<td>1</td>
<td>com.vrt.testcases.setup_CalculationTest@27808f31</td></tr>
<tr>
<td title='com.vrt.testcases.setup_CalculationTest.CAL044()'><b>CAL044</b><br>Test class: com.vrt.testcases.setup_CalculationTest<br>Test method: Verify that on-click of About btn in bottom menu options displays the software version and the console IP address</td>
<td><div><pre>org.testng.TestNGException: 
Method public void com.vrt.testcases.setup_CalculationTest.CAL044(java.lang.String) throws java.lang.InterruptedException,java.net.UnknownHostException requires a @DataProvider named : SET033 in class com.vrt.utility.setupCreationUtility
	at org.testng.internal.Parameters.findDataProvider(Parameters.java:559)
	at org.testng.internal.Parameters.handleParameters(Parameters.java:772)
	at org.testng.internal.Parameters.handleParameters(Parameters.java:740)
	at org.testng.internal.ParameterHandler.handleParameters(ParameterHandler.java:59)
	at org.testng.internal.ParameterHandler.createParameters(ParameterHandler.java:38)
	at org.testng.internal.TestInvoker$MethodInvocationAgent.invoke(TestInvoker.java:788)
	at org.testng.internal.TestInvoker.invokeTestMethods(TestInvoker.java:147)
	at org.testng.internal.TestMethodWorker.invokeTestMethods(TestMethodWorker.java:146)
	at org.testng.internal.TestMethodWorker.run(TestMethodWorker.java:128)
	at java.util.ArrayList.forEach(ArrayList.java:1257)
	at org.testng.TestRunner.privateRun(TestRunner.java:767)
	at org.testng.TestRunner.run(TestRunner.java:588)
	at org.testng.SuiteRunner.runTest(SuiteRunner.java:384)
	at org.testng.SuiteRunner.runSequentially(SuiteRunner.java:378)
	at org.testng.SuiteRunner.privateRun(SuiteRunner.java:337)
	at org.testng.SuiteRunner.run(SuiteRunner.java:286)
	at org.testng.SuiteRunnerWorker.runSuite(SuiteRunnerWorker.java:53)
	at org.testng.SuiteRunnerWorker.run(SuiteRunnerWorker.java:96)
	at org.testng.TestNG.runSuitesSequentially(TestNG.java:1214)
	at org.testng.TestNG.runSuitesLocally(TestNG.java:1136)
	at org.testng.TestNG.runSuites(TestNG.java:1066)
	at org.testng.TestNG.run(TestNG.java:1034)
	at org.testng.remote.AbstractRemoteTestNG.run(AbstractRemoteTestNG.java:115)
	at org.testng.remote.RemoteTestNG.initAndRun(RemoteTestNG.java:251)
	at org.testng.remote.RemoteTestNG.main(RemoteTestNG.java:77)
</pre></div><a href='#' onClick='toggleBox("stack-trace838774903", this, "Click to show all stack frames", "Click to hide stack frames")'>Click to show all stack frames</a>
<div class='stack-trace' id='stack-trace838774903'><pre>org.testng.TestNGException: 
Method public void com.vrt.testcases.setup_CalculationTest.CAL044(java.lang.String) throws java.lang.InterruptedException,java.net.UnknownHostException requires a @DataProvider named : SET033 in class com.vrt.utility.setupCreationUtility
	at org.testng.internal.Parameters.findDataProvider(Parameters.java:559)
	at org.testng.internal.Parameters.handleParameters(Parameters.java:772)
	at org.testng.internal.Parameters.handleParameters(Parameters.java:740)
	at org.testng.internal.ParameterHandler.handleParameters(ParameterHandler.java:59)
	at org.testng.internal.ParameterHandler.createParameters(ParameterHandler.java:38)
	at org.testng.internal.TestInvoker$MethodInvocationAgent.invoke(TestInvoker.java:788)
	at org.testng.internal.TestInvoker.invokeTestMethods(TestInvoker.java:147)
	at org.testng.internal.TestMethodWorker.invokeTestMethods(TestMethodWorker.java:146)
	at org.testng.internal.TestMethodWorker.run(TestMethodWorker.java:128)
	at java.util.ArrayList.forEach(ArrayList.java:1257)
	at org.testng.TestRunner.privateRun(TestRunner.java:767)
	at org.testng.TestRunner.run(TestRunner.java:588)
	at org.testng.SuiteRunner.runTest(SuiteRunner.java:384)
	at org.testng.SuiteRunner.runSequentially(SuiteRunner.java:378)
	at org.testng.SuiteRunner.privateRun(SuiteRunner.java:337)
	at org.testng.SuiteRunner.run(SuiteRunner.java:286)
	at org.testng.SuiteRunnerWorker.runSuite(SuiteRunnerWorker.java:53)
	at org.testng.SuiteRunnerWorker.run(SuiteRunnerWorker.java:96)
	at org.testng.TestNG.runSuitesSequentially(TestNG.java:1214)
	at org.testng.TestNG.runSuitesLocally(TestNG.java:1136)
	at org.testng.TestNG.runSuites(TestNG.java:1066)
	at org.testng.TestNG.run(TestNG.java:1034)
	at org.testng.remote.AbstractRemoteTestNG.run(AbstractRemoteTestNG.java:115)
	at org.testng.remote.RemoteTestNG.initAndRun(RemoteTestNG.java:251)
	at org.testng.remote.RemoteTestNG.main(RemoteTestNG.java:77)
</pre></div></td>
<td>0</td>
<td>com.vrt.testcases.setup_CalculationTest@27808f31</td></tr>
<tr>
<td title='com.vrt.testcases.setup_GroupSensorsTest.GS080()'><b>GS080</b><br>Test class: com.vrt.testcases.setup_GroupSensorsTest<br>Test method: Verify that on-click of About btn in bottom menu options displays the software version and the console IP address</td>
<td><div><pre>org.testng.TestNGException: 
Method public void com.vrt.testcases.setup_GroupSensorsTest.GS080(java.lang.String) throws java.lang.InterruptedException,java.io.IOException requires a @DataProvider named : SET033 in class com.vrt.utility.setupCreationUtility
	at org.testng.internal.Parameters.findDataProvider(Parameters.java:559)
	at org.testng.internal.Parameters.handleParameters(Parameters.java:772)
	at org.testng.internal.Parameters.handleParameters(Parameters.java:740)
	at org.testng.internal.ParameterHandler.handleParameters(ParameterHandler.java:59)
	at org.testng.internal.ParameterHandler.createParameters(ParameterHandler.java:38)
	at org.testng.internal.TestInvoker$MethodInvocationAgent.invoke(TestInvoker.java:788)
	at org.testng.internal.TestInvoker.invokeTestMethods(TestInvoker.java:147)
	at org.testng.internal.TestMethodWorker.invokeTestMethods(TestMethodWorker.java:146)
	at org.testng.internal.TestMethodWorker.run(TestMethodWorker.java:128)
	at java.util.ArrayList.forEach(ArrayList.java:1257)
	at org.testng.TestRunner.privateRun(TestRunner.java:767)
	at org.testng.TestRunner.run(TestRunner.java:588)
	at org.testng.SuiteRunner.runTest(SuiteRunner.java:384)
	at org.testng.SuiteRunner.runSequentially(SuiteRunner.java:378)
	at org.testng.SuiteRunner.privateRun(SuiteRunner.java:337)
	at org.testng.SuiteRunner.run(SuiteRunner.java:286)
	at org.testng.SuiteRunnerWorker.runSuite(SuiteRunnerWorker.java:53)
	at org.testng.SuiteRunnerWorker.run(SuiteRunnerWorker.java:96)
	at org.testng.TestNG.runSuitesSequentially(TestNG.java:1214)
	at org.testng.TestNG.runSuitesLocally(TestNG.java:1136)
	at org.testng.TestNG.runSuites(TestNG.java:1066)
	at org.testng.TestNG.run(TestNG.java:1034)
	at org.testng.remote.AbstractRemoteTestNG.run(AbstractRemoteTestNG.java:115)
	at org.testng.remote.RemoteTestNG.initAndRun(RemoteTestNG.java:251)
	at org.testng.remote.RemoteTestNG.main(RemoteTestNG.java:77)
</pre></div><a href='#' onClick='toggleBox("stack-trace410807331", this, "Click to show all stack frames", "Click to hide stack frames")'>Click to show all stack frames</a>
<div class='stack-trace' id='stack-trace410807331'><pre>org.testng.TestNGException: 
Method public void com.vrt.testcases.setup_GroupSensorsTest.GS080(java.lang.String) throws java.lang.InterruptedException,java.io.IOException requires a @DataProvider named : SET033 in class com.vrt.utility.setupCreationUtility
	at org.testng.internal.Parameters.findDataProvider(Parameters.java:559)
	at org.testng.internal.Parameters.handleParameters(Parameters.java:772)
	at org.testng.internal.Parameters.handleParameters(Parameters.java:740)
	at org.testng.internal.ParameterHandler.handleParameters(ParameterHandler.java:59)
	at org.testng.internal.ParameterHandler.createParameters(ParameterHandler.java:38)
	at org.testng.internal.TestInvoker$MethodInvocationAgent.invoke(TestInvoker.java:788)
	at org.testng.internal.TestInvoker.invokeTestMethods(TestInvoker.java:147)
	at org.testng.internal.TestMethodWorker.invokeTestMethods(TestMethodWorker.java:146)
	at org.testng.internal.TestMethodWorker.run(TestMethodWorker.java:128)
	at java.util.ArrayList.forEach(ArrayList.java:1257)
	at org.testng.TestRunner.privateRun(TestRunner.java:767)
	at org.testng.TestRunner.run(TestRunner.java:588)
	at org.testng.SuiteRunner.runTest(SuiteRunner.java:384)
	at org.testng.SuiteRunner.runSequentially(SuiteRunner.java:378)
	at org.testng.SuiteRunner.privateRun(SuiteRunner.java:337)
	at org.testng.SuiteRunner.run(SuiteRunner.java:286)
	at org.testng.SuiteRunnerWorker.runSuite(SuiteRunnerWorker.java:53)
	at org.testng.SuiteRunnerWorker.run(SuiteRunnerWorker.java:96)
	at org.testng.TestNG.runSuitesSequentially(TestNG.java:1214)
	at org.testng.TestNG.runSuitesLocally(TestNG.java:1136)
	at org.testng.TestNG.runSuites(TestNG.java:1066)
	at org.testng.TestNG.run(TestNG.java:1034)
	at org.testng.remote.AbstractRemoteTestNG.run(AbstractRemoteTestNG.java:115)
	at org.testng.remote.RemoteTestNG.initAndRun(RemoteTestNG.java:251)
	at org.testng.remote.RemoteTestNG.main(RemoteTestNG.java:77)
</pre></div></td>
<td>0</td>
<td>com.vrt.testcases.setup_GroupSensorsTest@37d31475</td></tr>
</table><p>
<table width='100%' border='1' class='invocation-passed'>
<tr><td colspan='4' align='center'><b>PASSED TESTS</b></td></tr>
<tr><td><b>Test method</b></td>
<td width="30%"><b>Exception</b></td>
<td width="10%"><b>Time (seconds)</b></td>
<td><b>Instance</b></td>
</tr>
<tr>
<td title='com.vrt.testcases.setup_CalculationTest.CAL001()'><b>CAL001</b><br>Test class: com.vrt.testcases.setup_CalculationTest<br>Test method: CAL001-Verify the details displayed in Calculations screen</td>
<td></td>
<td>0</td>
<td>com.vrt.testcases.setup_CalculationTest@27808f31</td></tr>
<tr>
<td title='com.vrt.testcases.setup_CalculationTest.CAL002()'><b>CAL002</b><br>Test class: com.vrt.testcases.setup_CalculationTest<br>Test method: CAL002-Verify the details displayed on the right pane on-click of the _Lethality Calculations_ option</td>
<td></td>
<td>0</td>
<td>com.vrt.testcases.setup_CalculationTest@27808f31</td></tr>
<tr>
<td title='com.vrt.testcases.setup_CalculationTest.CAL003()'><b>CAL003</b><br>Test class: com.vrt.testcases.setup_CalculationTest<br>Test method: CAL003-Verify that 121.1 is the default value displayed in Base Temperature field</td>
<td></td>
<td>0</td>
<td>com.vrt.testcases.setup_CalculationTest@27808f31</td></tr>
<tr>
<td title='com.vrt.testcases.setup_CalculationTest.CAL004()'><b>CAL004</b><br>Test class: com.vrt.testcases.setup_CalculationTest<br>Test method: CAL004-Verify that degrees centigrade is displayed beside Base temperature field</td>
<td></td>
<td>0</td>
<td>com.vrt.testcases.setup_CalculationTest@27808f31</td></tr>
<tr>
<td title='com.vrt.testcases.setup_CalculationTest.CAL005()'><b>CAL005</b><br>Test class: com.vrt.testcases.setup_CalculationTest<br>Test method: CAL005-Verify that max 5 characters are allowed in Base Temperature field</td>
<td></td>
<td>0</td>
<td>com.vrt.testcases.setup_CalculationTest@27808f31</td></tr>
<tr>
<td title='com.vrt.testcases.setup_CalculationTest.CAL006A()'><b>CAL006A</b><br>Test class: com.vrt.testcases.setup_CalculationTest<br>Test method: CAL006A-Verify that min 60 and max 400 is allowed in base temperature field</td>
<td></td>
<td>0</td>
<td>com.vrt.testcases.setup_CalculationTest@27808f31</td></tr>
<tr>
<td title='com.vrt.testcases.setup_CalculationTest.CAL006B()'><b>CAL006B</b><br>Test class: com.vrt.testcases.setup_CalculationTest<br>Test method: CAL006B-Verify that min 60 and max 400 is allowed in base temperature field</td>
<td></td>
<td>1</td>
<td>com.vrt.testcases.setup_CalculationTest@27808f31</td></tr>
<tr>
<td title='com.vrt.testcases.setup_CalculationTest.CAL007()'><b>CAL007</b><br>Test class: com.vrt.testcases.setup_CalculationTest<br>Test method: CAL007-Verify the valid values for Base temperature fieldthe count is rounded off to 300<br>Parameters: 1.0</td>
<td></td>
<td>4</td>
<td>com.vrt.testcases.setup_CalculationTest@27808f31</td></tr>
<tr>
<td title='com.vrt.testcases.setup_CalculationTest.CAL007()'><b>CAL007</b><br>Test class: com.vrt.testcases.setup_CalculationTest<br>Test method: CAL007-Verify the valid values for Base temperature fieldthe count is rounded off to 300<br>Parameters: 999.0</td>
<td></td>
<td>4</td>
<td>com.vrt.testcases.setup_CalculationTest@27808f31</td></tr>
<tr>
<td title='com.vrt.testcases.setup_CalculationTest.CAL007()'><b>CAL007</b><br>Test class: com.vrt.testcases.setup_CalculationTest<br>Test method: CAL007-Verify the valid values for Base temperature fieldthe count is rounded off to 300<br>Parameters: 59.0</td>
<td></td>
<td>4</td>
<td>com.vrt.testcases.setup_CalculationTest@27808f31</td></tr>
<tr>
<td title='com.vrt.testcases.setup_CalculationTest.CAL007()'><b>CAL007</b><br>Test class: com.vrt.testcases.setup_CalculationTest<br>Test method: CAL007-Verify the valid values for Base temperature fieldthe count is rounded off to 300<br>Parameters: 12.15</td>
<td></td>
<td>4</td>
<td>com.vrt.testcases.setup_CalculationTest@27808f31</td></tr>
<tr>
<td title='com.vrt.testcases.setup_CalculationTest.CAL008()'><b>CAL008</b><br>Test class: com.vrt.testcases.setup_CalculationTest<br>Test method: CAL008-Verify the invalid values for Base temperature field<br>Parameters: ABCD</td>
<td></td>
<td>1</td>
<td>com.vrt.testcases.setup_CalculationTest@27808f31</td></tr>
<tr>
<td title='com.vrt.testcases.setup_CalculationTest.CAL008()'><b>CAL008</b><br>Test class: com.vrt.testcases.setup_CalculationTest<br>Test method: CAL008-Verify the invalid values for Base temperature field<br>Parameters: *@#%^&</td>
<td></td>
<td>1</td>
<td>com.vrt.testcases.setup_CalculationTest@27808f31</td></tr>
<tr>
<td title='com.vrt.testcases.setup_CalculationTest.CAL008()'><b>CAL008</b><br>Test class: com.vrt.testcases.setup_CalculationTest<br>Test method: CAL008-Verify the invalid values for Base temperature field<br>Parameters:            </td>
<td></td>
<td>1</td>
<td>com.vrt.testcases.setup_CalculationTest@27808f31</td></tr>
<tr>
<td title='com.vrt.testcases.setup_CalculationTest.CAL008()'><b>CAL008</b><br>Test class: com.vrt.testcases.setup_CalculationTest<br>Test method: CAL008-Verify the invalid values for Base temperature field<br>Parameters: A  @#</td>
<td></td>
<td>1</td>
<td>com.vrt.testcases.setup_CalculationTest@27808f31</td></tr>
<tr>
<td title='com.vrt.testcases.setup_CalculationTest.CAL008()'><b>CAL008</b><br>Test class: com.vrt.testcases.setup_CalculationTest<br>Test method: CAL008-Verify the invalid values for Base temperature field<br>Parameters: #   a</td>
<td></td>
<td>1</td>
<td>com.vrt.testcases.setup_CalculationTest@27808f31</td></tr>
<tr>
<td title='com.vrt.testcases.setup_CalculationTest.CAL008A()'><b>CAL008A</b><br>Test class: com.vrt.testcases.setup_CalculationTest<br>Test method: CAL008A-Verify the invalid values for Base temperature field - Negative values</td>
<td></td>
<td>0</td>
<td>com.vrt.testcases.setup_CalculationTest@27808f31</td></tr>
<tr>
<td title='com.vrt.testcases.setup_CalculationTest.CAL008B()'><b>CAL008B</b><br>Test class: com.vrt.testcases.setup_CalculationTest<br>Test method: CAL008B-Verify the invalid values for Base temperature field - Empty Field</td>
<td></td>
<td>0</td>
<td>com.vrt.testcases.setup_CalculationTest@27808f31</td></tr>
<tr>
<td title='com.vrt.testcases.setup_CalculationTest.CAL009()'><b>CAL009</b><br>Test class: com.vrt.testcases.setup_CalculationTest<br>Test method: CAL009-Verify that 1.00 is the default value displayed in D Value field</td>
<td></td>
<td>0</td>
<td>com.vrt.testcases.setup_CalculationTest@27808f31</td></tr>
<tr>
<td title='com.vrt.testcases.setup_CalculationTest.CAL012()'><b>CAL012</b><br>Test class: com.vrt.testcases.setup_CalculationTest<br>Test method: CAL012-Verify the valid values for D Value field<br>Parameters: 5.0</td>
<td></td>
<td>4</td>
<td>com.vrt.testcases.setup_CalculationTest@27808f31</td></tr>
<tr>
<td title='com.vrt.testcases.setup_CalculationTest.CAL012()'><b>CAL012</b><br>Test class: com.vrt.testcases.setup_CalculationTest<br>Test method: CAL012-Verify the valid values for D Value field<br>Parameters: 12.23</td>
<td></td>
<td>4</td>
<td>com.vrt.testcases.setup_CalculationTest@27808f31</td></tr>
<tr>
<td title='com.vrt.testcases.setup_CalculationTest.CAL012()'><b>CAL012</b><br>Test class: com.vrt.testcases.setup_CalculationTest<br>Test method: CAL012-Verify the valid values for D Value field<br>Parameters: 99.99</td>
<td></td>
<td>4</td>
<td>com.vrt.testcases.setup_CalculationTest@27808f31</td></tr>
<tr>
<td title='com.vrt.testcases.setup_CalculationTest.CAL012()'><b>CAL012</b><br>Test class: com.vrt.testcases.setup_CalculationTest<br>Test method: CAL012-Verify the valid values for D Value field<br>Parameters: 12345.0</td>
<td></td>
<td>4</td>
<td>com.vrt.testcases.setup_CalculationTest@27808f31</td></tr>
<tr>
<td title='com.vrt.testcases.setup_CalculationTest.CAL014()'><b>CAL014</b><br>Test class: com.vrt.testcases.setup_CalculationTest<br>Test method: CAL014-Verify that 10.0 is the default value displayed in Z Value field</td>
<td></td>
<td>0</td>
<td>com.vrt.testcases.setup_CalculationTest@27808f31</td></tr>
<tr>
<td title='com.vrt.testcases.setup_CalculationTest.CAL015()'><b>CAL015</b><br>Test class: com.vrt.testcases.setup_CalculationTest<br>Test method: CAL015-Verify that max 5 characters are allowed in Z Value field</td>
<td></td>
<td>0</td>
<td>com.vrt.testcases.setup_CalculationTest@27808f31</td></tr>
<tr>
<td title='com.vrt.testcases.setup_CalculationTest.CAL016A()'><b>CAL016A</b><br>Test class: com.vrt.testcases.setup_CalculationTest<br>Test method: CAL016-Verify that min 1.0  allowed in Z Value field</td>
<td></td>
<td>1</td>
<td>com.vrt.testcases.setup_CalculationTest@27808f31</td></tr>
<tr>
<td title='com.vrt.testcases.setup_CalculationTest.CAL017()'><b>CAL017</b><br>Test class: com.vrt.testcases.setup_CalculationTest<br>Test method: CAL017-Verify the valid values of Z Value field<br>Parameters: 12.0</td>
<td></td>
<td>4</td>
<td>com.vrt.testcases.setup_CalculationTest@27808f31</td></tr>
<tr>
<td title='com.vrt.testcases.setup_CalculationTest.CAL017()'><b>CAL017</b><br>Test class: com.vrt.testcases.setup_CalculationTest<br>Test method: CAL017-Verify the valid values of Z Value field<br>Parameters: 56.78</td>
<td></td>
<td>4</td>
<td>com.vrt.testcases.setup_CalculationTest@27808f31</td></tr>
<tr>
<td title='com.vrt.testcases.setup_CalculationTest.CAL018A()'><b>CAL018A</b><br>Test class: com.vrt.testcases.setup_CalculationTest<br>Test method: CAL018A-Verify the invalid values of  Z Value field<br>Parameters: ABBC</td>
<td></td>
<td>4</td>
<td>com.vrt.testcases.setup_CalculationTest@27808f31</td></tr>
<tr>
<td title='com.vrt.testcases.setup_CalculationTest.CAL018A()'><b>CAL018A</b><br>Test class: com.vrt.testcases.setup_CalculationTest<br>Test method: CAL018A-Verify the invalid values of  Z Value field<br>Parameters: abcc</td>
<td></td>
<td>4</td>
<td>com.vrt.testcases.setup_CalculationTest@27808f31</td></tr>
<tr>
<td title='com.vrt.testcases.setup_CalculationTest.CAL018A()'><b>CAL018A</b><br>Test class: com.vrt.testcases.setup_CalculationTest<br>Test method: CAL018A-Verify the invalid values of  Z Value field<br>Parameters: abc!@#%</td>
<td></td>
<td>4</td>
<td>com.vrt.testcases.setup_CalculationTest@27808f31</td></tr>
<tr>
<td title='com.vrt.testcases.setup_CalculationTest.CAL018A()'><b>CAL018A</b><br>Test class: com.vrt.testcases.setup_CalculationTest<br>Test method: CAL018A-Verify the invalid values of  Z Value field<br>Parameters: !@#%$</td>
<td></td>
<td>4</td>
<td>com.vrt.testcases.setup_CalculationTest@27808f31</td></tr>
<tr>
<td title='com.vrt.testcases.setup_CalculationTest.CAL018A()'><b>CAL018A</b><br>Test class: com.vrt.testcases.setup_CalculationTest<br>Test method: CAL018A-Verify the invalid values of  Z Value field<br>Parameters: $^%</td>
<td></td>
<td>4</td>
<td>com.vrt.testcases.setup_CalculationTest@27808f31</td></tr>
<tr>
<td title='com.vrt.testcases.setup_CalculationTest.CAL018A()'><b>CAL018A</b><br>Test class: com.vrt.testcases.setup_CalculationTest<br>Test method: CAL018A-Verify the invalid values of  Z Value field<br>Parameters: (((*)*&</td>
<td></td>
<td>4</td>
<td>com.vrt.testcases.setup_CalculationTest@27808f31</td></tr>
<tr>
<td title='com.vrt.testcases.setup_CalculationTest.CAL018A()'><b>CAL018A</b><br>Test class: com.vrt.testcases.setup_CalculationTest<br>Test method: CAL018A-Verify the invalid values of  Z Value field<br>Parameters:          </td>
<td></td>
<td>4</td>
<td>com.vrt.testcases.setup_CalculationTest@27808f31</td></tr>
<tr>
<td title='com.vrt.testcases.setup_CalculationTest.CAL018B()'><b>CAL018B</b><br>Test class: com.vrt.testcases.setup_CalculationTest<br>Test method: CAL018B- verify when user Do not enter any value in Z Value field and proceed to next step with valid values in all other fields               </td>
<td></td>
<td>5</td>
<td>com.vrt.testcases.setup_CalculationTest@27808f31</td></tr>
<tr>
<td title='com.vrt.testcases.setup_CalculationTest.CAL018C()'><b>CAL018C</b><br>Test class: com.vrt.testcases.setup_CalculationTest<br>Test method: CAL018C-Verify when user Enter negative value in Z Value field and click on any other field ,The value in the field should get set to 1.0 automatically</td>
<td></td>
<td>1</td>
<td>com.vrt.testcases.setup_CalculationTest@27808f31</td></tr>
<tr>
<td title='com.vrt.testcases.setup_CalculationTest.CAL018D()'><b>CAL018D</b><br>Test class: com.vrt.testcases.setup_CalculationTest<br>Test method:  CAL018D-Verify when user Enter value greater than 99.0 in Z Value field and click on any other field ,The value in the field should get set to 99.0 automatically</td>
<td></td>
<td>1</td>
<td>com.vrt.testcases.setup_CalculationTest@27808f31</td></tr>
<tr>
<td title='com.vrt.testcases.setup_CalculationTest.CAL019()'><b>CAL019</b><br>Test class: com.vrt.testcases.setup_CalculationTest<br>Test method: CAL019-Verify that Undefined, During entire cycle and During Exposure cycle are displayed in the drop down for Calculate lethality field</td>
<td></td>
<td>0</td>
<td>com.vrt.testcases.setup_CalculationTest@27808f31</td></tr>
<tr>
<td title='com.vrt.testcases.setup_CalculationTest.CAL029()'><b>CAL029</b><br>Test class: com.vrt.testcases.setup_CalculationTest<br>Test method: CAL019-Verify that Undefined, During entire cycle and During Exposure cycle are displayed in the drop down for Calculate lethality field</td>
<td></td>
<td>7</td>
<td>com.vrt.testcases.setup_CalculationTest@27808f31</td></tr>
<tr>
<td title='com.vrt.testcases.setup_CalculationTest.CAL030()'><b>CAL030</b><br>Test class: com.vrt.testcases.setup_CalculationTest<br>Test method: CAL030-Verify the details displayed on the right pane on-click of the _Saturation PT Calculation_ option</td>
<td></td>
<td>0</td>
<td>com.vrt.testcases.setup_CalculationTest@27808f31</td></tr>
<tr>
<td title='com.vrt.testcases.setup_CalculationTest.CAL031()'><b>CAL031</b><br>Test class: com.vrt.testcases.setup_CalculationTest<br>Test method: CAL031-Verify that the drop down of Saturation pressure of steam will display the list of all Temperature sensors</td>
<td></td>
<td>4</td>
<td>com.vrt.testcases.setup_CalculationTest@27808f31</td></tr>
<tr>
<td title='com.vrt.testcases.setup_CalculationTest.CAL032()'><b>CAL032</b><br>Test class: com.vrt.testcases.setup_CalculationTest<br>Test method: CAL032-Verify that the drop down of Saturation temperature of steam will display the list of all Pressure sensors</td>
<td></td>
<td>4</td>
<td>com.vrt.testcases.setup_CalculationTest@27808f31</td></tr>
<tr>
<td title='com.vrt.testcases.setup_CalculationTest.CAL033()'><b>CAL033</b><br>Test class: com.vrt.testcases.setup_CalculationTest<br>Test method: CAL033-Verify that the Saturation pressure of steam field will be disabled when there are no temperature sensors defined in the setup</td>
<td></td>
<td>6</td>
<td>com.vrt.testcases.setup_CalculationTest@27808f31</td></tr>
<tr>
<td title='com.vrt.testcases.setup_CalculationTest.CAL034()'><b>CAL034</b><br>Test class: com.vrt.testcases.setup_CalculationTest<br>Test method: CAL034-Verify that the Saturation temperature of steam field will be disabled when there are no pressure sensors defined in the setup</td>
<td></td>
<td>7</td>
<td>com.vrt.testcases.setup_CalculationTest@27808f31</td></tr>
<tr>
<td title='com.vrt.testcases.setup_CalculationTest.CAL037()'><b>CAL037</b><br>Test class: com.vrt.testcases.setup_CalculationTest<br>Test method: CAL037-Verify that on-click of the Group sensors navigator on the top left will navigate to Group sensor screen</td>
<td></td>
<td>1</td>
<td>com.vrt.testcases.setup_CalculationTest@27808f31</td></tr>
<tr>
<td title='com.vrt.testcases.setup_CalculationTest.CAL038()'><b>CAL038</b><br>Test class: com.vrt.testcases.setup_CalculationTest<br>Test method: CAL038-Verify that on-click of the Qualification Parameters navigator on the top right will navigate to Qualification Parameters screen</td>
<td></td>
<td>3</td>
<td>com.vrt.testcases.setup_CalculationTest@27808f31</td></tr>
<tr>
<td title='com.vrt.testcases.setup_CalculationTest.CAL039()'><b>CAL039</b><br>Test class: com.vrt.testcases.setup_CalculationTest<br>Test method: CAL039-Verify that on-click of the back icon on the screen will navigate to Asset details screen upon confirmation</td>
<td></td>
<td>3</td>
<td>com.vrt.testcases.setup_CalculationTest@27808f31</td></tr>
<tr>
<td title='com.vrt.testcases.setup_CalculationTest.CAL041()'><b>CAL041</b><br>Test class: com.vrt.testcases.setup_CalculationTest<br>Test method: CAL041-Verify that on-click of home btn in bottom menu options is navigated to main hub page</td>
<td></td>
<td>2</td>
<td>com.vrt.testcases.setup_CalculationTest@27808f31</td></tr>
<tr>
<td title='com.vrt.testcases.setup_CalculationTest.CAL042()'><b>CAL042</b><br>Test class: com.vrt.testcases.setup_CalculationTest<br>Test method: CAL042-Verify that on-click of help btn in bottom menu options displays information about the Qualification parameters screen</td>
<td></td>
<td>1</td>
<td>com.vrt.testcases.setup_CalculationTest@27808f31</td></tr>
<tr>
<td title='com.vrt.testcases.setup_CalculationTest.CAL045()'><b>CAL045</b><br>Test class: com.vrt.testcases.setup_CalculationTest<br>Test method: CAL045-Verify that when edited the setup and removed Temeprature group, an alert message should be displayed that Lethality condition should be Undefined when there are no Temperature sensors</td>
<td></td>
<td>9</td>
<td>com.vrt.testcases.setup_CalculationTest@27808f31</td></tr>
<tr>
<td title='com.vrt.testcases.setup_GroupSensorsTest.GS001()'><b>GS001</b><br>Test class: com.vrt.testcases.setup_GroupSensorsTest<br>Test method: GS001-Verify the details displayed in Group Sensor screen</td>
<td></td>
<td>11</td>
<td>com.vrt.testcases.setup_GroupSensorsTest@37d31475</td></tr>
<tr>
<td title='com.vrt.testcases.setup_GroupSensorsTest.GS002()'><b>GS002</b><br>Test class: com.vrt.testcases.setup_GroupSensorsTest<br>Test method: GS002-Verify that when clicked on the Default button, the groups get created as per the sensor type with edit icon against each group</td>
<td></td>
<td>17</td>
<td>com.vrt.testcases.setup_GroupSensorsTest@37d31475</td></tr>
<tr>
<td title='com.vrt.testcases.setup_GroupSensorsTest.GS003()'><b>GS003</b><br>Test class: com.vrt.testcases.setup_GroupSensorsTest<br>Test method: GS003-Verify that when clicked on the Temperature group, the temperature sensors list is displayed</td>
<td></td>
<td>17</td>
<td>com.vrt.testcases.setup_GroupSensorsTest@37d31475</td></tr>
<tr>
<td title='com.vrt.testcases.setup_GroupSensorsTest.GS004()'><b>GS004</b><br>Test class: com.vrt.testcases.setup_GroupSensorsTest<br>Test method: GS004-Verify that when clicked on the Pressure group, the pressure sensors list is displayed</td>
<td></td>
<td>13</td>
<td>com.vrt.testcases.setup_GroupSensorsTest@37d31475</td></tr>
<tr>
<td title='com.vrt.testcases.setup_GroupSensorsTest.GS005()'><b>GS005</b><br>Test class: com.vrt.testcases.setup_GroupSensorsTest<br>Test method: GS005-Verify that when clicked on the Humidity group, the humidity sensors list is displayed</td>
<td></td>
<td>14</td>
<td>com.vrt.testcases.setup_GroupSensorsTest@37d31475</td></tr>
<tr>
<td title='com.vrt.testcases.setup_GroupSensorsTest.GS005_1()'><b>GS005_1</b><br>Test class: com.vrt.testcases.setup_GroupSensorsTest<br>Test method: GS005.1-Verify that when there are more number of sensors for a group, max 50 sensors are displayed for that group and next 50 sensors are divided into the second group</td>
<td></td>
<td>11</td>
<td>com.vrt.testcases.setup_GroupSensorsTest@37d31475</td></tr>
<tr>
<td title='com.vrt.testcases.setup_GroupSensorsTest.GS006()'><b>GS006</b><br>Test class: com.vrt.testcases.setup_GroupSensorsTest<br>Test method: GS006-Verify that when clicked on the Pressure group, the pressure sensors list is displayed</td>
<td></td>
<td>15</td>
<td>com.vrt.testcases.setup_GroupSensorsTest@37d31475</td></tr>
<tr>
<td title='com.vrt.testcases.setup_GroupSensorsTest.GS007()'><b>GS007</b><br>Test class: com.vrt.testcases.setup_GroupSensorsTest<br>Test method: GS007:Verify that when edited the groups, the sensors of the current group will be selected and Save and cancel buttons are displayed</td>
<td></td>
<td>18</td>
<td>com.vrt.testcases.setup_GroupSensorsTest@37d31475</td></tr>
<tr>
<td title='com.vrt.testcases.setup_GroupSensorsTest.GS008()'><b>GS008</b><br>Test class: com.vrt.testcases.setup_GroupSensorsTest<br>Test method: GS008-Verify that the wiring overlay icon will be non-clickable and new griup button is disabled when groups are in edit mode</td>
<td></td>
<td>8</td>
<td>com.vrt.testcases.setup_GroupSensorsTest@37d31475</td></tr>
<tr>
<td title='com.vrt.testcases.setup_GroupSensorsTest.GS009()'><b>GS009</b><br>Test class: com.vrt.testcases.setup_GroupSensorsTest<br>Test method: GS009-Verify that when temperature group is in edit mode, the sensors of different sensor type are not selectable</td>
<td></td>
<td>13</td>
<td>com.vrt.testcases.setup_GroupSensorsTest@37d31475</td></tr>
<tr>
<td title='com.vrt.testcases.setup_GroupSensorsTest.GS010()'><b>GS010</b><br>Test class: com.vrt.testcases.setup_GroupSensorsTest<br>Test method: GS010-Verify that when pressure group is in edit mode, the sensors of different sensor type are not selectable</td>
<td></td>
<td>14</td>
<td>com.vrt.testcases.setup_GroupSensorsTest@37d31475</td></tr>
<tr>
<td title='com.vrt.testcases.setup_GroupSensorsTest.GS011()'><b>GS011</b><br>Test class: com.vrt.testcases.setup_GroupSensorsTest<br>Test method: GS011-Verify that when humidity group is in edit mode, the sensors of different sensor type are not selectable</td>
<td></td>
<td>13</td>
<td>com.vrt.testcases.setup_GroupSensorsTest@37d31475</td></tr>
<tr>
<td title='com.vrt.testcases.setup_GroupSensorsTest.GS012()'><b>GS012</b><br>Test class: com.vrt.testcases.setup_GroupSensorsTest<br>Test method: GS012-Verify that the max number of characters allowed in group name field are 35 char</td>
<td></td>
<td>20</td>
<td>com.vrt.testcases.setup_GroupSensorsTest@37d31475</td></tr>
<tr>
<td title='com.vrt.testcases.setup_GroupSensorsTest.GS013()'><b>GS013</b><br>Test class: com.vrt.testcases.setup_GroupSensorsTest<br>Test method: GS013-Verify the valid inputs for Group name field accepted in Temperature field under Add Sensors section<br>Parameters: Gname</td>
<td></td>
<td>9</td>
<td>com.vrt.testcases.setup_GroupSensorsTest@37d31475</td></tr>
<tr>
<td title='com.vrt.testcases.setup_GroupSensorsTest.GS013()'><b>GS013</b><br>Test class: com.vrt.testcases.setup_GroupSensorsTest<br>Test method: GS013-Verify the valid inputs for Group name field accepted in Temperature field under Add Sensors section<br>Parameters: gfhh</td>
<td></td>
<td>9</td>
<td>com.vrt.testcases.setup_GroupSensorsTest@37d31475</td></tr>
<tr>
<td title='com.vrt.testcases.setup_GroupSensorsTest.GS013()'><b>GS013</b><br>Test class: com.vrt.testcases.setup_GroupSensorsTest<br>Test method: GS013-Verify the valid inputs for Group name field accepted in Temperature field under Add Sensors section<br>Parameters: 22test</td>
<td></td>
<td>9</td>
<td>com.vrt.testcases.setup_GroupSensorsTest@37d31475</td></tr>
<tr>
<td title='com.vrt.testcases.setup_GroupSensorsTest.GS014B()'><b>GS014B</b><br>Test class: com.vrt.testcases.setup_GroupSensorsTest<br>Test method: GS014B-Do not enter anything in Group name field. Click on calculations Tab</td>
<td></td>
<td>18</td>
<td>com.vrt.testcases.setup_GroupSensorsTest@37d31475</td></tr>
<tr>
<td title='com.vrt.testcases.setup_GroupSensorsTest.GS015()'><b>GS015</b><br>Test class: com.vrt.testcases.setup_GroupSensorsTest<br>Test method: GS015-Verify that the sensors can be selected or de-selected for a group in edit mode</td>
<td></td>
<td>10</td>
<td>com.vrt.testcases.setup_GroupSensorsTest@37d31475</td></tr>
<tr>
<td title='com.vrt.testcases.setup_GroupSensorsTest.GS016()'><b>GS016</b><br>Test class: com.vrt.testcases.setup_GroupSensorsTest<br>Test method: GS016-Verify that when selected more than 50 sensors for a group of same sensor type in edit mode, a validation message is displayed that max 50 sensors are allowed for each group</td>
<td></td>
<td>9</td>
<td>com.vrt.testcases.setup_GroupSensorsTest@37d31475</td></tr>
<tr>
<td title='com.vrt.testcases.setup_GroupSensorsTest.GS017()'><b>GS017</b><br>Test class: com.vrt.testcases.setup_GroupSensorsTest<br>Test method: GS017-Verify that when clicked on the cancel button for groups in edit mode, will discard the changes</td>
<td></td>
<td>9</td>
<td>com.vrt.testcases.setup_GroupSensorsTest@37d31475</td></tr>
<tr>
<td title='com.vrt.testcases.setup_GroupSensorsTest.GS018()'><b>GS018</b><br>Test class: com.vrt.testcases.setup_GroupSensorsTest<br>Test method: GS018-Verify that on-click of save button for group in edit mode will edit the group successfully</td>
<td></td>
<td>8</td>
<td>com.vrt.testcases.setup_GroupSensorsTest@37d31475</td></tr>
<tr>
<td title='com.vrt.testcases.setup_GroupSensorsTest.GS019()'><b>GS019</b><br>Test class: com.vrt.testcases.setup_GroupSensorsTest<br>Test method: GS019-Verify that when clicked on new group button, an empty group name field is displayed along with all sensors of all sensor types displayed</td>
<td></td>
<td>6</td>
<td>com.vrt.testcases.setup_GroupSensorsTest@37d31475</td></tr>
<tr>
<td title='com.vrt.testcases.setup_GroupSensorsTest.GS020()'><b>GS020</b><br>Test class: com.vrt.testcases.setup_GroupSensorsTest<br>Test method: GS020-Verify that when creating a new group, the wiring overlay icon is disabled and Save and cancel buttons are displayed</td>
<td></td>
<td>7</td>
<td>com.vrt.testcases.setup_GroupSensorsTest@37d31475</td></tr>
<tr>
<td title='com.vrt.testcases.setup_GroupSensorsTest.GS021()'><b>GS021</b><br>Test class: com.vrt.testcases.setup_GroupSensorsTest<br>Test method: GS021-Verify that when creating a new group, when one sensor is selected of a particular sensor type, a sensor of another sensor type is not selectable</td>
<td></td>
<td>12</td>
<td>com.vrt.testcases.setup_GroupSensorsTest@37d31475</td></tr>
<tr>
<td title='com.vrt.testcases.setup_GroupSensorsTest.GS022()'><b>GS022</b><br>Test class: com.vrt.testcases.setup_GroupSensorsTest<br>Test method: GS022-Verify that the sensors can be selected or de-selected for a group in create mode</td>
<td></td>
<td>9</td>
<td>com.vrt.testcases.setup_GroupSensorsTest@37d31475</td></tr>
<tr>
<td title='com.vrt.testcases.setup_GroupSensorsTest.GS023()'><b>GS023</b><br>Test class: com.vrt.testcases.setup_GroupSensorsTest<br>Test method: Verify that when selected more than 50 sensors for a group of same sensor type in create mode, a validation message is displayed that max 50 sensors are allowed for each group</td>
<td></td>
<td>32</td>
<td>com.vrt.testcases.setup_GroupSensorsTest@37d31475</td></tr>
<tr>
<td title='com.vrt.testcases.setup_GroupSensorsTest.GS024()'><b>GS024</b><br>Test class: com.vrt.testcases.setup_GroupSensorsTest<br>Test method: GS024-Verify that when clicked on the cancel button for groups in create mode, will discard the changes</td>
<td></td>
<td>8</td>
<td>com.vrt.testcases.setup_GroupSensorsTest@37d31475</td></tr>
<tr>
<td title='com.vrt.testcases.setup_GroupSensorsTest.GS025()'><b>GS025</b><br>Test class: com.vrt.testcases.setup_GroupSensorsTest<br>Test method: GS025-Verify that on-click of save button for group creation will create the group successfully</td>
<td></td>
<td>8</td>
<td>com.vrt.testcases.setup_GroupSensorsTest@37d31475</td></tr>
<tr>
<td title='com.vrt.testcases.setup_GroupSensorsTest.GS026()'><b>GS026</b><br>Test class: com.vrt.testcases.setup_GroupSensorsTest<br>Test method: GS026-Verify that on-click of the wiring overlay icon, will display the wiring overlay screen</td>
<td></td>
<td>7</td>
<td>com.vrt.testcases.setup_GroupSensorsTest@37d31475</td></tr>
<tr>
<td title='com.vrt.testcases.setup_GroupSensorsTest.GS027()'><b>GS027</b><br>Test class: com.vrt.testcases.setup_GroupSensorsTest<br>Test method: GS027-Verify the details displayed in Wiring overlay screen ScrollViewer</td>
<td></td>
<td>14</td>
<td>com.vrt.testcases.setup_GroupSensorsTest@37d31475</td></tr>
<tr>
<td title='com.vrt.testcases.setup_GroupSensorsTest.GS028()'><b>GS028</b><br>Test class: com.vrt.testcases.setup_GroupSensorsTest<br>Test method: GS028-Verify that when clicked on any image upload option on the right pane should display the edit,delete and camera icons in a small pop-up window</td>
<td></td>
<td>11</td>
<td>com.vrt.testcases.setup_GroupSensorsTest@37d31475</td></tr>
<tr>
<td title='com.vrt.testcases.setup_GroupSensorsTest.GS029()'><b>GS029</b><br>Test class: com.vrt.testcases.setup_GroupSensorsTest<br>Test method: GS029-Verify that on-click of the edit icon will display the window to browse the image</td>
<td></td>
<td>15</td>
<td>com.vrt.testcases.setup_GroupSensorsTest@37d31475</td></tr>
<tr>
<td title='com.vrt.testcases.setup_GroupSensorsTest.GS030()'><b>GS030</b><br>Test class: com.vrt.testcases.setup_GroupSensorsTest<br>Test method: GS030-Verify that after browsing and selecting the image for the selected group, will upload the image and display in wiring overlay screen</td>
<td></td>
<td>23</td>
<td>com.vrt.testcases.setup_GroupSensorsTest@37d31475</td></tr>
<tr>
<td title='com.vrt.testcases.setup_GroupSensorsTest.GS031()'><b>GS031</b><br>Test class: com.vrt.testcases.setup_GroupSensorsTest<br>Test method: GS031-Verify that on-click of the camera icon will open the device camera</td>
<td></td>
<td>12</td>
<td>com.vrt.testcases.setup_GroupSensorsTest@37d31475</td></tr>
<tr>
<td title='com.vrt.testcases.setup_GroupSensorsTest.GS032()'><b>GS032</b><br>Test class: com.vrt.testcases.setup_GroupSensorsTest<br>Test method: GS032-Verify that by taking a picture in device camera will upload the image and display in wiring overlay screen</td>
<td></td>
<td>15</td>
<td>com.vrt.testcases.setup_GroupSensorsTest@37d31475</td></tr>
<tr>
<td title='com.vrt.testcases.setup_GroupSensorsTest.GS033()'><b>GS033</b><br>Test class: com.vrt.testcases.setup_GroupSensorsTest<br>Test method: GS033-Verify that on-click of the delete icon will delete the image on the left and right panes in wiring overlay screen</td>
<td></td>
<td>25</td>
<td>com.vrt.testcases.setup_GroupSensorsTest@37d31475</td></tr>
<tr>
<td title='com.vrt.testcases.setup_GroupSensorsTest.GS036()'><b>GS036</b><br>Test class: com.vrt.testcases.setup_GroupSensorsTest<br>Test method: GS036-Verify the details displayed for each group in the Wiring overlay screen</td>
<td></td>
<td>10</td>
<td>com.vrt.testcases.setup_GroupSensorsTest@37d31475</td></tr>
<tr>
<td title='com.vrt.testcases.setup_GroupSensorsTest.GS037()'><b>GS037</b><br>Test class: com.vrt.testcases.setup_GroupSensorsTest<br>Test method: GS037-Verify that on-click of the print icon in the wiring overlay screen will print the wiring overlay report for the current selected group</td>
<td></td>
<td>10</td>
<td>com.vrt.testcases.setup_GroupSensorsTest@37d31475</td></tr>
<tr>
<td title='com.vrt.testcases.setup_GroupSensorsTest.GS039()'><b>GS039</b><br>Test class: com.vrt.testcases.setup_GroupSensorsTest<br>Test method: GS039-Verify that more than 5mb size image cannot be uploaded and validation message is displayed</td>
<td></td>
<td>21</td>
<td>com.vrt.testcases.setup_GroupSensorsTest@37d31475</td></tr>
<tr>
<td title='com.vrt.testcases.setup_GroupSensorsTest.GS042()'><b>GS042</b><br>Test class: com.vrt.testcases.setup_GroupSensorsTest<br>Test method: GS042-Verify that when clicked on the square icon in wiring overlay screen will display the group sensors screen</td>
<td></td>
<td>10</td>
<td>com.vrt.testcases.setup_GroupSensorsTest@37d31475</td></tr>
<tr>
<td title='com.vrt.testcases.setup_GroupSensorsTest.GS043()'><b>GS043</b><br>Test class: com.vrt.testcases.setup_GroupSensorsTest<br>Test method: GS043-Verify that move icon is displayed in group sensors screen only when there are minimum 2 groups</td>
<td></td>
<td>12</td>
<td>com.vrt.testcases.setup_GroupSensorsTest@37d31475</td></tr>
<tr>
<td title='com.vrt.testcases.setup_GroupSensorsTest.GS043_1()'><b>GS043_1</b><br>Test class: com.vrt.testcases.setup_GroupSensorsTest<br>Test method: GS043_1-Verify that on-click of the move icon will display the move sensors window</td>
<td></td>
<td>11</td>
<td>com.vrt.testcases.setup_GroupSensorsTest@37d31475</td></tr>
<tr>
<td title='com.vrt.testcases.setup_GroupSensorsTest.GS044()'><b>GS044</b><br>Test class: com.vrt.testcases.setup_GroupSensorsTest<br>Test method: GS044-Verify the details displayed in Move sensors window</td>
<td></td>
<td>12</td>
<td>com.vrt.testcases.setup_GroupSensorsTest@37d31475</td></tr>
<tr>
<td title='com.vrt.testcases.setup_GroupSensorsTest.GS045()'><b>GS045</b><br>Test class: com.vrt.testcases.setup_GroupSensorsTest<br>Test method: GS045-Verify that when clicked on From drop down in move sensors screen will display the list of groups</td>
<td></td>
<td>12</td>
<td>com.vrt.testcases.setup_GroupSensorsTest@37d31475</td></tr>
<tr>
<td title='com.vrt.testcases.setup_GroupSensorsTest.GS046()'><b>GS046</b><br>Test class: com.vrt.testcases.setup_GroupSensorsTest<br>Test method: GS046-Verify that when clicked on To drop down in move sensors screen will display the list of groups</td>
<td></td>
<td>13</td>
<td>com.vrt.testcases.setup_GroupSensorsTest@37d31475</td></tr>
<tr>
<td title='com.vrt.testcases.setup_GroupSensorsTest.GS047()'><b>GS047</b><br>Test class: com.vrt.testcases.setup_GroupSensorsTest<br>Test method: GS047-Verify that when selected any group in the From drop down will display the corresponding sensors of that group on the left pane</td>
<td></td>
<td>12</td>
<td>com.vrt.testcases.setup_GroupSensorsTest@37d31475</td></tr>
<tr>
<td title='com.vrt.testcases.setup_GroupSensorsTest.GS048()'><b>GS048</b><br>Test class: com.vrt.testcases.setup_GroupSensorsTest<br>Test method: GS048-Verify that when selected any group in the To drop down will display the corresponding sensors of that group on the right pane</td>
<td></td>
<td>12</td>
<td>com.vrt.testcases.setup_GroupSensorsTest@37d31475</td></tr>
<tr>
<td title='com.vrt.testcases.setup_GroupSensorsTest.GS049()'><b>GS049</b><br>Test class: com.vrt.testcases.setup_GroupSensorsTest<br>Test method: GS049-Verify that the sensors on the left pane can be selectable</td>
<td></td>
<td>12</td>
<td>com.vrt.testcases.setup_GroupSensorsTest@37d31475</td></tr>
<tr>
<td title='com.vrt.testcases.setup_GroupSensorsTest.GS050()'><b>GS050</b><br>Test class: com.vrt.testcases.setup_GroupSensorsTest<br>Test method: GS050-Verify that on-click of the move button will move the sensors from the _From_ group to the _To_ group</td>
<td></td>
<td>12</td>
<td>com.vrt.testcases.setup_GroupSensorsTest@37d31475</td></tr>
<tr>
<td title='com.vrt.testcases.setup_GroupSensorsTest.GS051()'><b>GS051</b><br>Test class: com.vrt.testcases.setup_GroupSensorsTest<br>Test method: GS051-Verify that when same groups are selected in From and To fields, sensors cannot be moved and validation message is displayed</td>
<td></td>
<td>13</td>
<td>com.vrt.testcases.setup_GroupSensorsTest@37d31475</td></tr>
<tr>
<td title='com.vrt.testcases.setup_GroupSensorsTest.GS053()'><b>GS053</b><br>Test class: com.vrt.testcases.setup_GroupSensorsTest<br>Test method: GS053-Verify that when groups of different sensor types are selected in From and To fields, sensors are not moved and a validation message is displayed</td>
<td></td>
<td>14</td>
<td>com.vrt.testcases.setup_GroupSensorsTest@37d31475</td></tr>
<tr>
<td title='com.vrt.testcases.setup_GroupSensorsTest.GS054()'><b>GS054</b><br>Test class: com.vrt.testcases.setup_GroupSensorsTest<br>Test method: GS054-Verify that when trying to move the sensors that already exists in destination group, displays a validation message that sensors already exists
</td>
<td></td>
<td>12</td>
<td>com.vrt.testcases.setup_GroupSensorsTest@37d31475</td></tr>
<tr>
<td title='com.vrt.testcases.setup_GroupSensorsTest.GS055()'><b>GS055</b><br>Test class: com.vrt.testcases.setup_GroupSensorsTest<br>Test method: GS055-Verify that more than 50 sensors cannot be moved to the destination group</td>
<td></td>
<td>10</td>
<td>com.vrt.testcases.setup_GroupSensorsTest@37d31475</td></tr>
<tr>
<td title='com.vrt.testcases.setup_GroupSensorsTest.GS056()'><b>GS056</b><br>Test class: com.vrt.testcases.setup_GroupSensorsTest<br>Test method: GS056-Verify that on-click of the close button in move sensors screen will close the window and navigate to group sensors screen</td>
<td></td>
<td>9</td>
<td>com.vrt.testcases.setup_GroupSensorsTest@37d31475</td></tr>
<tr>
<td title='com.vrt.testcases.setup_GroupSensorsTest.GS057()'><b>GS057</b><br>Test class: com.vrt.testcases.setup_GroupSensorsTest<br>Test method: GS057-Verify that on-click of the close icon on the top right in move sensors screen will close the window and navigate to group sensors screen</td>
<td></td>
<td>9</td>
<td>com.vrt.testcases.setup_GroupSensorsTest@37d31475</td></tr>
<tr>
<td title='com.vrt.testcases.setup_GroupSensorsTest.GS058()'><b>GS058</b><br>Test class: com.vrt.testcases.setup_GroupSensorsTest<br>Test method: GS058-Verify that on-click of the delete icon for any group will delete the group successfully</td>
<td></td>
<td>14</td>
<td>com.vrt.testcases.setup_GroupSensorsTest@37d31475</td></tr>
<tr>
<td title='com.vrt.testcases.setup_GroupSensorsTest.GS061()'><b>GS061</b><br>Test class: com.vrt.testcases.setup_GroupSensorsTest<br>Test method: GS061-Verify that the edit group header section at the bottom of the screen can be expanded and collapsed</td>
<td></td>
<td>31</td>
<td>com.vrt.testcases.setup_GroupSensorsTest@37d31475</td></tr>
<tr>
<td title='com.vrt.testcases.setup_GroupSensorsTest.GS062()'><b>GS062</b><br>Test class: com.vrt.testcases.setup_GroupSensorsTest<br>Test method: GS062-Verify that Asset ID,SOP Protocol, Description and Comments are displayed in the Edit group header section</td>
<td></td>
<td>11</td>
<td>com.vrt.testcases.setup_GroupSensorsTest@37d31475</td></tr>
<tr>
<td title='com.vrt.testcases.setup_GroupSensorsTest.GS063()'><b>GS063</b><br>Test class: com.vrt.testcases.setup_GroupSensorsTest<br>Test method: GS063-Verify that the Asset ID and SOP protocol values are pre populated from Define setup screen</td>
<td></td>
<td>14</td>
<td>com.vrt.testcases.setup_GroupSensorsTest@37d31475</td></tr>
<tr>
<td title='com.vrt.testcases.setup_GroupSensorsTest.GS064()'><b>GS064</b><br>Test class: com.vrt.testcases.setup_GroupSensorsTest<br>Test method: GS064-Verify that the Asset ID and SOP protocol values are pre populated from Define setup screen</td>
<td></td>
<td>10</td>
<td>com.vrt.testcases.setup_GroupSensorsTest@37d31475</td></tr>
<tr>
<td title='com.vrt.testcases.setup_GroupSensorsTest.GS065()'><b>GS065</b><br>Test class: com.vrt.testcases.setup_GroupSensorsTest<br>Test method: GS065-Verify that when edited the details in Edit group header section and clicked on save button will save changes successfully</td>
<td></td>
<td>9</td>
<td>com.vrt.testcases.setup_GroupSensorsTest@37d31475</td></tr>
<tr>
<td title='com.vrt.testcases.setup_GroupSensorsTest.GS073()'><b>GS073</b><br>Test class: com.vrt.testcases.setup_GroupSensorsTest<br>Test method: GS073-Verify that on-click of the Sensors configuration navigator on the top left will navigate to Sensor configurations screen</td>
<td></td>
<td>6</td>
<td>com.vrt.testcases.setup_GroupSensorsTest@37d31475</td></tr>
<tr>
<td title='com.vrt.testcases.setup_GroupSensorsTest.GS074()'><b>GS074</b><br>Test class: com.vrt.testcases.setup_GroupSensorsTest<br>Test method: GS074-Verify that on-click of the Calculations navigator on the top right will navigate to Calculations screen</td>
<td></td>
<td>8</td>
<td>com.vrt.testcases.setup_GroupSensorsTest@37d31475</td></tr>
<tr>
<td title='com.vrt.testcases.setup_GroupSensorsTest.GS075()'><b>GS075</b><br>Test class: com.vrt.testcases.setup_GroupSensorsTest<br>Test method: GS075-Verify that on-click of the back icon on the screen will navigate to Asset details screen upon confirmation</td>
<td></td>
<td>9</td>
<td>com.vrt.testcases.setup_GroupSensorsTest@37d31475</td></tr>
<tr>
<td title='com.vrt.testcases.setup_GroupSensorsTest.SC106()'><b>SC106</b><br>Test class: com.vrt.testcases.setup_GroupSensorsTest<br>Test method: GS076-Verify the bottom menu options displayed in Group sensors screen</td>
<td></td>
<td>7</td>
<td>com.vrt.testcases.setup_GroupSensorsTest@37d31475</td></tr>
<tr>
<td title='com.vrt.testcases.setup_CalculationTest.SC106()'><b>SC106</b><br>Test class: com.vrt.testcases.setup_CalculationTest<br>Test method: CAL040-Verify the bottom menu options displayed in Qualification Parameters screen</td>
<td></td>
<td>0</td>
<td>com.vrt.testcases.setup_CalculationTest@27808f31</td></tr>
<tr>
<td title='com.vrt.testcases.setup_GroupSensorsTest.SC107()'><b>SC107</b><br>Test class: com.vrt.testcases.setup_GroupSensorsTest<br>Test method: GS077-Verify that on-click of home btn in bottom menu options is navigated to main hub page</td>
<td></td>
<td>8</td>
<td>com.vrt.testcases.setup_GroupSensorsTest@37d31475</td></tr>
<tr>
<td title='com.vrt.testcases.setup_GroupSensorsTest.SC108()'><b>SC108</b><br>Test class: com.vrt.testcases.setup_GroupSensorsTest<br>Test method: GS078-Verify that on-click of help btn in bottom menu options displays information about the Group sensors screen</td>
<td></td>
<td>7</td>
<td>com.vrt.testcases.setup_GroupSensorsTest@37d31475</td></tr>
</table><p>
<table width='100%' border='1' class='invocation-skipped'>
<tr><td colspan='4' align='center'><b>SKIPPED TESTS</b></td></tr>
<tr><td><b>Test method</b></td>
<td width="30%"><b>Exception</b></td>
<td width="10%"><b>Time (seconds)</b></td>
<td><b>Instance</b></td>
</tr>
<tr>
<td title='com.vrt.testcases.setup_CalculationTest.CAL010()'><b>CAL010</b><br>Test class: com.vrt.testcases.setup_CalculationTest<br>Test method: CAL010-Verify that max 5 characters are allowed in D Value field</td>
<td><div><pre>java.lang.AssertionError: The following asserts failed:
	 Fail:the default value is not displayed in BD Value field  expected [5] but found [4]
	at org.testng.asserts.SoftAssert.assertAll(SoftAssert.java:47)
	at org.testng.asserts.SoftAssert.assertAll(SoftAssert.java:31)
	at com.vrt.testcases.setup_CalculationTest.CAL010(setup_CalculationTest.java:415)
	at sun.reflect.NativeMethodAccessorImpl.invoke0(Native Method)
	at sun.reflect.NativeMethodAccessorImpl.invoke(NativeMethodAccessorImpl.java:62)
	at sun.reflect.DelegatingMethodAccessorImpl.invoke(DelegatingMethodAccessorImpl.java:43)
	at java.lang.reflect.Method.invoke(Method.java:498)
	at org.testng.internal.MethodInvocationHelper.invokeMethod(MethodInvocationHelper.java:135)
	at org.testng.internal.TestInvoker.invokeMethod(TestInvoker.java:598)
	at org.testng.internal.TestInvoker.invokeTestMethod(TestInvoker.java:174)
	at org.testng.internal.MethodRunner.runInSequence(MethodRunner.java:46)
	at org.testng.internal.TestInvoker$MethodInvocationAgent.invoke(TestInvoker.java:821)
	at org.testng.internal.TestInvoker.invokeTestMethods(TestInvoker.java:147)
	at org.testng.internal.TestMethodWorker.invokeTestMethods(TestMethodWorker.java:146)
	at org.testng.internal.TestMethodWorker.run(TestMethodWorker.java:128)
	at java.util.ArrayList.forEach(ArrayList.java:1257)
	at org.testng.TestRunner.privateRun(TestRunner.java:767)
	at org.testng.TestRunner.run(TestRunner.java:588)
	at org.testng.SuiteRunner.runTest(SuiteRunner.java:384)
	at org.testng.SuiteRunner.runSequentially(SuiteRunner.java:378)
	at org.testng.SuiteRunner.privateRun(SuiteRunner.java:337)
	at org.testng.SuiteRunner.run(SuiteRunner.java:286)
	at org.testng.SuiteRunnerWorker.runSuite(SuiteRunnerWorker.java:53)
	at org.testng.SuiteRunnerWorker.run(SuiteRunnerWorker.java:96)
	at org.testng.TestNG.runSuitesSequentially(TestNG.java:1214)
	at org.testng.TestNG.runSuitesLocally(TestNG.java:1136)
	at org.testng.TestNG.runSuites(TestNG.java:1066)
	at org.testng.TestNG.run(TestNG.java:1034)
	at org.testng.remote.AbstractRemoteTestNG.run(AbstractRemoteTestNG.java:115)
	at org.testng.remote.RemoteTestNG.initAndRun(RemoteTestNG.java:251)
	at org.testng.remote.RemoteTestNG.main(RemoteTestNG.java:77)
</pre></div><a href='#' onClick='toggleBox("stack-trace204685441", this, "Click to show all stack frames", "Click to hide stack frames")'>Click to show all stack frames</a>
<div class='stack-trace' id='stack-trace204685441'><pre>java.lang.AssertionError: The following asserts failed:
	 Fail:the default value is not displayed in BD Value field  expected [5] but found [4]
	at org.testng.asserts.SoftAssert.assertAll(SoftAssert.java:47)
	at org.testng.asserts.SoftAssert.assertAll(SoftAssert.java:31)
	at com.vrt.testcases.setup_CalculationTest.CAL010(setup_CalculationTest.java:415)
	at sun.reflect.NativeMethodAccessorImpl.invoke0(Native Method)
	at sun.reflect.NativeMethodAccessorImpl.invoke(NativeMethodAccessorImpl.java:62)
	at sun.reflect.DelegatingMethodAccessorImpl.invoke(DelegatingMethodAccessorImpl.java:43)
	at java.lang.reflect.Method.invoke(Method.java:498)
	at org.testng.internal.MethodInvocationHelper.invokeMethod(MethodInvocationHelper.java:135)
	at org.testng.internal.TestInvoker.invokeMethod(TestInvoker.java:598)
	at org.testng.internal.TestInvoker.invokeTestMethod(TestInvoker.java:174)
	at org.testng.internal.MethodRunner.runInSequence(MethodRunner.java:46)
	at org.testng.internal.TestInvoker$MethodInvocationAgent.invoke(TestInvoker.java:821)
	at org.testng.internal.TestInvoker.invokeTestMethods(TestInvoker.java:147)
	at org.testng.internal.TestMethodWorker.invokeTestMethods(TestMethodWorker.java:146)
	at org.testng.internal.TestMethodWorker.run(TestMethodWorker.java:128)
	at java.util.ArrayList.forEach(ArrayList.java:1257)
	at org.testng.TestRunner.privateRun(TestRunner.java:767)
	at org.testng.TestRunner.run(TestRunner.java:588)
	at org.testng.SuiteRunner.runTest(SuiteRunner.java:384)
	at org.testng.SuiteRunner.runSequentially(SuiteRunner.java:378)
	at org.testng.SuiteRunner.privateRun(SuiteRunner.java:337)
	at org.testng.SuiteRunner.run(SuiteRunner.java:286)
	at org.testng.SuiteRunnerWorker.runSuite(SuiteRunnerWorker.java:53)
	at org.testng.SuiteRunnerWorker.run(SuiteRunnerWorker.java:96)
	at org.testng.TestNG.runSuitesSequentially(TestNG.java:1214)
	at org.testng.TestNG.runSuitesLocally(TestNG.java:1136)
	at org.testng.TestNG.runSuites(TestNG.java:1066)
	at org.testng.TestNG.run(TestNG.java:1034)
	at org.testng.remote.AbstractRemoteTestNG.run(AbstractRemoteTestNG.java:115)
	at org.testng.remote.RemoteTestNG.initAndRun(RemoteTestNG.java:251)
	at org.testng.remote.RemoteTestNG.main(RemoteTestNG.java:77)
</pre></div></td>
<td>1</td>
<td>com.vrt.testcases.setup_CalculationTest@27808f31</td></tr>
<tr>
<td title='com.vrt.testcases.setup_CalculationTest.CAL010()'><b>CAL010</b><br>Test class: com.vrt.testcases.setup_CalculationTest<br>Test method: CAL010-Verify that max 5 characters are allowed in D Value field</td>
<td><div><pre>java.lang.AssertionError: The following asserts failed:
	 Fail:the default value is not displayed in BD Value field  expected [5] but found [4]
	at org.testng.asserts.SoftAssert.assertAll(SoftAssert.java:47)
	at org.testng.asserts.SoftAssert.assertAll(SoftAssert.java:31)
	at com.vrt.testcases.setup_CalculationTest.CAL010(setup_CalculationTest.java:415)
	at sun.reflect.NativeMethodAccessorImpl.invoke0(Native Method)
	at sun.reflect.NativeMethodAccessorImpl.invoke(NativeMethodAccessorImpl.java:62)
	at sun.reflect.DelegatingMethodAccessorImpl.invoke(DelegatingMethodAccessorImpl.java:43)
	at java.lang.reflect.Method.invoke(Method.java:498)
	at org.testng.internal.MethodInvocationHelper.invokeMethod(MethodInvocationHelper.java:135)
	at org.testng.internal.TestInvoker.invokeMethod(TestInvoker.java:598)
	at org.testng.internal.TestInvoker.retryFailed(TestInvoker.java:214)
	at org.testng.internal.MethodRunner.runInSequence(MethodRunner.java:58)
	at org.testng.internal.TestInvoker$MethodInvocationAgent.invoke(TestInvoker.java:821)
	at org.testng.internal.TestInvoker.invokeTestMethods(TestInvoker.java:147)
	at org.testng.internal.TestMethodWorker.invokeTestMethods(TestMethodWorker.java:146)
	at org.testng.internal.TestMethodWorker.run(TestMethodWorker.java:128)
	at java.util.ArrayList.forEach(ArrayList.java:1257)
	at org.testng.TestRunner.privateRun(TestRunner.java:767)
	at org.testng.TestRunner.run(TestRunner.java:588)
	at org.testng.SuiteRunner.runTest(SuiteRunner.java:384)
	at org.testng.SuiteRunner.runSequentially(SuiteRunner.java:378)
	at org.testng.SuiteRunner.privateRun(SuiteRunner.java:337)
	at org.testng.SuiteRunner.run(SuiteRunner.java:286)
	at org.testng.SuiteRunnerWorker.runSuite(SuiteRunnerWorker.java:53)
	at org.testng.SuiteRunnerWorker.run(SuiteRunnerWorker.java:96)
	at org.testng.TestNG.runSuitesSequentially(TestNG.java:1214)
	at org.testng.TestNG.runSuitesLocally(TestNG.java:1136)
	at org.testng.TestNG.runSuites(TestNG.java:1066)
	at org.testng.TestNG.run(TestNG.java:1034)
	at org.testng.remote.AbstractRemoteTestNG.run(AbstractRemoteTestNG.java:115)
	at org.testng.remote.RemoteTestNG.initAndRun(RemoteTestNG.java:251)
	at org.testng.remote.RemoteTestNG.main(RemoteTestNG.java:77)
</pre></div><a href='#' onClick='toggleBox("stack-trace827735056", this, "Click to show all stack frames", "Click to hide stack frames")'>Click to show all stack frames</a>
<div class='stack-trace' id='stack-trace827735056'><pre>java.lang.AssertionError: The following asserts failed:
	 Fail:the default value is not displayed in BD Value field  expected [5] but found [4]
	at org.testng.asserts.SoftAssert.assertAll(SoftAssert.java:47)
	at org.testng.asserts.SoftAssert.assertAll(SoftAssert.java:31)
	at com.vrt.testcases.setup_CalculationTest.CAL010(setup_CalculationTest.java:415)
	at sun.reflect.NativeMethodAccessorImpl.invoke0(Native Method)
	at sun.reflect.NativeMethodAccessorImpl.invoke(NativeMethodAccessorImpl.java:62)
	at sun.reflect.DelegatingMethodAccessorImpl.invoke(DelegatingMethodAccessorImpl.java:43)
	at java.lang.reflect.Method.invoke(Method.java:498)
	at org.testng.internal.MethodInvocationHelper.invokeMethod(MethodInvocationHelper.java:135)
	at org.testng.internal.TestInvoker.invokeMethod(TestInvoker.java:598)
	at org.testng.internal.TestInvoker.retryFailed(TestInvoker.java:214)
	at org.testng.internal.MethodRunner.runInSequence(MethodRunner.java:58)
	at org.testng.internal.TestInvoker$MethodInvocationAgent.invoke(TestInvoker.java:821)
	at org.testng.internal.TestInvoker.invokeTestMethods(TestInvoker.java:147)
	at org.testng.internal.TestMethodWorker.invokeTestMethods(TestMethodWorker.java:146)
	at org.testng.internal.TestMethodWorker.run(TestMethodWorker.java:128)
	at java.util.ArrayList.forEach(ArrayList.java:1257)
	at org.testng.TestRunner.privateRun(TestRunner.java:767)
	at org.testng.TestRunner.run(TestRunner.java:588)
	at org.testng.SuiteRunner.runTest(SuiteRunner.java:384)
	at org.testng.SuiteRunner.runSequentially(SuiteRunner.java:378)
	at org.testng.SuiteRunner.privateRun(SuiteRunner.java:337)
	at org.testng.SuiteRunner.run(SuiteRunner.java:286)
	at org.testng.SuiteRunnerWorker.runSuite(SuiteRunnerWorker.java:53)
	at org.testng.SuiteRunnerWorker.run(SuiteRunnerWorker.java:96)
	at org.testng.TestNG.runSuitesSequentially(TestNG.java:1214)
	at org.testng.TestNG.runSuitesLocally(TestNG.java:1136)
	at org.testng.TestNG.runSuites(TestNG.java:1066)
	at org.testng.TestNG.run(TestNG.java:1034)
	at org.testng.remote.AbstractRemoteTestNG.run(AbstractRemoteTestNG.java:115)
	at org.testng.remote.RemoteTestNG.initAndRun(RemoteTestNG.java:251)
	at org.testng.remote.RemoteTestNG.main(RemoteTestNG.java:77)
</pre></div></td>
<td>1</td>
<td>com.vrt.testcases.setup_CalculationTest@27808f31</td></tr>
<tr>
<td title='com.vrt.testcases.setup_CalculationTest.CAL011A()'><b>CAL011A</b><br>Test class: com.vrt.testcases.setup_CalculationTest<br>Test method: CAL011-Verify that min 0.10 allowed in D Value field</td>
<td><div><pre>java.lang.AssertionError: The following asserts failed:
	 Fail: Minimum value 0.10 is not allowed in D Value field expected [0.10] but found [1.00]
	at org.testng.asserts.SoftAssert.assertAll(SoftAssert.java:47)
	at org.testng.asserts.SoftAssert.assertAll(SoftAssert.java:31)
	at com.vrt.testcases.setup_CalculationTest.CAL011A(setup_CalculationTest.java:431)
	at sun.reflect.NativeMethodAccessorImpl.invoke0(Native Method)
	at sun.reflect.NativeMethodAccessorImpl.invoke(NativeMethodAccessorImpl.java:62)
	at sun.reflect.DelegatingMethodAccessorImpl.invoke(DelegatingMethodAccessorImpl.java:43)
	at java.lang.reflect.Method.invoke(Method.java:498)
	at org.testng.internal.MethodInvocationHelper.invokeMethod(MethodInvocationHelper.java:135)
	at org.testng.internal.TestInvoker.invokeMethod(TestInvoker.java:598)
	at org.testng.internal.TestInvoker.invokeTestMethod(TestInvoker.java:174)
	at org.testng.internal.MethodRunner.runInSequence(MethodRunner.java:46)
	at org.testng.internal.TestInvoker$MethodInvocationAgent.invoke(TestInvoker.java:821)
	at org.testng.internal.TestInvoker.invokeTestMethods(TestInvoker.java:147)
	at org.testng.internal.TestMethodWorker.invokeTestMethods(TestMethodWorker.java:146)
	at org.testng.internal.TestMethodWorker.run(TestMethodWorker.java:128)
	at java.util.ArrayList.forEach(ArrayList.java:1257)
	at org.testng.TestRunner.privateRun(TestRunner.java:767)
	at org.testng.TestRunner.run(TestRunner.java:588)
	at org.testng.SuiteRunner.runTest(SuiteRunner.java:384)
	at org.testng.SuiteRunner.runSequentially(SuiteRunner.java:378)
	at org.testng.SuiteRunner.privateRun(SuiteRunner.java:337)
	at org.testng.SuiteRunner.run(SuiteRunner.java:286)
	at org.testng.SuiteRunnerWorker.runSuite(SuiteRunnerWorker.java:53)
	at org.testng.SuiteRunnerWorker.run(SuiteRunnerWorker.java:96)
	at org.testng.TestNG.runSuitesSequentially(TestNG.java:1214)
	at org.testng.TestNG.runSuitesLocally(TestNG.java:1136)
	at org.testng.TestNG.runSuites(TestNG.java:1066)
	at org.testng.TestNG.run(TestNG.java:1034)
	at org.testng.remote.AbstractRemoteTestNG.run(AbstractRemoteTestNG.java:115)
	at org.testng.remote.RemoteTestNG.initAndRun(RemoteTestNG.java:251)
	at org.testng.remote.RemoteTestNG.main(RemoteTestNG.java:77)
</pre></div><a href='#' onClick='toggleBox("stack-trace420116503", this, "Click to show all stack frames", "Click to hide stack frames")'>Click to show all stack frames</a>
<div class='stack-trace' id='stack-trace420116503'><pre>java.lang.AssertionError: The following asserts failed:
	 Fail: Minimum value 0.10 is not allowed in D Value field expected [0.10] but found [1.00]
	at org.testng.asserts.SoftAssert.assertAll(SoftAssert.java:47)
	at org.testng.asserts.SoftAssert.assertAll(SoftAssert.java:31)
	at com.vrt.testcases.setup_CalculationTest.CAL011A(setup_CalculationTest.java:431)
	at sun.reflect.NativeMethodAccessorImpl.invoke0(Native Method)
	at sun.reflect.NativeMethodAccessorImpl.invoke(NativeMethodAccessorImpl.java:62)
	at sun.reflect.DelegatingMethodAccessorImpl.invoke(DelegatingMethodAccessorImpl.java:43)
	at java.lang.reflect.Method.invoke(Method.java:498)
	at org.testng.internal.MethodInvocationHelper.invokeMethod(MethodInvocationHelper.java:135)
	at org.testng.internal.TestInvoker.invokeMethod(TestInvoker.java:598)
	at org.testng.internal.TestInvoker.invokeTestMethod(TestInvoker.java:174)
	at org.testng.internal.MethodRunner.runInSequence(MethodRunner.java:46)
	at org.testng.internal.TestInvoker$MethodInvocationAgent.invoke(TestInvoker.java:821)
	at org.testng.internal.TestInvoker.invokeTestMethods(TestInvoker.java:147)
	at org.testng.internal.TestMethodWorker.invokeTestMethods(TestMethodWorker.java:146)
	at org.testng.internal.TestMethodWorker.run(TestMethodWorker.java:128)
	at java.util.ArrayList.forEach(ArrayList.java:1257)
	at org.testng.TestRunner.privateRun(TestRunner.java:767)
	at org.testng.TestRunner.run(TestRunner.java:588)
	at org.testng.SuiteRunner.runTest(SuiteRunner.java:384)
	at org.testng.SuiteRunner.runSequentially(SuiteRunner.java:378)
	at org.testng.SuiteRunner.privateRun(SuiteRunner.java:337)
	at org.testng.SuiteRunner.run(SuiteRunner.java:286)
	at org.testng.SuiteRunnerWorker.runSuite(SuiteRunnerWorker.java:53)
	at org.testng.SuiteRunnerWorker.run(SuiteRunnerWorker.java:96)
	at org.testng.TestNG.runSuitesSequentially(TestNG.java:1214)
	at org.testng.TestNG.runSuitesLocally(TestNG.java:1136)
	at org.testng.TestNG.runSuites(TestNG.java:1066)
	at org.testng.TestNG.run(TestNG.java:1034)
	at org.testng.remote.AbstractRemoteTestNG.run(AbstractRemoteTestNG.java:115)
	at org.testng.remote.RemoteTestNG.initAndRun(RemoteTestNG.java:251)
	at org.testng.remote.RemoteTestNG.main(RemoteTestNG.java:77)
</pre></div></td>
<td>5</td>
<td>com.vrt.testcases.setup_CalculationTest@27808f31</td></tr>
<tr>
<td title='com.vrt.testcases.setup_CalculationTest.CAL011A()'><b>CAL011A</b><br>Test class: com.vrt.testcases.setup_CalculationTest<br>Test method: CAL011-Verify that min 0.10 allowed in D Value field</td>
<td><div><pre>java.lang.AssertionError: The following asserts failed:
	 Fail: Minimum value 0.10 is not allowed in D Value field expected [0.10] but found [1.00]
	at org.testng.asserts.SoftAssert.assertAll(SoftAssert.java:47)
	at org.testng.asserts.SoftAssert.assertAll(SoftAssert.java:31)
	at com.vrt.testcases.setup_CalculationTest.CAL011A(setup_CalculationTest.java:431)
	at sun.reflect.NativeMethodAccessorImpl.invoke0(Native Method)
	at sun.reflect.NativeMethodAccessorImpl.invoke(NativeMethodAccessorImpl.java:62)
	at sun.reflect.DelegatingMethodAccessorImpl.invoke(DelegatingMethodAccessorImpl.java:43)
	at java.lang.reflect.Method.invoke(Method.java:498)
	at org.testng.internal.MethodInvocationHelper.invokeMethod(MethodInvocationHelper.java:135)
	at org.testng.internal.TestInvoker.invokeMethod(TestInvoker.java:598)
	at org.testng.internal.TestInvoker.retryFailed(TestInvoker.java:214)
	at org.testng.internal.MethodRunner.runInSequence(MethodRunner.java:58)
	at org.testng.internal.TestInvoker$MethodInvocationAgent.invoke(TestInvoker.java:821)
	at org.testng.internal.TestInvoker.invokeTestMethods(TestInvoker.java:147)
	at org.testng.internal.TestMethodWorker.invokeTestMethods(TestMethodWorker.java:146)
	at org.testng.internal.TestMethodWorker.run(TestMethodWorker.java:128)
	at java.util.ArrayList.forEach(ArrayList.java:1257)
	at org.testng.TestRunner.privateRun(TestRunner.java:767)
	at org.testng.TestRunner.run(TestRunner.java:588)
	at org.testng.SuiteRunner.runTest(SuiteRunner.java:384)
	at org.testng.SuiteRunner.runSequentially(SuiteRunner.java:378)
	at org.testng.SuiteRunner.privateRun(SuiteRunner.java:337)
	at org.testng.SuiteRunner.run(SuiteRunner.java:286)
	at org.testng.SuiteRunnerWorker.runSuite(SuiteRunnerWorker.java:53)
	at org.testng.SuiteRunnerWorker.run(SuiteRunnerWorker.java:96)
	at org.testng.TestNG.runSuitesSequentially(TestNG.java:1214)
	at org.testng.TestNG.runSuitesLocally(TestNG.java:1136)
	at org.testng.TestNG.runSuites(TestNG.java:1066)
	at org.testng.TestNG.run(TestNG.java:1034)
	at org.testng.remote.AbstractRemoteTestNG.run(AbstractRemoteTestNG.java:115)
	at org.testng.remote.RemoteTestNG.initAndRun(RemoteTestNG.java:251)
	at org.testng.remote.RemoteTestNG.main(RemoteTestNG.java:77)
</pre></div><a href='#' onClick='toggleBox("stack-trace1214575730", this, "Click to show all stack frames", "Click to hide stack frames")'>Click to show all stack frames</a>
<div class='stack-trace' id='stack-trace1214575730'><pre>java.lang.AssertionError: The following asserts failed:
	 Fail: Minimum value 0.10 is not allowed in D Value field expected [0.10] but found [1.00]
	at org.testng.asserts.SoftAssert.assertAll(SoftAssert.java:47)
	at org.testng.asserts.SoftAssert.assertAll(SoftAssert.java:31)
	at com.vrt.testcases.setup_CalculationTest.CAL011A(setup_CalculationTest.java:431)
	at sun.reflect.NativeMethodAccessorImpl.invoke0(Native Method)
	at sun.reflect.NativeMethodAccessorImpl.invoke(NativeMethodAccessorImpl.java:62)
	at sun.reflect.DelegatingMethodAccessorImpl.invoke(DelegatingMethodAccessorImpl.java:43)
	at java.lang.reflect.Method.invoke(Method.java:498)
	at org.testng.internal.MethodInvocationHelper.invokeMethod(MethodInvocationHelper.java:135)
	at org.testng.internal.TestInvoker.invokeMethod(TestInvoker.java:598)
	at org.testng.internal.TestInvoker.retryFailed(TestInvoker.java:214)
	at org.testng.internal.MethodRunner.runInSequence(MethodRunner.java:58)
	at org.testng.internal.TestInvoker$MethodInvocationAgent.invoke(TestInvoker.java:821)
	at org.testng.internal.TestInvoker.invokeTestMethods(TestInvoker.java:147)
	at org.testng.internal.TestMethodWorker.invokeTestMethods(TestMethodWorker.java:146)
	at org.testng.internal.TestMethodWorker.run(TestMethodWorker.java:128)
	at java.util.ArrayList.forEach(ArrayList.java:1257)
	at org.testng.TestRunner.privateRun(TestRunner.java:767)
	at org.testng.TestRunner.run(TestRunner.java:588)
	at org.testng.SuiteRunner.runTest(SuiteRunner.java:384)
	at org.testng.SuiteRunner.runSequentially(SuiteRunner.java:378)
	at org.testng.SuiteRunner.privateRun(SuiteRunner.java:337)
	at org.testng.SuiteRunner.run(SuiteRunner.java:286)
	at org.testng.SuiteRunnerWorker.runSuite(SuiteRunnerWorker.java:53)
	at org.testng.SuiteRunnerWorker.run(SuiteRunnerWorker.java:96)
	at org.testng.TestNG.runSuitesSequentially(TestNG.java:1214)
	at org.testng.TestNG.runSuitesLocally(TestNG.java:1136)
	at org.testng.TestNG.runSuites(TestNG.java:1066)
	at org.testng.TestNG.run(TestNG.java:1034)
	at org.testng.remote.AbstractRemoteTestNG.run(AbstractRemoteTestNG.java:115)
	at org.testng.remote.RemoteTestNG.initAndRun(RemoteTestNG.java:251)
	at org.testng.remote.RemoteTestNG.main(RemoteTestNG.java:77)
</pre></div></td>
<td>5</td>
<td>com.vrt.testcases.setup_CalculationTest@27808f31</td></tr>
<tr>
<td title='com.vrt.testcases.setup_CalculationTest.CAL011B()'><b>CAL011B</b><br>Test class: com.vrt.testcases.setup_CalculationTest<br>Test method: CAL011B-Verify that max 99.99  allowed in D Value field</td>
<td><div><pre>java.lang.AssertionError: The following asserts failed:
	Fail:Minimum value 99.99 is not allowed in D Value field  expected [99.99] but found [1.00]
	at org.testng.asserts.SoftAssert.assertAll(SoftAssert.java:47)
	at org.testng.asserts.SoftAssert.assertAll(SoftAssert.java:31)
	at com.vrt.testcases.setup_CalculationTest.CAL011B(setup_CalculationTest.java:448)
	at sun.reflect.NativeMethodAccessorImpl.invoke0(Native Method)
	at sun.reflect.NativeMethodAccessorImpl.invoke(NativeMethodAccessorImpl.java:62)
	at sun.reflect.DelegatingMethodAccessorImpl.invoke(DelegatingMethodAccessorImpl.java:43)
	at java.lang.reflect.Method.invoke(Method.java:498)
	at org.testng.internal.MethodInvocationHelper.invokeMethod(MethodInvocationHelper.java:135)
	at org.testng.internal.TestInvoker.invokeMethod(TestInvoker.java:598)
	at org.testng.internal.TestInvoker.invokeTestMethod(TestInvoker.java:174)
	at org.testng.internal.MethodRunner.runInSequence(MethodRunner.java:46)
	at org.testng.internal.TestInvoker$MethodInvocationAgent.invoke(TestInvoker.java:821)
	at org.testng.internal.TestInvoker.invokeTestMethods(TestInvoker.java:147)
	at org.testng.internal.TestMethodWorker.invokeTestMethods(TestMethodWorker.java:146)
	at org.testng.internal.TestMethodWorker.run(TestMethodWorker.java:128)
	at java.util.ArrayList.forEach(ArrayList.java:1257)
	at org.testng.TestRunner.privateRun(TestRunner.java:767)
	at org.testng.TestRunner.run(TestRunner.java:588)
	at org.testng.SuiteRunner.runTest(SuiteRunner.java:384)
	at org.testng.SuiteRunner.runSequentially(SuiteRunner.java:378)
	at org.testng.SuiteRunner.privateRun(SuiteRunner.java:337)
	at org.testng.SuiteRunner.run(SuiteRunner.java:286)
	at org.testng.SuiteRunnerWorker.runSuite(SuiteRunnerWorker.java:53)
	at org.testng.SuiteRunnerWorker.run(SuiteRunnerWorker.java:96)
	at org.testng.TestNG.runSuitesSequentially(TestNG.java:1214)
	at org.testng.TestNG.runSuitesLocally(TestNG.java:1136)
	at org.testng.TestNG.runSuites(TestNG.java:1066)
	at org.testng.TestNG.run(TestNG.java:1034)
	at org.testng.remote.AbstractRemoteTestNG.run(AbstractRemoteTestNG.java:115)
	at org.testng.remote.RemoteTestNG.initAndRun(RemoteTestNG.java:251)
	at org.testng.remote.RemoteTestNG.main(RemoteTestNG.java:77)
</pre></div><a href='#' onClick='toggleBox("stack-trace2028855523", this, "Click to show all stack frames", "Click to hide stack frames")'>Click to show all stack frames</a>
<div class='stack-trace' id='stack-trace2028855523'><pre>java.lang.AssertionError: The following asserts failed:
	Fail:Minimum value 99.99 is not allowed in D Value field  expected [99.99] but found [1.00]
	at org.testng.asserts.SoftAssert.assertAll(SoftAssert.java:47)
	at org.testng.asserts.SoftAssert.assertAll(SoftAssert.java:31)
	at com.vrt.testcases.setup_CalculationTest.CAL011B(setup_CalculationTest.java:448)
	at sun.reflect.NativeMethodAccessorImpl.invoke0(Native Method)
	at sun.reflect.NativeMethodAccessorImpl.invoke(NativeMethodAccessorImpl.java:62)
	at sun.reflect.DelegatingMethodAccessorImpl.invoke(DelegatingMethodAccessorImpl.java:43)
	at java.lang.reflect.Method.invoke(Method.java:498)
	at org.testng.internal.MethodInvocationHelper.invokeMethod(MethodInvocationHelper.java:135)
	at org.testng.internal.TestInvoker.invokeMethod(TestInvoker.java:598)
	at org.testng.internal.TestInvoker.invokeTestMethod(TestInvoker.java:174)
	at org.testng.internal.MethodRunner.runInSequence(MethodRunner.java:46)
	at org.testng.internal.TestInvoker$MethodInvocationAgent.invoke(TestInvoker.java:821)
	at org.testng.internal.TestInvoker.invokeTestMethods(TestInvoker.java:147)
	at org.testng.internal.TestMethodWorker.invokeTestMethods(TestMethodWorker.java:146)
	at org.testng.internal.TestMethodWorker.run(TestMethodWorker.java:128)
	at java.util.ArrayList.forEach(ArrayList.java:1257)
	at org.testng.TestRunner.privateRun(TestRunner.java:767)
	at org.testng.TestRunner.run(TestRunner.java:588)
	at org.testng.SuiteRunner.runTest(SuiteRunner.java:384)
	at org.testng.SuiteRunner.runSequentially(SuiteRunner.java:378)
	at org.testng.SuiteRunner.privateRun(SuiteRunner.java:337)
	at org.testng.SuiteRunner.run(SuiteRunner.java:286)
	at org.testng.SuiteRunnerWorker.runSuite(SuiteRunnerWorker.java:53)
	at org.testng.SuiteRunnerWorker.run(SuiteRunnerWorker.java:96)
	at org.testng.TestNG.runSuitesSequentially(TestNG.java:1214)
	at org.testng.TestNG.runSuitesLocally(TestNG.java:1136)
	at org.testng.TestNG.runSuites(TestNG.java:1066)
	at org.testng.TestNG.run(TestNG.java:1034)
	at org.testng.remote.AbstractRemoteTestNG.run(AbstractRemoteTestNG.java:115)
	at org.testng.remote.RemoteTestNG.initAndRun(RemoteTestNG.java:251)
	at org.testng.remote.RemoteTestNG.main(RemoteTestNG.java:77)
</pre></div></td>
<td>5</td>
<td>com.vrt.testcases.setup_CalculationTest@27808f31</td></tr>
<tr>
<td title='com.vrt.testcases.setup_CalculationTest.CAL011B()'><b>CAL011B</b><br>Test class: com.vrt.testcases.setup_CalculationTest<br>Test method: CAL011B-Verify that max 99.99  allowed in D Value field</td>
<td><div><pre>java.lang.AssertionError: The following asserts failed:
	Fail:Minimum value 99.99 is not allowed in D Value field  expected [99.99] but found [1.00]
	at org.testng.asserts.SoftAssert.assertAll(SoftAssert.java:47)
	at org.testng.asserts.SoftAssert.assertAll(SoftAssert.java:31)
	at com.vrt.testcases.setup_CalculationTest.CAL011B(setup_CalculationTest.java:448)
	at sun.reflect.NativeMethodAccessorImpl.invoke0(Native Method)
	at sun.reflect.NativeMethodAccessorImpl.invoke(NativeMethodAccessorImpl.java:62)
	at sun.reflect.DelegatingMethodAccessorImpl.invoke(DelegatingMethodAccessorImpl.java:43)
	at java.lang.reflect.Method.invoke(Method.java:498)
	at org.testng.internal.MethodInvocationHelper.invokeMethod(MethodInvocationHelper.java:135)
	at org.testng.internal.TestInvoker.invokeMethod(TestInvoker.java:598)
	at org.testng.internal.TestInvoker.retryFailed(TestInvoker.java:214)
	at org.testng.internal.MethodRunner.runInSequence(MethodRunner.java:58)
	at org.testng.internal.TestInvoker$MethodInvocationAgent.invoke(TestInvoker.java:821)
	at org.testng.internal.TestInvoker.invokeTestMethods(TestInvoker.java:147)
	at org.testng.internal.TestMethodWorker.invokeTestMethods(TestMethodWorker.java:146)
	at org.testng.internal.TestMethodWorker.run(TestMethodWorker.java:128)
	at java.util.ArrayList.forEach(ArrayList.java:1257)
	at org.testng.TestRunner.privateRun(TestRunner.java:767)
	at org.testng.TestRunner.run(TestRunner.java:588)
	at org.testng.SuiteRunner.runTest(SuiteRunner.java:384)
	at org.testng.SuiteRunner.runSequentially(SuiteRunner.java:378)
	at org.testng.SuiteRunner.privateRun(SuiteRunner.java:337)
	at org.testng.SuiteRunner.run(SuiteRunner.java:286)
	at org.testng.SuiteRunnerWorker.runSuite(SuiteRunnerWorker.java:53)
	at org.testng.SuiteRunnerWorker.run(SuiteRunnerWorker.java:96)
	at org.testng.TestNG.runSuitesSequentially(TestNG.java:1214)
	at org.testng.TestNG.runSuitesLocally(TestNG.java:1136)
	at org.testng.TestNG.runSuites(TestNG.java:1066)
	at org.testng.TestNG.run(TestNG.java:1034)
	at org.testng.remote.AbstractRemoteTestNG.run(AbstractRemoteTestNG.java:115)
	at org.testng.remote.RemoteTestNG.initAndRun(RemoteTestNG.java:251)
	at org.testng.remote.RemoteTestNG.main(RemoteTestNG.java:77)
</pre></div><a href='#' onClick='toggleBox("stack-trace289525504", this, "Click to show all stack frames", "Click to hide stack frames")'>Click to show all stack frames</a>
<div class='stack-trace' id='stack-trace289525504'><pre>java.lang.AssertionError: The following asserts failed:
	Fail:Minimum value 99.99 is not allowed in D Value field  expected [99.99] but found [1.00]
	at org.testng.asserts.SoftAssert.assertAll(SoftAssert.java:47)
	at org.testng.asserts.SoftAssert.assertAll(SoftAssert.java:31)
	at com.vrt.testcases.setup_CalculationTest.CAL011B(setup_CalculationTest.java:448)
	at sun.reflect.NativeMethodAccessorImpl.invoke0(Native Method)
	at sun.reflect.NativeMethodAccessorImpl.invoke(NativeMethodAccessorImpl.java:62)
	at sun.reflect.DelegatingMethodAccessorImpl.invoke(DelegatingMethodAccessorImpl.java:43)
	at java.lang.reflect.Method.invoke(Method.java:498)
	at org.testng.internal.MethodInvocationHelper.invokeMethod(MethodInvocationHelper.java:135)
	at org.testng.internal.TestInvoker.invokeMethod(TestInvoker.java:598)
	at org.testng.internal.TestInvoker.retryFailed(TestInvoker.java:214)
	at org.testng.internal.MethodRunner.runInSequence(MethodRunner.java:58)
	at org.testng.internal.TestInvoker$MethodInvocationAgent.invoke(TestInvoker.java:821)
	at org.testng.internal.TestInvoker.invokeTestMethods(TestInvoker.java:147)
	at org.testng.internal.TestMethodWorker.invokeTestMethods(TestMethodWorker.java:146)
	at org.testng.internal.TestMethodWorker.run(TestMethodWorker.java:128)
	at java.util.ArrayList.forEach(ArrayList.java:1257)
	at org.testng.TestRunner.privateRun(TestRunner.java:767)
	at org.testng.TestRunner.run(TestRunner.java:588)
	at org.testng.SuiteRunner.runTest(SuiteRunner.java:384)
	at org.testng.SuiteRunner.runSequentially(SuiteRunner.java:378)
	at org.testng.SuiteRunner.privateRun(SuiteRunner.java:337)
	at org.testng.SuiteRunner.run(SuiteRunner.java:286)
	at org.testng.SuiteRunnerWorker.runSuite(SuiteRunnerWorker.java:53)
	at org.testng.SuiteRunnerWorker.run(SuiteRunnerWorker.java:96)
	at org.testng.TestNG.runSuitesSequentially(TestNG.java:1214)
	at org.testng.TestNG.runSuitesLocally(TestNG.java:1136)
	at org.testng.TestNG.runSuites(TestNG.java:1066)
	at org.testng.TestNG.run(TestNG.java:1034)
	at org.testng.remote.AbstractRemoteTestNG.run(AbstractRemoteTestNG.java:115)
	at org.testng.remote.RemoteTestNG.initAndRun(RemoteTestNG.java:251)
	at org.testng.remote.RemoteTestNG.main(RemoteTestNG.java:77)
</pre></div></td>
<td>5</td>
<td>com.vrt.testcases.setup_CalculationTest@27808f31</td></tr>
<tr>
<td title='com.vrt.testcases.setup_CalculationTest.CAL013()'><b>CAL013</b><br>Test class: com.vrt.testcases.setup_CalculationTest<br>Test method: CAL013A-Verify the invalid values for D Value</td>
<td><div><pre>java.lang.RuntimeException: java.lang.NullPointerException
	at org.testng.internal.MethodInvocationHelper.invokeMethodNoCheckedException(MethodInvocationHelper.java:52)
	at org.testng.internal.MethodInvocationHelper.invokeDataProvider(MethodInvocationHelper.java:148)
	at org.testng.internal.Parameters.handleParameters(Parameters.java:797)
	at org.testng.internal.Parameters.handleParameters(Parameters.java:740)
	at org.testng.internal.ParameterHandler.handleParameters(ParameterHandler.java:59)
	at org.testng.internal.ParameterHandler.createParameters(ParameterHandler.java:38)
	at org.testng.internal.TestInvoker$MethodInvocationAgent.invoke(TestInvoker.java:788)
	at org.testng.internal.TestInvoker.invokeTestMethods(TestInvoker.java:147)
	at org.testng.internal.TestMethodWorker.invokeTestMethods(TestMethodWorker.java:146)
	at org.testng.internal.TestMethodWorker.run(TestMethodWorker.java:128)
	at java.util.ArrayList.forEach(ArrayList.java:1257)
	at org.testng.TestRunner.privateRun(TestRunner.java:767)
	at org.testng.TestRunner.run(TestRunner.java:588)
	at org.testng.SuiteRunner.runTest(SuiteRunner.java:384)
	at org.testng.SuiteRunner.runSequentially(SuiteRunner.java:378)
	at org.testng.SuiteRunner.privateRun(SuiteRunner.java:337)
	at org.testng.SuiteRunner.run(SuiteRunner.java:286)
	at org.testng.SuiteRunnerWorker.runSuite(SuiteRunnerWorker.java:53)
	at org.testng.SuiteRunnerWorker.run(SuiteRunnerWorker.java:96)
	at org.testng.TestNG.runSuitesSequentially(TestNG.java:1214)
	at org.testng.TestNG.runSuitesLocally(TestNG.java:1136)
	at org.testng.TestNG.runSuites(TestNG.java:1066)
	at org.testng.TestNG.run(TestNG.java:1034)
	at org.testng.remote.AbstractRemoteTestNG.run(AbstractRemoteTestNG.java:115)
	at org.testng.remote.RemoteTestNG.initAndRun(RemoteTestNG.java:251)
	at org.testng.remote.RemoteTestNG.main(RemoteTestNG.java:77)
Caused by: java.lang.NullPointerException
	at com.vrt.utility.setupCreationUtility.getTestData(setupCreationUtility.java:52)
	at com.vrt.utility.setupCreationUtility.CAL013A(setupCreationUtility.java:457)
	at sun.reflect.NativeMethodAccessorImpl.invoke0(Native Method)
	at sun.reflect.NativeMethodAccessorImpl.invoke(NativeMethodAccessorImpl.java:62)
	at sun.reflect.DelegatingMethodAccessorImpl.invoke(DelegatingMethodAccessorImpl.java:43)
	at java.lang.reflect.Method.invoke(Method.java:498)
	at org.testng.internal.MethodInvocationHelper.invokeMethod(MethodInvocationHelper.java:135)
	at org.testng.internal.MethodInvocationHelper.invokeMethod(MethodInvocationHelper.java:79)
	at org.testng.internal.MethodInvocationHelper.invokeMethodNoCheckedException(MethodInvocationHelper.java:48)
	... 25 more
</pre></div><a href='#' onClick='toggleBox("stack-trace2129109539", this, "Click to show all stack frames", "Click to hide stack frames")'>Click to show all stack frames</a>
<div class='stack-trace' id='stack-trace2129109539'><pre>java.lang.RuntimeException: java.lang.NullPointerException
	at org.testng.internal.MethodInvocationHelper.invokeMethodNoCheckedException(MethodInvocationHelper.java:52)
	at org.testng.internal.MethodInvocationHelper.invokeDataProvider(MethodInvocationHelper.java:148)
	at org.testng.internal.Parameters.handleParameters(Parameters.java:797)
	at org.testng.internal.Parameters.handleParameters(Parameters.java:740)
	at org.testng.internal.ParameterHandler.handleParameters(ParameterHandler.java:59)
	at org.testng.internal.ParameterHandler.createParameters(ParameterHandler.java:38)
	at org.testng.internal.TestInvoker$MethodInvocationAgent.invoke(TestInvoker.java:788)
	at org.testng.internal.TestInvoker.invokeTestMethods(TestInvoker.java:147)
	at org.testng.internal.TestMethodWorker.invokeTestMethods(TestMethodWorker.java:146)
	at org.testng.internal.TestMethodWorker.run(TestMethodWorker.java:128)
	at java.util.ArrayList.forEach(ArrayList.java:1257)
	at org.testng.TestRunner.privateRun(TestRunner.java:767)
	at org.testng.TestRunner.run(TestRunner.java:588)
	at org.testng.SuiteRunner.runTest(SuiteRunner.java:384)
	at org.testng.SuiteRunner.runSequentially(SuiteRunner.java:378)
	at org.testng.SuiteRunner.privateRun(SuiteRunner.java:337)
	at org.testng.SuiteRunner.run(SuiteRunner.java:286)
	at org.testng.SuiteRunnerWorker.runSuite(SuiteRunnerWorker.java:53)
	at org.testng.SuiteRunnerWorker.run(SuiteRunnerWorker.java:96)
	at org.testng.TestNG.runSuitesSequentially(TestNG.java:1214)
	at org.testng.TestNG.runSuitesLocally(TestNG.java:1136)
	at org.testng.TestNG.runSuites(TestNG.java:1066)
	at org.testng.TestNG.run(TestNG.java:1034)
	at org.testng.remote.AbstractRemoteTestNG.run(AbstractRemoteTestNG.java:115)
	at org.testng.remote.RemoteTestNG.initAndRun(RemoteTestNG.java:251)
	at org.testng.remote.RemoteTestNG.main(RemoteTestNG.java:77)
Caused by: java.lang.NullPointerException
	at com.vrt.utility.setupCreationUtility.getTestData(setupCreationUtility.java:52)
	at com.vrt.utility.setupCreationUtility.CAL013A(setupCreationUtility.java:457)
	at sun.reflect.NativeMethodAccessorImpl.invoke0(Native Method)
	at sun.reflect.NativeMethodAccessorImpl.invoke(NativeMethodAccessorImpl.java:62)
	at sun.reflect.DelegatingMethodAccessorImpl.invoke(DelegatingMethodAccessorImpl.java:43)
	at java.lang.reflect.Method.invoke(Method.java:498)
	at org.testng.internal.MethodInvocationHelper.invokeMethod(MethodInvocationHelper.java:135)
	at org.testng.internal.MethodInvocationHelper.invokeMethod(MethodInvocationHelper.java:79)
	at org.testng.internal.MethodInvocationHelper.invokeMethodNoCheckedException(MethodInvocationHelper.java:48)
	... 25 more
</pre></div></td>
<td>0</td>
<td>com.vrt.testcases.setup_CalculationTest@27808f31</td></tr>
<tr>
<td title='com.vrt.testcases.setup_CalculationTest.CAL035()'><b>CAL035</b><br>Test class: com.vrt.testcases.setup_CalculationTest<br>Test method: CAL035-Verify that the value selected from the drop down of Saturation pressure of steam field is relfected correctly</td>
<td><div><pre>java.lang.IndexOutOfBoundsException: Index: 1, Size: 1
	at java.util.ArrayList.rangeCheck(ArrayList.java:657)
	at java.util.ArrayList.get(ArrayList.java:433)
	at com.vrt.pages.Setup_CalculationsPage.getSensorTxt_SaturationPressureOfSteam(Setup_CalculationsPage.java:206)
	at com.vrt.testcases.setup_CalculationTest.CAL035(setup_CalculationTest.java:826)
	at sun.reflect.NativeMethodAccessorImpl.invoke0(Native Method)
	at sun.reflect.NativeMethodAccessorImpl.invoke(NativeMethodAccessorImpl.java:62)
	at sun.reflect.DelegatingMethodAccessorImpl.invoke(DelegatingMethodAccessorImpl.java:43)
	at java.lang.reflect.Method.invoke(Method.java:498)
	at org.testng.internal.MethodInvocationHelper.invokeMethod(MethodInvocationHelper.java:135)
	at org.testng.internal.TestInvoker.invokeMethod(TestInvoker.java:598)
	at org.testng.internal.TestInvoker.invokeTestMethod(TestInvoker.java:174)
	at org.testng.internal.MethodRunner.runInSequence(MethodRunner.java:46)
	at org.testng.internal.TestInvoker$MethodInvocationAgent.invoke(TestInvoker.java:821)
	at org.testng.internal.TestInvoker.invokeTestMethods(TestInvoker.java:147)
	at org.testng.internal.TestMethodWorker.invokeTestMethods(TestMethodWorker.java:146)
	at org.testng.internal.TestMethodWorker.run(TestMethodWorker.java:128)
	at java.util.ArrayList.forEach(ArrayList.java:1257)
	at org.testng.TestRunner.privateRun(TestRunner.java:767)
	at org.testng.TestRunner.run(TestRunner.java:588)
	at org.testng.SuiteRunner.runTest(SuiteRunner.java:384)
	at org.testng.SuiteRunner.runSequentially(SuiteRunner.java:378)
	at org.testng.SuiteRunner.privateRun(SuiteRunner.java:337)
	at org.testng.SuiteRunner.run(SuiteRunner.java:286)
	at org.testng.SuiteRunnerWorker.runSuite(SuiteRunnerWorker.java:53)
	at org.testng.SuiteRunnerWorker.run(SuiteRunnerWorker.java:96)
	at org.testng.TestNG.runSuitesSequentially(TestNG.java:1214)
	at org.testng.TestNG.runSuitesLocally(TestNG.java:1136)
	at org.testng.TestNG.runSuites(TestNG.java:1066)
	at org.testng.TestNG.run(TestNG.java:1034)
	at org.testng.remote.AbstractRemoteTestNG.run(AbstractRemoteTestNG.java:115)
	at org.testng.remote.RemoteTestNG.initAndRun(RemoteTestNG.java:251)
	at org.testng.remote.RemoteTestNG.main(RemoteTestNG.java:77)
</pre></div><a href='#' onClick='toggleBox("stack-trace48259261", this, "Click to show all stack frames", "Click to hide stack frames")'>Click to show all stack frames</a>
<div class='stack-trace' id='stack-trace48259261'><pre>java.lang.IndexOutOfBoundsException: Index: 1, Size: 1
	at java.util.ArrayList.rangeCheck(ArrayList.java:657)
	at java.util.ArrayList.get(ArrayList.java:433)
	at com.vrt.pages.Setup_CalculationsPage.getSensorTxt_SaturationPressureOfSteam(Setup_CalculationsPage.java:206)
	at com.vrt.testcases.setup_CalculationTest.CAL035(setup_CalculationTest.java:826)
	at sun.reflect.NativeMethodAccessorImpl.invoke0(Native Method)
	at sun.reflect.NativeMethodAccessorImpl.invoke(NativeMethodAccessorImpl.java:62)
	at sun.reflect.DelegatingMethodAccessorImpl.invoke(DelegatingMethodAccessorImpl.java:43)
	at java.lang.reflect.Method.invoke(Method.java:498)
	at org.testng.internal.MethodInvocationHelper.invokeMethod(MethodInvocationHelper.java:135)
	at org.testng.internal.TestInvoker.invokeMethod(TestInvoker.java:598)
	at org.testng.internal.TestInvoker.invokeTestMethod(TestInvoker.java:174)
	at org.testng.internal.MethodRunner.runInSequence(MethodRunner.java:46)
	at org.testng.internal.TestInvoker$MethodInvocationAgent.invoke(TestInvoker.java:821)
	at org.testng.internal.TestInvoker.invokeTestMethods(TestInvoker.java:147)
	at org.testng.internal.TestMethodWorker.invokeTestMethods(TestMethodWorker.java:146)
	at org.testng.internal.TestMethodWorker.run(TestMethodWorker.java:128)
	at java.util.ArrayList.forEach(ArrayList.java:1257)
	at org.testng.TestRunner.privateRun(TestRunner.java:767)
	at org.testng.TestRunner.run(TestRunner.java:588)
	at org.testng.SuiteRunner.runTest(SuiteRunner.java:384)
	at org.testng.SuiteRunner.runSequentially(SuiteRunner.java:378)
	at org.testng.SuiteRunner.privateRun(SuiteRunner.java:337)
	at org.testng.SuiteRunner.run(SuiteRunner.java:286)
	at org.testng.SuiteRunnerWorker.runSuite(SuiteRunnerWorker.java:53)
	at org.testng.SuiteRunnerWorker.run(SuiteRunnerWorker.java:96)
	at org.testng.TestNG.runSuitesSequentially(TestNG.java:1214)
	at org.testng.TestNG.runSuitesLocally(TestNG.java:1136)
	at org.testng.TestNG.runSuites(TestNG.java:1066)
	at org.testng.TestNG.run(TestNG.java:1034)
	at org.testng.remote.AbstractRemoteTestNG.run(AbstractRemoteTestNG.java:115)
	at org.testng.remote.RemoteTestNG.initAndRun(RemoteTestNG.java:251)
	at org.testng.remote.RemoteTestNG.main(RemoteTestNG.java:77)
</pre></div></td>
<td>1</td>
<td>com.vrt.testcases.setup_CalculationTest@27808f31</td></tr>
<tr>
<td title='com.vrt.testcases.setup_CalculationTest.CAL035()'><b>CAL035</b><br>Test class: com.vrt.testcases.setup_CalculationTest<br>Test method: CAL035-Verify that the value selected from the drop down of Saturation pressure of steam field is relfected correctly</td>
<td><div><pre>java.lang.IndexOutOfBoundsException: Index: 1, Size: 1
	at java.util.ArrayList.rangeCheck(ArrayList.java:657)
	at java.util.ArrayList.get(ArrayList.java:433)
	at com.vrt.pages.Setup_CalculationsPage.getSensorTxt_SaturationPressureOfSteam(Setup_CalculationsPage.java:206)
	at com.vrt.testcases.setup_CalculationTest.CAL035(setup_CalculationTest.java:826)
	at sun.reflect.NativeMethodAccessorImpl.invoke0(Native Method)
	at sun.reflect.NativeMethodAccessorImpl.invoke(NativeMethodAccessorImpl.java:62)
	at sun.reflect.DelegatingMethodAccessorImpl.invoke(DelegatingMethodAccessorImpl.java:43)
	at java.lang.reflect.Method.invoke(Method.java:498)
	at org.testng.internal.MethodInvocationHelper.invokeMethod(MethodInvocationHelper.java:135)
	at org.testng.internal.TestInvoker.invokeMethod(TestInvoker.java:598)
	at org.testng.internal.TestInvoker.retryFailed(TestInvoker.java:214)
	at org.testng.internal.MethodRunner.runInSequence(MethodRunner.java:58)
	at org.testng.internal.TestInvoker$MethodInvocationAgent.invoke(TestInvoker.java:821)
	at org.testng.internal.TestInvoker.invokeTestMethods(TestInvoker.java:147)
	at org.testng.internal.TestMethodWorker.invokeTestMethods(TestMethodWorker.java:146)
	at org.testng.internal.TestMethodWorker.run(TestMethodWorker.java:128)
	at java.util.ArrayList.forEach(ArrayList.java:1257)
	at org.testng.TestRunner.privateRun(TestRunner.java:767)
	at org.testng.TestRunner.run(TestRunner.java:588)
	at org.testng.SuiteRunner.runTest(SuiteRunner.java:384)
	at org.testng.SuiteRunner.runSequentially(SuiteRunner.java:378)
	at org.testng.SuiteRunner.privateRun(SuiteRunner.java:337)
	at org.testng.SuiteRunner.run(SuiteRunner.java:286)
	at org.testng.SuiteRunnerWorker.runSuite(SuiteRunnerWorker.java:53)
	at org.testng.SuiteRunnerWorker.run(SuiteRunnerWorker.java:96)
	at org.testng.TestNG.runSuitesSequentially(TestNG.java:1214)
	at org.testng.TestNG.runSuitesLocally(TestNG.java:1136)
	at org.testng.TestNG.runSuites(TestNG.java:1066)
	at org.testng.TestNG.run(TestNG.java:1034)
	at org.testng.remote.AbstractRemoteTestNG.run(AbstractRemoteTestNG.java:115)
	at org.testng.remote.RemoteTestNG.initAndRun(RemoteTestNG.java:251)
	at org.testng.remote.RemoteTestNG.main(RemoteTestNG.java:77)
</pre></div><a href='#' onClick='toggleBox("stack-trace238062557", this, "Click to show all stack frames", "Click to hide stack frames")'>Click to show all stack frames</a>
<div class='stack-trace' id='stack-trace238062557'><pre>java.lang.IndexOutOfBoundsException: Index: 1, Size: 1
	at java.util.ArrayList.rangeCheck(ArrayList.java:657)
	at java.util.ArrayList.get(ArrayList.java:433)
	at com.vrt.pages.Setup_CalculationsPage.getSensorTxt_SaturationPressureOfSteam(Setup_CalculationsPage.java:206)
	at com.vrt.testcases.setup_CalculationTest.CAL035(setup_CalculationTest.java:826)
	at sun.reflect.NativeMethodAccessorImpl.invoke0(Native Method)
	at sun.reflect.NativeMethodAccessorImpl.invoke(NativeMethodAccessorImpl.java:62)
	at sun.reflect.DelegatingMethodAccessorImpl.invoke(DelegatingMethodAccessorImpl.java:43)
	at java.lang.reflect.Method.invoke(Method.java:498)
	at org.testng.internal.MethodInvocationHelper.invokeMethod(MethodInvocationHelper.java:135)
	at org.testng.internal.TestInvoker.invokeMethod(TestInvoker.java:598)
	at org.testng.internal.TestInvoker.retryFailed(TestInvoker.java:214)
	at org.testng.internal.MethodRunner.runInSequence(MethodRunner.java:58)
	at org.testng.internal.TestInvoker$MethodInvocationAgent.invoke(TestInvoker.java:821)
	at org.testng.internal.TestInvoker.invokeTestMethods(TestInvoker.java:147)
	at org.testng.internal.TestMethodWorker.invokeTestMethods(TestMethodWorker.java:146)
	at org.testng.internal.TestMethodWorker.run(TestMethodWorker.java:128)
	at java.util.ArrayList.forEach(ArrayList.java:1257)
	at org.testng.TestRunner.privateRun(TestRunner.java:767)
	at org.testng.TestRunner.run(TestRunner.java:588)
	at org.testng.SuiteRunner.runTest(SuiteRunner.java:384)
	at org.testng.SuiteRunner.runSequentially(SuiteRunner.java:378)
	at org.testng.SuiteRunner.privateRun(SuiteRunner.java:337)
	at org.testng.SuiteRunner.run(SuiteRunner.java:286)
	at org.testng.SuiteRunnerWorker.runSuite(SuiteRunnerWorker.java:53)
	at org.testng.SuiteRunnerWorker.run(SuiteRunnerWorker.java:96)
	at org.testng.TestNG.runSuitesSequentially(TestNG.java:1214)
	at org.testng.TestNG.runSuitesLocally(TestNG.java:1136)
	at org.testng.TestNG.runSuites(TestNG.java:1066)
	at org.testng.TestNG.run(TestNG.java:1034)
	at org.testng.remote.AbstractRemoteTestNG.run(AbstractRemoteTestNG.java:115)
	at org.testng.remote.RemoteTestNG.initAndRun(RemoteTestNG.java:251)
	at org.testng.remote.RemoteTestNG.main(RemoteTestNG.java:77)
</pre></div></td>
<td>1</td>
<td>com.vrt.testcases.setup_CalculationTest@27808f31</td></tr>
<tr>
<td title='com.vrt.testcases.setup_CalculationTest.CAL036()'><b>CAL036</b><br>Test class: com.vrt.testcases.setup_CalculationTest<br>Test method: CAL036-Verify that the value selected from the drop down of Saturation temperature of steam field is reflected correctly</td>
<td><div><pre>java.lang.IndexOutOfBoundsException: Index: 1, Size: 1
	at java.util.ArrayList.rangeCheck(ArrayList.java:657)
	at java.util.ArrayList.get(ArrayList.java:433)
	at com.vrt.pages.Setup_CalculationsPage.getSensorTxt_SaturationTemperatureOfSteam(Setup_CalculationsPage.java:272)
	at com.vrt.testcases.setup_CalculationTest.CAL036(setup_CalculationTest.java:847)
	at sun.reflect.NativeMethodAccessorImpl.invoke0(Native Method)
	at sun.reflect.NativeMethodAccessorImpl.invoke(NativeMethodAccessorImpl.java:62)
	at sun.reflect.DelegatingMethodAccessorImpl.invoke(DelegatingMethodAccessorImpl.java:43)
	at java.lang.reflect.Method.invoke(Method.java:498)
	at org.testng.internal.MethodInvocationHelper.invokeMethod(MethodInvocationHelper.java:135)
	at org.testng.internal.TestInvoker.invokeMethod(TestInvoker.java:598)
	at org.testng.internal.TestInvoker.invokeTestMethod(TestInvoker.java:174)
	at org.testng.internal.MethodRunner.runInSequence(MethodRunner.java:46)
	at org.testng.internal.TestInvoker$MethodInvocationAgent.invoke(TestInvoker.java:821)
	at org.testng.internal.TestInvoker.invokeTestMethods(TestInvoker.java:147)
	at org.testng.internal.TestMethodWorker.invokeTestMethods(TestMethodWorker.java:146)
	at org.testng.internal.TestMethodWorker.run(TestMethodWorker.java:128)
	at java.util.ArrayList.forEach(ArrayList.java:1257)
	at org.testng.TestRunner.privateRun(TestRunner.java:767)
	at org.testng.TestRunner.run(TestRunner.java:588)
	at org.testng.SuiteRunner.runTest(SuiteRunner.java:384)
	at org.testng.SuiteRunner.runSequentially(SuiteRunner.java:378)
	at org.testng.SuiteRunner.privateRun(SuiteRunner.java:337)
	at org.testng.SuiteRunner.run(SuiteRunner.java:286)
	at org.testng.SuiteRunnerWorker.runSuite(SuiteRunnerWorker.java:53)
	at org.testng.SuiteRunnerWorker.run(SuiteRunnerWorker.java:96)
	at org.testng.TestNG.runSuitesSequentially(TestNG.java:1214)
	at org.testng.TestNG.runSuitesLocally(TestNG.java:1136)
	at org.testng.TestNG.runSuites(TestNG.java:1066)
	at org.testng.TestNG.run(TestNG.java:1034)
	at org.testng.remote.AbstractRemoteTestNG.run(AbstractRemoteTestNG.java:115)
	at org.testng.remote.RemoteTestNG.initAndRun(RemoteTestNG.java:251)
	at org.testng.remote.RemoteTestNG.main(RemoteTestNG.java:77)
</pre></div><a href='#' onClick='toggleBox("stack-trace368846082", this, "Click to show all stack frames", "Click to hide stack frames")'>Click to show all stack frames</a>
<div class='stack-trace' id='stack-trace368846082'><pre>java.lang.IndexOutOfBoundsException: Index: 1, Size: 1
	at java.util.ArrayList.rangeCheck(ArrayList.java:657)
	at java.util.ArrayList.get(ArrayList.java:433)
	at com.vrt.pages.Setup_CalculationsPage.getSensorTxt_SaturationTemperatureOfSteam(Setup_CalculationsPage.java:272)
	at com.vrt.testcases.setup_CalculationTest.CAL036(setup_CalculationTest.java:847)
	at sun.reflect.NativeMethodAccessorImpl.invoke0(Native Method)
	at sun.reflect.NativeMethodAccessorImpl.invoke(NativeMethodAccessorImpl.java:62)
	at sun.reflect.DelegatingMethodAccessorImpl.invoke(DelegatingMethodAccessorImpl.java:43)
	at java.lang.reflect.Method.invoke(Method.java:498)
	at org.testng.internal.MethodInvocationHelper.invokeMethod(MethodInvocationHelper.java:135)
	at org.testng.internal.TestInvoker.invokeMethod(TestInvoker.java:598)
	at org.testng.internal.TestInvoker.invokeTestMethod(TestInvoker.java:174)
	at org.testng.internal.MethodRunner.runInSequence(MethodRunner.java:46)
	at org.testng.internal.TestInvoker$MethodInvocationAgent.invoke(TestInvoker.java:821)
	at org.testng.internal.TestInvoker.invokeTestMethods(TestInvoker.java:147)
	at org.testng.internal.TestMethodWorker.invokeTestMethods(TestMethodWorker.java:146)
	at org.testng.internal.TestMethodWorker.run(TestMethodWorker.java:128)
	at java.util.ArrayList.forEach(ArrayList.java:1257)
	at org.testng.TestRunner.privateRun(TestRunner.java:767)
	at org.testng.TestRunner.run(TestRunner.java:588)
	at org.testng.SuiteRunner.runTest(SuiteRunner.java:384)
	at org.testng.SuiteRunner.runSequentially(SuiteRunner.java:378)
	at org.testng.SuiteRunner.privateRun(SuiteRunner.java:337)
	at org.testng.SuiteRunner.run(SuiteRunner.java:286)
	at org.testng.SuiteRunnerWorker.runSuite(SuiteRunnerWorker.java:53)
	at org.testng.SuiteRunnerWorker.run(SuiteRunnerWorker.java:96)
	at org.testng.TestNG.runSuitesSequentially(TestNG.java:1214)
	at org.testng.TestNG.runSuitesLocally(TestNG.java:1136)
	at org.testng.TestNG.runSuites(TestNG.java:1066)
	at org.testng.TestNG.run(TestNG.java:1034)
	at org.testng.remote.AbstractRemoteTestNG.run(AbstractRemoteTestNG.java:115)
	at org.testng.remote.RemoteTestNG.initAndRun(RemoteTestNG.java:251)
	at org.testng.remote.RemoteTestNG.main(RemoteTestNG.java:77)
</pre></div></td>
<td>1</td>
<td>com.vrt.testcases.setup_CalculationTest@27808f31</td></tr>
<tr>
<td title='com.vrt.testcases.setup_CalculationTest.CAL036()'><b>CAL036</b><br>Test class: com.vrt.testcases.setup_CalculationTest<br>Test method: CAL036-Verify that the value selected from the drop down of Saturation temperature of steam field is reflected correctly</td>
<td><div><pre>java.lang.IndexOutOfBoundsException: Index: 1, Size: 1
	at java.util.ArrayList.rangeCheck(ArrayList.java:657)
	at java.util.ArrayList.get(ArrayList.java:433)
	at com.vrt.pages.Setup_CalculationsPage.getSensorTxt_SaturationTemperatureOfSteam(Setup_CalculationsPage.java:272)
	at com.vrt.testcases.setup_CalculationTest.CAL036(setup_CalculationTest.java:847)
	at sun.reflect.NativeMethodAccessorImpl.invoke0(Native Method)
	at sun.reflect.NativeMethodAccessorImpl.invoke(NativeMethodAccessorImpl.java:62)
	at sun.reflect.DelegatingMethodAccessorImpl.invoke(DelegatingMethodAccessorImpl.java:43)
	at java.lang.reflect.Method.invoke(Method.java:498)
	at org.testng.internal.MethodInvocationHelper.invokeMethod(MethodInvocationHelper.java:135)
	at org.testng.internal.TestInvoker.invokeMethod(TestInvoker.java:598)
	at org.testng.internal.TestInvoker.retryFailed(TestInvoker.java:214)
	at org.testng.internal.MethodRunner.runInSequence(MethodRunner.java:58)
	at org.testng.internal.TestInvoker$MethodInvocationAgent.invoke(TestInvoker.java:821)
	at org.testng.internal.TestInvoker.invokeTestMethods(TestInvoker.java:147)
	at org.testng.internal.TestMethodWorker.invokeTestMethods(TestMethodWorker.java:146)
	at org.testng.internal.TestMethodWorker.run(TestMethodWorker.java:128)
	at java.util.ArrayList.forEach(ArrayList.java:1257)
	at org.testng.TestRunner.privateRun(TestRunner.java:767)
	at org.testng.TestRunner.run(TestRunner.java:588)
	at org.testng.SuiteRunner.runTest(SuiteRunner.java:384)
	at org.testng.SuiteRunner.runSequentially(SuiteRunner.java:378)
	at org.testng.SuiteRunner.privateRun(SuiteRunner.java:337)
	at org.testng.SuiteRunner.run(SuiteRunner.java:286)
	at org.testng.SuiteRunnerWorker.runSuite(SuiteRunnerWorker.java:53)
	at org.testng.SuiteRunnerWorker.run(SuiteRunnerWorker.java:96)
	at org.testng.TestNG.runSuitesSequentially(TestNG.java:1214)
	at org.testng.TestNG.runSuitesLocally(TestNG.java:1136)
	at org.testng.TestNG.runSuites(TestNG.java:1066)
	at org.testng.TestNG.run(TestNG.java:1034)
	at org.testng.remote.AbstractRemoteTestNG.run(AbstractRemoteTestNG.java:115)
	at org.testng.remote.RemoteTestNG.initAndRun(RemoteTestNG.java:251)
	at org.testng.remote.RemoteTestNG.main(RemoteTestNG.java:77)
</pre></div><a href='#' onClick='toggleBox("stack-trace292668998", this, "Click to show all stack frames", "Click to hide stack frames")'>Click to show all stack frames</a>
<div class='stack-trace' id='stack-trace292668998'><pre>java.lang.IndexOutOfBoundsException: Index: 1, Size: 1
	at java.util.ArrayList.rangeCheck(ArrayList.java:657)
	at java.util.ArrayList.get(ArrayList.java:433)
	at com.vrt.pages.Setup_CalculationsPage.getSensorTxt_SaturationTemperatureOfSteam(Setup_CalculationsPage.java:272)
	at com.vrt.testcases.setup_CalculationTest.CAL036(setup_CalculationTest.java:847)
	at sun.reflect.NativeMethodAccessorImpl.invoke0(Native Method)
	at sun.reflect.NativeMethodAccessorImpl.invoke(NativeMethodAccessorImpl.java:62)
	at sun.reflect.DelegatingMethodAccessorImpl.invoke(DelegatingMethodAccessorImpl.java:43)
	at java.lang.reflect.Method.invoke(Method.java:498)
	at org.testng.internal.MethodInvocationHelper.invokeMethod(MethodInvocationHelper.java:135)
	at org.testng.internal.TestInvoker.invokeMethod(TestInvoker.java:598)
	at org.testng.internal.TestInvoker.retryFailed(TestInvoker.java:214)
	at org.testng.internal.MethodRunner.runInSequence(MethodRunner.java:58)
	at org.testng.internal.TestInvoker$MethodInvocationAgent.invoke(TestInvoker.java:821)
	at org.testng.internal.TestInvoker.invokeTestMethods(TestInvoker.java:147)
	at org.testng.internal.TestMethodWorker.invokeTestMethods(TestMethodWorker.java:146)
	at org.testng.internal.TestMethodWorker.run(TestMethodWorker.java:128)
	at java.util.ArrayList.forEach(ArrayList.java:1257)
	at org.testng.TestRunner.privateRun(TestRunner.java:767)
	at org.testng.TestRunner.run(TestRunner.java:588)
	at org.testng.SuiteRunner.runTest(SuiteRunner.java:384)
	at org.testng.SuiteRunner.runSequentially(SuiteRunner.java:378)
	at org.testng.SuiteRunner.privateRun(SuiteRunner.java:337)
	at org.testng.SuiteRunner.run(SuiteRunner.java:286)
	at org.testng.SuiteRunnerWorker.runSuite(SuiteRunnerWorker.java:53)
	at org.testng.SuiteRunnerWorker.run(SuiteRunnerWorker.java:96)
	at org.testng.TestNG.runSuitesSequentially(TestNG.java:1214)
	at org.testng.TestNG.runSuitesLocally(TestNG.java:1136)
	at org.testng.TestNG.runSuites(TestNG.java:1066)
	at org.testng.TestNG.run(TestNG.java:1034)
	at org.testng.remote.AbstractRemoteTestNG.run(AbstractRemoteTestNG.java:115)
	at org.testng.remote.RemoteTestNG.initAndRun(RemoteTestNG.java:251)
	at org.testng.remote.RemoteTestNG.main(RemoteTestNG.java:77)
</pre></div></td>
<td>1</td>
<td>com.vrt.testcases.setup_CalculationTest@27808f31</td></tr>
<tr>
<td title='com.vrt.testcases.setup_GroupSensorsTest.GS014()'><b>GS014</b><br>Test class: com.vrt.testcases.setup_GroupSensorsTest<br>Test method: GS014-Verify the invalid inputs for Group name fieldaccepted in Temperature field under Add Sensors section</td>
<td><div><pre>java.lang.RuntimeException: java.lang.NullPointerException
	at org.testng.internal.MethodInvocationHelper.invokeMethodNoCheckedException(MethodInvocationHelper.java:52)
	at org.testng.internal.MethodInvocationHelper.invokeDataProvider(MethodInvocationHelper.java:148)
	at org.testng.internal.Parameters.handleParameters(Parameters.java:797)
	at org.testng.internal.Parameters.handleParameters(Parameters.java:740)
	at org.testng.internal.ParameterHandler.handleParameters(ParameterHandler.java:59)
	at org.testng.internal.ParameterHandler.createParameters(ParameterHandler.java:38)
	at org.testng.internal.TestInvoker$MethodInvocationAgent.invoke(TestInvoker.java:788)
	at org.testng.internal.TestInvoker.invokeTestMethods(TestInvoker.java:147)
	at org.testng.internal.TestMethodWorker.invokeTestMethods(TestMethodWorker.java:146)
	at org.testng.internal.TestMethodWorker.run(TestMethodWorker.java:128)
	at java.util.ArrayList.forEach(ArrayList.java:1257)
	at org.testng.TestRunner.privateRun(TestRunner.java:767)
	at org.testng.TestRunner.run(TestRunner.java:588)
	at org.testng.SuiteRunner.runTest(SuiteRunner.java:384)
	at org.testng.SuiteRunner.runSequentially(SuiteRunner.java:378)
	at org.testng.SuiteRunner.privateRun(SuiteRunner.java:337)
	at org.testng.SuiteRunner.run(SuiteRunner.java:286)
	at org.testng.SuiteRunnerWorker.runSuite(SuiteRunnerWorker.java:53)
	at org.testng.SuiteRunnerWorker.run(SuiteRunnerWorker.java:96)
	at org.testng.TestNG.runSuitesSequentially(TestNG.java:1214)
	at org.testng.TestNG.runSuitesLocally(TestNG.java:1136)
	at org.testng.TestNG.runSuites(TestNG.java:1066)
	at org.testng.TestNG.run(TestNG.java:1034)
	at org.testng.remote.AbstractRemoteTestNG.run(AbstractRemoteTestNG.java:115)
	at org.testng.remote.RemoteTestNG.initAndRun(RemoteTestNG.java:251)
	at org.testng.remote.RemoteTestNG.main(RemoteTestNG.java:77)
Caused by: java.lang.NullPointerException
	at com.vrt.utility.setupCreationUtility.getTestData(setupCreationUtility.java:52)
	at com.vrt.utility.setupCreationUtility.GS014(setupCreationUtility.java:422)
	at sun.reflect.NativeMethodAccessorImpl.invoke0(Native Method)
	at sun.reflect.NativeMethodAccessorImpl.invoke(NativeMethodAccessorImpl.java:62)
	at sun.reflect.DelegatingMethodAccessorImpl.invoke(DelegatingMethodAccessorImpl.java:43)
	at java.lang.reflect.Method.invoke(Method.java:498)
	at org.testng.internal.MethodInvocationHelper.invokeMethod(MethodInvocationHelper.java:135)
	at org.testng.internal.MethodInvocationHelper.invokeMethod(MethodInvocationHelper.java:79)
	at org.testng.internal.MethodInvocationHelper.invokeMethodNoCheckedException(MethodInvocationHelper.java:48)
	... 25 more
</pre></div><a href='#' onClick='toggleBox("stack-trace1015674708", this, "Click to show all stack frames", "Click to hide stack frames")'>Click to show all stack frames</a>
<div class='stack-trace' id='stack-trace1015674708'><pre>java.lang.RuntimeException: java.lang.NullPointerException
	at org.testng.internal.MethodInvocationHelper.invokeMethodNoCheckedException(MethodInvocationHelper.java:52)
	at org.testng.internal.MethodInvocationHelper.invokeDataProvider(MethodInvocationHelper.java:148)
	at org.testng.internal.Parameters.handleParameters(Parameters.java:797)
	at org.testng.internal.Parameters.handleParameters(Parameters.java:740)
	at org.testng.internal.ParameterHandler.handleParameters(ParameterHandler.java:59)
	at org.testng.internal.ParameterHandler.createParameters(ParameterHandler.java:38)
	at org.testng.internal.TestInvoker$MethodInvocationAgent.invoke(TestInvoker.java:788)
	at org.testng.internal.TestInvoker.invokeTestMethods(TestInvoker.java:147)
	at org.testng.internal.TestMethodWorker.invokeTestMethods(TestMethodWorker.java:146)
	at org.testng.internal.TestMethodWorker.run(TestMethodWorker.java:128)
	at java.util.ArrayList.forEach(ArrayList.java:1257)
	at org.testng.TestRunner.privateRun(TestRunner.java:767)
	at org.testng.TestRunner.run(TestRunner.java:588)
	at org.testng.SuiteRunner.runTest(SuiteRunner.java:384)
	at org.testng.SuiteRunner.runSequentially(SuiteRunner.java:378)
	at org.testng.SuiteRunner.privateRun(SuiteRunner.java:337)
	at org.testng.SuiteRunner.run(SuiteRunner.java:286)
	at org.testng.SuiteRunnerWorker.runSuite(SuiteRunnerWorker.java:53)
	at org.testng.SuiteRunnerWorker.run(SuiteRunnerWorker.java:96)
	at org.testng.TestNG.runSuitesSequentially(TestNG.java:1214)
	at org.testng.TestNG.runSuitesLocally(TestNG.java:1136)
	at org.testng.TestNG.runSuites(TestNG.java:1066)
	at org.testng.TestNG.run(TestNG.java:1034)
	at org.testng.remote.AbstractRemoteTestNG.run(AbstractRemoteTestNG.java:115)
	at org.testng.remote.RemoteTestNG.initAndRun(RemoteTestNG.java:251)
	at org.testng.remote.RemoteTestNG.main(RemoteTestNG.java:77)
Caused by: java.lang.NullPointerException
	at com.vrt.utility.setupCreationUtility.getTestData(setupCreationUtility.java:52)
	at com.vrt.utility.setupCreationUtility.GS014(setupCreationUtility.java:422)
	at sun.reflect.NativeMethodAccessorImpl.invoke0(Native Method)
	at sun.reflect.NativeMethodAccessorImpl.invoke(NativeMethodAccessorImpl.java:62)
	at sun.reflect.DelegatingMethodAccessorImpl.invoke(DelegatingMethodAccessorImpl.java:43)
	at java.lang.reflect.Method.invoke(Method.java:498)
	at org.testng.internal.MethodInvocationHelper.invokeMethod(MethodInvocationHelper.java:135)
	at org.testng.internal.MethodInvocationHelper.invokeMethod(MethodInvocationHelper.java:79)
	at org.testng.internal.MethodInvocationHelper.invokeMethodNoCheckedException(MethodInvocationHelper.java:48)
	... 25 more
</pre></div></td>
<td>0</td>
<td>com.vrt.testcases.setup_GroupSensorsTest@37d31475</td></tr>
</table><p>
</body>
</html>