<?xml version="1.0" encoding="UTF-8"?>
<testng-results skipped="0" failed="1" ignored="0" total="1" passed="0">
  <reporter-output>
  </reporter-output>
  <suite name="Default suite" duration-ms="51457" started-at="2020-07-28T07:02:27Z" finished-at="2020-07-28T07:03:18Z">
    <groups>
      <group name="Regression">
        <method signature="assetDetailsTest.ASST005()[pri:0, instance:com.vrt.testcases.assetDetailsTest@56235b8e]" name="ASST005" class="com.vrt.testcases.assetDetailsTest"/>
      </group> <!-- Regression -->
    </groups>
    <test name="Default test" duration-ms="51457" started-at="2020-07-28T07:02:27Z" finished-at="2020-07-28T07:03:18Z">
      <class name="com.vrt.testcases.assetDetailsTest">
        <test-method status="PASS" signature="PreSetup()[pri:0, instance:com.vrt.testcases.assetDetailsTest@56235b8e]" name="PreSetup" is-config="true" duration-ms="104" started-at="2020-07-28T07:02:27Z" finished-at="2020-07-28T07:02:27Z">
          <reporter-output>
          </reporter-output>
        </test-method> <!-- PreSetup -->
        <test-method status="PASS" signature="Setup()[pri:0, instance:com.vrt.testcases.assetDetailsTest@56235b8e]" name="Setup" is-config="true" duration-ms="12859" started-at="2020-07-28T07:02:27Z" finished-at="2020-07-28T07:02:40Z">
          <reporter-output>
          </reporter-output>
        </test-method> <!-- Setup -->
        <test-method status="FAIL" signature="ASST005()[pri:0, instance:com.vrt.testcases.assetDetailsTest@56235b8e]" name="ASST005" duration-ms="37854" started-at="2020-07-28T07:02:40Z" description="ASST008-Verify the display of Asset in Asset hub page when any Asset is edited" finished-at="2020-07-28T07:03:18Z">
          <exception class="org.openqa.selenium.NoSuchElementException">
            <message>
              <![CDATA[An element could not be located on the page using the given search parameters. (WARNING: The server did not provide any stacktrace information)
Command duration or timeout: 0 milliseconds
For documentation on this error, please visit: https://www.seleniumhq.org/exceptions/no_such_element.html
Build info: version: '3.141.59', revision: 'e82be7d358', time: '2018-11-14T08:17:03'
System info: host: 'AASHYD-4B6B2X2', ip: '192.168.0.101', os.name: 'Windows 10', os.arch: 'amd64', os.version: '10.0', java.version: '1.8.0_181'
Driver info: io.appium.java_client.windows.WindowsDriver
Capabilities {app: Kaye.ValProbeRT_racmveb2qnw..., javascriptEnabled: true, platform: WINDOWS, platformName: WINDOWS}
Session ID: C2ECC597-B96C-49D9-96EA-4C726CC604E3
*** Element info: {Using=accessibility id, value=PART_ValueBox}]]>
            </message>
            <full-stacktrace>
              <![CDATA[org.openqa.selenium.NoSuchElementException: An element could not be located on the page using the given search parameters. (WARNING: The server did not provide any stacktrace information)
Command duration or timeout: 0 milliseconds
For documentation on this error, please visit: https://www.seleniumhq.org/exceptions/no_such_element.html
Build info: version: '3.141.59', revision: 'e82be7d358', time: '2018-11-14T08:17:03'
System info: host: 'AASHYD-4B6B2X2', ip: '192.168.0.101', os.name: 'Windows 10', os.arch: 'amd64', os.version: '10.0', java.version: '1.8.0_181'
Driver info: io.appium.java_client.windows.WindowsDriver
Capabilities {app: Kaye.ValProbeRT_racmveb2qnw..., javascriptEnabled: true, platform: WINDOWS, platformName: WINDOWS}
Session ID: C2ECC597-B96C-49D9-96EA-4C726CC604E3
*** Element info: {Using=accessibility id, value=PART_ValueBox}
at sun.reflect.NativeConstructorAccessorImpl.newInstance0(Native Method)
at sun.reflect.NativeConstructorAccessorImpl.newInstance(Unknown Source)
at sun.reflect.DelegatingConstructorAccessorImpl.newInstance(Unknown Source)
at java.lang.reflect.Constructor.newInstance(Unknown Source)
at org.openqa.selenium.remote.ErrorHandler.createThrowable(ErrorHandler.java:214)
at org.openqa.selenium.remote.ErrorHandler.throwIfResponseFailed(ErrorHandler.java:166)
at org.openqa.selenium.remote.http.JsonHttpResponseCodec.reconstructValue(JsonHttpResponseCodec.java:40)
at org.openqa.selenium.remote.http.AbstractHttpResponseCodec.decode(AbstractHttpResponseCodec.java:80)
at org.openqa.selenium.remote.http.AbstractHttpResponseCodec.decode(AbstractHttpResponseCodec.java:44)
at org.openqa.selenium.remote.HttpCommandExecutor.execute(HttpCommandExecutor.java:158)
at io.appium.java_client.remote.AppiumCommandExecutor.execute(AppiumCommandExecutor.java:239)
at org.openqa.selenium.remote.RemoteWebDriver.execute(RemoteWebDriver.java:552)
at io.appium.java_client.DefaultGenericMobileDriver.execute(DefaultGenericMobileDriver.java:42)
at io.appium.java_client.AppiumDriver.execute(AppiumDriver.java:1)
at io.appium.java_client.windows.WindowsDriver.execute(WindowsDriver.java:1)
at org.openqa.selenium.remote.RemoteWebDriver.findElement(RemoteWebDriver.java:323)
at io.appium.java_client.DefaultGenericMobileDriver.findElement(DefaultGenericMobileDriver.java:62)
at io.appium.java_client.AppiumDriver.findElement(AppiumDriver.java:1)
at io.appium.java_client.windows.WindowsDriver.findElement(WindowsDriver.java:1)
at io.appium.java_client.FindsByAccessibilityId.findElementByAccessibilityId(FindsByAccessibilityId.java:37)
at com.vrt.pages.AuditPage.EnterTxt_ActionFilter(AuditPage.java:85)
at com.vrt.testcases.assetDetailsTest.ASST005(assetDetailsTest.java:367)
at sun.reflect.NativeMethodAccessorImpl.invoke0(Native Method)
at sun.reflect.NativeMethodAccessorImpl.invoke(Unknown Source)
at sun.reflect.DelegatingMethodAccessorImpl.invoke(Unknown Source)
at java.lang.reflect.Method.invoke(Unknown Source)
at org.testng.internal.MethodInvocationHelper.invokeMethod(MethodInvocationHelper.java:124)
at org.testng.internal.Invoker.invokeMethod(Invoker.java:583)
at org.testng.internal.Invoker.invokeTestMethod(Invoker.java:719)
at org.testng.internal.Invoker.invokeTestMethods(Invoker.java:989)
at org.testng.internal.TestMethodWorker.invokeTestMethods(TestMethodWorker.java:125)
at org.testng.internal.TestMethodWorker.run(TestMethodWorker.java:109)
at org.testng.TestRunner.privateRun(TestRunner.java:648)
at org.testng.TestRunner.run(TestRunner.java:505)
at org.testng.SuiteRunner.runTest(SuiteRunner.java:455)
at org.testng.SuiteRunner.runSequentially(SuiteRunner.java:450)
at org.testng.SuiteRunner.privateRun(SuiteRunner.java:415)
at org.testng.SuiteRunner.run(SuiteRunner.java:364)
at org.testng.SuiteRunnerWorker.runSuite(SuiteRunnerWorker.java:52)
at org.testng.SuiteRunnerWorker.run(SuiteRunnerWorker.java:84)
at org.testng.TestNG.runSuitesSequentially(TestNG.java:1208)
at org.testng.TestNG.runSuitesLocally(TestNG.java:1137)
at org.testng.TestNG.runSuites(TestNG.java:1049)
at org.testng.TestNG.run(TestNG.java:1017)
at org.testng.remote.AbstractRemoteTestNG.run(AbstractRemoteTestNG.java:115)
at org.testng.remote.RemoteTestNG.initAndRun(RemoteTestNG.java:251)
at org.testng.remote.RemoteTestNG.main(RemoteTestNG.java:77)
]]>
            </full-stacktrace>
          </exception> <!-- org.openqa.selenium.NoSuchElementException -->
          <reporter-output>
          </reporter-output>
        </test-method> <!-- ASST005 -->
        <test-method status="PASS" signature="Teardown(org.testng.ITestResult)[pri:0, instance:com.vrt.testcases.assetDetailsTest@56235b8e]" name="Teardown" is-config="true" duration-ms="151" started-at="2020-07-28T07:03:18Z" finished-at="2020-07-28T07:03:18Z">
          <params>
            <param index="0">
              <value>
                <![CDATA[[TestResult name=ASST005 status=FAILURE method=assetDetailsTest.ASST005()[pri:0, instance:com.vrt.testcases.assetDetailsTest@56235b8e] output={null}]]]>
              </value>
            </param>
          </params>
          <reporter-output>
          </reporter-output>
        </test-method> <!-- Teardown -->
        <test-method status="PASS" signature="endReport_releaseMomory()[pri:0, instance:com.vrt.testcases.assetDetailsTest@56235b8e]" name="endReport_releaseMomory" is-config="true" duration-ms="464" started-at="2020-07-28T07:03:18Z" finished-at="2020-07-28T07:03:18Z">
          <reporter-output>
          </reporter-output>
        </test-method> <!-- endReport_releaseMomory -->
      </class> <!-- com.vrt.testcases.assetDetailsTest -->
    </test> <!-- Default test -->
  </suite> <!-- Default suite -->
</testng-results>
