<?xml version="1.0" encoding="UTF-8"?>
<!-- Generated by org.testng.reporters.JUnitReportReporter -->
<testsuite skipped="19" hostname="AASHYD-4B6B2X2" name="com.vrt.testcases.setup_SensorConfigTest" tests="212" failures="3" timestamp="2020-11-20T02:12:40 IST" time="6339.384" errors="6">
  <testcase name="SC007" time="29.029" classname="com.vrt.testcases.setup_SensorConfigTest"/>
  <system-out/>
  <testcase name="SC065_2" time="19.677" classname="com.vrt.testcases.setup_SensorConfigTest"/>
  <system-out/>
  <testcase name="SC023" time="28.959" classname="com.vrt.testcases.setup_SensorConfigTest"/>
  <system-out/>
  <testcase name="SC082" time="22.934" classname="com.vrt.testcases.setup_SensorConfigTest"/>
  <system-out/>
  <testcase name="SC004" time="41.400" classname="com.vrt.testcases.setup_SensorConfigTest"/>
  <system-out/>
  <testcase name="SC010" time="218.600" classname="com.vrt.testcases.setup_SensorConfigTest">
    <error type="org.openqa.selenium.NoSuchElementException" message="An element could not be located on the page using the given search parameters. (WARNING: The server did not provide any stacktrace information)
Command duration or timeout: 0 milliseconds
For documentation on this error, please visit: https://www.seleniumhq.org/exceptions/no_such_element.html
Build info: version: &#039;3.141.59&#039;, revision: &#039;e82be7d358&#039;, time: &#039;2018-11-14T08:17:03&#039;
System info: host: &#039;AASHYD-4B6B2X2&#039;, ip: &#039;192.168.0.105&#039;, os.name: &#039;Windows 10&#039;, os.arch: &#039;amd64&#039;, os.version: &#039;10.0&#039;, java.version: &#039;1.8.0_181&#039;
Driver info: io.appium.java_client.windows.WindowsDriver
Capabilities {app: Kaye.ValProbeRT_racmveb2qnw..., javascriptEnabled: true, platform: WINDOWS, platformName: WINDOWS}
Session ID: 32D4E31C-4BA2-4C8B-A856-1273621EA037
*** Element info: {Using=accessibility id, value=displayMessageTextBlock}">
      <![CDATA[org.openqa.selenium.NoSuchElementException: An element could not be located on the page using the given search parameters. (WARNING: The server did not provide any stacktrace information)
Command duration or timeout: 0 milliseconds
For documentation on this error, please visit: https://www.seleniumhq.org/exceptions/no_such_element.html
Build info: version: '3.141.59', revision: 'e82be7d358', time: '2018-11-14T08:17:03'
System info: host: 'AASHYD-4B6B2X2', ip: '192.168.0.105', os.name: 'Windows 10', os.arch: 'amd64', os.version: '10.0', java.version: '1.8.0_181'
Driver info: io.appium.java_client.windows.WindowsDriver
Capabilities {app: Kaye.ValProbeRT_racmveb2qnw..., javascriptEnabled: true, platform: WINDOWS, platformName: WINDOWS}
Session ID: 32D4E31C-4BA2-4C8B-A856-1273621EA037
*** Element info: {Using=accessibility id, value=displayMessageTextBlock}
at sun.reflect.NativeConstructorAccessorImpl.newInstance0(Native Method)
at sun.reflect.NativeConstructorAccessorImpl.newInstance(Unknown Source)
at sun.reflect.DelegatingConstructorAccessorImpl.newInstance(Unknown Source)
at java.lang.reflect.Constructor.newInstance(Unknown Source)
at org.openqa.selenium.remote.ErrorHandler.createThrowable(ErrorHandler.java:214)
at org.openqa.selenium.remote.ErrorHandler.throwIfResponseFailed(ErrorHandler.java:166)
at org.openqa.selenium.remote.http.JsonHttpResponseCodec.reconstructValue(JsonHttpResponseCodec.java:40)
at org.openqa.selenium.remote.http.AbstractHttpResponseCodec.decode(AbstractHttpResponseCodec.java:80)
at org.openqa.selenium.remote.http.AbstractHttpResponseCodec.decode(AbstractHttpResponseCodec.java:44)
at org.openqa.selenium.remote.HttpCommandExecutor.execute(HttpCommandExecutor.java:158)
at io.appium.java_client.remote.AppiumCommandExecutor.execute(AppiumCommandExecutor.java:239)
at org.openqa.selenium.remote.RemoteWebDriver.execute(RemoteWebDriver.java:552)
at io.appium.java_client.DefaultGenericMobileDriver.execute(DefaultGenericMobileDriver.java:42)
at io.appium.java_client.AppiumDriver.execute(AppiumDriver.java:1)
at io.appium.java_client.windows.WindowsDriver.execute(WindowsDriver.java:1)
at org.openqa.selenium.remote.RemoteWebDriver.findElement(RemoteWebDriver.java:323)
at io.appium.java_client.DefaultGenericMobileDriver.findElement(DefaultGenericMobileDriver.java:62)
at io.appium.java_client.AppiumDriver.findElement(AppiumDriver.java:1)
at io.appium.java_client.windows.WindowsDriver.findElement(WindowsDriver.java:1)
at io.appium.java_client.FindsByAccessibilityId.findElementByAccessibilityId(FindsByAccessibilityId.java:37)
at com.vrt.pages.Setup_SensorConfigPage.Alertmsg_txt(Setup_SensorConfigPage.java:172)
at com.vrt.testcases.setup_SensorConfigTest.SC010(setup_SensorConfigTest.java:384)
at sun.reflect.NativeMethodAccessorImpl.invoke0(Native Method)
at sun.reflect.NativeMethodAccessorImpl.invoke(Unknown Source)
at sun.reflect.DelegatingMethodAccessorImpl.invoke(Unknown Source)
at java.lang.reflect.Method.invoke(Unknown Source)
at org.testng.internal.MethodInvocationHelper.invokeMethod(MethodInvocationHelper.java:132)
at org.testng.internal.TestInvoker.invokeMethod(TestInvoker.java:599)
at org.testng.internal.TestInvoker.retryFailed(TestInvoker.java:214)
at org.testng.internal.MethodRunner.runInSequence(MethodRunner.java:58)
at org.testng.internal.TestInvoker$MethodInvocationAgent.invoke(TestInvoker.java:822)
at org.testng.internal.TestInvoker.invokeTestMethods(TestInvoker.java:147)
at org.testng.internal.TestMethodWorker.invokeTestMethods(TestMethodWorker.java:146)
at org.testng.internal.TestMethodWorker.run(TestMethodWorker.java:128)
at java.util.ArrayList.forEach(Unknown Source)
at org.testng.TestRunner.privateRun(TestRunner.java:764)
at org.testng.TestRunner.run(TestRunner.java:585)
at org.testng.SuiteRunner.runTest(SuiteRunner.java:384)
at org.testng.SuiteRunner.runSequentially(SuiteRunner.java:378)
at org.testng.SuiteRunner.privateRun(SuiteRunner.java:337)
at org.testng.SuiteRunner.run(SuiteRunner.java:286)
at org.testng.SuiteRunnerWorker.runSuite(SuiteRunnerWorker.java:53)
at org.testng.SuiteRunnerWorker.run(SuiteRunnerWorker.java:96)
at org.testng.TestNG.runSuitesSequentially(TestNG.java:1218)
at org.testng.TestNG.runSuitesLocally(TestNG.java:1140)
at org.testng.TestNG.runSuites(TestNG.java:1069)
at org.testng.TestNG.run(TestNG.java:1037)
at org.testng.remote.AbstractRemoteTestNG.run(AbstractRemoteTestNG.java:115)
at org.testng.remote.RemoteTestNG.initAndRun(RemoteTestNG.java:251)
at org.testng.remote.RemoteTestNG.main(RemoteTestNG.java:77)
]]>
    </error>
  </testcase> <!-- SC010 -->
  <system-out/>
  <testcase name="SC058" time="19.990" classname="com.vrt.testcases.setup_SensorConfigTest"/>
  <system-out/>
  <testcase name="SC008" time="16.415" classname="com.vrt.testcases.setup_SensorConfigTest"/>
  <system-out/>
  <testcase name="SC003_1" time="16.069" classname="com.vrt.testcases.setup_SensorConfigTest"/>
  <system-out/>
  <testcase name="SC102" time="21.483" classname="com.vrt.testcases.setup_SensorConfigTest"/>
  <system-out/>
  <testcase name="SC049" time="18.662" classname="com.vrt.testcases.setup_SensorConfigTest"/>
  <system-out/>
  <testcase name="SC041" time="17.738" classname="com.vrt.testcases.setup_SensorConfigTest"/>
  <system-out/>
  <testcase name="SC064" time="19.913" classname="com.vrt.testcases.setup_SensorConfigTest"/>
  <system-out/>
  <testcase name="SC019" time="16.104" classname="com.vrt.testcases.setup_SensorConfigTest"/>
  <system-out/>
  <testcase name="SC070" time="19.409" classname="com.vrt.testcases.setup_SensorConfigTest"/>
  <system-out/>
  <testcase name="SC084_1A" time="21.473" classname="com.vrt.testcases.setup_SensorConfigTest"/>
  <system-out/>
  <testcase name="SC021" time="17.632" classname="com.vrt.testcases.setup_SensorConfigTest"/>
  <system-out/>
  <testcase name="SC084" time="22.238" classname="com.vrt.testcases.setup_SensorConfigTest"/>
  <system-out/>
  <testcase name="SC113" time="20.828" classname="com.vrt.testcases.setup_SensorConfigTest"/>
  <system-out/>
  <testcase name="SC071" time="42.016" classname="com.vrt.testcases.setup_SensorConfigTest">
    <skipped/>
  </testcase> <!-- SC071 -->
  <system-out/>
  <testcase name="SC048" time="19.156" classname="com.vrt.testcases.setup_SensorConfigTest"/>
  <system-out/>
  <testcase name="SC111" time="21.053" classname="com.vrt.testcases.setup_SensorConfigTest"/>
  <system-out/>
  <testcase name="SC034" time="19.718" classname="com.vrt.testcases.setup_SensorConfigTest"/>
  <system-out/>
  <testcase name="SC086" time="20.529" classname="com.vrt.testcases.setup_SensorConfigTest"/>
  <system-out/>
  <testcase name="SC084A" time="27.047" classname="com.vrt.testcases.setup_SensorConfigTest"/>
  <system-out/>
  <testcase name="SC091" time="23.618" classname="com.vrt.testcases.setup_SensorConfigTest"/>
  <system-out/>
  <testcase name="SC046" time="20.026" classname="com.vrt.testcases.setup_SensorConfigTest">
    <skipped/>
  </testcase> <!-- SC046 -->
  <system-out/>
  <testcase name="SC081" time="38.747" classname="com.vrt.testcases.setup_SensorConfigTest">
    <skipped/>
  </testcase> <!-- SC081 -->
  <system-out/>
  <testcase name="SC043" time="28.266" classname="com.vrt.testcases.setup_SensorConfigTest"/>
  <system-out/>
  <testcase name="SC087" time="19.850" classname="com.vrt.testcases.setup_SensorConfigTest"/>
  <system-out/>
  <testcase name="SC048" time="19.142" classname="com.vrt.testcases.setup_SensorConfigTest"/>
  <system-out/>
  <testcase name="SC056" time="18.759" classname="com.vrt.testcases.setup_SensorConfigTest"/>
  <system-out/>
  <testcase name="SC042" time="18.986" classname="com.vrt.testcases.setup_SensorConfigTest"/>
  <system-out/>
  <testcase name="SC104" time="18.025" classname="com.vrt.testcases.setup_SensorConfigTest"/>
  <system-out/>
  <testcase name="SC062" time="17.060" classname="com.vrt.testcases.setup_SensorConfigTest"/>
  <system-out/>
  <testcase name="SET002" time="15.819" classname="com.vrt.testcases.setup_SensorConfigTest"/>
  <system-out/>
  <testcase name="SC018" time="216.549" classname="com.vrt.testcases.setup_SensorConfigTest">
    <skipped/>
  </testcase> <!-- SC018 -->
  <system-out/>
  <testcase name="SC056" time="18.146" classname="com.vrt.testcases.setup_SensorConfigTest"/>
  <system-out/>
  <testcase name="SC084" time="22.039" classname="com.vrt.testcases.setup_SensorConfigTest"/>
  <system-out/>
  <testcase name="SC007" time="28.954" classname="com.vrt.testcases.setup_SensorConfigTest"/>
  <system-out/>
  <testcase name="SC084" time="21.952" classname="com.vrt.testcases.setup_SensorConfigTest"/>
  <system-out/>
  <testcase name="SC118" time="19.132" classname="com.vrt.testcases.setup_SensorConfigTest"/>
  <system-out/>
  <testcase name="SC117" time="23.077" classname="com.vrt.testcases.setup_SensorConfigTest"/>
  <system-out/>
  <testcase name="SC054" time="18.025" classname="com.vrt.testcases.setup_SensorConfigTest"/>
  <system-out/>
  <testcase name="SC086" time="20.769" classname="com.vrt.testcases.setup_SensorConfigTest"/>
  <system-out/>
  <testcase name="SC084_1" time="22.584" classname="com.vrt.testcases.setup_SensorConfigTest"/>
  <system-out/>
  <testcase name="SC049" time="18.685" classname="com.vrt.testcases.setup_SensorConfigTest"/>
  <system-out/>
  <testcase name="SC002" time="15.420" classname="com.vrt.testcases.setup_SensorConfigTest"/>
  <system-out/>
  <testcase name="SC015" time="29.246" classname="com.vrt.testcases.setup_SensorConfigTest"/>
  <system-out/>
  <testcase name="SC062" time="17.636" classname="com.vrt.testcases.setup_SensorConfigTest"/>
  <system-out/>
  <testcase name="SC048" time="18.392" classname="com.vrt.testcases.setup_SensorConfigTest"/>
  <system-out/>
  <testcase name="SC050" time="22.055" classname="com.vrt.testcases.setup_SensorConfigTest"/>
  <system-out/>
  <testcase name="SC075" time="19.997" classname="com.vrt.testcases.setup_SensorConfigTest"/>
  <system-out/>
  <testcase name="SC107" time="17.899" classname="com.vrt.testcases.setup_SensorConfigTest"/>
  <system-out/>
  <testcase name="SC093" time="22.937" classname="com.vrt.testcases.setup_SensorConfigTest"/>
  <system-out/>
  <testcase name="SC023" time="29.133" classname="com.vrt.testcases.setup_SensorConfigTest"/>
  <system-out/>
  <testcase name="SC004" time="41.184" classname="com.vrt.testcases.setup_SensorConfigTest"/>
  <system-out/>
  <testcase name="SC110" time="16.336" classname="com.vrt.testcases.setup_SensorConfigTest"/>
  <system-out/>
  <testcase name="SC064" time="20.239" classname="com.vrt.testcases.setup_SensorConfigTest"/>
  <system-out/>
  <testcase name="SC083B" time="22.338" classname="com.vrt.testcases.setup_SensorConfigTest"/>
  <system-out/>
  <testcase name="SC086" time="19.900" classname="com.vrt.testcases.setup_SensorConfigTest"/>
  <system-out/>
  <testcase name="SC009" time="17.503" classname="com.vrt.testcases.setup_SensorConfigTest"/>
  <system-out/>
  <testcase name="SC105" time="21.282" classname="com.vrt.testcases.setup_SensorConfigTest"/>
  <system-out/>
  <testcase name="SC050" time="25.056" classname="com.vrt.testcases.setup_SensorConfigTest"/>
  <system-out/>
  <testcase name="SC081" time="39.041" classname="com.vrt.testcases.setup_SensorConfigTest">
    <skipped/>
  </testcase> <!-- SC081 -->
  <system-out/>
  <testcase name="SC056" time="17.464" classname="com.vrt.testcases.setup_SensorConfigTest"/>
  <system-out/>
  <testcase name="SC066" time="18.586" classname="com.vrt.testcases.setup_SensorConfigTest"/>
  <system-out/>
  <testcase name="SC025" time="18.046" classname="com.vrt.testcases.setup_SensorConfigTest"/>
  <system-out/>
  <testcase name="SC023" time="29.083" classname="com.vrt.testcases.setup_SensorConfigTest"/>
  <system-out/>
  <testcase name="SC050" time="24.024" classname="com.vrt.testcases.setup_SensorConfigTest"/>
  <system-out/>
  <testcase name="SC072" time="19.512" classname="com.vrt.testcases.setup_SensorConfigTest"/>
  <system-out/>
  <testcase name="SC071" time="42.627" classname="com.vrt.testcases.setup_SensorConfigTest">
    <error type="org.openqa.selenium.NoSuchElementException" message="An element could not be located on the page using the given search parameters. (WARNING: The server did not provide any stacktrace information)
Command duration or timeout: 0 milliseconds
For documentation on this error, please visit: https://www.seleniumhq.org/exceptions/no_such_element.html
Build info: version: &#039;3.141.59&#039;, revision: &#039;e82be7d358&#039;, time: &#039;2018-11-14T08:17:03&#039;
System info: host: &#039;AASHYD-4B6B2X2&#039;, ip: &#039;192.168.0.105&#039;, os.name: &#039;Windows 10&#039;, os.arch: &#039;amd64&#039;, os.version: &#039;10.0&#039;, java.version: &#039;1.8.0_181&#039;
Driver info: io.appium.java_client.windows.WindowsDriver
Capabilities {app: Kaye.ValProbeRT_racmveb2qnw..., javascriptEnabled: true, platform: WINDOWS, platformName: WINDOWS}
Session ID: 76CF25E9-AA33-4EA9-B908-99992574D1A2
*** Element info: {Using=name, value=Sensor Description}">
      <![CDATA[org.openqa.selenium.NoSuchElementException: An element could not be located on the page using the given search parameters. (WARNING: The server did not provide any stacktrace information)
Command duration or timeout: 0 milliseconds
For documentation on this error, please visit: https://www.seleniumhq.org/exceptions/no_such_element.html
Build info: version: '3.141.59', revision: 'e82be7d358', time: '2018-11-14T08:17:03'
System info: host: 'AASHYD-4B6B2X2', ip: '192.168.0.105', os.name: 'Windows 10', os.arch: 'amd64', os.version: '10.0', java.version: '1.8.0_181'
Driver info: io.appium.java_client.windows.WindowsDriver
Capabilities {app: Kaye.ValProbeRT_racmveb2qnw..., javascriptEnabled: true, platform: WINDOWS, platformName: WINDOWS}
Session ID: 76CF25E9-AA33-4EA9-B908-99992574D1A2
*** Element info: {Using=name, value=Sensor Description}
at sun.reflect.NativeConstructorAccessorImpl.newInstance0(Native Method)
at sun.reflect.NativeConstructorAccessorImpl.newInstance(Unknown Source)
at sun.reflect.DelegatingConstructorAccessorImpl.newInstance(Unknown Source)
at java.lang.reflect.Constructor.newInstance(Unknown Source)
at org.openqa.selenium.remote.ErrorHandler.createThrowable(ErrorHandler.java:214)
at org.openqa.selenium.remote.ErrorHandler.throwIfResponseFailed(ErrorHandler.java:166)
at org.openqa.selenium.remote.http.JsonHttpResponseCodec.reconstructValue(JsonHttpResponseCodec.java:40)
at org.openqa.selenium.remote.http.AbstractHttpResponseCodec.decode(AbstractHttpResponseCodec.java:80)
at org.openqa.selenium.remote.http.AbstractHttpResponseCodec.decode(AbstractHttpResponseCodec.java:44)
at org.openqa.selenium.remote.HttpCommandExecutor.execute(HttpCommandExecutor.java:158)
at io.appium.java_client.remote.AppiumCommandExecutor.execute(AppiumCommandExecutor.java:239)
at org.openqa.selenium.remote.RemoteWebDriver.execute(RemoteWebDriver.java:552)
at io.appium.java_client.DefaultGenericMobileDriver.execute(DefaultGenericMobileDriver.java:42)
at io.appium.java_client.AppiumDriver.execute(AppiumDriver.java:1)
at io.appium.java_client.windows.WindowsDriver.execute(WindowsDriver.java:1)
at org.openqa.selenium.remote.RemoteWebDriver.findElement(RemoteWebDriver.java:323)
at io.appium.java_client.DefaultGenericMobileDriver.findElement(DefaultGenericMobileDriver.java:62)
at io.appium.java_client.AppiumDriver.findElement(AppiumDriver.java:1)
at io.appium.java_client.windows.WindowsDriver.findElement(WindowsDriver.java:1)
at org.openqa.selenium.remote.RemoteWebDriver.findElementByName(RemoteWebDriver.java:404)
at io.appium.java_client.DefaultGenericMobileDriver.findElementByName(DefaultGenericMobileDriver.java:118)
at io.appium.java_client.AppiumDriver.findElementByName(AppiumDriver.java:1)
at io.appium.java_client.windows.WindowsDriver.findElementByName(WindowsDriver.java:1)
at com.vrt.pages.Setup_SensorDescriptionPage.initializeEelements(Setup_SensorDescriptionPage.java:39)
at com.vrt.pages.Setup_SensorDescriptionPage.<init>(Setup_SensorDescriptionPage.java:61)
at com.vrt.pages.Setup_SensorConfigPage.Click_DescriptionButton(Setup_SensorConfigPage.java:635)
at com.vrt.testcases.setup_SensorConfigTest.SC071(setup_SensorConfigTest.java:1747)
at sun.reflect.NativeMethodAccessorImpl.invoke0(Native Method)
at sun.reflect.NativeMethodAccessorImpl.invoke(Unknown Source)
at sun.reflect.DelegatingMethodAccessorImpl.invoke(Unknown Source)
at java.lang.reflect.Method.invoke(Unknown Source)
at org.testng.internal.MethodInvocationHelper.invokeMethod(MethodInvocationHelper.java:132)
at org.testng.internal.TestInvoker.invokeMethod(TestInvoker.java:599)
at org.testng.internal.TestInvoker.retryFailed(TestInvoker.java:214)
at org.testng.internal.MethodRunner.runInSequence(MethodRunner.java:58)
at org.testng.internal.TestInvoker$MethodInvocationAgent.invoke(TestInvoker.java:822)
at org.testng.internal.TestInvoker.invokeTestMethods(TestInvoker.java:147)
at org.testng.internal.TestMethodWorker.invokeTestMethods(TestMethodWorker.java:146)
at org.testng.internal.TestMethodWorker.run(TestMethodWorker.java:128)
at java.util.ArrayList.forEach(Unknown Source)
at org.testng.TestRunner.privateRun(TestRunner.java:764)
at org.testng.TestRunner.run(TestRunner.java:585)
at org.testng.SuiteRunner.runTest(SuiteRunner.java:384)
at org.testng.SuiteRunner.runSequentially(SuiteRunner.java:378)
at org.testng.SuiteRunner.privateRun(SuiteRunner.java:337)
at org.testng.SuiteRunner.run(SuiteRunner.java:286)
at org.testng.SuiteRunnerWorker.runSuite(SuiteRunnerWorker.java:53)
at org.testng.SuiteRunnerWorker.run(SuiteRunnerWorker.java:96)
at org.testng.TestNG.runSuitesSequentially(TestNG.java:1218)
at org.testng.TestNG.runSuitesLocally(TestNG.java:1140)
at org.testng.TestNG.runSuites(TestNG.java:1069)
at org.testng.TestNG.run(TestNG.java:1037)
at org.testng.remote.AbstractRemoteTestNG.run(AbstractRemoteTestNG.java:115)
at org.testng.remote.RemoteTestNG.initAndRun(RemoteTestNG.java:251)
at org.testng.remote.RemoteTestNG.main(RemoteTestNG.java:77)
]]>
    </error>
  </testcase> <!-- SC071 -->
  <system-out/>
  <testcase name="SC058" time="20.863" classname="com.vrt.testcases.setup_SensorConfigTest"/>
  <system-out/>
  <testcase name="SC046" time="20.686" classname="com.vrt.testcases.setup_SensorConfigTest">
    <failure type="java.lang.AssertionError" message="The following asserts failed:
	FAIL:  It should not accept invalid values expected [1] but found []">
      <![CDATA[java.lang.AssertionError: The following asserts failed:
FAIL:  It should not accept invalid values expected [1] but found []
at org.testng.asserts.SoftAssert.assertAll(SoftAssert.java:47)
at org.testng.asserts.SoftAssert.assertAll(SoftAssert.java:31)
at com.vrt.testcases.setup_SensorConfigTest.SC046(setup_SensorConfigTest.java:1106)
at sun.reflect.NativeMethodAccessorImpl.invoke0(Native Method)
at sun.reflect.NativeMethodAccessorImpl.invoke(Unknown Source)
at sun.reflect.DelegatingMethodAccessorImpl.invoke(Unknown Source)
at java.lang.reflect.Method.invoke(Unknown Source)
at org.testng.internal.MethodInvocationHelper.invokeMethod(MethodInvocationHelper.java:132)
at org.testng.internal.TestInvoker.invokeMethod(TestInvoker.java:599)
at org.testng.internal.TestInvoker.retryFailed(TestInvoker.java:214)
at org.testng.internal.MethodRunner.runInSequence(MethodRunner.java:58)
at org.testng.internal.TestInvoker$MethodInvocationAgent.invoke(TestInvoker.java:822)
at org.testng.internal.TestInvoker.invokeTestMethods(TestInvoker.java:147)
at org.testng.internal.TestMethodWorker.invokeTestMethods(TestMethodWorker.java:146)
at org.testng.internal.TestMethodWorker.run(TestMethodWorker.java:128)
at java.util.ArrayList.forEach(Unknown Source)
at org.testng.TestRunner.privateRun(TestRunner.java:764)
at org.testng.TestRunner.run(TestRunner.java:585)
at org.testng.SuiteRunner.runTest(SuiteRunner.java:384)
at org.testng.SuiteRunner.runSequentially(SuiteRunner.java:378)
at org.testng.SuiteRunner.privateRun(SuiteRunner.java:337)
at org.testng.SuiteRunner.run(SuiteRunner.java:286)
at org.testng.SuiteRunnerWorker.runSuite(SuiteRunnerWorker.java:53)
at org.testng.SuiteRunnerWorker.run(SuiteRunnerWorker.java:96)
at org.testng.TestNG.runSuitesSequentially(TestNG.java:1218)
at org.testng.TestNG.runSuitesLocally(TestNG.java:1140)
at org.testng.TestNG.runSuites(TestNG.java:1069)
at org.testng.TestNG.run(TestNG.java:1037)
at org.testng.remote.AbstractRemoteTestNG.run(AbstractRemoteTestNG.java:115)
at org.testng.remote.RemoteTestNG.initAndRun(RemoteTestNG.java:251)
at org.testng.remote.RemoteTestNG.main(RemoteTestNG.java:77)
]]>
    </failure>
  </testcase> <!-- SC046 -->
  <system-out/>
  <testcase name="SC013" time="18.178" classname="com.vrt.testcases.setup_SensorConfigTest"/>
  <system-out/>
  <testcase name="SC031" time="15.522" classname="com.vrt.testcases.setup_SensorConfigTest"/>
  <system-out/>
  <testcase name="SC028" time="17.382" classname="com.vrt.testcases.setup_SensorConfigTest"/>
  <system-out/>
  <testcase name="SC041" time="17.815" classname="com.vrt.testcases.setup_SensorConfigTest"/>
  <system-out/>
  <testcase name="SC012" time="40.618" classname="com.vrt.testcases.setup_SensorConfigTest"/>
  <system-out/>
  <testcase name="SC086" time="20.884" classname="com.vrt.testcases.setup_SensorConfigTest"/>
  <system-out/>
  <testcase name="SC063" time="21.234" classname="com.vrt.testcases.setup_SensorConfigTest"/>
  <system-out/>
  <testcase name="SC046" time="20.317" classname="com.vrt.testcases.setup_SensorConfigTest">
    <skipped/>
  </testcase> <!-- SC046 -->
  <system-out/>
  <testcase name="SC062" time="18.144" classname="com.vrt.testcases.setup_SensorConfigTest"/>
  <system-out/>
  <testcase name="SC074" time="19.258" classname="com.vrt.testcases.setup_SensorConfigTest"/>
  <system-out/>
  <testcase name="SC020" time="20.767" classname="com.vrt.testcases.setup_SensorConfigTest"/>
  <system-out/>
  <testcase name="SC086" time="20.494" classname="com.vrt.testcases.setup_SensorConfigTest"/>
  <system-out/>
  <testcase name="SC056" time="17.588" classname="com.vrt.testcases.setup_SensorConfigTest"/>
  <system-out/>
  <testcase name="SC029" time="16.235" classname="com.vrt.testcases.setup_SensorConfigTest"/>
  <system-out/>
  <testcase name="SC069" time="18.385" classname="com.vrt.testcases.setup_SensorConfigTest"/>
  <system-out/>
  <testcase name="SC064" time="20.808" classname="com.vrt.testcases.setup_SensorConfigTest"/>
  <system-out/>
  <testcase name="SC011" time="16.070" classname="com.vrt.testcases.setup_SensorConfigTest"/>
  <system-out/>
  <testcase name="SC058" time="20.213" classname="com.vrt.testcases.setup_SensorConfigTest"/>
  <system-out/>
  <testcase name="SC005" time="18.428" classname="com.vrt.testcases.setup_SensorConfigTest"/>
  <system-out/>
  <testcase name="SC046" time="20.557" classname="com.vrt.testcases.setup_SensorConfigTest">
    <skipped/>
  </testcase> <!-- SC046 -->
  <system-out/>
  <testcase name="SC058" time="19.621" classname="com.vrt.testcases.setup_SensorConfigTest"/>
  <system-out/>
  <testcase name="SC042" time="20.011" classname="com.vrt.testcases.setup_SensorConfigTest"/>
  <system-out/>
  <testcase name="SC064" time="19.893" classname="com.vrt.testcases.setup_SensorConfigTest"/>
  <system-out/>
  <testcase name="SC030" time="19.811" classname="com.vrt.testcases.setup_SensorConfigTest"/>
  <system-out/>
  <testcase name="SC084_1" time="22.034" classname="com.vrt.testcases.setup_SensorConfigTest"/>
  <system-out/>
  <testcase name="SC052" time="18.998" classname="com.vrt.testcases.setup_SensorConfigTest"/>
  <system-out/>
  <testcase name="SC108" time="16.834" classname="com.vrt.testcases.setup_SensorConfigTest"/>
  <system-out/>
  <testcase name="SC063" time="20.936" classname="com.vrt.testcases.setup_SensorConfigTest"/>
  <system-out/>
  <testcase name="SC082" time="23.002" classname="com.vrt.testcases.setup_SensorConfigTest"/>
  <system-out/>
  <testcase name="SC071" time="42.487" classname="com.vrt.testcases.setup_SensorConfigTest">
    <skipped/>
  </testcase> <!-- SC071 -->
  <system-out/>
  <testcase name="SC085" time="21.966" classname="com.vrt.testcases.setup_SensorConfigTest"/>
  <system-out/>
  <testcase name="SC013" time="18.525" classname="com.vrt.testcases.setup_SensorConfigTest"/>
  <system-out/>
  <testcase name="SC037" time="21.044" classname="com.vrt.testcases.setup_SensorConfigTest"/>
  <system-out/>
  <testcase name="SC056" time="17.360" classname="com.vrt.testcases.setup_SensorConfigTest"/>
  <system-out/>
  <testcase name="SC046" time="19.921" classname="com.vrt.testcases.setup_SensorConfigTest">
    <skipped/>
  </testcase> <!-- SC046 -->
  <system-out/>
  <testcase name="SC082" time="23.071" classname="com.vrt.testcases.setup_SensorConfigTest"/>
  <system-out/>
  <testcase name="SC081" time="38.051" classname="com.vrt.testcases.setup_SensorConfigTest">
    <error type="org.openqa.selenium.NoSuchElementException" message="An element could not be located on the page using the given search parameters. (WARNING: The server did not provide any stacktrace information)
Command duration or timeout: 0 milliseconds
For documentation on this error, please visit: https://www.seleniumhq.org/exceptions/no_such_element.html
Build info: version: &#039;3.141.59&#039;, revision: &#039;e82be7d358&#039;, time: &#039;2018-11-14T08:17:03&#039;
System info: host: &#039;AASHYD-4B6B2X2&#039;, ip: &#039;192.168.0.105&#039;, os.name: &#039;Windows 10&#039;, os.arch: &#039;amd64&#039;, os.version: &#039;10.0&#039;, java.version: &#039;1.8.0_181&#039;
Driver info: io.appium.java_client.windows.WindowsDriver
Capabilities {app: Kaye.ValProbeRT_racmveb2qnw..., javascriptEnabled: true, platform: WINDOWS, platformName: WINDOWS}
Session ID: 98A8DDBA-069F-49DB-A458-EF8C77B75C84
*** Element info: {Using=name, value=TextBlock}">
      <![CDATA[org.openqa.selenium.NoSuchElementException: An element could not be located on the page using the given search parameters. (WARNING: The server did not provide any stacktrace information)
Command duration or timeout: 0 milliseconds
For documentation on this error, please visit: https://www.seleniumhq.org/exceptions/no_such_element.html
Build info: version: '3.141.59', revision: 'e82be7d358', time: '2018-11-14T08:17:03'
System info: host: 'AASHYD-4B6B2X2', ip: '192.168.0.105', os.name: 'Windows 10', os.arch: 'amd64', os.version: '10.0', java.version: '1.8.0_181'
Driver info: io.appium.java_client.windows.WindowsDriver
Capabilities {app: Kaye.ValProbeRT_racmveb2qnw..., javascriptEnabled: true, platform: WINDOWS, platformName: WINDOWS}
Session ID: 98A8DDBA-069F-49DB-A458-EF8C77B75C84
*** Element info: {Using=name, value=TextBlock}
at sun.reflect.GeneratedConstructorAccessor74.newInstance(Unknown Source)
at sun.reflect.DelegatingConstructorAccessorImpl.newInstance(Unknown Source)
at java.lang.reflect.Constructor.newInstance(Unknown Source)
at org.openqa.selenium.remote.ErrorHandler.createThrowable(ErrorHandler.java:214)
at org.openqa.selenium.remote.ErrorHandler.throwIfResponseFailed(ErrorHandler.java:166)
at org.openqa.selenium.remote.http.JsonHttpResponseCodec.reconstructValue(JsonHttpResponseCodec.java:40)
at org.openqa.selenium.remote.http.AbstractHttpResponseCodec.decode(AbstractHttpResponseCodec.java:80)
at org.openqa.selenium.remote.http.AbstractHttpResponseCodec.decode(AbstractHttpResponseCodec.java:44)
at org.openqa.selenium.remote.HttpCommandExecutor.execute(HttpCommandExecutor.java:158)
at io.appium.java_client.remote.AppiumCommandExecutor.execute(AppiumCommandExecutor.java:239)
at org.openqa.selenium.remote.RemoteWebDriver.execute(RemoteWebDriver.java:552)
at io.appium.java_client.DefaultGenericMobileDriver.execute(DefaultGenericMobileDriver.java:42)
at io.appium.java_client.AppiumDriver.execute(AppiumDriver.java:1)
at io.appium.java_client.windows.WindowsDriver.execute(WindowsDriver.java:1)
at org.openqa.selenium.remote.RemoteWebElement.execute(RemoteWebElement.java:285)
at org.openqa.selenium.remote.RemoteWebElement.findElement(RemoteWebElement.java:185)
at org.openqa.selenium.remote.RemoteWebElement.findElementByName(RemoteWebElement.java:237)
at org.openqa.selenium.By$ByName.findElement(By.java:284)
at org.openqa.selenium.remote.RemoteWebElement.findElement(RemoteWebElement.java:181)
at com.vrt.pages.Setup_SensorDescriptionPage.Firstsensor_Selected(Setup_SensorDescriptionPage.java:332)
at com.vrt.testcases.setup_SensorConfigTest.SC081(setup_SensorConfigTest.java:2071)
at sun.reflect.NativeMethodAccessorImpl.invoke0(Native Method)
at sun.reflect.NativeMethodAccessorImpl.invoke(Unknown Source)
at sun.reflect.DelegatingMethodAccessorImpl.invoke(Unknown Source)
at java.lang.reflect.Method.invoke(Unknown Source)
at org.testng.internal.MethodInvocationHelper.invokeMethod(MethodInvocationHelper.java:132)
at org.testng.internal.TestInvoker.invokeMethod(TestInvoker.java:599)
at org.testng.internal.TestInvoker.retryFailed(TestInvoker.java:214)
at org.testng.internal.MethodRunner.runInSequence(MethodRunner.java:58)
at org.testng.internal.TestInvoker$MethodInvocationAgent.invoke(TestInvoker.java:822)
at org.testng.internal.TestInvoker.invokeTestMethods(TestInvoker.java:147)
at org.testng.internal.TestMethodWorker.invokeTestMethods(TestMethodWorker.java:146)
at org.testng.internal.TestMethodWorker.run(TestMethodWorker.java:128)
at java.util.ArrayList.forEach(Unknown Source)
at org.testng.TestRunner.privateRun(TestRunner.java:764)
at org.testng.TestRunner.run(TestRunner.java:585)
at org.testng.SuiteRunner.runTest(SuiteRunner.java:384)
at org.testng.SuiteRunner.runSequentially(SuiteRunner.java:378)
at org.testng.SuiteRunner.privateRun(SuiteRunner.java:337)
at org.testng.SuiteRunner.run(SuiteRunner.java:286)
at org.testng.SuiteRunnerWorker.runSuite(SuiteRunnerWorker.java:53)
at org.testng.SuiteRunnerWorker.run(SuiteRunnerWorker.java:96)
at org.testng.TestNG.runSuitesSequentially(TestNG.java:1218)
at org.testng.TestNG.runSuitesLocally(TestNG.java:1140)
at org.testng.TestNG.runSuites(TestNG.java:1069)
at org.testng.TestNG.run(TestNG.java:1037)
at org.testng.remote.AbstractRemoteTestNG.run(AbstractRemoteTestNG.java:115)
at org.testng.remote.RemoteTestNG.initAndRun(RemoteTestNG.java:251)
at org.testng.remote.RemoteTestNG.main(RemoteTestNG.java:77)
]]>
    </error>
  </testcase> <!-- SC081 -->
  <system-out/>
  <testcase name="SC080" time="23.801" classname="com.vrt.testcases.setup_SensorConfigTest"/>
  <system-out/>
  <testcase name="SC014" time="16.701" classname="com.vrt.testcases.setup_SensorConfigTest"/>
  <system-out/>
  <testcase name="SC073" time="19.759" classname="com.vrt.testcases.setup_SensorConfigTest"/>
  <system-out/>
  <testcase name="SC078" time="22.699" classname="com.vrt.testcases.setup_SensorConfigTest"/>
  <system-out/>
  <testcase name="SC103" time="16.207" classname="com.vrt.testcases.setup_SensorConfigTest"/>
  <system-out/>
  <testcase name="SC049" time="19.236" classname="com.vrt.testcases.setup_SensorConfigTest"/>
  <system-out/>
  <testcase name="SC063" time="21.218" classname="com.vrt.testcases.setup_SensorConfigTest"/>
  <system-out/>
  <testcase name="SC046a" time="18.402" classname="com.vrt.testcases.setup_SensorConfigTest"/>
  <system-out/>
  <testcase name="SC077" time="22.082" classname="com.vrt.testcases.setup_SensorConfigTest"/>
  <system-out/>
  <testcase name="SC018" time="212.211" classname="com.vrt.testcases.setup_SensorConfigTest">
    <skipped/>
  </testcase> <!-- SC018 -->
  <system-out/>
  <testcase name="SC046" time="20.494" classname="com.vrt.testcases.setup_SensorConfigTest">
    <skipped/>
  </testcase> <!-- SC046 -->
  <system-out/>
  <testcase name="SC055" time="16.916" classname="com.vrt.testcases.setup_SensorConfigTest"/>
  <system-out/>
  <testcase name="SC066_1" time="21.932" classname="com.vrt.testcases.setup_SensorConfigTest"/>
  <system-out/>
  <testcase name="SC101" time="21.429" classname="com.vrt.testcases.setup_SensorConfigTest"/>
  <system-out/>
  <testcase name="SC059" time="18.247" classname="com.vrt.testcases.setup_SensorConfigTest"/>
  <system-out/>
  <testcase name="SC021" time="16.902" classname="com.vrt.testcases.setup_SensorConfigTest"/>
  <system-out/>
  <testcase name="SC010" time="214.689" classname="com.vrt.testcases.setup_SensorConfigTest">
    <skipped/>
  </testcase> <!-- SC010 -->
  <system-out/>
  <testcase name="SC089" time="24.296" classname="com.vrt.testcases.setup_SensorConfigTest"/>
  <system-out/>
  <testcase name="SC033" time="16.289" classname="com.vrt.testcases.setup_SensorConfigTest"/>
  <system-out/>
  <testcase name="SC027" time="16.499" classname="com.vrt.testcases.setup_SensorConfigTest"/>
  <system-out/>
  <testcase name="SC076_1" time="41.088" classname="com.vrt.testcases.setup_SensorConfigTest">
    <error type="org.openqa.selenium.NoSuchElementException" message="An element could not be located on the page using the given search parameters. (WARNING: The server did not provide any stacktrace information)
Command duration or timeout: 0 milliseconds
For documentation on this error, please visit: https://www.seleniumhq.org/exceptions/no_such_element.html
Build info: version: &#039;3.141.59&#039;, revision: &#039;e82be7d358&#039;, time: &#039;2018-11-14T08:17:03&#039;
System info: host: &#039;AASHYD-4B6B2X2&#039;, ip: &#039;192.168.0.105&#039;, os.name: &#039;Windows 10&#039;, os.arch: &#039;amd64&#039;, os.version: &#039;10.0&#039;, java.version: &#039;1.8.0_181&#039;
Driver info: io.appium.java_client.windows.WindowsDriver
Capabilities {app: Kaye.ValProbeRT_racmveb2qnw..., javascriptEnabled: true, platform: WINDOWS, platformName: WINDOWS}
Session ID: 0E4BB734-8DDB-4F53-B558-B37C92D67B6F
*** Element info: {Using=name, value=TextBlock}">
      <![CDATA[org.openqa.selenium.NoSuchElementException: An element could not be located on the page using the given search parameters. (WARNING: The server did not provide any stacktrace information)
Command duration or timeout: 0 milliseconds
For documentation on this error, please visit: https://www.seleniumhq.org/exceptions/no_such_element.html
Build info: version: '3.141.59', revision: 'e82be7d358', time: '2018-11-14T08:17:03'
System info: host: 'AASHYD-4B6B2X2', ip: '192.168.0.105', os.name: 'Windows 10', os.arch: 'amd64', os.version: '10.0', java.version: '1.8.0_181'
Driver info: io.appium.java_client.windows.WindowsDriver
Capabilities {app: Kaye.ValProbeRT_racmveb2qnw..., javascriptEnabled: true, platform: WINDOWS, platformName: WINDOWS}
Session ID: 0E4BB734-8DDB-4F53-B558-B37C92D67B6F
*** Element info: {Using=name, value=TextBlock}
at sun.reflect.NativeConstructorAccessorImpl.newInstance0(Native Method)
at sun.reflect.NativeConstructorAccessorImpl.newInstance(Unknown Source)
at sun.reflect.DelegatingConstructorAccessorImpl.newInstance(Unknown Source)
at java.lang.reflect.Constructor.newInstance(Unknown Source)
at org.openqa.selenium.remote.ErrorHandler.createThrowable(ErrorHandler.java:214)
at org.openqa.selenium.remote.ErrorHandler.throwIfResponseFailed(ErrorHandler.java:166)
at org.openqa.selenium.remote.http.JsonHttpResponseCodec.reconstructValue(JsonHttpResponseCodec.java:40)
at org.openqa.selenium.remote.http.AbstractHttpResponseCodec.decode(AbstractHttpResponseCodec.java:80)
at org.openqa.selenium.remote.http.AbstractHttpResponseCodec.decode(AbstractHttpResponseCodec.java:44)
at org.openqa.selenium.remote.HttpCommandExecutor.execute(HttpCommandExecutor.java:158)
at io.appium.java_client.remote.AppiumCommandExecutor.execute(AppiumCommandExecutor.java:239)
at org.openqa.selenium.remote.RemoteWebDriver.execute(RemoteWebDriver.java:552)
at io.appium.java_client.DefaultGenericMobileDriver.execute(DefaultGenericMobileDriver.java:42)
at io.appium.java_client.AppiumDriver.execute(AppiumDriver.java:1)
at io.appium.java_client.windows.WindowsDriver.execute(WindowsDriver.java:1)
at org.openqa.selenium.remote.RemoteWebElement.execute(RemoteWebElement.java:285)
at org.openqa.selenium.remote.RemoteWebElement.findElement(RemoteWebElement.java:185)
at org.openqa.selenium.remote.RemoteWebElement.findElementByName(RemoteWebElement.java:237)
at org.openqa.selenium.By$ByName.findElement(By.java:284)
at org.openqa.selenium.remote.RemoteWebElement.findElement(RemoteWebElement.java:181)
at com.vrt.pages.Setup_SensorDescriptionPage.Firstsensor_Selected(Setup_SensorDescriptionPage.java:332)
at com.vrt.testcases.setup_SensorConfigTest.SC076_1(setup_SensorConfigTest.java:1914)
at sun.reflect.NativeMethodAccessorImpl.invoke0(Native Method)
at sun.reflect.NativeMethodAccessorImpl.invoke(Unknown Source)
at sun.reflect.DelegatingMethodAccessorImpl.invoke(Unknown Source)
at java.lang.reflect.Method.invoke(Unknown Source)
at org.testng.internal.MethodInvocationHelper.invokeMethod(MethodInvocationHelper.java:132)
at org.testng.internal.TestInvoker.invokeMethod(TestInvoker.java:599)
at org.testng.internal.TestInvoker.retryFailed(TestInvoker.java:214)
at org.testng.internal.MethodRunner.runInSequence(MethodRunner.java:58)
at org.testng.internal.TestInvoker$MethodInvocationAgent.invoke(TestInvoker.java:822)
at org.testng.internal.TestInvoker.invokeTestMethods(TestInvoker.java:147)
at org.testng.internal.TestMethodWorker.invokeTestMethods(TestMethodWorker.java:146)
at org.testng.internal.TestMethodWorker.run(TestMethodWorker.java:128)
at java.util.ArrayList.forEach(Unknown Source)
at org.testng.TestRunner.privateRun(TestRunner.java:764)
at org.testng.TestRunner.run(TestRunner.java:585)
at org.testng.SuiteRunner.runTest(SuiteRunner.java:384)
at org.testng.SuiteRunner.runSequentially(SuiteRunner.java:378)
at org.testng.SuiteRunner.privateRun(SuiteRunner.java:337)
at org.testng.SuiteRunner.run(SuiteRunner.java:286)
at org.testng.SuiteRunnerWorker.runSuite(SuiteRunnerWorker.java:53)
at org.testng.SuiteRunnerWorker.run(SuiteRunnerWorker.java:96)
at org.testng.TestNG.runSuitesSequentially(TestNG.java:1218)
at org.testng.TestNG.runSuitesLocally(TestNG.java:1140)
at org.testng.TestNG.runSuites(TestNG.java:1069)
at org.testng.TestNG.run(TestNG.java:1037)
at org.testng.remote.AbstractRemoteTestNG.run(AbstractRemoteTestNG.java:115)
at org.testng.remote.RemoteTestNG.initAndRun(RemoteTestNG.java:251)
at org.testng.remote.RemoteTestNG.main(RemoteTestNG.java:77)
]]>
    </error>
  </testcase> <!-- SC076_1 -->
  <system-out/>
  <testcase name="SC022" time="16.530" classname="com.vrt.testcases.setup_SensorConfigTest"/>
  <system-out/>
  <testcase name="SC076_1" time="41.501" classname="com.vrt.testcases.setup_SensorConfigTest">
    <skipped/>
  </testcase> <!-- SC076_1 -->
  <system-out/>
  <testcase name="SC067" time="19.150" classname="com.vrt.testcases.setup_SensorConfigTest"/>
  <system-out/>
  <testcase name="SC015" time="29.283" classname="com.vrt.testcases.setup_SensorConfigTest"/>
  <system-out/>
  <testcase name="SC005" time="18.316" classname="com.vrt.testcases.setup_SensorConfigTest"/>
  <system-out/>
  <testcase name="SC006" time="16.956" classname="com.vrt.testcases.setup_SensorConfigTest"/>
  <system-out/>
  <testcase name="SC065_1" time="19.182" classname="com.vrt.testcases.setup_SensorConfigTest"/>
  <system-out/>
  <testcase name="SC043" time="23.193" classname="com.vrt.testcases.setup_SensorConfigTest"/>
  <system-out/>
  <testcase name="SC015" time="28.782" classname="com.vrt.testcases.setup_SensorConfigTest"/>
  <system-out/>
  <testcase name="SC047" time="19.512" classname="com.vrt.testcases.setup_SensorConfigTest"/>
  <system-out/>
  <testcase name="SC006" time="17.210" classname="com.vrt.testcases.setup_SensorConfigTest"/>
  <system-out/>
  <testcase name="SC064" time="20.486" classname="com.vrt.testcases.setup_SensorConfigTest"/>
  <system-out/>
  <testcase name="SC014" time="17.000" classname="com.vrt.testcases.setup_SensorConfigTest"/>
  <system-out/>
  <testcase name="SC021" time="16.540" classname="com.vrt.testcases.setup_SensorConfigTest"/>
  <system-out/>
  <testcase name="SC092" time="27.134" classname="com.vrt.testcases.setup_SensorConfigTest"/>
  <system-out/>
  <testcase name="SC114" time="21.809" classname="com.vrt.testcases.setup_SensorConfigTest"/>
  <system-out/>
  <testcase name="SC068" time="17.300" classname="com.vrt.testcases.setup_SensorConfigTest"/>
  <system-out/>
  <testcase name="SC090" time="23.778" classname="com.vrt.testcases.setup_SensorConfigTest"/>
  <system-out/>
  <testcase name="SC058" time="17.958" classname="com.vrt.testcases.setup_SensorConfigTest"/>
  <system-out/>
  <testcase name="SC059" time="18.011" classname="com.vrt.testcases.setup_SensorConfigTest"/>
  <system-out/>
  <testcase name="SC020" time="40.724" classname="com.vrt.testcases.setup_SensorConfigTest"/>
  <system-out/>
  <testcase name="SC046" time="20.562" classname="com.vrt.testcases.setup_SensorConfigTest">
    <failure type="java.lang.AssertionError" message="The following asserts failed:
	FAIL:  It should not accept invalid values expected [1] but found []">
      <![CDATA[java.lang.AssertionError: The following asserts failed:
FAIL:  It should not accept invalid values expected [1] but found []
at org.testng.asserts.SoftAssert.assertAll(SoftAssert.java:47)
at org.testng.asserts.SoftAssert.assertAll(SoftAssert.java:31)
at com.vrt.testcases.setup_SensorConfigTest.SC046(setup_SensorConfigTest.java:1106)
at sun.reflect.NativeMethodAccessorImpl.invoke0(Native Method)
at sun.reflect.NativeMethodAccessorImpl.invoke(Unknown Source)
at sun.reflect.DelegatingMethodAccessorImpl.invoke(Unknown Source)
at java.lang.reflect.Method.invoke(Unknown Source)
at org.testng.internal.MethodInvocationHelper.invokeMethod(MethodInvocationHelper.java:132)
at org.testng.internal.TestInvoker.invokeMethod(TestInvoker.java:599)
at org.testng.internal.TestInvoker.retryFailed(TestInvoker.java:214)
at org.testng.internal.MethodRunner.runInSequence(MethodRunner.java:58)
at org.testng.internal.TestInvoker$MethodInvocationAgent.invoke(TestInvoker.java:822)
at org.testng.internal.TestInvoker.invokeTestMethods(TestInvoker.java:147)
at org.testng.internal.TestMethodWorker.invokeTestMethods(TestMethodWorker.java:146)
at org.testng.internal.TestMethodWorker.run(TestMethodWorker.java:128)
at java.util.ArrayList.forEach(Unknown Source)
at org.testng.TestRunner.privateRun(TestRunner.java:764)
at org.testng.TestRunner.run(TestRunner.java:585)
at org.testng.SuiteRunner.runTest(SuiteRunner.java:384)
at org.testng.SuiteRunner.runSequentially(SuiteRunner.java:378)
at org.testng.SuiteRunner.privateRun(SuiteRunner.java:337)
at org.testng.SuiteRunner.run(SuiteRunner.java:286)
at org.testng.SuiteRunnerWorker.runSuite(SuiteRunnerWorker.java:53)
at org.testng.SuiteRunnerWorker.run(SuiteRunnerWorker.java:96)
at org.testng.TestNG.runSuitesSequentially(TestNG.java:1218)
at org.testng.TestNG.runSuitesLocally(TestNG.java:1140)
at org.testng.TestNG.runSuites(TestNG.java:1069)
at org.testng.TestNG.run(TestNG.java:1037)
at org.testng.remote.AbstractRemoteTestNG.run(AbstractRemoteTestNG.java:115)
at org.testng.remote.RemoteTestNG.initAndRun(RemoteTestNG.java:251)
at org.testng.remote.RemoteTestNG.main(RemoteTestNG.java:77)
]]>
    </failure>
  </testcase> <!-- SC046 -->
  <system-out/>
  <testcase name="SC076" time="33.874" classname="com.vrt.testcases.setup_SensorConfigTest"/>
  <system-out/>
  <testcase name="SC010" time="214.661" classname="com.vrt.testcases.setup_SensorConfigTest">
    <skipped/>
  </testcase> <!-- SC010 -->
  <system-out/>
  <testcase name="SC032" time="16.835" classname="com.vrt.testcases.setup_SensorConfigTest"/>
  <system-out/>
  <testcase name="SC003" time="16.205" classname="com.vrt.testcases.setup_SensorConfigTest"/>
  <system-out/>
  <testcase name="SC106" time="16.709" classname="com.vrt.testcases.setup_SensorConfigTest"/>
  <system-out/>
  <testcase name="SC083A" time="21.596" classname="com.vrt.testcases.setup_SensorConfigTest"/>
  <system-out/>
  <testcase name="SC026" time="220.030" classname="com.vrt.testcases.setup_SensorConfigTest">
    <error type="org.openqa.selenium.NoSuchElementException" message="An element could not be located on the page using the given search parameters. (WARNING: The server did not provide any stacktrace information)
Command duration or timeout: 0 milliseconds
For documentation on this error, please visit: https://www.seleniumhq.org/exceptions/no_such_element.html
Build info: version: &#039;3.141.59&#039;, revision: &#039;e82be7d358&#039;, time: &#039;2018-11-14T08:17:03&#039;
System info: host: &#039;AASHYD-4B6B2X2&#039;, ip: &#039;192.168.0.105&#039;, os.name: &#039;Windows 10&#039;, os.arch: &#039;amd64&#039;, os.version: &#039;10.0&#039;, java.version: &#039;1.8.0_181&#039;
Driver info: io.appium.java_client.windows.WindowsDriver
Capabilities {app: Kaye.ValProbeRT_racmveb2qnw..., javascriptEnabled: true, platform: WINDOWS, platformName: WINDOWS}
Session ID: 69FC3BA0-DAE0-4AC4-84D5-B91EF33A711B
*** Element info: {Using=accessibility id, value=displayMessageTextBlock}">
      <![CDATA[org.openqa.selenium.NoSuchElementException: An element could not be located on the page using the given search parameters. (WARNING: The server did not provide any stacktrace information)
Command duration or timeout: 0 milliseconds
For documentation on this error, please visit: https://www.seleniumhq.org/exceptions/no_such_element.html
Build info: version: '3.141.59', revision: 'e82be7d358', time: '2018-11-14T08:17:03'
System info: host: 'AASHYD-4B6B2X2', ip: '192.168.0.105', os.name: 'Windows 10', os.arch: 'amd64', os.version: '10.0', java.version: '1.8.0_181'
Driver info: io.appium.java_client.windows.WindowsDriver
Capabilities {app: Kaye.ValProbeRT_racmveb2qnw..., javascriptEnabled: true, platform: WINDOWS, platformName: WINDOWS}
Session ID: 69FC3BA0-DAE0-4AC4-84D5-B91EF33A711B
*** Element info: {Using=accessibility id, value=displayMessageTextBlock}
at sun.reflect.NativeConstructorAccessorImpl.newInstance0(Native Method)
at sun.reflect.NativeConstructorAccessorImpl.newInstance(Unknown Source)
at sun.reflect.DelegatingConstructorAccessorImpl.newInstance(Unknown Source)
at java.lang.reflect.Constructor.newInstance(Unknown Source)
at org.openqa.selenium.remote.ErrorHandler.createThrowable(ErrorHandler.java:214)
at org.openqa.selenium.remote.ErrorHandler.throwIfResponseFailed(ErrorHandler.java:166)
at org.openqa.selenium.remote.http.JsonHttpResponseCodec.reconstructValue(JsonHttpResponseCodec.java:40)
at org.openqa.selenium.remote.http.AbstractHttpResponseCodec.decode(AbstractHttpResponseCodec.java:80)
at org.openqa.selenium.remote.http.AbstractHttpResponseCodec.decode(AbstractHttpResponseCodec.java:44)
at org.openqa.selenium.remote.HttpCommandExecutor.execute(HttpCommandExecutor.java:158)
at io.appium.java_client.remote.AppiumCommandExecutor.execute(AppiumCommandExecutor.java:239)
at org.openqa.selenium.remote.RemoteWebDriver.execute(RemoteWebDriver.java:552)
at io.appium.java_client.DefaultGenericMobileDriver.execute(DefaultGenericMobileDriver.java:42)
at io.appium.java_client.AppiumDriver.execute(AppiumDriver.java:1)
at io.appium.java_client.windows.WindowsDriver.execute(WindowsDriver.java:1)
at org.openqa.selenium.remote.RemoteWebDriver.findElement(RemoteWebDriver.java:323)
at io.appium.java_client.DefaultGenericMobileDriver.findElement(DefaultGenericMobileDriver.java:62)
at io.appium.java_client.AppiumDriver.findElement(AppiumDriver.java:1)
at io.appium.java_client.windows.WindowsDriver.findElement(WindowsDriver.java:1)
at io.appium.java_client.FindsByAccessibilityId.findElementByAccessibilityId(FindsByAccessibilityId.java:37)
at com.vrt.pages.Setup_SensorConfigPage.Alertmsg_txt(Setup_SensorConfigPage.java:172)
at com.vrt.testcases.setup_SensorConfigTest.SC026(setup_SensorConfigTest.java:722)
at sun.reflect.NativeMethodAccessorImpl.invoke0(Native Method)
at sun.reflect.NativeMethodAccessorImpl.invoke(Unknown Source)
at sun.reflect.DelegatingMethodAccessorImpl.invoke(Unknown Source)
at java.lang.reflect.Method.invoke(Unknown Source)
at org.testng.internal.MethodInvocationHelper.invokeMethod(MethodInvocationHelper.java:132)
at org.testng.internal.TestInvoker.invokeMethod(TestInvoker.java:599)
at org.testng.internal.TestInvoker.retryFailed(TestInvoker.java:214)
at org.testng.internal.MethodRunner.runInSequence(MethodRunner.java:58)
at org.testng.internal.TestInvoker$MethodInvocationAgent.invoke(TestInvoker.java:822)
at org.testng.internal.TestInvoker.invokeTestMethods(TestInvoker.java:147)
at org.testng.internal.TestMethodWorker.invokeTestMethods(TestMethodWorker.java:146)
at org.testng.internal.TestMethodWorker.run(TestMethodWorker.java:128)
at java.util.ArrayList.forEach(Unknown Source)
at org.testng.TestRunner.privateRun(TestRunner.java:764)
at org.testng.TestRunner.run(TestRunner.java:585)
at org.testng.SuiteRunner.runTest(SuiteRunner.java:384)
at org.testng.SuiteRunner.runSequentially(SuiteRunner.java:378)
at org.testng.SuiteRunner.privateRun(SuiteRunner.java:337)
at org.testng.SuiteRunner.run(SuiteRunner.java:286)
at org.testng.SuiteRunnerWorker.runSuite(SuiteRunnerWorker.java:53)
at org.testng.SuiteRunnerWorker.run(SuiteRunnerWorker.java:96)
at org.testng.TestNG.runSuitesSequentially(TestNG.java:1218)
at org.testng.TestNG.runSuitesLocally(TestNG.java:1140)
at org.testng.TestNG.runSuites(TestNG.java:1069)
at org.testng.TestNG.run(TestNG.java:1037)
at org.testng.remote.AbstractRemoteTestNG.run(AbstractRemoteTestNG.java:115)
at org.testng.remote.RemoteTestNG.initAndRun(RemoteTestNG.java:251)
at org.testng.remote.RemoteTestNG.main(RemoteTestNG.java:77)
]]>
    </error>
  </testcase> <!-- SC026 -->
  <system-out/>
  <testcase name="SC084_1" time="22.010" classname="com.vrt.testcases.setup_SensorConfigTest"/>
  <system-out/>
  <testcase name="SC038" time="17.262" classname="com.vrt.testcases.setup_SensorConfigTest"/>
  <system-out/>
  <testcase name="SC084_1" time="21.925" classname="com.vrt.testcases.setup_SensorConfigTest"/>
  <system-out/>
  <testcase name="SC046" time="20.438" classname="com.vrt.testcases.setup_SensorConfigTest">
    <skipped/>
  </testcase> <!-- SC046 -->
  <system-out/>
  <testcase name="SC083" time="15.218" classname="com.vrt.testcases.setup_SensorConfigTest">
    <skipped/>
  </testcase> <!-- SC083 -->
  <system-out/>
  <testcase name="SC012" time="41.239" classname="com.vrt.testcases.setup_SensorConfigTest"/>
  <system-out/>
  <testcase name="SC063" time="20.959" classname="com.vrt.testcases.setup_SensorConfigTest"/>
  <system-out/>
  <testcase name="SC086" time="21.064" classname="com.vrt.testcases.setup_SensorConfigTest"/>
  <system-out/>
  <testcase name="SC004" time="20.413" classname="com.vrt.testcases.setup_SensorConfigTest"/>
  <system-out/>
  <testcase name="SC084" time="21.677" classname="com.vrt.testcases.setup_SensorConfigTest"/>
  <system-out/>
  <testcase name="SC044" time="17.370" classname="com.vrt.testcases.setup_SensorConfigTest"/>
  <system-out/>
  <testcase name="SC026" time="217.855" classname="com.vrt.testcases.setup_SensorConfigTest">
    <skipped/>
  </testcase> <!-- SC026 -->
  <system-out/>
  <testcase name="SC046" time="19.883" classname="com.vrt.testcases.setup_SensorConfigTest">
    <failure type="java.lang.AssertionError" message="The following asserts failed:
	FAIL:  It should not accept invalid values expected [1] but found []">
      <![CDATA[java.lang.AssertionError: The following asserts failed:
FAIL:  It should not accept invalid values expected [1] but found []
at org.testng.asserts.SoftAssert.assertAll(SoftAssert.java:47)
at org.testng.asserts.SoftAssert.assertAll(SoftAssert.java:31)
at com.vrt.testcases.setup_SensorConfigTest.SC046(setup_SensorConfigTest.java:1106)
at sun.reflect.NativeMethodAccessorImpl.invoke0(Native Method)
at sun.reflect.NativeMethodAccessorImpl.invoke(Unknown Source)
at sun.reflect.DelegatingMethodAccessorImpl.invoke(Unknown Source)
at java.lang.reflect.Method.invoke(Unknown Source)
at org.testng.internal.MethodInvocationHelper.invokeMethod(MethodInvocationHelper.java:132)
at org.testng.internal.TestInvoker.invokeMethod(TestInvoker.java:599)
at org.testng.internal.TestInvoker.retryFailed(TestInvoker.java:214)
at org.testng.internal.MethodRunner.runInSequence(MethodRunner.java:58)
at org.testng.internal.TestInvoker$MethodInvocationAgent.invoke(TestInvoker.java:822)
at org.testng.internal.TestInvoker.invokeTestMethods(TestInvoker.java:147)
at org.testng.internal.TestMethodWorker.invokeTestMethods(TestMethodWorker.java:146)
at org.testng.internal.TestMethodWorker.run(TestMethodWorker.java:128)
at java.util.ArrayList.forEach(Unknown Source)
at org.testng.TestRunner.privateRun(TestRunner.java:764)
at org.testng.TestRunner.run(TestRunner.java:585)
at org.testng.SuiteRunner.runTest(SuiteRunner.java:384)
at org.testng.SuiteRunner.runSequentially(SuiteRunner.java:378)
at org.testng.SuiteRunner.privateRun(SuiteRunner.java:337)
at org.testng.SuiteRunner.run(SuiteRunner.java:286)
at org.testng.SuiteRunnerWorker.runSuite(SuiteRunnerWorker.java:53)
at org.testng.SuiteRunnerWorker.run(SuiteRunnerWorker.java:96)
at org.testng.TestNG.runSuitesSequentially(TestNG.java:1218)
at org.testng.TestNG.runSuitesLocally(TestNG.java:1140)
at org.testng.TestNG.runSuites(TestNG.java:1069)
at org.testng.TestNG.run(TestNG.java:1037)
at org.testng.remote.AbstractRemoteTestNG.run(AbstractRemoteTestNG.java:115)
at org.testng.remote.RemoteTestNG.initAndRun(RemoteTestNG.java:251)
at org.testng.remote.RemoteTestNG.main(RemoteTestNG.java:77)
]]>
    </failure>
  </testcase> <!-- SC046 -->
  <system-out/>
  <testcase name="SC076_1" time="41.713" classname="com.vrt.testcases.setup_SensorConfigTest">
    <skipped/>
  </testcase> <!-- SC076_1 -->
  <system-out/>
  <testcase name="SC022" time="17.155" classname="com.vrt.testcases.setup_SensorConfigTest"/>
  <system-out/>
  <testcase name="SC052" time="19.038" classname="com.vrt.testcases.setup_SensorConfigTest"/>
  <system-out/>
  <testcase name="SC018" time="216.234" classname="com.vrt.testcases.setup_SensorConfigTest">
    <error type="org.openqa.selenium.NoSuchElementException" message="An element could not be located on the page using the given search parameters. (WARNING: The server did not provide any stacktrace information)
Command duration or timeout: 0 milliseconds
For documentation on this error, please visit: https://www.seleniumhq.org/exceptions/no_such_element.html
Build info: version: &#039;3.141.59&#039;, revision: &#039;e82be7d358&#039;, time: &#039;2018-11-14T08:17:03&#039;
System info: host: &#039;AASHYD-4B6B2X2&#039;, ip: &#039;192.168.0.105&#039;, os.name: &#039;Windows 10&#039;, os.arch: &#039;amd64&#039;, os.version: &#039;10.0&#039;, java.version: &#039;1.8.0_181&#039;
Driver info: io.appium.java_client.windows.WindowsDriver
Capabilities {app: Kaye.ValProbeRT_racmveb2qnw..., javascriptEnabled: true, platform: WINDOWS, platformName: WINDOWS}
Session ID: 6FD6F278-F4EE-4275-BD12-2459071D1FDE
*** Element info: {Using=accessibility id, value=displayMessageTextBlock}">
      <![CDATA[org.openqa.selenium.NoSuchElementException: An element could not be located on the page using the given search parameters. (WARNING: The server did not provide any stacktrace information)
Command duration or timeout: 0 milliseconds
For documentation on this error, please visit: https://www.seleniumhq.org/exceptions/no_such_element.html
Build info: version: '3.141.59', revision: 'e82be7d358', time: '2018-11-14T08:17:03'
System info: host: 'AASHYD-4B6B2X2', ip: '192.168.0.105', os.name: 'Windows 10', os.arch: 'amd64', os.version: '10.0', java.version: '1.8.0_181'
Driver info: io.appium.java_client.windows.WindowsDriver
Capabilities {app: Kaye.ValProbeRT_racmveb2qnw..., javascriptEnabled: true, platform: WINDOWS, platformName: WINDOWS}
Session ID: 6FD6F278-F4EE-4275-BD12-2459071D1FDE
*** Element info: {Using=accessibility id, value=displayMessageTextBlock}
at sun.reflect.NativeConstructorAccessorImpl.newInstance0(Native Method)
at sun.reflect.NativeConstructorAccessorImpl.newInstance(Unknown Source)
at sun.reflect.DelegatingConstructorAccessorImpl.newInstance(Unknown Source)
at java.lang.reflect.Constructor.newInstance(Unknown Source)
at org.openqa.selenium.remote.ErrorHandler.createThrowable(ErrorHandler.java:214)
at org.openqa.selenium.remote.ErrorHandler.throwIfResponseFailed(ErrorHandler.java:166)
at org.openqa.selenium.remote.http.JsonHttpResponseCodec.reconstructValue(JsonHttpResponseCodec.java:40)
at org.openqa.selenium.remote.http.AbstractHttpResponseCodec.decode(AbstractHttpResponseCodec.java:80)
at org.openqa.selenium.remote.http.AbstractHttpResponseCodec.decode(AbstractHttpResponseCodec.java:44)
at org.openqa.selenium.remote.HttpCommandExecutor.execute(HttpCommandExecutor.java:158)
at io.appium.java_client.remote.AppiumCommandExecutor.execute(AppiumCommandExecutor.java:239)
at org.openqa.selenium.remote.RemoteWebDriver.execute(RemoteWebDriver.java:552)
at io.appium.java_client.DefaultGenericMobileDriver.execute(DefaultGenericMobileDriver.java:42)
at io.appium.java_client.AppiumDriver.execute(AppiumDriver.java:1)
at io.appium.java_client.windows.WindowsDriver.execute(WindowsDriver.java:1)
at org.openqa.selenium.remote.RemoteWebDriver.findElement(RemoteWebDriver.java:323)
at io.appium.java_client.DefaultGenericMobileDriver.findElement(DefaultGenericMobileDriver.java:62)
at io.appium.java_client.AppiumDriver.findElement(AppiumDriver.java:1)
at io.appium.java_client.windows.WindowsDriver.findElement(WindowsDriver.java:1)
at io.appium.java_client.FindsByAccessibilityId.findElementByAccessibilityId(FindsByAccessibilityId.java:37)
at com.vrt.pages.Setup_SensorConfigPage.Alertmsg_txt(Setup_SensorConfigPage.java:172)
at com.vrt.testcases.setup_SensorConfigTest.SC018(setup_SensorConfigTest.java:552)
at sun.reflect.NativeMethodAccessorImpl.invoke0(Native Method)
at sun.reflect.NativeMethodAccessorImpl.invoke(Unknown Source)
at sun.reflect.DelegatingMethodAccessorImpl.invoke(Unknown Source)
at java.lang.reflect.Method.invoke(Unknown Source)
at org.testng.internal.MethodInvocationHelper.invokeMethod(MethodInvocationHelper.java:132)
at org.testng.internal.TestInvoker.invokeMethod(TestInvoker.java:599)
at org.testng.internal.TestInvoker.retryFailed(TestInvoker.java:214)
at org.testng.internal.MethodRunner.runInSequence(MethodRunner.java:58)
at org.testng.internal.TestInvoker$MethodInvocationAgent.invoke(TestInvoker.java:822)
at org.testng.internal.TestInvoker.invokeTestMethods(TestInvoker.java:147)
at org.testng.internal.TestMethodWorker.invokeTestMethods(TestMethodWorker.java:146)
at org.testng.internal.TestMethodWorker.run(TestMethodWorker.java:128)
at java.util.ArrayList.forEach(Unknown Source)
at org.testng.TestRunner.privateRun(TestRunner.java:764)
at org.testng.TestRunner.run(TestRunner.java:585)
at org.testng.SuiteRunner.runTest(SuiteRunner.java:384)
at org.testng.SuiteRunner.runSequentially(SuiteRunner.java:378)
at org.testng.SuiteRunner.privateRun(SuiteRunner.java:337)
at org.testng.SuiteRunner.run(SuiteRunner.java:286)
at org.testng.SuiteRunnerWorker.runSuite(SuiteRunnerWorker.java:53)
at org.testng.SuiteRunnerWorker.run(SuiteRunnerWorker.java:96)
at org.testng.TestNG.runSuitesSequentially(TestNG.java:1218)
at org.testng.TestNG.runSuitesLocally(TestNG.java:1140)
at org.testng.TestNG.runSuites(TestNG.java:1069)
at org.testng.TestNG.run(TestNG.java:1037)
at org.testng.remote.AbstractRemoteTestNG.run(AbstractRemoteTestNG.java:115)
at org.testng.remote.RemoteTestNG.initAndRun(RemoteTestNG.java:251)
at org.testng.remote.RemoteTestNG.main(RemoteTestNG.java:77)
]]>
    </error>
  </testcase> <!-- SC018 -->
  <system-out/>
  <testcase name="SC012" time="20.246" classname="com.vrt.testcases.setup_SensorConfigTest"/>
  <system-out/>
  <testcase name="SC024" time="16.413" classname="com.vrt.testcases.setup_SensorConfigTest"/>
  <system-out/>
  <testcase name="SC007" time="28.295" classname="com.vrt.testcases.setup_SensorConfigTest"/>
  <system-out/>
  <testcase name="SC017" time="18.059" classname="com.vrt.testcases.setup_SensorConfigTest"/>
  <system-out/>
  <testcase name="SC057" time="18.154" classname="com.vrt.testcases.setup_SensorConfigTest"/>
  <system-out/>
  <testcase name="SC026" time="218.667" classname="com.vrt.testcases.setup_SensorConfigTest">
    <skipped/>
  </testcase> <!-- SC026 -->
  <system-out/>
  <testcase name="SC112" time="20.915" classname="com.vrt.testcases.setup_SensorConfigTest"/>
  <system-out/>
  <testcase name="SC051" time="17.678" classname="com.vrt.testcases.setup_SensorConfigTest"/>
  <system-out/>
  <testcase name="SC016" time="16.022" classname="com.vrt.testcases.setup_SensorConfigTest"/>
  <system-out/>
  <testcase name="SC058" time="17.224" classname="com.vrt.testcases.setup_SensorConfigTest"/>
  <system-out/>
  <testcase name="SC020" time="41.707" classname="com.vrt.testcases.setup_SensorConfigTest"/>
  <system-out/>
  <testcase name="SC084_1B" time="21.396" classname="com.vrt.testcases.setup_SensorConfigTest"/>
  <system-out/>
  <testcase name="SC053" time="19.590" classname="com.vrt.testcases.setup_SensorConfigTest"/>
  <system-out/>
  <testcase name="SC061" time="19.298" classname="com.vrt.testcases.setup_SensorConfigTest"/>
  <system-out/>
  <testcase name="SC036" time="25.300" classname="com.vrt.testcases.setup_SensorConfigTest"/>
  <system-out/>
  <testcase name="SC022" time="17.641" classname="com.vrt.testcases.setup_SensorConfigTest"/>
  <system-out/>
  <testcase name="SC064" time="20.333" classname="com.vrt.testcases.setup_SensorConfigTest"/>
  <system-out/>
  <testcase name="SC086" time="20.785" classname="com.vrt.testcases.setup_SensorConfigTest"/>
  <system-out/>
  <testcase name="SC040" time="17.220" classname="com.vrt.testcases.setup_SensorConfigTest"/>
  <system-out/>
  <testcase name="SC088" time="24.697" classname="com.vrt.testcases.setup_SensorConfigTest"/>
  <system-out/>
  <testcase name="SC053" time="19.628" classname="com.vrt.testcases.setup_SensorConfigTest"/>
  <system-out/>
  <testcase name="SC116" time="21.013" classname="com.vrt.testcases.setup_SensorConfigTest"/>
  <system-out/>
  <testcase name="SC056" time="17.858" classname="com.vrt.testcases.setup_SensorConfigTest"/>
  <system-out/>
  <testcase name="SC084_1" time="21.893" classname="com.vrt.testcases.setup_SensorConfigTest"/>
  <system-out/>
  <testcase name="SC079" time="26.786" classname="com.vrt.testcases.setup_SensorConfigTest"/>
  <system-out/>
  <testcase name="SC041" time="18.620" classname="com.vrt.testcases.setup_SensorConfigTest"/>
  <system-out/>
  <testcase name="SC043" time="21.846" classname="com.vrt.testcases.setup_SensorConfigTest"/>
  <system-out/>
  <testcase name="SC039" time="17.135" classname="com.vrt.testcases.setup_SensorConfigTest"/>
  <system-out/>
  <testcase name="SC082" time="22.756" classname="com.vrt.testcases.setup_SensorConfigTest"/>
  <system-out/>
  <testcase name="SC014" time="17.107" classname="com.vrt.testcases.setup_SensorConfigTest"/>
  <system-out/>
  <testcase name="SC042" time="19.085" classname="com.vrt.testcases.setup_SensorConfigTest"/>
  <system-out/>
  <testcase name="SC006" time="16.456" classname="com.vrt.testcases.setup_SensorConfigTest"/>
  <system-out/>
  <testcase name="SC058" time="17.584" classname="com.vrt.testcases.setup_SensorConfigTest"/>
  <system-out/>
  <testcase name="SC053" time="3.371" classname="com.vrt.testcases.setup_SensorConfigTest"/>
  <system-out/>
</testsuite> <!-- com.vrt.testcases.setup_SensorConfigTest -->
