<?xml version="1.0" encoding="UTF-8"?>
<!-- Generated by org.testng.reporters.JUnitReportReporter -->
<testsuite skipped="0" hostname="AASHYD-4B6B2X2" name="com.vrt.testcases.assetDetailsTest" tests="80" failures="1" timestamp="07 Aug 2020 19:53:59 GMT" time="1573.612" errors="4">
  <testcase name="ASST001" time="9.536" classname="com.vrt.testcases.assetDetailsTest"/>
  <testcase name="ASST001A" time="10.098" classname="com.vrt.testcases.assetDetailsTest"/>
  <testcase name="ASST002" time="10.612" classname="com.vrt.testcases.assetDetailsTest"/>
  <testcase name="ASST003" time="12.909" classname="com.vrt.testcases.assetDetailsTest"/>
  <testcase name="ASST004" time="31.135" classname="com.vrt.testcases.assetDetailsTest"/>
  <testcase name="ASST006" time="15.765" classname="com.vrt.testcases.assetDetailsTest"/>
  <testcase name="ASST007" time="14.444" classname="com.vrt.testcases.assetDetailsTest"/>
  <testcase name="ASST008" time="22.004" classname="com.vrt.testcases.assetDetailsTest"/>
  <testcase name="ASST009" time="23.678" classname="com.vrt.testcases.assetDetailsTest"/>
  <testcase name="ASST012" time="17.956" classname="com.vrt.testcases.assetDetailsTest"/>
  <testcase name="ASST013" time="11.126" classname="com.vrt.testcases.assetDetailsTest"/>
  <testcase name="ASST014" time="13.684" classname="com.vrt.testcases.assetDetailsTest"/>
  <testcase name="ASST015" time="13.133" classname="com.vrt.testcases.assetDetailsTest"/>
  <testcase name="ASST017" time="10.626" classname="com.vrt.testcases.assetDetailsTest"/>
  <testcase name="ASST018" time="10.280" classname="com.vrt.testcases.assetDetailsTest"/>
  <testcase name="ASST020" time="23.957" classname="com.vrt.testcases.assetDetailsTest"/>
  <testcase name="ASST023" time="13.976" classname="com.vrt.testcases.assetDetailsTest"/>
  <testcase name="ASST024A" time="17.195" classname="com.vrt.testcases.assetDetailsTest"/>
  <testcase name="ASST024A" time="16.490" classname="com.vrt.testcases.assetDetailsTest"/>
  <testcase name="ASST024A" time="16.437" classname="com.vrt.testcases.assetDetailsTest"/>
  <testcase name="ASST024A" time="16.960" classname="com.vrt.testcases.assetDetailsTest"/>
  <testcase name="ASST024A" time="17.211" classname="com.vrt.testcases.assetDetailsTest"/>
  <testcase name="ASST024A" time="16.598" classname="com.vrt.testcases.assetDetailsTest"/>
  <testcase name="ASST024A" time="17.864" classname="com.vrt.testcases.assetDetailsTest"/>
  <testcase name="ASST024A" time="18.220" classname="com.vrt.testcases.assetDetailsTest"/>
  <testcase name="ASST024B" time="10.453" classname="com.vrt.testcases.assetDetailsTest">
    <error type="org.testng.TestNGException" message="
Method public void com.vrt.testcases.assetDetailsTest.ASST024B(java.lang.String,java.lang.String) throws java.lang.InterruptedException,java.io.IOException requires a @DataProvider named : ASST024_1A_TC in class com.vrt.utility.assetCreationUtility">
      <![CDATA[org.testng.TestNGException: 
Method public void com.vrt.testcases.assetDetailsTest.ASST024B(java.lang.String,java.lang.String) throws java.lang.InterruptedException,java.io.IOException requires a @DataProvider named : ASST024_1A_TC in class com.vrt.utility.assetCreationUtility
at org.testng.internal.Parameters.findDataProvider(Parameters.java:513)
at org.testng.internal.Parameters.handleParameters(Parameters.java:691)
at org.testng.internal.ParameterHandler.handleParameters(ParameterHandler.java:49)
at org.testng.internal.ParameterHandler.createParameters(ParameterHandler.java:37)
at org.testng.internal.Invoker.invokeTestMethods(Invoker.java:924)
at org.testng.internal.TestMethodWorker.invokeTestMethods(TestMethodWorker.java:125)
at org.testng.internal.TestMethodWorker.run(TestMethodWorker.java:109)
at org.testng.TestRunner.privateRun(TestRunner.java:648)
at org.testng.TestRunner.run(TestRunner.java:505)
at org.testng.SuiteRunner.runTest(SuiteRunner.java:455)
at org.testng.SuiteRunner.runSequentially(SuiteRunner.java:450)
at org.testng.SuiteRunner.privateRun(SuiteRunner.java:415)
at org.testng.SuiteRunner.run(SuiteRunner.java:364)
at org.testng.SuiteRunnerWorker.runSuite(SuiteRunnerWorker.java:52)
at org.testng.SuiteRunnerWorker.run(SuiteRunnerWorker.java:84)
at org.testng.TestNG.runSuitesSequentially(TestNG.java:1208)
at org.testng.TestNG.runSuitesLocally(TestNG.java:1137)
at org.testng.TestNG.runSuites(TestNG.java:1049)
at org.testng.TestNG.run(TestNG.java:1017)
at org.testng.remote.AbstractRemoteTestNG.run(AbstractRemoteTestNG.java:115)
at org.testng.remote.RemoteTestNG.initAndRun(RemoteTestNG.java:251)
at org.testng.remote.RemoteTestNG.main(RemoteTestNG.java:77)
]]>
    </error>
  </testcase> <!-- ASST024B -->
  <testcase name="ASST024C" time="17.329" classname="com.vrt.testcases.assetDetailsTest"/>
  <testcase name="ASST024D" time="17.386" classname="com.vrt.testcases.assetDetailsTest"/>
  <testcase name="ASST024D" time="16.924" classname="com.vrt.testcases.assetDetailsTest"/>
  <testcase name="ASST024D" time="18.441" classname="com.vrt.testcases.assetDetailsTest"/>
  <testcase name="ASST024E" time="16.484" classname="com.vrt.testcases.assetDetailsTest"/>
  <testcase name="ASST024E" time="16.400" classname="com.vrt.testcases.assetDetailsTest"/>
  <testcase name="ASST024E" time="35.582" classname="com.vrt.testcases.assetDetailsTest">
    <error type="org.openqa.selenium.NoSuchElementException" message="An element could not be located on the page using the given search parameters. (WARNING: The server did not provide any stacktrace information)
Command duration or timeout: 0 milliseconds
For documentation on this error, please visit: https://www.seleniumhq.org/exceptions/no_such_element.html
Build info: version: &#039;3.141.59&#039;, revision: &#039;e82be7d358&#039;, time: &#039;2018-11-14T08:17:03&#039;
System info: host: &#039;AASHYD-4B6B2X2&#039;, ip: &#039;192.168.0.105&#039;, os.name: &#039;Windows 10&#039;, os.arch: &#039;amd64&#039;, os.version: &#039;10.0&#039;, java.version: &#039;1.8.0_181&#039;
Driver info: io.appium.java_client.windows.WindowsDriver
Capabilities {app: Kaye.ValProbeRT_racmveb2qnw..., javascriptEnabled: true, platform: WINDOWS, platformName: WINDOWS}
Session ID: C731D4B6-C732-4FCD-8F31-6B048C77A3B7
*** Element info: {Using=accessibility id, value=displayMessageTextBlock}">
      <![CDATA[org.openqa.selenium.NoSuchElementException: An element could not be located on the page using the given search parameters. (WARNING: The server did not provide any stacktrace information)
Command duration or timeout: 0 milliseconds
For documentation on this error, please visit: https://www.seleniumhq.org/exceptions/no_such_element.html
Build info: version: '3.141.59', revision: 'e82be7d358', time: '2018-11-14T08:17:03'
System info: host: 'AASHYD-4B6B2X2', ip: '192.168.0.105', os.name: 'Windows 10', os.arch: 'amd64', os.version: '10.0', java.version: '1.8.0_181'
Driver info: io.appium.java_client.windows.WindowsDriver
Capabilities {app: Kaye.ValProbeRT_racmveb2qnw..., javascriptEnabled: true, platform: WINDOWS, platformName: WINDOWS}
Session ID: C731D4B6-C732-4FCD-8F31-6B048C77A3B7
*** Element info: {Using=accessibility id, value=displayMessageTextBlock}
at sun.reflect.NativeConstructorAccessorImpl.newInstance0(Native Method)
at sun.reflect.NativeConstructorAccessorImpl.newInstance(Unknown Source)
at sun.reflect.DelegatingConstructorAccessorImpl.newInstance(Unknown Source)
at java.lang.reflect.Constructor.newInstance(Unknown Source)
at org.openqa.selenium.remote.ErrorHandler.createThrowable(ErrorHandler.java:214)
at org.openqa.selenium.remote.ErrorHandler.throwIfResponseFailed(ErrorHandler.java:166)
at org.openqa.selenium.remote.http.JsonHttpResponseCodec.reconstructValue(JsonHttpResponseCodec.java:40)
at org.openqa.selenium.remote.http.AbstractHttpResponseCodec.decode(AbstractHttpResponseCodec.java:80)
at org.openqa.selenium.remote.http.AbstractHttpResponseCodec.decode(AbstractHttpResponseCodec.java:44)
at org.openqa.selenium.remote.HttpCommandExecutor.execute(HttpCommandExecutor.java:158)
at io.appium.java_client.remote.AppiumCommandExecutor.execute(AppiumCommandExecutor.java:239)
at org.openqa.selenium.remote.RemoteWebDriver.execute(RemoteWebDriver.java:552)
at io.appium.java_client.DefaultGenericMobileDriver.execute(DefaultGenericMobileDriver.java:42)
at io.appium.java_client.AppiumDriver.execute(AppiumDriver.java:1)
at io.appium.java_client.windows.WindowsDriver.execute(WindowsDriver.java:1)
at org.openqa.selenium.remote.RemoteWebDriver.findElement(RemoteWebDriver.java:323)
at io.appium.java_client.DefaultGenericMobileDriver.findElement(DefaultGenericMobileDriver.java:62)
at io.appium.java_client.AppiumDriver.findElement(AppiumDriver.java:1)
at io.appium.java_client.windows.WindowsDriver.findElement(WindowsDriver.java:1)
at io.appium.java_client.FindsByAccessibilityId.findElementByAccessibilityId(FindsByAccessibilityId.java:37)
at com.vrt.utility.TestUtilities.get_AlertMsg_text(TestUtilities.java:352)
at com.vrt.testcases.assetDetailsTest.ASST024E(assetDetailsTest.java:700)
at sun.reflect.NativeMethodAccessorImpl.invoke0(Native Method)
at sun.reflect.NativeMethodAccessorImpl.invoke(Unknown Source)
at sun.reflect.DelegatingMethodAccessorImpl.invoke(Unknown Source)
at java.lang.reflect.Method.invoke(Unknown Source)
at org.testng.internal.MethodInvocationHelper.invokeMethod(MethodInvocationHelper.java:124)
at org.testng.internal.Invoker.invokeMethod(Invoker.java:583)
at org.testng.internal.Invoker.invokeTestMethod(Invoker.java:719)
at org.testng.internal.Invoker.invokeTestMethods(Invoker.java:989)
at org.testng.internal.TestMethodWorker.invokeTestMethods(TestMethodWorker.java:125)
at org.testng.internal.TestMethodWorker.run(TestMethodWorker.java:109)
at org.testng.TestRunner.privateRun(TestRunner.java:648)
at org.testng.TestRunner.run(TestRunner.java:505)
at org.testng.SuiteRunner.runTest(SuiteRunner.java:455)
at org.testng.SuiteRunner.runSequentially(SuiteRunner.java:450)
at org.testng.SuiteRunner.privateRun(SuiteRunner.java:415)
at org.testng.SuiteRunner.run(SuiteRunner.java:364)
at org.testng.SuiteRunnerWorker.runSuite(SuiteRunnerWorker.java:52)
at org.testng.SuiteRunnerWorker.run(SuiteRunnerWorker.java:84)
at org.testng.TestNG.runSuitesSequentially(TestNG.java:1208)
at org.testng.TestNG.runSuitesLocally(TestNG.java:1137)
at org.testng.TestNG.runSuites(TestNG.java:1049)
at org.testng.TestNG.run(TestNG.java:1017)
at org.testng.remote.AbstractRemoteTestNG.run(AbstractRemoteTestNG.java:115)
at org.testng.remote.RemoteTestNG.initAndRun(RemoteTestNG.java:251)
at org.testng.remote.RemoteTestNG.main(RemoteTestNG.java:77)
]]>
    </error>
  </testcase> <!-- ASST024E -->
  <testcase name="ASST024E" time="16.280" classname="com.vrt.testcases.assetDetailsTest"/>
  <testcase name="ASST024E" time="16.402" classname="com.vrt.testcases.assetDetailsTest"/>
  <testcase name="ASST024E" time="36.320" classname="com.vrt.testcases.assetDetailsTest">
    <error type="org.openqa.selenium.NoSuchElementException" message="An element could not be located on the page using the given search parameters. (WARNING: The server did not provide any stacktrace information)
Command duration or timeout: 0 milliseconds
For documentation on this error, please visit: https://www.seleniumhq.org/exceptions/no_such_element.html
Build info: version: &#039;3.141.59&#039;, revision: &#039;e82be7d358&#039;, time: &#039;2018-11-14T08:17:03&#039;
System info: host: &#039;AASHYD-4B6B2X2&#039;, ip: &#039;192.168.0.105&#039;, os.name: &#039;Windows 10&#039;, os.arch: &#039;amd64&#039;, os.version: &#039;10.0&#039;, java.version: &#039;1.8.0_181&#039;
Driver info: io.appium.java_client.windows.WindowsDriver
Capabilities {app: Kaye.ValProbeRT_racmveb2qnw..., javascriptEnabled: true, platform: WINDOWS, platformName: WINDOWS}
Session ID: 49ECB24A-E11A-4C55-81ED-8FAC719ABD50
*** Element info: {Using=accessibility id, value=displayMessageTextBlock}">
      <![CDATA[org.openqa.selenium.NoSuchElementException: An element could not be located on the page using the given search parameters. (WARNING: The server did not provide any stacktrace information)
Command duration or timeout: 0 milliseconds
For documentation on this error, please visit: https://www.seleniumhq.org/exceptions/no_such_element.html
Build info: version: '3.141.59', revision: 'e82be7d358', time: '2018-11-14T08:17:03'
System info: host: 'AASHYD-4B6B2X2', ip: '192.168.0.105', os.name: 'Windows 10', os.arch: 'amd64', os.version: '10.0', java.version: '1.8.0_181'
Driver info: io.appium.java_client.windows.WindowsDriver
Capabilities {app: Kaye.ValProbeRT_racmveb2qnw..., javascriptEnabled: true, platform: WINDOWS, platformName: WINDOWS}
Session ID: 49ECB24A-E11A-4C55-81ED-8FAC719ABD50
*** Element info: {Using=accessibility id, value=displayMessageTextBlock}
at sun.reflect.NativeConstructorAccessorImpl.newInstance0(Native Method)
at sun.reflect.NativeConstructorAccessorImpl.newInstance(Unknown Source)
at sun.reflect.DelegatingConstructorAccessorImpl.newInstance(Unknown Source)
at java.lang.reflect.Constructor.newInstance(Unknown Source)
at org.openqa.selenium.remote.ErrorHandler.createThrowable(ErrorHandler.java:214)
at org.openqa.selenium.remote.ErrorHandler.throwIfResponseFailed(ErrorHandler.java:166)
at org.openqa.selenium.remote.http.JsonHttpResponseCodec.reconstructValue(JsonHttpResponseCodec.java:40)
at org.openqa.selenium.remote.http.AbstractHttpResponseCodec.decode(AbstractHttpResponseCodec.java:80)
at org.openqa.selenium.remote.http.AbstractHttpResponseCodec.decode(AbstractHttpResponseCodec.java:44)
at org.openqa.selenium.remote.HttpCommandExecutor.execute(HttpCommandExecutor.java:158)
at io.appium.java_client.remote.AppiumCommandExecutor.execute(AppiumCommandExecutor.java:239)
at org.openqa.selenium.remote.RemoteWebDriver.execute(RemoteWebDriver.java:552)
at io.appium.java_client.DefaultGenericMobileDriver.execute(DefaultGenericMobileDriver.java:42)
at io.appium.java_client.AppiumDriver.execute(AppiumDriver.java:1)
at io.appium.java_client.windows.WindowsDriver.execute(WindowsDriver.java:1)
at org.openqa.selenium.remote.RemoteWebDriver.findElement(RemoteWebDriver.java:323)
at io.appium.java_client.DefaultGenericMobileDriver.findElement(DefaultGenericMobileDriver.java:62)
at io.appium.java_client.AppiumDriver.findElement(AppiumDriver.java:1)
at io.appium.java_client.windows.WindowsDriver.findElement(WindowsDriver.java:1)
at io.appium.java_client.FindsByAccessibilityId.findElementByAccessibilityId(FindsByAccessibilityId.java:37)
at com.vrt.utility.TestUtilities.get_AlertMsg_text(TestUtilities.java:352)
at com.vrt.testcases.assetDetailsTest.ASST024E(assetDetailsTest.java:700)
at sun.reflect.NativeMethodAccessorImpl.invoke0(Native Method)
at sun.reflect.NativeMethodAccessorImpl.invoke(Unknown Source)
at sun.reflect.DelegatingMethodAccessorImpl.invoke(Unknown Source)
at java.lang.reflect.Method.invoke(Unknown Source)
at org.testng.internal.MethodInvocationHelper.invokeMethod(MethodInvocationHelper.java:124)
at org.testng.internal.Invoker.invokeMethod(Invoker.java:583)
at org.testng.internal.Invoker.invokeTestMethod(Invoker.java:719)
at org.testng.internal.Invoker.invokeTestMethods(Invoker.java:989)
at org.testng.internal.TestMethodWorker.invokeTestMethods(TestMethodWorker.java:125)
at org.testng.internal.TestMethodWorker.run(TestMethodWorker.java:109)
at org.testng.TestRunner.privateRun(TestRunner.java:648)
at org.testng.TestRunner.run(TestRunner.java:505)
at org.testng.SuiteRunner.runTest(SuiteRunner.java:455)
at org.testng.SuiteRunner.runSequentially(SuiteRunner.java:450)
at org.testng.SuiteRunner.privateRun(SuiteRunner.java:415)
at org.testng.SuiteRunner.run(SuiteRunner.java:364)
at org.testng.SuiteRunnerWorker.runSuite(SuiteRunnerWorker.java:52)
at org.testng.SuiteRunnerWorker.run(SuiteRunnerWorker.java:84)
at org.testng.TestNG.runSuitesSequentially(TestNG.java:1208)
at org.testng.TestNG.runSuitesLocally(TestNG.java:1137)
at org.testng.TestNG.runSuites(TestNG.java:1049)
at org.testng.TestNG.run(TestNG.java:1017)
at org.testng.remote.AbstractRemoteTestNG.run(AbstractRemoteTestNG.java:115)
at org.testng.remote.RemoteTestNG.initAndRun(RemoteTestNG.java:251)
at org.testng.remote.RemoteTestNG.main(RemoteTestNG.java:77)
]]>
    </error>
  </testcase> <!-- ASST024E -->
  <testcase name="ASST024E" time="16.396" classname="com.vrt.testcases.assetDetailsTest"/>
  <testcase name="ASST024E" time="16.417" classname="com.vrt.testcases.assetDetailsTest"/>
  <testcase name="ASST024E" time="16.953" classname="com.vrt.testcases.assetDetailsTest"/>
  <testcase name="ASST024F" time="17.052" classname="com.vrt.testcases.assetDetailsTest"/>
  <testcase name="ASST024G" time="15.624" classname="com.vrt.testcases.assetDetailsTest"/>
  <testcase name="ASST026" time="15.692" classname="com.vrt.testcases.assetDetailsTest"/>
  <testcase name="ASST027" time="48.041" classname="com.vrt.testcases.assetDetailsTest"/>
  <testcase name="ASST029" time="16.025" classname="com.vrt.testcases.assetDetailsTest"/>
  <testcase name="ASST030" time="18.509" classname="com.vrt.testcases.assetDetailsTest"/>
  <testcase name="ASST032" time="16.334" classname="com.vrt.testcases.assetDetailsTest"/>
  <testcase name="ASST033" time="15.687" classname="com.vrt.testcases.assetDetailsTest"/>
  <testcase name="ASST034" time="16.287" classname="com.vrt.testcases.assetDetailsTest"/>
  <testcase name="ASST036" time="14.138" classname="com.vrt.testcases.assetDetailsTest"/>
  <testcase name="ASST037" time="43.152" classname="com.vrt.testcases.assetDetailsTest">
    <error type="org.openqa.selenium.NoSuchElementException" message="An element could not be located on the page using the given search parameters. (WARNING: The server did not provide any stacktrace information)
Command duration or timeout: 0 milliseconds
For documentation on this error, please visit: https://www.seleniumhq.org/exceptions/no_such_element.html
Build info: version: &#039;3.141.59&#039;, revision: &#039;e82be7d358&#039;, time: &#039;2018-11-14T08:17:03&#039;
System info: host: &#039;AASHYD-4B6B2X2&#039;, ip: &#039;192.168.0.105&#039;, os.name: &#039;Windows 10&#039;, os.arch: &#039;amd64&#039;, os.version: &#039;10.0&#039;, java.version: &#039;1.8.0_181&#039;
Driver info: io.appium.java_client.windows.WindowsDriver
Capabilities {app: Kaye.ValProbeRT_racmveb2qnw..., javascriptEnabled: true, platform: WINDOWS, platformName: WINDOWS}
Session ID: 3B774734-D303-41D7-AEBB-A69D235C9BE0
*** Element info: {Using=accessibility id, value=UserDesignationTextBlock}">
      <![CDATA[org.openqa.selenium.NoSuchElementException: An element could not be located on the page using the given search parameters. (WARNING: The server did not provide any stacktrace information)
Command duration or timeout: 0 milliseconds
For documentation on this error, please visit: https://www.seleniumhq.org/exceptions/no_such_element.html
Build info: version: '3.141.59', revision: 'e82be7d358', time: '2018-11-14T08:17:03'
System info: host: 'AASHYD-4B6B2X2', ip: '192.168.0.105', os.name: 'Windows 10', os.arch: 'amd64', os.version: '10.0', java.version: '1.8.0_181'
Driver info: io.appium.java_client.windows.WindowsDriver
Capabilities {app: Kaye.ValProbeRT_racmveb2qnw..., javascriptEnabled: true, platform: WINDOWS, platformName: WINDOWS}
Session ID: 3B774734-D303-41D7-AEBB-A69D235C9BE0
*** Element info: {Using=accessibility id, value=UserDesignationTextBlock}
at sun.reflect.NativeConstructorAccessorImpl.newInstance0(Native Method)
at sun.reflect.NativeConstructorAccessorImpl.newInstance(Unknown Source)
at sun.reflect.DelegatingConstructorAccessorImpl.newInstance(Unknown Source)
at java.lang.reflect.Constructor.newInstance(Unknown Source)
at org.openqa.selenium.remote.ErrorHandler.createThrowable(ErrorHandler.java:214)
at org.openqa.selenium.remote.ErrorHandler.throwIfResponseFailed(ErrorHandler.java:166)
at org.openqa.selenium.remote.http.JsonHttpResponseCodec.reconstructValue(JsonHttpResponseCodec.java:40)
at org.openqa.selenium.remote.http.AbstractHttpResponseCodec.decode(AbstractHttpResponseCodec.java:80)
at org.openqa.selenium.remote.http.AbstractHttpResponseCodec.decode(AbstractHttpResponseCodec.java:44)
at org.openqa.selenium.remote.HttpCommandExecutor.execute(HttpCommandExecutor.java:158)
at io.appium.java_client.remote.AppiumCommandExecutor.execute(AppiumCommandExecutor.java:239)
at org.openqa.selenium.remote.RemoteWebDriver.execute(RemoteWebDriver.java:552)
at io.appium.java_client.DefaultGenericMobileDriver.execute(DefaultGenericMobileDriver.java:42)
at io.appium.java_client.AppiumDriver.execute(AppiumDriver.java:1)
at io.appium.java_client.windows.WindowsDriver.execute(WindowsDriver.java:1)
at org.openqa.selenium.remote.RemoteWebDriver.findElement(RemoteWebDriver.java:323)
at io.appium.java_client.DefaultGenericMobileDriver.findElement(DefaultGenericMobileDriver.java:62)
at io.appium.java_client.AppiumDriver.findElement(AppiumDriver.java:1)
at io.appium.java_client.windows.WindowsDriver.findElement(WindowsDriver.java:1)
at io.appium.java_client.FindsByAccessibilityId.findElementByAccessibilityId(FindsByAccessibilityId.java:37)
at com.vrt.pages.MainHubPage.initElements(MainHubPage.java:29)
at com.vrt.pages.MainHubPage.<init>(MainHubPage.java:41)
at com.vrt.pages.assetHubPage.click_BackBtn(assetHubPage.java:120)
at com.vrt.testcases.assetDetailsTest.ASST037(assetDetailsTest.java:942)
at sun.reflect.NativeMethodAccessorImpl.invoke0(Native Method)
at sun.reflect.NativeMethodAccessorImpl.invoke(Unknown Source)
at sun.reflect.DelegatingMethodAccessorImpl.invoke(Unknown Source)
at java.lang.reflect.Method.invoke(Unknown Source)
at org.testng.internal.MethodInvocationHelper.invokeMethod(MethodInvocationHelper.java:124)
at org.testng.internal.Invoker.invokeMethod(Invoker.java:583)
at org.testng.internal.Invoker.invokeTestMethod(Invoker.java:719)
at org.testng.internal.Invoker.invokeTestMethods(Invoker.java:989)
at org.testng.internal.TestMethodWorker.invokeTestMethods(TestMethodWorker.java:125)
at org.testng.internal.TestMethodWorker.run(TestMethodWorker.java:109)
at org.testng.TestRunner.privateRun(TestRunner.java:648)
at org.testng.TestRunner.run(TestRunner.java:505)
at org.testng.SuiteRunner.runTest(SuiteRunner.java:455)
at org.testng.SuiteRunner.runSequentially(SuiteRunner.java:450)
at org.testng.SuiteRunner.privateRun(SuiteRunner.java:415)
at org.testng.SuiteRunner.run(SuiteRunner.java:364)
at org.testng.SuiteRunnerWorker.runSuite(SuiteRunnerWorker.java:52)
at org.testng.SuiteRunnerWorker.run(SuiteRunnerWorker.java:84)
at org.testng.TestNG.runSuitesSequentially(TestNG.java:1208)
at org.testng.TestNG.runSuitesLocally(TestNG.java:1137)
at org.testng.TestNG.runSuites(TestNG.java:1049)
at org.testng.TestNG.run(TestNG.java:1017)
at org.testng.remote.AbstractRemoteTestNG.run(AbstractRemoteTestNG.java:115)
at org.testng.remote.RemoteTestNG.initAndRun(RemoteTestNG.java:251)
at org.testng.remote.RemoteTestNG.main(RemoteTestNG.java:77)
]]>
    </error>
  </testcase> <!-- ASST037 -->
  <testcase name="ASST038" time="22.372" classname="com.vrt.testcases.assetDetailsTest"/>
  <testcase name="ASST041" time="18.131" classname="com.vrt.testcases.assetDetailsTest"/>
  <testcase name="ASST043" time="17.915" classname="com.vrt.testcases.assetDetailsTest"/>
  <testcase name="ASST044" time="37.247" classname="com.vrt.testcases.assetDetailsTest"/>
  <testcase name="ASST047" time="20.991" classname="com.vrt.testcases.assetDetailsTest"/>
  <testcase name="ASST048" time="19.028" classname="com.vrt.testcases.assetDetailsTest"/>
  <testcase name="ASST050" time="19.970" classname="com.vrt.testcases.assetDetailsTest"/>
  <testcase name="ASST052A" time="16.621" classname="com.vrt.testcases.assetDetailsTest"/>
  <testcase name="ASST052B" time="16.232" classname="com.vrt.testcases.assetDetailsTest"/>
  <testcase name="ASST053" time="26.458" classname="com.vrt.testcases.assetDetailsTest"/>
  <testcase name="ASST053A" time="21.200" classname="com.vrt.testcases.assetDetailsTest"/>
  <testcase name="ASST054" time="28.147" classname="com.vrt.testcases.assetDetailsTest">
    <failure type="java.lang.AssertionError" message="The following asserts failed:
	FAIL: Audit trial record does not exists for Copy of a setup report  expected [User ID : &quot;1&quot; ,  User Name: &quot;User1&quot; logged in to do  &quot;CopyFilesReports&quot; operation in &quot;Asset Details &quot; screen] but found [User ID : &quot;1&quot;,User Name : &quot;User1&quot; Logged in to System.]">
      <![CDATA[java.lang.AssertionError: The following asserts failed:
FAIL: Audit trial record does not exists for Copy of a setup report  expected [User ID : "1" ,  User Name: "User1" logged in to do  "CopyFilesReports" operation in "Asset Details " screen] but found [User ID : "1",User Name : "User1" Logged in to System.]
at org.testng.asserts.SoftAssert.assertAll(SoftAssert.java:43)
at com.vrt.testcases.assetDetailsTest.ASST054(assetDetailsTest.java:1253)
at sun.reflect.NativeMethodAccessorImpl.invoke0(Native Method)
at sun.reflect.NativeMethodAccessorImpl.invoke(Unknown Source)
at sun.reflect.DelegatingMethodAccessorImpl.invoke(Unknown Source)
at java.lang.reflect.Method.invoke(Unknown Source)
at org.testng.internal.MethodInvocationHelper.invokeMethod(MethodInvocationHelper.java:124)
at org.testng.internal.Invoker.invokeMethod(Invoker.java:583)
at org.testng.internal.Invoker.invokeTestMethod(Invoker.java:719)
at org.testng.internal.Invoker.invokeTestMethods(Invoker.java:989)
at org.testng.internal.TestMethodWorker.invokeTestMethods(TestMethodWorker.java:125)
at org.testng.internal.TestMethodWorker.run(TestMethodWorker.java:109)
at org.testng.TestRunner.privateRun(TestRunner.java:648)
at org.testng.TestRunner.run(TestRunner.java:505)
at org.testng.SuiteRunner.runTest(SuiteRunner.java:455)
at org.testng.SuiteRunner.runSequentially(SuiteRunner.java:450)
at org.testng.SuiteRunner.privateRun(SuiteRunner.java:415)
at org.testng.SuiteRunner.run(SuiteRunner.java:364)
at org.testng.SuiteRunnerWorker.runSuite(SuiteRunnerWorker.java:52)
at org.testng.SuiteRunnerWorker.run(SuiteRunnerWorker.java:84)
at org.testng.TestNG.runSuitesSequentially(TestNG.java:1208)
at org.testng.TestNG.runSuitesLocally(TestNG.java:1137)
at org.testng.TestNG.runSuites(TestNG.java:1049)
at org.testng.TestNG.run(TestNG.java:1017)
at org.testng.remote.AbstractRemoteTestNG.run(AbstractRemoteTestNG.java:115)
at org.testng.remote.RemoteTestNG.initAndRun(RemoteTestNG.java:251)
at org.testng.remote.RemoteTestNG.main(RemoteTestNG.java:77)
]]>
    </failure>
  </testcase> <!-- ASST054 -->
  <testcase name="ASST056" time="16.304" classname="com.vrt.testcases.assetDetailsTest"/>
  <testcase name="ASST059" time="39.806" classname="com.vrt.testcases.assetDetailsTest"/>
  <testcase name="ASST062" time="38.271" classname="com.vrt.testcases.assetDetailsTest"/>
  <testcase name="ASST065" time="37.551" classname="com.vrt.testcases.assetDetailsTest"/>
  <testcase name="ASST068" time="20.834" classname="com.vrt.testcases.assetDetailsTest"/>
  <testcase name="ASST073" time="18.573" classname="com.vrt.testcases.assetDetailsTest"/>
  <testcase name="ASST074" time="17.674" classname="com.vrt.testcases.assetDetailsTest"/>
  <testcase name="ASST075" time="22.050" classname="com.vrt.testcases.assetDetailsTest"/>
  <testcase name="ASST076" time="20.908" classname="com.vrt.testcases.assetDetailsTest"/>
  <testcase name="ASST077" time="41.509" classname="com.vrt.testcases.assetDetailsTest"/>
  <testcase name="ASST078" time="34.987" classname="com.vrt.testcases.assetDetailsTest"/>
  <testcase name="ASST081" time="18.553" classname="com.vrt.testcases.assetDetailsTest"/>
  <testcase name="ASST085" time="20.946" classname="com.vrt.testcases.assetDetailsTest"/>
  <testcase name="ASST084" time="22.337" classname="com.vrt.testcases.assetDetailsTest"/>
  <testcase name="ASST086" time="10.222" classname="com.vrt.testcases.assetDetailsTest"/>
  <testcase name="ASST087" time="10.735" classname="com.vrt.testcases.assetDetailsTest"/>
  <testcase name="ASST088" time="10.620" classname="com.vrt.testcases.assetDetailsTest"/>
  <testcase name="ASST090" time="1.218" classname="com.vrt.testcases.assetDetailsTest"/>
</testsuite> <!-- com.vrt.testcases.assetDetailsTest -->
