<?xml version="1.0" encoding="UTF-8"?>
<!-- Generated by org.testng.reporters.JUnitReportReporter -->
<testsuite skipped="9" hostname="INAS-LP024" name="com.vrt.testcases.setup_QualParametersTest" tests="97" failures="3" timestamp="2021-03-25T04:25:00 IST" time="4023.695" errors="1">
  <testcase name="QP032" time="40.898" classname="com.vrt.testcases.setup_QualParametersTest"/>
  <system-out/>
  <testcase name="QP045" time="42.488" classname="com.vrt.testcases.setup_QualParametersTest"/>
  <system-out/>
  <testcase name="QP019" time="60.358" classname="com.vrt.testcases.setup_QualParametersTest">
    <error type="org.openqa.selenium.NoSuchElementException" message="An element could not be located on the page using the given search parameters. (WARNING: The server did not provide any stacktrace information)
Command duration or timeout: 0 milliseconds
For documentation on this error, please visit: https://www.seleniumhq.org/exceptions/no_such_element.html
Build info: version: &#039;3.141.59&#039;, revision: &#039;e82be7d358&#039;, time: &#039;2018-11-14T08:17:03&#039;
System info: host: &#039;INAS-LP024&#039;, ip: &#039;192.168.47.1&#039;, os.name: &#039;Windows 10&#039;, os.arch: &#039;amd64&#039;, os.version: &#039;10.0&#039;, java.version: &#039;1.8.0_181&#039;
Driver info: io.appium.java_client.windows.WindowsDriver
Capabilities {app: Kaye.ValProbeRT_racmveb2qnw..., javascriptEnabled: true, ms:waitForAppLaunch: 10, platform: WINDOWS, platformName: WINDOWS}
Session ID: 66B42041-9848-45AC-A396-15791E4CDDA9
*** Element info: {Using=accessibility id, value=displayMessageTextBlock}">
      <![CDATA[org.openqa.selenium.NoSuchElementException: An element could not be located on the page using the given search parameters. (WARNING: The server did not provide any stacktrace information)
Command duration or timeout: 0 milliseconds
For documentation on this error, please visit: https://www.seleniumhq.org/exceptions/no_such_element.html
Build info: version: '3.141.59', revision: 'e82be7d358', time: '2018-11-14T08:17:03'
System info: host: 'INAS-LP024', ip: '192.168.47.1', os.name: 'Windows 10', os.arch: 'amd64', os.version: '10.0', java.version: '1.8.0_181'
Driver info: io.appium.java_client.windows.WindowsDriver
Capabilities {app: Kaye.ValProbeRT_racmveb2qnw..., javascriptEnabled: true, ms:waitForAppLaunch: 10, platform: WINDOWS, platformName: WINDOWS}
Session ID: 66B42041-9848-45AC-A396-15791E4CDDA9
*** Element info: {Using=accessibility id, value=displayMessageTextBlock}
at sun.reflect.NativeConstructorAccessorImpl.newInstance0(Native Method)
at sun.reflect.NativeConstructorAccessorImpl.newInstance(NativeConstructorAccessorImpl.java:62)
at sun.reflect.DelegatingConstructorAccessorImpl.newInstance(DelegatingConstructorAccessorImpl.java:45)
at java.lang.reflect.Constructor.newInstance(Constructor.java:423)
at org.openqa.selenium.remote.ErrorHandler.createThrowable(ErrorHandler.java:214)
at org.openqa.selenium.remote.ErrorHandler.throwIfResponseFailed(ErrorHandler.java:166)
at org.openqa.selenium.remote.http.JsonHttpResponseCodec.reconstructValue(JsonHttpResponseCodec.java:40)
at org.openqa.selenium.remote.http.AbstractHttpResponseCodec.decode(AbstractHttpResponseCodec.java:80)
at org.openqa.selenium.remote.http.AbstractHttpResponseCodec.decode(AbstractHttpResponseCodec.java:44)
at org.openqa.selenium.remote.HttpCommandExecutor.execute(HttpCommandExecutor.java:158)
at io.appium.java_client.remote.AppiumCommandExecutor.execute(AppiumCommandExecutor.java:239)
at org.openqa.selenium.remote.RemoteWebDriver.execute(RemoteWebDriver.java:552)
at io.appium.java_client.DefaultGenericMobileDriver.execute(DefaultGenericMobileDriver.java:42)
at io.appium.java_client.AppiumDriver.execute(AppiumDriver.java:1)
at io.appium.java_client.windows.WindowsDriver.execute(WindowsDriver.java:1)
at org.openqa.selenium.remote.RemoteWebDriver.findElement(RemoteWebDriver.java:323)
at io.appium.java_client.DefaultGenericMobileDriver.findElement(DefaultGenericMobileDriver.java:62)
at io.appium.java_client.AppiumDriver.findElement(AppiumDriver.java:1)
at io.appium.java_client.windows.WindowsDriver.findElement(WindowsDriver.java:1)
at io.appium.java_client.FindsByAccessibilityId.findElementByAccessibilityId(FindsByAccessibilityId.java:37)
at com.vrt.pages.Setup_QualParamPage.AlertMsg(Setup_QualParamPage.java:1323)
at com.vrt.testcases.setup_QualParametersTest.QP019(setup_QualParametersTest.java:709)
at sun.reflect.NativeMethodAccessorImpl.invoke0(Native Method)
at sun.reflect.NativeMethodAccessorImpl.invoke(NativeMethodAccessorImpl.java:62)
at sun.reflect.DelegatingMethodAccessorImpl.invoke(DelegatingMethodAccessorImpl.java:43)
at java.lang.reflect.Method.invoke(Method.java:498)
at org.testng.internal.MethodInvocationHelper.invokeMethod(MethodInvocationHelper.java:132)
at org.testng.internal.TestInvoker.invokeMethod(TestInvoker.java:599)
at org.testng.internal.TestInvoker.retryFailed(TestInvoker.java:214)
at org.testng.internal.MethodRunner.runInSequence(MethodRunner.java:58)
at org.testng.internal.TestInvoker$MethodInvocationAgent.invoke(TestInvoker.java:822)
at org.testng.internal.TestInvoker.invokeTestMethods(TestInvoker.java:147)
at org.testng.internal.TestMethodWorker.invokeTestMethods(TestMethodWorker.java:146)
at org.testng.internal.TestMethodWorker.run(TestMethodWorker.java:128)
at java.util.ArrayList.forEach(ArrayList.java:1257)
at org.testng.TestRunner.privateRun(TestRunner.java:764)
at org.testng.TestRunner.run(TestRunner.java:585)
at org.testng.SuiteRunner.runTest(SuiteRunner.java:384)
at org.testng.SuiteRunner.runSequentially(SuiteRunner.java:378)
at org.testng.SuiteRunner.privateRun(SuiteRunner.java:337)
at org.testng.SuiteRunner.run(SuiteRunner.java:286)
at org.testng.SuiteRunnerWorker.runSuite(SuiteRunnerWorker.java:53)
at org.testng.SuiteRunnerWorker.run(SuiteRunnerWorker.java:96)
at org.testng.TestNG.runSuitesSequentially(TestNG.java:1218)
at org.testng.TestNG.runSuitesLocally(TestNG.java:1140)
at org.testng.TestNG.runSuites(TestNG.java:1069)
at org.testng.TestNG.run(TestNG.java:1037)
at org.testng.remote.AbstractRemoteTestNG.run(AbstractRemoteTestNG.java:115)
at org.testng.remote.RemoteTestNG.initAndRun(RemoteTestNG.java:251)
at org.testng.remote.RemoteTestNG.main(RemoteTestNG.java:77)
]]>
    </error>
  </testcase> <!-- QP019 -->
  <system-out/>
  <testcase name="QP014A" time="39.892" classname="com.vrt.testcases.setup_QualParametersTest"/>
  <system-out/>
  <testcase name="QP027B" time="40.476" classname="com.vrt.testcases.setup_QualParametersTest"/>
  <system-out/>
  <testcase name="QP034" time="40.393" classname="com.vrt.testcases.setup_QualParametersTest"/>
  <system-out/>
  <testcase name="QP036" time="38.325" classname="com.vrt.testcases.setup_QualParametersTest"/>
  <system-out/>
  <testcase name="QP030A" time="41.049" classname="com.vrt.testcases.setup_QualParametersTest"/>
  <system-out/>
  <testcase name="QP017" time="42.652" classname="com.vrt.testcases.setup_QualParametersTest"/>
  <system-out/>
  <testcase name="QP032" time="39.815" classname="com.vrt.testcases.setup_QualParametersTest"/>
  <system-out/>
  <testcase name="SC106" time="39.251" classname="com.vrt.testcases.setup_QualParametersTest"/>
  <system-out/>
  <testcase name="QP032" time="40.452" classname="com.vrt.testcases.setup_QualParametersTest"/>
  <system-out/>
  <testcase name="QP053" time="42.696" classname="com.vrt.testcases.setup_QualParametersTest"/>
  <system-out/>
  <testcase name="QP016A" time="40.517" classname="com.vrt.testcases.setup_QualParametersTest"/>
  <system-out/>
  <testcase name="QP027A" time="39.772" classname="com.vrt.testcases.setup_QualParametersTest"/>
  <system-out/>
  <testcase name="QP042" time="41.840" classname="com.vrt.testcases.setup_QualParametersTest"/>
  <system-out/>
  <testcase name="QP006" time="39.476" classname="com.vrt.testcases.setup_QualParametersTest"/>
  <system-out/>
  <testcase name="QP030" time="40.498" classname="com.vrt.testcases.setup_QualParametersTest"/>
  <system-out/>
  <testcase name="QP019" time="61.450" classname="com.vrt.testcases.setup_QualParametersTest">
    <skipped/>
  </testcase> <!-- QP019 -->
  <system-out/>
  <testcase name="QP016B" time="40.281" classname="com.vrt.testcases.setup_QualParametersTest"/>
  <system-out/>
  <testcase name="QP014A" time="39.761" classname="com.vrt.testcases.setup_QualParametersTest"/>
  <system-out/>
  <testcase name="QP001" time="39.026" classname="com.vrt.testcases.setup_QualParametersTest"/>
  <system-out/>
  <testcase name="QP015" time="42.248" classname="com.vrt.testcases.setup_QualParametersTest"/>
  <system-out/>
  <testcase name="QP048" time="43.297" classname="com.vrt.testcases.setup_QualParametersTest"/>
  <system-out/>
  <testcase name="QP013" time="42.319" classname="com.vrt.testcases.setup_QualParametersTest"/>
  <system-out/>
  <testcase name="QP034" time="40.272" classname="com.vrt.testcases.setup_QualParametersTest"/>
  <system-out/>
  <testcase name="QP018A" time="40.406" classname="com.vrt.testcases.setup_QualParametersTest"/>
  <system-out/>
  <testcase name="CAL041" time="41.436" classname="com.vrt.testcases.setup_QualParametersTest"/>
  <system-out/>
  <testcase name="QP002" time="38.581" classname="com.vrt.testcases.setup_QualParametersTest"/>
  <system-out/>
  <testcase name="QP058" time="40.001" classname="com.vrt.testcases.setup_QualParametersTest"/>
  <system-out/>
  <testcase name="QP014B" time="40.598" classname="com.vrt.testcases.setup_QualParametersTest"/>
  <system-out/>
  <testcase name="QP046" time="41.389" classname="com.vrt.testcases.setup_QualParametersTest"/>
  <system-out/>
  <testcase name="QP026" time="40.638" classname="com.vrt.testcases.setup_QualParametersTest"/>
  <system-out/>
  <testcase name="QP016A" time="40.148" classname="com.vrt.testcases.setup_QualParametersTest"/>
  <system-out/>
  <testcase name="QP011" time="41.764" classname="com.vrt.testcases.setup_QualParametersTest">
    <failure type="java.lang.AssertionError" message="The following asserts failed:
	FAIL:Entered number is not reflecting in HH textfield expected [11.0] but found [11],
	FAIL: Entered number is not reflecting in MM textfield expected [11.0] but found [11],
	FAIL: Entered number is not reflecting in SS textfield expected [11.0] but found [11]">
      <![CDATA[java.lang.AssertionError: The following asserts failed:
FAIL:Entered number is not reflecting in HH textfield expected [11.0] but found [11],
FAIL: Entered number is not reflecting in MM textfield expected [11.0] but found [11],
FAIL: Entered number is not reflecting in SS textfield expected [11.0] but found [11]
at org.testng.asserts.SoftAssert.assertAll(SoftAssert.java:47)
at org.testng.asserts.SoftAssert.assertAll(SoftAssert.java:31)
at com.vrt.testcases.setup_QualParametersTest.QP011(setup_QualParametersTest.java:461)
at sun.reflect.NativeMethodAccessorImpl.invoke0(Native Method)
at sun.reflect.NativeMethodAccessorImpl.invoke(NativeMethodAccessorImpl.java:62)
at sun.reflect.DelegatingMethodAccessorImpl.invoke(DelegatingMethodAccessorImpl.java:43)
at java.lang.reflect.Method.invoke(Method.java:498)
at org.testng.internal.MethodInvocationHelper.invokeMethod(MethodInvocationHelper.java:132)
at org.testng.internal.TestInvoker.invokeMethod(TestInvoker.java:599)
at org.testng.internal.TestInvoker.retryFailed(TestInvoker.java:214)
at org.testng.internal.MethodRunner.runInSequence(MethodRunner.java:58)
at org.testng.internal.TestInvoker$MethodInvocationAgent.invoke(TestInvoker.java:822)
at org.testng.internal.TestInvoker.invokeTestMethods(TestInvoker.java:147)
at org.testng.internal.TestMethodWorker.invokeTestMethods(TestMethodWorker.java:146)
at org.testng.internal.TestMethodWorker.run(TestMethodWorker.java:128)
at java.util.ArrayList.forEach(ArrayList.java:1257)
at org.testng.TestRunner.privateRun(TestRunner.java:764)
at org.testng.TestRunner.run(TestRunner.java:585)
at org.testng.SuiteRunner.runTest(SuiteRunner.java:384)
at org.testng.SuiteRunner.runSequentially(SuiteRunner.java:378)
at org.testng.SuiteRunner.privateRun(SuiteRunner.java:337)
at org.testng.SuiteRunner.run(SuiteRunner.java:286)
at org.testng.SuiteRunnerWorker.runSuite(SuiteRunnerWorker.java:53)
at org.testng.SuiteRunnerWorker.run(SuiteRunnerWorker.java:96)
at org.testng.TestNG.runSuitesSequentially(TestNG.java:1218)
at org.testng.TestNG.runSuitesLocally(TestNG.java:1140)
at org.testng.TestNG.runSuites(TestNG.java:1069)
at org.testng.TestNG.run(TestNG.java:1037)
at org.testng.remote.AbstractRemoteTestNG.run(AbstractRemoteTestNG.java:115)
at org.testng.remote.RemoteTestNG.initAndRun(RemoteTestNG.java:251)
at org.testng.remote.RemoteTestNG.main(RemoteTestNG.java:77)
]]>
    </failure>
  </testcase> <!-- QP011 -->
  <system-out/>
  <testcase name="QP034" time="40.362" classname="com.vrt.testcases.setup_QualParametersTest"/>
  <system-out/>
  <testcase name="QP039" time="40.542" classname="com.vrt.testcases.setup_QualParametersTest"/>
  <system-out/>
  <testcase name="QP052" time="38.635" classname="com.vrt.testcases.setup_QualParametersTest"/>
  <system-out/>
  <testcase name="QP003" time="39.308" classname="com.vrt.testcases.setup_QualParametersTest"/>
  <system-out/>
  <testcase name="QP010" time="39.073" classname="com.vrt.testcases.setup_QualParametersTest"/>
  <system-out/>
  <testcase name="QP037" time="41.467" classname="com.vrt.testcases.setup_QualParametersTest"/>
  <system-out/>
  <testcase name="QP028" time="42.404" classname="com.vrt.testcases.setup_QualParametersTest">
    <skipped/>
  </testcase> <!-- QP028 -->
  <system-out/>
  <testcase name="QP002_1" time="38.261" classname="com.vrt.testcases.setup_QualParametersTest"/>
  <system-out/>
  <testcase name="QP018B" time="40.220" classname="com.vrt.testcases.setup_QualParametersTest"/>
  <system-out/>
  <testcase name="QP011" time="42.742" classname="com.vrt.testcases.setup_QualParametersTest">
    <skipped/>
  </testcase> <!-- QP011 -->
  <system-out/>
  <testcase name="QP035" time="39.934" classname="com.vrt.testcases.setup_QualParametersTest"/>
  <system-out/>
  <testcase name="QP047" time="42.558" classname="com.vrt.testcases.setup_QualParametersTest"/>
  <system-out/>
  <testcase name="QP005" time="38.842" classname="com.vrt.testcases.setup_QualParametersTest"/>
  <system-out/>
  <testcase name="QP012" time="40.415" classname="com.vrt.testcases.setup_QualParametersTest"/>
  <system-out/>
  <testcase name="QP024" time="39.446" classname="com.vrt.testcases.setup_QualParametersTest"/>
  <system-out/>
  <testcase name="QP028" time="42.014" classname="com.vrt.testcases.setup_QualParametersTest">
    <skipped/>
  </testcase> <!-- QP028 -->
  <system-out/>
  <testcase name="QP041" time="62.123" classname="com.vrt.testcases.setup_QualParametersTest">
    <skipped/>
  </testcase> <!-- QP041 -->
  <system-out/>
  <testcase name="QP054" time="38.970" classname="com.vrt.testcases.setup_QualParametersTest"/>
  <system-out/>
  <testcase name="QP028" time="42.144" classname="com.vrt.testcases.setup_QualParametersTest">
    <skipped/>
  </testcase> <!-- QP028 -->
  <system-out/>
  <testcase name="QP041" time="42.817" classname="com.vrt.testcases.setup_QualParametersTest"/>
  <system-out/>
  <testcase name="QP032A" time="40.313" classname="com.vrt.testcases.setup_QualParametersTest"/>
  <system-out/>
  <testcase name="QP025" time="39.374" classname="com.vrt.testcases.setup_QualParametersTest"/>
  <system-out/>
  <testcase name="QP034" time="40.582" classname="com.vrt.testcases.setup_QualParametersTest"/>
  <system-out/>
  <testcase name="SC110" time="39.058" classname="com.vrt.testcases.setup_QualParametersTest"/>
  <system-out/>
  <testcase name="QP055" time="41.547" classname="com.vrt.testcases.setup_QualParametersTest"/>
  <system-out/>
  <testcase name="QP040" time="41.884" classname="com.vrt.testcases.setup_QualParametersTest"/>
  <system-out/>
  <testcase name="QP018A" time="39.977" classname="com.vrt.testcases.setup_QualParametersTest"/>
  <system-out/>
  <testcase name="QP016A" time="39.846" classname="com.vrt.testcases.setup_QualParametersTest"/>
  <system-out/>
  <testcase name="QP028" time="42.495" classname="com.vrt.testcases.setup_QualParametersTest">
    <failure type="java.lang.AssertionError" message="The following asserts failed:
	FAIL: HH field not accepting numbers expected [1290.0] but found [1290],
	FAIL: MM field not accepting numbers expected [11.0] but found [11],
	FAIL: SS field not accepting numbers expected [22.0] but found [22]">
      <![CDATA[java.lang.AssertionError: The following asserts failed:
FAIL: HH field not accepting numbers expected [1290.0] but found [1290],
FAIL: MM field not accepting numbers expected [11.0] but found [11],
FAIL: SS field not accepting numbers expected [22.0] but found [22]
at org.testng.asserts.SoftAssert.assertAll(SoftAssert.java:47)
at org.testng.asserts.SoftAssert.assertAll(SoftAssert.java:31)
at com.vrt.testcases.setup_QualParametersTest.QP028(setup_QualParametersTest.java:911)
at sun.reflect.NativeMethodAccessorImpl.invoke0(Native Method)
at sun.reflect.NativeMethodAccessorImpl.invoke(NativeMethodAccessorImpl.java:62)
at sun.reflect.DelegatingMethodAccessorImpl.invoke(DelegatingMethodAccessorImpl.java:43)
at java.lang.reflect.Method.invoke(Method.java:498)
at org.testng.internal.MethodInvocationHelper.invokeMethod(MethodInvocationHelper.java:132)
at org.testng.internal.TestInvoker.invokeMethod(TestInvoker.java:599)
at org.testng.internal.TestInvoker.retryFailed(TestInvoker.java:214)
at org.testng.internal.MethodRunner.runInSequence(MethodRunner.java:58)
at org.testng.internal.TestInvoker$MethodInvocationAgent.invoke(TestInvoker.java:822)
at org.testng.internal.TestInvoker.invokeTestMethods(TestInvoker.java:147)
at org.testng.internal.TestMethodWorker.invokeTestMethods(TestMethodWorker.java:146)
at org.testng.internal.TestMethodWorker.run(TestMethodWorker.java:128)
at java.util.ArrayList.forEach(ArrayList.java:1257)
at org.testng.TestRunner.privateRun(TestRunner.java:764)
at org.testng.TestRunner.run(TestRunner.java:585)
at org.testng.SuiteRunner.runTest(SuiteRunner.java:384)
at org.testng.SuiteRunner.runSequentially(SuiteRunner.java:378)
at org.testng.SuiteRunner.privateRun(SuiteRunner.java:337)
at org.testng.SuiteRunner.run(SuiteRunner.java:286)
at org.testng.SuiteRunnerWorker.runSuite(SuiteRunnerWorker.java:53)
at org.testng.SuiteRunnerWorker.run(SuiteRunnerWorker.java:96)
at org.testng.TestNG.runSuitesSequentially(TestNG.java:1218)
at org.testng.TestNG.runSuitesLocally(TestNG.java:1140)
at org.testng.TestNG.runSuites(TestNG.java:1069)
at org.testng.TestNG.run(TestNG.java:1037)
at org.testng.remote.AbstractRemoteTestNG.run(AbstractRemoteTestNG.java:115)
at org.testng.remote.RemoteTestNG.initAndRun(RemoteTestNG.java:251)
at org.testng.remote.RemoteTestNG.main(RemoteTestNG.java:77)
]]>
    </failure>
  </testcase> <!-- QP028 -->
  <system-out/>
  <testcase name="QP011" time="41.981" classname="com.vrt.testcases.setup_QualParametersTest">
    <skipped/>
  </testcase> <!-- QP011 -->
  <system-out/>
  <testcase name="QP030" time="40.105" classname="com.vrt.testcases.setup_QualParametersTest"/>
  <system-out/>
  <testcase name="QP016A" time="39.999" classname="com.vrt.testcases.setup_QualParametersTest"/>
  <system-out/>
  <testcase name="QP043" time="41.094" classname="com.vrt.testcases.setup_QualParametersTest"/>
  <system-out/>
  <testcase name="QP010_1" time="42.886" classname="com.vrt.testcases.setup_QualParametersTest"/>
  <system-out/>
  <testcase name="QP022" time="39.373" classname="com.vrt.testcases.setup_QualParametersTest"/>
  <system-out/>
  <testcase name="QP032" time="39.931" classname="com.vrt.testcases.setup_QualParametersTest"/>
  <system-out/>
  <testcase name="QP028" time="42.466" classname="com.vrt.testcases.setup_QualParametersTest">
    <failure type="java.lang.AssertionError" message="The following asserts failed:
	FAIL: HH field not accepting numbers expected [1234.0] but found [1234],
	FAIL: MM field not accepting numbers expected [34.0] but found [34],
	FAIL: SS field not accepting numbers expected [11.0] but found [11]">
      <![CDATA[java.lang.AssertionError: The following asserts failed:
FAIL: HH field not accepting numbers expected [1234.0] but found [1234],
FAIL: MM field not accepting numbers expected [34.0] but found [34],
FAIL: SS field not accepting numbers expected [11.0] but found [11]
at org.testng.asserts.SoftAssert.assertAll(SoftAssert.java:47)
at org.testng.asserts.SoftAssert.assertAll(SoftAssert.java:31)
at com.vrt.testcases.setup_QualParametersTest.QP028(setup_QualParametersTest.java:911)
at sun.reflect.NativeMethodAccessorImpl.invoke0(Native Method)
at sun.reflect.NativeMethodAccessorImpl.invoke(NativeMethodAccessorImpl.java:62)
at sun.reflect.DelegatingMethodAccessorImpl.invoke(DelegatingMethodAccessorImpl.java:43)
at java.lang.reflect.Method.invoke(Method.java:498)
at org.testng.internal.MethodInvocationHelper.invokeMethod(MethodInvocationHelper.java:132)
at org.testng.internal.TestInvoker.invokeMethod(TestInvoker.java:599)
at org.testng.internal.TestInvoker.retryFailed(TestInvoker.java:214)
at org.testng.internal.MethodRunner.runInSequence(MethodRunner.java:58)
at org.testng.internal.TestInvoker$MethodInvocationAgent.invoke(TestInvoker.java:822)
at org.testng.internal.TestInvoker.invokeTestMethods(TestInvoker.java:147)
at org.testng.internal.TestMethodWorker.invokeTestMethods(TestMethodWorker.java:146)
at org.testng.internal.TestMethodWorker.run(TestMethodWorker.java:128)
at java.util.ArrayList.forEach(ArrayList.java:1257)
at org.testng.TestRunner.privateRun(TestRunner.java:764)
at org.testng.TestRunner.run(TestRunner.java:585)
at org.testng.SuiteRunner.runTest(SuiteRunner.java:384)
at org.testng.SuiteRunner.runSequentially(SuiteRunner.java:378)
at org.testng.SuiteRunner.privateRun(SuiteRunner.java:337)
at org.testng.SuiteRunner.run(SuiteRunner.java:286)
at org.testng.SuiteRunnerWorker.runSuite(SuiteRunnerWorker.java:53)
at org.testng.SuiteRunnerWorker.run(SuiteRunnerWorker.java:96)
at org.testng.TestNG.runSuitesSequentially(TestNG.java:1218)
at org.testng.TestNG.runSuitesLocally(TestNG.java:1140)
at org.testng.TestNG.runSuites(TestNG.java:1069)
at org.testng.TestNG.run(TestNG.java:1037)
at org.testng.remote.AbstractRemoteTestNG.run(AbstractRemoteTestNG.java:115)
at org.testng.remote.RemoteTestNG.initAndRun(RemoteTestNG.java:251)
at org.testng.remote.RemoteTestNG.main(RemoteTestNG.java:77)
]]>
    </failure>
  </testcase> <!-- QP028 -->
  <system-out/>
  <testcase name="QP009" time="39.773" classname="com.vrt.testcases.setup_QualParametersTest"/>
  <system-out/>
  <testcase name="QP044" time="42.026" classname="com.vrt.testcases.setup_QualParametersTest"/>
  <system-out/>
  <testcase name="QP030" time="40.831" classname="com.vrt.testcases.setup_QualParametersTest"/>
  <system-out/>
  <testcase name="QP018A" time="39.957" classname="com.vrt.testcases.setup_QualParametersTest"/>
  <system-out/>
  <testcase name="QP019" time="60.274" classname="com.vrt.testcases.setup_QualParametersTest">
    <skipped/>
  </testcase> <!-- QP019 -->
  <system-out/>
  <testcase name="QP021" time="39.052" classname="com.vrt.testcases.setup_QualParametersTest"/>
  <system-out/>
  <testcase name="QP030" time="40.659" classname="com.vrt.testcases.setup_QualParametersTest"/>
  <system-out/>
  <testcase name="QP031" time="42.386" classname="com.vrt.testcases.setup_QualParametersTest"/>
  <system-out/>
  <testcase name="QP014A" time="40.333" classname="com.vrt.testcases.setup_QualParametersTest"/>
  <system-out/>
  <testcase name="QP033" time="42.549" classname="com.vrt.testcases.setup_QualParametersTest"/>
  <system-out/>
  <testcase name="QP038" time="41.358" classname="com.vrt.testcases.setup_QualParametersTest"/>
  <system-out/>
  <testcase name="QP023" time="38.822" classname="com.vrt.testcases.setup_QualParametersTest"/>
  <system-out/>
  <testcase name="QP012" time="40.919" classname="com.vrt.testcases.setup_QualParametersTest"/>
  <system-out/>
  <testcase name="QP018A" time="40.405" classname="com.vrt.testcases.setup_QualParametersTest"/>
  <system-out/>
  <testcase name="QP012" time="40.583" classname="com.vrt.testcases.setup_QualParametersTest"/>
  <system-out/>
  <testcase name="QP029" time="42.547" classname="com.vrt.testcases.setup_QualParametersTest"/>
  <system-out/>
  <testcase name="QP018A" time="39.955" classname="com.vrt.testcases.setup_QualParametersTest"/>
  <system-out/>
  <testcase name="QP004" time="39.247" classname="com.vrt.testcases.setup_QualParametersTest"/>
  <system-out/>
  <testcase name="QP014A" time="40.930" classname="com.vrt.testcases.setup_QualParametersTest"/>
  <system-out/>
  <testcase name="QP016A" time="40.398" classname="com.vrt.testcases.setup_QualParametersTest"/>
  <system-out/>
  <testcase name="QP028" time="42.267" classname="com.vrt.testcases.setup_QualParametersTest">
    <skipped/>
  </testcase> <!-- QP028 -->
  <system-out/>
  <testcase name="QP007" time="39.407" classname="com.vrt.testcases.setup_QualParametersTest"/>
  <system-out/>
  <testcase name="QP034A" time="40.282" classname="com.vrt.testcases.setup_QualParametersTest"/>
  <system-out/>
  <testcase name="QP014A" time="40.444" classname="com.vrt.testcases.setup_QualParametersTest"/>
  <system-out/>
  <testcase name="QP020" time="38.640" classname="com.vrt.testcases.setup_QualParametersTest"/>
  <system-out/>
</testsuite> <!-- com.vrt.testcases.setup_QualParametersTest -->
