<?xml version="1.0" encoding="UTF-8"?>
<!-- Generated by org.testng.reporters.JUnitReportReporter -->
<testsuite skipped="0" hostname="AASHYD-4B6B2X2" name="com.vrt.testcases.setup_defineSetupTest" tests="23" failures="0" timestamp="2020-11-20T09:57:50 IST" time="534.149" errors="1">
  <testcase name="SET005" time="21.734" classname="com.vrt.testcases.setup_defineSetupTest"/>
  <system-out/>
  <testcase name="SET005" time="24.038" classname="com.vrt.testcases.setup_defineSetupTest"/>
  <system-out/>
  <testcase name="SET005" time="22.508" classname="com.vrt.testcases.setup_defineSetupTest"/>
  <system-out/>
  <testcase name="SET005" time="21.883" classname="com.vrt.testcases.setup_defineSetupTest"/>
  <system-out/>
  <testcase name="SET005" time="22.430" classname="com.vrt.testcases.setup_defineSetupTest"/>
  <system-out/>
  <testcase name="SET005" time="23.660" classname="com.vrt.testcases.setup_defineSetupTest"/>
  <system-out/>
  <testcase name="SET005" time="23.094" classname="com.vrt.testcases.setup_defineSetupTest"/>
  <system-out/>
  <testcase name="SET005" time="21.915" classname="com.vrt.testcases.setup_defineSetupTest"/>
  <system-out/>
  <testcase name="SET005" time="22.446" classname="com.vrt.testcases.setup_defineSetupTest"/>
  <system-out/>
  <testcase name="SET005" time="23.376" classname="com.vrt.testcases.setup_defineSetupTest"/>
  <system-out/>
  <testcase name="SET005" time="41.071" classname="com.vrt.testcases.setup_defineSetupTest">
    <error type="org.openqa.selenium.NoSuchElementException" message="An element could not be located on the page using the given search parameters. (WARNING: The server did not provide any stacktrace information)
Command duration or timeout: 0 milliseconds
For documentation on this error, please visit: https://www.seleniumhq.org/exceptions/no_such_element.html
Build info: version: &#039;3.141.59&#039;, revision: &#039;e82be7d358&#039;, time: &#039;2018-11-14T08:17:03&#039;
System info: host: &#039;AASHYD-4B6B2X2&#039;, ip: &#039;192.168.0.105&#039;, os.name: &#039;Windows 10&#039;, os.arch: &#039;amd64&#039;, os.version: &#039;10.0&#039;, java.version: &#039;1.8.0_181&#039;
Driver info: io.appium.java_client.windows.WindowsDriver
Capabilities {app: Kaye.ValProbeRT_racmveb2qnw..., javascriptEnabled: true, platform: WINDOWS, platformName: WINDOWS}
Session ID: 7B9ED97B-25DC-4506-A90D-9BA8D0929763
*** Element info: {Using=accessibility id, value=displayMessageTextBlock}">
      <![CDATA[org.openqa.selenium.NoSuchElementException: An element could not be located on the page using the given search parameters. (WARNING: The server did not provide any stacktrace information)
Command duration or timeout: 0 milliseconds
For documentation on this error, please visit: https://www.seleniumhq.org/exceptions/no_such_element.html
Build info: version: '3.141.59', revision: 'e82be7d358', time: '2018-11-14T08:17:03'
System info: host: 'AASHYD-4B6B2X2', ip: '192.168.0.105', os.name: 'Windows 10', os.arch: 'amd64', os.version: '10.0', java.version: '1.8.0_181'
Driver info: io.appium.java_client.windows.WindowsDriver
Capabilities {app: Kaye.ValProbeRT_racmveb2qnw..., javascriptEnabled: true, platform: WINDOWS, platformName: WINDOWS}
Session ID: 7B9ED97B-25DC-4506-A90D-9BA8D0929763
*** Element info: {Using=accessibility id, value=displayMessageTextBlock}
at sun.reflect.NativeConstructorAccessorImpl.newInstance0(Native Method)
at sun.reflect.NativeConstructorAccessorImpl.newInstance(Unknown Source)
at sun.reflect.DelegatingConstructorAccessorImpl.newInstance(Unknown Source)
at java.lang.reflect.Constructor.newInstance(Unknown Source)
at org.openqa.selenium.remote.ErrorHandler.createThrowable(ErrorHandler.java:214)
at org.openqa.selenium.remote.ErrorHandler.throwIfResponseFailed(ErrorHandler.java:166)
at org.openqa.selenium.remote.http.JsonHttpResponseCodec.reconstructValue(JsonHttpResponseCodec.java:40)
at org.openqa.selenium.remote.http.AbstractHttpResponseCodec.decode(AbstractHttpResponseCodec.java:80)
at org.openqa.selenium.remote.http.AbstractHttpResponseCodec.decode(AbstractHttpResponseCodec.java:44)
at org.openqa.selenium.remote.HttpCommandExecutor.execute(HttpCommandExecutor.java:158)
at io.appium.java_client.remote.AppiumCommandExecutor.execute(AppiumCommandExecutor.java:239)
at org.openqa.selenium.remote.RemoteWebDriver.execute(RemoteWebDriver.java:552)
at io.appium.java_client.DefaultGenericMobileDriver.execute(DefaultGenericMobileDriver.java:42)
at io.appium.java_client.AppiumDriver.execute(AppiumDriver.java:1)
at io.appium.java_client.windows.WindowsDriver.execute(WindowsDriver.java:1)
at org.openqa.selenium.remote.RemoteWebDriver.findElement(RemoteWebDriver.java:323)
at io.appium.java_client.DefaultGenericMobileDriver.findElement(DefaultGenericMobileDriver.java:62)
at io.appium.java_client.AppiumDriver.findElement(AppiumDriver.java:1)
at io.appium.java_client.windows.WindowsDriver.findElement(WindowsDriver.java:1)
at io.appium.java_client.FindsByAccessibilityId.findElementByAccessibilityId(FindsByAccessibilityId.java:37)
at com.vrt.pages.Setup_defineSetupPage.get_ButtomBarAlertmsg_txt(Setup_defineSetupPage.java:182)
at com.vrt.testcases.setup_defineSetupTest.SET005(setup_defineSetupTest.java:381)
at sun.reflect.GeneratedMethodAccessor3.invoke(Unknown Source)
at sun.reflect.DelegatingMethodAccessorImpl.invoke(Unknown Source)
at java.lang.reflect.Method.invoke(Unknown Source)
at org.testng.internal.MethodInvocationHelper.invokeMethod(MethodInvocationHelper.java:132)
at org.testng.internal.TestInvoker.invokeMethod(TestInvoker.java:599)
at org.testng.internal.TestInvoker.invokeTestMethod(TestInvoker.java:174)
at org.testng.internal.MethodRunner.runInSequence(MethodRunner.java:46)
at org.testng.internal.TestInvoker$MethodInvocationAgent.invoke(TestInvoker.java:822)
at org.testng.internal.TestInvoker.invokeTestMethods(TestInvoker.java:147)
at org.testng.internal.TestMethodWorker.invokeTestMethods(TestMethodWorker.java:146)
at org.testng.internal.TestMethodWorker.run(TestMethodWorker.java:128)
at java.util.ArrayList.forEach(Unknown Source)
at org.testng.TestRunner.privateRun(TestRunner.java:764)
at org.testng.TestRunner.run(TestRunner.java:585)
at org.testng.SuiteRunner.runTest(SuiteRunner.java:384)
at org.testng.SuiteRunner.runSequentially(SuiteRunner.java:378)
at org.testng.SuiteRunner.privateRun(SuiteRunner.java:337)
at org.testng.SuiteRunner.run(SuiteRunner.java:286)
at org.testng.SuiteRunnerWorker.runSuite(SuiteRunnerWorker.java:53)
at org.testng.SuiteRunnerWorker.run(SuiteRunnerWorker.java:96)
at org.testng.TestNG.runSuitesSequentially(TestNG.java:1218)
at org.testng.TestNG.runSuitesLocally(TestNG.java:1140)
at org.testng.TestNG.runSuites(TestNG.java:1069)
at org.testng.TestNG.run(TestNG.java:1037)
at org.testng.remote.AbstractRemoteTestNG.run(AbstractRemoteTestNG.java:115)
at org.testng.remote.RemoteTestNG.initAndRun(RemoteTestNG.java:251)
at org.testng.remote.RemoteTestNG.main(RemoteTestNG.java:77)
]]>
    </error>
  </testcase> <!-- SET005 -->
  <system-out/>
  <testcase name="SET005" time="21.767" classname="com.vrt.testcases.setup_defineSetupTest"/>
  <system-out/>
  <testcase name="SET005" time="22.088" classname="com.vrt.testcases.setup_defineSetupTest"/>
  <system-out/>
  <testcase name="SET005" time="21.864" classname="com.vrt.testcases.setup_defineSetupTest"/>
  <system-out/>
  <testcase name="SET005" time="21.811" classname="com.vrt.testcases.setup_defineSetupTest"/>
  <system-out/>
  <testcase name="SET005" time="22.622" classname="com.vrt.testcases.setup_defineSetupTest"/>
  <system-out/>
  <testcase name="SET005" time="21.789" classname="com.vrt.testcases.setup_defineSetupTest"/>
  <system-out/>
  <testcase name="SET005" time="23.099" classname="com.vrt.testcases.setup_defineSetupTest"/>
  <system-out/>
  <testcase name="SET005" time="22.819" classname="com.vrt.testcases.setup_defineSetupTest"/>
  <system-out/>
  <testcase name="SET005" time="21.746" classname="com.vrt.testcases.setup_defineSetupTest"/>
  <system-out/>
  <testcase name="SET005" time="22.378" classname="com.vrt.testcases.setup_defineSetupTest"/>
  <system-out/>
  <testcase name="SET005" time="22.508" classname="com.vrt.testcases.setup_defineSetupTest"/>
  <system-out/>
  <testcase name="SET005" time="21.503" classname="com.vrt.testcases.setup_defineSetupTest"/>
  <system-out/>
</testsuite> <!-- com.vrt.testcases.setup_defineSetupTest -->
